

================================================================
== Vivado HLS Report for 'dense_latency_ap_ufixed_ap_fixed_16_6_5_3_0_config11_0_0_0_0_0_0'
================================================================
* Date:           Sat Apr  6 17:13:37 2024

* Version:        2019.1 (Build 2552052 on Fri May 24 15:28:33 MDT 2019)
* Project:        myproject_prj
* Solution:       solution1
* Product family: artix7
* Target device:  xc7a100t-fgg676-2L


================================================================
== Performance Estimates
================================================================
+ Timing (ns): 
    * Summary: 
    +--------+-------+----------+------------+
    |  Clock | Target| Estimated| Uncertainty|
    +--------+-------+----------+------------+
    |ap_clk  |   5.00|     3.604|        0.62|
    +--------+-------+----------+------------+

+ Latency (clock cycles): 
    * Summary: 
    +-----+-----+-----+-----+----------+
    |  Latency  |  Interval | Pipeline |
    | min | max | min | max |   Type   |
    +-----+-----+-----+-----+----------+
    |    2|    2|    1|    1| function |
    +-----+-----+-----+-----+----------+

    + Detail: 
        * Instance: 
        N/A

        * Loop: 
        N/A

============================================================
+ Verbose Summary: Synthesis Manager
============================================================
InlineROM: 1
ExposeGlobal: 0
============================================================
+ Verbose Summary: CDFG Model
============================================================
IsTopModel: 0
ResetActiveHigh: 1
IsCombinational: 0
IsDatapathOnly: 0
HasWiredReturn: 1
HasMFsm: 2
HasVarLatency: 0
IsPipeline: 1
IsRtlPipelined: 1
IsInstanceOverlapped: 0
IsDontTouch: 0
HasImplIP: 0
IsGatedGlobalClock: 0

+ Individual pipeline summary: 
  * Pipeline-0: initiation interval (II) = 1, depth = 3


============================================================
+ Verbose Summary: Schedule
============================================================
* Number of FSM states : 3
* Pipeline : 1
  Pipeline-0 : II = 1, D = 3, States = { 1 2 3 }
* Dataflow Pipeline: 0

* FSM state transitions: 
1 --> 2 
2 --> 3 
3 --> 

* FSM state operations: 

State 1 <SV = 0> <Delay = 3.52>
ST_1 : Operation 4 [1/1] (0.00ns)   --->   "%data_30_V_read_4 = call i6 @_ssdm_op_Read.ap_auto.i6(i6 %data_30_V_read)" [firmware/nnet_utils/nnet_dense_latency.h:13]   --->   Operation 4 'read' 'data_30_V_read_4' <Predicate = true> <Delay = 0.00>
ST_1 : Operation 5 [1/1] (0.00ns)   --->   "%data_29_V_read23 = call i6 @_ssdm_op_Read.ap_auto.i6(i6 %data_29_V_read)" [firmware/nnet_utils/nnet_dense_latency.h:13]   --->   Operation 5 'read' 'data_29_V_read23' <Predicate = true> <Delay = 0.00>
ST_1 : Operation 6 [1/1] (0.00ns)   --->   "%data_28_V_read22 = call i6 @_ssdm_op_Read.ap_auto.i6(i6 %data_28_V_read)" [firmware/nnet_utils/nnet_dense_latency.h:13]   --->   Operation 6 'read' 'data_28_V_read22' <Predicate = true> <Delay = 0.00>
ST_1 : Operation 7 [1/1] (0.00ns)   --->   "%data_27_V_read21 = call i6 @_ssdm_op_Read.ap_auto.i6(i6 %data_27_V_read)" [firmware/nnet_utils/nnet_dense_latency.h:13]   --->   Operation 7 'read' 'data_27_V_read21' <Predicate = true> <Delay = 0.00>
ST_1 : Operation 8 [1/1] (0.00ns)   --->   "%data_26_V_read_4 = call i6 @_ssdm_op_Read.ap_auto.i6(i6 %data_26_V_read)" [firmware/nnet_utils/nnet_dense_latency.h:13]   --->   Operation 8 'read' 'data_26_V_read_4' <Predicate = true> <Delay = 0.00>
ST_1 : Operation 9 [1/1] (0.00ns)   --->   "%data_25_V_read_4 = call i6 @_ssdm_op_Read.ap_auto.i6(i6 %data_25_V_read)" [firmware/nnet_utils/nnet_dense_latency.h:13]   --->   Operation 9 'read' 'data_25_V_read_4' <Predicate = true> <Delay = 0.00>
ST_1 : Operation 10 [1/1] (0.00ns)   --->   "%data_24_V_read_4 = call i6 @_ssdm_op_Read.ap_auto.i6(i6 %data_24_V_read)" [firmware/nnet_utils/nnet_dense_latency.h:13]   --->   Operation 10 'read' 'data_24_V_read_4' <Predicate = true> <Delay = 0.00>
ST_1 : Operation 11 [1/1] (0.00ns)   --->   "%data_23_V_read_4 = call i6 @_ssdm_op_Read.ap_auto.i6(i6 %data_23_V_read)" [firmware/nnet_utils/nnet_dense_latency.h:13]   --->   Operation 11 'read' 'data_23_V_read_4' <Predicate = true> <Delay = 0.00>
ST_1 : Operation 12 [1/1] (0.00ns)   --->   "%data_22_V_read_4 = call i6 @_ssdm_op_Read.ap_auto.i6(i6 %data_22_V_read)" [firmware/nnet_utils/nnet_dense_latency.h:13]   --->   Operation 12 'read' 'data_22_V_read_4' <Predicate = true> <Delay = 0.00>
ST_1 : Operation 13 [1/1] (0.00ns)   --->   "%data_21_V_read_3 = call i6 @_ssdm_op_Read.ap_auto.i6(i6 %data_21_V_read)" [firmware/nnet_utils/nnet_dense_latency.h:13]   --->   Operation 13 'read' 'data_21_V_read_3' <Predicate = true> <Delay = 0.00>
ST_1 : Operation 14 [1/1] (0.00ns)   --->   "%data_20_V_read_4 = call i6 @_ssdm_op_Read.ap_auto.i6(i6 %data_20_V_read)" [firmware/nnet_utils/nnet_dense_latency.h:13]   --->   Operation 14 'read' 'data_20_V_read_4' <Predicate = true> <Delay = 0.00>
ST_1 : Operation 15 [1/1] (0.00ns)   --->   "%data_19_V_read13 = call i6 @_ssdm_op_Read.ap_auto.i6(i6 %data_19_V_read)" [firmware/nnet_utils/nnet_dense_latency.h:13]   --->   Operation 15 'read' 'data_19_V_read13' <Predicate = true> <Delay = 0.00>
ST_1 : Operation 16 [1/1] (0.00ns)   --->   "%data_15_V_read12 = call i6 @_ssdm_op_Read.ap_auto.i6(i6 %data_15_V_read)" [firmware/nnet_utils/nnet_dense_latency.h:13]   --->   Operation 16 'read' 'data_15_V_read12' <Predicate = true> <Delay = 0.00>
ST_1 : Operation 17 [1/1] (0.00ns)   --->   "%data_14_V_read11 = call i6 @_ssdm_op_Read.ap_auto.i6(i6 %data_14_V_read)" [firmware/nnet_utils/nnet_dense_latency.h:13]   --->   Operation 17 'read' 'data_14_V_read11' <Predicate = true> <Delay = 0.00>
ST_1 : Operation 18 [1/1] (0.00ns)   --->   "%data_13_V_read_4 = call i6 @_ssdm_op_Read.ap_auto.i6(i6 %data_13_V_read)" [firmware/nnet_utils/nnet_dense_latency.h:13]   --->   Operation 18 'read' 'data_13_V_read_4' <Predicate = true> <Delay = 0.00>
ST_1 : Operation 19 [1/1] (0.00ns)   --->   "%data_10_V_read_3 = call i6 @_ssdm_op_Read.ap_auto.i6(i6 %data_10_V_read)" [firmware/nnet_utils/nnet_dense_latency.h:13]   --->   Operation 19 'read' 'data_10_V_read_3' <Predicate = true> <Delay = 0.00>
ST_1 : Operation 20 [1/1] (0.00ns)   --->   "%data_9_V_read_4 = call i6 @_ssdm_op_Read.ap_auto.i6(i6 %data_9_V_read)" [firmware/nnet_utils/nnet_dense_latency.h:13]   --->   Operation 20 'read' 'data_9_V_read_4' <Predicate = true> <Delay = 0.00>
ST_1 : Operation 21 [1/1] (0.00ns)   --->   "%data_8_V_read_4 = call i6 @_ssdm_op_Read.ap_auto.i6(i6 %data_8_V_read)" [firmware/nnet_utils/nnet_dense_latency.h:13]   --->   Operation 21 'read' 'data_8_V_read_4' <Predicate = true> <Delay = 0.00>
ST_1 : Operation 22 [1/1] (0.00ns)   --->   "%data_7_V_read_3 = call i6 @_ssdm_op_Read.ap_auto.i6(i6 %data_7_V_read)" [firmware/nnet_utils/nnet_dense_latency.h:13]   --->   Operation 22 'read' 'data_7_V_read_3' <Predicate = true> <Delay = 0.00>
ST_1 : Operation 23 [1/1] (0.00ns)   --->   "%data_4_V_read_5 = call i6 @_ssdm_op_Read.ap_auto.i6(i6 %data_4_V_read)" [firmware/nnet_utils/nnet_dense_latency.h:13]   --->   Operation 23 'read' 'data_4_V_read_5' <Predicate = true> <Delay = 0.00>
ST_1 : Operation 24 [1/1] (0.00ns)   --->   "%data_3_V_read_5 = call i6 @_ssdm_op_Read.ap_auto.i6(i6 %data_3_V_read)" [firmware/nnet_utils/nnet_dense_latency.h:13]   --->   Operation 24 'read' 'data_3_V_read_5' <Predicate = true> <Delay = 0.00>
ST_1 : Operation 25 [1/1] (0.00ns)   --->   "%data_2_V_read_5 = call i6 @_ssdm_op_Read.ap_auto.i6(i6 %data_2_V_read)" [firmware/nnet_utils/nnet_dense_latency.h:13]   --->   Operation 25 'read' 'data_2_V_read_5' <Predicate = true> <Delay = 0.00>
ST_1 : Operation 26 [1/1] (0.00ns)   --->   "%data_1_V_read_5 = call i6 @_ssdm_op_Read.ap_auto.i6(i6 %data_1_V_read)" [firmware/nnet_utils/nnet_dense_latency.h:13]   --->   Operation 26 'read' 'data_1_V_read_5' <Predicate = true> <Delay = 0.00>
ST_1 : Operation 27 [1/1] (0.00ns)   --->   "%data_0_V_read_4 = call i6 @_ssdm_op_Read.ap_auto.i6(i6 %data_0_V_read)" [firmware/nnet_utils/nnet_dense_latency.h:13]   --->   Operation 27 'read' 'data_0_V_read_4' <Predicate = true> <Delay = 0.00>
ST_1 : Operation 28 [1/1] (0.00ns)   --->   "%shl_ln = call i11 @_ssdm_op_BitConcatenate.i11.i6.i5(i6 %data_0_V_read_4, i5 0)" [firmware/nnet_utils/nnet_mult.h:73->firmware/nnet_utils/nnet_dense_latency.h:42]   --->   Operation 28 'bitconcatenate' 'shl_ln' <Predicate = true> <Delay = 0.00>
ST_1 : Operation 29 [1/1] (0.00ns)   --->   "%zext_ln1118 = zext i11 %shl_ln to i12" [firmware/nnet_utils/nnet_mult.h:73->firmware/nnet_utils/nnet_dense_latency.h:42]   --->   Operation 29 'zext' 'zext_ln1118' <Predicate = true> <Delay = 0.00>
ST_1 : Operation 30 [1/1] (1.76ns)   --->   "%sub_ln1118 = sub i12 0, %zext_ln1118" [firmware/nnet_utils/nnet_mult.h:73->firmware/nnet_utils/nnet_dense_latency.h:42]   --->   Operation 30 'sub' 'sub_ln1118' <Predicate = true> <Delay = 1.76> <Core = "AddSub">   --->   Core 14 'AddSub' <Latency = 0> <II = 1> <Delay = 1.80> <FuncUnit> <Opcode : 'add' 'sub'> <InPorts = 2> <OutPorts = 1>
ST_1 : Operation 31 [1/1] (0.00ns)   --->   "%trunc_ln = call i11 @_ssdm_op_PartSelect.i11.i12.i32.i32(i12 %sub_ln1118, i32 1, i32 11)" [firmware/nnet_utils/nnet_dense_latency.h:42]   --->   Operation 31 'partselect' 'trunc_ln' <Predicate = true> <Delay = 0.00>
ST_1 : Operation 32 [1/1] (0.00ns)   --->   "%shl_ln1118_s = call i11 @_ssdm_op_BitConcatenate.i11.i6.i5(i6 %data_1_V_read_5, i5 0)" [firmware/nnet_utils/nnet_mult.h:73->firmware/nnet_utils/nnet_dense_latency.h:42]   --->   Operation 32 'bitconcatenate' 'shl_ln1118_s' <Predicate = true> <Delay = 0.00>
ST_1 : Operation 33 [1/1] (0.00ns)   --->   "%zext_ln1118_1 = zext i11 %shl_ln1118_s to i12" [firmware/nnet_utils/nnet_mult.h:73->firmware/nnet_utils/nnet_dense_latency.h:42]   --->   Operation 33 'zext' 'zext_ln1118_1' <Predicate = true> <Delay = 0.00>
ST_1 : Operation 34 [1/1] (1.76ns)   --->   "%sub_ln1118_1 = sub i12 0, %zext_ln1118_1" [firmware/nnet_utils/nnet_mult.h:73->firmware/nnet_utils/nnet_dense_latency.h:42]   --->   Operation 34 'sub' 'sub_ln1118_1' <Predicate = true> <Delay = 1.76> <Core = "AddSub">   --->   Core 14 'AddSub' <Latency = 0> <II = 1> <Delay = 1.80> <FuncUnit> <Opcode : 'add' 'sub'> <InPorts = 2> <OutPorts = 1>
ST_1 : Operation 35 [1/1] (0.00ns)   --->   "%trunc_ln708_s = call i11 @_ssdm_op_PartSelect.i11.i12.i32.i32(i12 %sub_ln1118_1, i32 1, i32 11)" [firmware/nnet_utils/nnet_dense_latency.h:42]   --->   Operation 35 'partselect' 'trunc_ln708_s' <Predicate = true> <Delay = 0.00>
ST_1 : Operation 36 [1/1] (0.00ns)   --->   "%zext_ln1118_2 = zext i6 %data_2_V_read_5 to i11" [firmware/nnet_utils/nnet_mult.h:73->firmware/nnet_utils/nnet_dense_latency.h:42]   --->   Operation 36 'zext' 'zext_ln1118_2' <Predicate = true> <Delay = 0.00>
ST_1 : Operation 37 [1/1] (0.00ns)   --->   "%shl_ln1 = call i11 @_ssdm_op_BitConcatenate.i11.i6.i5(i6 %data_2_V_read_5, i5 0)" [firmware/nnet_utils/nnet_dense_latency.h:42]   --->   Operation 37 'bitconcatenate' 'shl_ln1' <Predicate = true> <Delay = 0.00>
ST_1 : Operation 38 [1/1] (1.76ns)   --->   "%sub_ln708 = sub i11 %shl_ln1, %zext_ln1118_2" [firmware/nnet_utils/nnet_dense_latency.h:42]   --->   Operation 38 'sub' 'sub_ln708' <Predicate = true> <Delay = 1.76> <Core = "AddSub">   --->   Core 14 'AddSub' <Latency = 0> <II = 1> <Delay = 1.80> <FuncUnit> <Opcode : 'add' 'sub'> <InPorts = 2> <OutPorts = 1>
ST_1 : Operation 39 [1/1] (0.00ns)   --->   "%lshr_ln708_s = call i10 @_ssdm_op_PartSelect.i10.i11.i32.i32(i11 %sub_ln708, i32 1, i32 10)" [firmware/nnet_utils/nnet_dense_latency.h:42]   --->   Operation 39 'partselect' 'lshr_ln708_s' <Predicate = true> <Delay = 0.00>
ST_1 : Operation 40 [1/1] (0.00ns)   --->   "%zext_ln1118_3 = zext i11 %shl_ln1 to i12" [firmware/nnet_utils/nnet_mult.h:73->firmware/nnet_utils/nnet_dense_latency.h:42]   --->   Operation 40 'zext' 'zext_ln1118_3' <Predicate = true> <Delay = 0.00>
ST_1 : Operation 41 [1/1] (1.76ns)   --->   "%sub_ln1118_2 = sub i12 0, %zext_ln1118_3" [firmware/nnet_utils/nnet_mult.h:73->firmware/nnet_utils/nnet_dense_latency.h:42]   --->   Operation 41 'sub' 'sub_ln1118_2' <Predicate = true> <Delay = 1.76> <Core = "AddSub">   --->   Core 14 'AddSub' <Latency = 0> <II = 1> <Delay = 1.80> <FuncUnit> <Opcode : 'add' 'sub'> <InPorts = 2> <OutPorts = 1>
ST_1 : Operation 42 [1/1] (0.00ns)   --->   "%trunc_ln708_108 = call i11 @_ssdm_op_PartSelect.i11.i12.i32.i32(i12 %sub_ln1118_2, i32 1, i32 11)" [firmware/nnet_utils/nnet_dense_latency.h:42]   --->   Operation 42 'partselect' 'trunc_ln708_108' <Predicate = true> <Delay = 0.00>
ST_1 : Operation 43 [1/1] (0.00ns)   --->   "%sext_ln203_2 = sext i11 %trunc_ln708_108 to i12" [firmware/nnet_utils/nnet_dense_latency.h:42]   --->   Operation 43 'sext' 'sext_ln203_2' <Predicate = true> <Delay = 0.00>
ST_1 : Operation 44 [1/1] (0.00ns)   --->   "%zext_ln1118_4 = zext i6 %data_3_V_read_5 to i11" [firmware/nnet_utils/nnet_mult.h:73->firmware/nnet_utils/nnet_dense_latency.h:42]   --->   Operation 44 'zext' 'zext_ln1118_4' <Predicate = true> <Delay = 0.00>
ST_1 : Operation 45 [1/1] (0.00ns)   --->   "%shl_ln1118_1 = call i11 @_ssdm_op_BitConcatenate.i11.i6.i5(i6 %data_3_V_read_5, i5 0)" [firmware/nnet_utils/nnet_mult.h:73->firmware/nnet_utils/nnet_dense_latency.h:42]   --->   Operation 45 'bitconcatenate' 'shl_ln1118_1' <Predicate = true> <Delay = 0.00>
ST_1 : Operation 46 [1/1] (0.00ns)   --->   "%zext_ln1118_5 = zext i11 %shl_ln1118_1 to i12" [firmware/nnet_utils/nnet_mult.h:73->firmware/nnet_utils/nnet_dense_latency.h:42]   --->   Operation 46 'zext' 'zext_ln1118_5' <Predicate = true> <Delay = 0.00>
ST_1 : Operation 47 [1/1] (1.76ns)   --->   "%sub_ln1118_3 = sub i12 0, %zext_ln1118_5" [firmware/nnet_utils/nnet_mult.h:73->firmware/nnet_utils/nnet_dense_latency.h:42]   --->   Operation 47 'sub' 'sub_ln1118_3' <Predicate = true> <Delay = 1.76> <Core = "AddSub">   --->   Core 14 'AddSub' <Latency = 0> <II = 1> <Delay = 1.80> <FuncUnit> <Opcode : 'add' 'sub'> <InPorts = 2> <OutPorts = 1>
ST_1 : Operation 48 [1/1] (0.00ns)   --->   "%trunc_ln708_109 = call i11 @_ssdm_op_PartSelect.i11.i12.i32.i32(i12 %sub_ln1118_3, i32 1, i32 11)" [firmware/nnet_utils/nnet_dense_latency.h:42]   --->   Operation 48 'partselect' 'trunc_ln708_109' <Predicate = true> <Delay = 0.00>
ST_1 : Operation 49 [1/1] (0.00ns)   --->   "%sext_ln203_3 = sext i11 %trunc_ln708_109 to i12" [firmware/nnet_utils/nnet_dense_latency.h:42]   --->   Operation 49 'sext' 'sext_ln203_3' <Predicate = true> <Delay = 0.00>
ST_1 : Operation 50 [1/1] (1.76ns)   --->   "%sub_ln708_1 = sub i11 %shl_ln1118_1, %zext_ln1118_4" [firmware/nnet_utils/nnet_dense_latency.h:42]   --->   Operation 50 'sub' 'sub_ln708_1' <Predicate = true> <Delay = 1.76> <Core = "AddSub">   --->   Core 14 'AddSub' <Latency = 0> <II = 1> <Delay = 1.80> <FuncUnit> <Opcode : 'add' 'sub'> <InPorts = 2> <OutPorts = 1>
ST_1 : Operation 51 [1/1] (0.00ns)   --->   "%lshr_ln708_1 = call i10 @_ssdm_op_PartSelect.i10.i11.i32.i32(i11 %sub_ln708_1, i32 1, i32 10)" [firmware/nnet_utils/nnet_dense_latency.h:42]   --->   Operation 51 'partselect' 'lshr_ln708_1' <Predicate = true> <Delay = 0.00>
ST_1 : Operation 52 [1/1] (0.00ns)   --->   "%zext_ln708_1 = zext i10 %lshr_ln708_1 to i11" [firmware/nnet_utils/nnet_dense_latency.h:42]   --->   Operation 52 'zext' 'zext_ln708_1' <Predicate = true> <Delay = 0.00>
ST_1 : Operation 53 [1/1] (0.00ns)   --->   "%zext_ln1118_6 = zext i6 %data_4_V_read_5 to i11" [firmware/nnet_utils/nnet_mult.h:73->firmware/nnet_utils/nnet_dense_latency.h:42]   --->   Operation 53 'zext' 'zext_ln1118_6' <Predicate = true> <Delay = 0.00>
ST_1 : Operation 54 [1/1] (0.00ns)   --->   "%shl_ln708_s = call i11 @_ssdm_op_BitConcatenate.i11.i6.i5(i6 %data_4_V_read_5, i5 0)" [firmware/nnet_utils/nnet_dense_latency.h:42]   --->   Operation 54 'bitconcatenate' 'shl_ln708_s' <Predicate = true> <Delay = 0.00>
ST_1 : Operation 55 [1/1] (1.76ns)   --->   "%sub_ln708_2 = sub i11 %shl_ln708_s, %zext_ln1118_6" [firmware/nnet_utils/nnet_dense_latency.h:42]   --->   Operation 55 'sub' 'sub_ln708_2' <Predicate = true> <Delay = 1.76> <Core = "AddSub">   --->   Core 14 'AddSub' <Latency = 0> <II = 1> <Delay = 1.80> <FuncUnit> <Opcode : 'add' 'sub'> <InPorts = 2> <OutPorts = 1>
ST_1 : Operation 56 [1/1] (0.00ns)   --->   "%lshr_ln708_2 = call i10 @_ssdm_op_PartSelect.i10.i11.i32.i32(i11 %sub_ln708_2, i32 1, i32 10)" [firmware/nnet_utils/nnet_dense_latency.h:42]   --->   Operation 56 'partselect' 'lshr_ln708_2' <Predicate = true> <Delay = 0.00>
ST_1 : Operation 57 [1/1] (0.00ns)   --->   "%zext_ln1118_7 = zext i11 %shl_ln708_s to i12" [firmware/nnet_utils/nnet_mult.h:73->firmware/nnet_utils/nnet_dense_latency.h:42]   --->   Operation 57 'zext' 'zext_ln1118_7' <Predicate = true> <Delay = 0.00>
ST_1 : Operation 58 [1/1] (1.76ns)   --->   "%sub_ln1118_4 = sub i12 0, %zext_ln1118_7" [firmware/nnet_utils/nnet_mult.h:73->firmware/nnet_utils/nnet_dense_latency.h:42]   --->   Operation 58 'sub' 'sub_ln1118_4' <Predicate = true> <Delay = 1.76> <Core = "AddSub">   --->   Core 14 'AddSub' <Latency = 0> <II = 1> <Delay = 1.80> <FuncUnit> <Opcode : 'add' 'sub'> <InPorts = 2> <OutPorts = 1>
ST_1 : Operation 59 [1/1] (0.00ns)   --->   "%trunc_ln708_110 = call i11 @_ssdm_op_PartSelect.i11.i12.i32.i32(i12 %sub_ln1118_4, i32 1, i32 11)" [firmware/nnet_utils/nnet_dense_latency.h:42]   --->   Operation 59 'partselect' 'trunc_ln708_110' <Predicate = true> <Delay = 0.00>
ST_1 : Operation 60 [1/1] (0.00ns)   --->   "%sext_ln203_4 = sext i11 %trunc_ln708_110 to i12" [firmware/nnet_utils/nnet_dense_latency.h:42]   --->   Operation 60 'sext' 'sext_ln203_4' <Predicate = true> <Delay = 0.00>
ST_1 : Operation 61 [1/1] (0.00ns)   --->   "%zext_ln1118_8 = zext i6 %data_7_V_read_3 to i11" [firmware/nnet_utils/nnet_mult.h:73->firmware/nnet_utils/nnet_dense_latency.h:42]   --->   Operation 61 'zext' 'zext_ln1118_8' <Predicate = true> <Delay = 0.00>
ST_1 : Operation 62 [1/1] (0.00ns)   --->   "%shl_ln708_1 = call i11 @_ssdm_op_BitConcatenate.i11.i6.i5(i6 %data_7_V_read_3, i5 0)" [firmware/nnet_utils/nnet_dense_latency.h:42]   --->   Operation 62 'bitconcatenate' 'shl_ln708_1' <Predicate = true> <Delay = 0.00>
ST_1 : Operation 63 [1/1] (1.76ns)   --->   "%sub_ln708_3 = sub i11 %shl_ln708_1, %zext_ln1118_8" [firmware/nnet_utils/nnet_dense_latency.h:42]   --->   Operation 63 'sub' 'sub_ln708_3' <Predicate = true> <Delay = 1.76> <Core = "AddSub">   --->   Core 14 'AddSub' <Latency = 0> <II = 1> <Delay = 1.80> <FuncUnit> <Opcode : 'add' 'sub'> <InPorts = 2> <OutPorts = 1>
ST_1 : Operation 64 [1/1] (0.00ns)   --->   "%lshr_ln708_3 = call i10 @_ssdm_op_PartSelect.i10.i11.i32.i32(i11 %sub_ln708_3, i32 1, i32 10)" [firmware/nnet_utils/nnet_dense_latency.h:42]   --->   Operation 64 'partselect' 'lshr_ln708_3' <Predicate = true> <Delay = 0.00>
ST_1 : Operation 65 [1/1] (0.00ns)   --->   "%zext_ln1118_9 = zext i11 %shl_ln708_1 to i12" [firmware/nnet_utils/nnet_mult.h:73->firmware/nnet_utils/nnet_dense_latency.h:42]   --->   Operation 65 'zext' 'zext_ln1118_9' <Predicate = true> <Delay = 0.00>
ST_1 : Operation 66 [1/1] (1.76ns)   --->   "%sub_ln1118_5 = sub i12 0, %zext_ln1118_9" [firmware/nnet_utils/nnet_mult.h:73->firmware/nnet_utils/nnet_dense_latency.h:42]   --->   Operation 66 'sub' 'sub_ln1118_5' <Predicate = true> <Delay = 1.76> <Core = "AddSub">   --->   Core 14 'AddSub' <Latency = 0> <II = 1> <Delay = 1.80> <FuncUnit> <Opcode : 'add' 'sub'> <InPorts = 2> <OutPorts = 1>
ST_1 : Operation 67 [1/1] (0.00ns)   --->   "%trunc_ln708_111 = call i11 @_ssdm_op_PartSelect.i11.i12.i32.i32(i12 %sub_ln1118_5, i32 1, i32 11)" [firmware/nnet_utils/nnet_dense_latency.h:42]   --->   Operation 67 'partselect' 'trunc_ln708_111' <Predicate = true> <Delay = 0.00>
ST_1 : Operation 68 [1/1] (0.00ns)   --->   "%sext_ln203_5 = sext i11 %trunc_ln708_111 to i12" [firmware/nnet_utils/nnet_dense_latency.h:42]   --->   Operation 68 'sext' 'sext_ln203_5' <Predicate = true> <Delay = 0.00>
ST_1 : Operation 69 [1/1] (0.00ns)   --->   "%shl_ln1118_2 = call i11 @_ssdm_op_BitConcatenate.i11.i6.i5(i6 %data_8_V_read_4, i5 0)" [firmware/nnet_utils/nnet_mult.h:73->firmware/nnet_utils/nnet_dense_latency.h:42]   --->   Operation 69 'bitconcatenate' 'shl_ln1118_2' <Predicate = true> <Delay = 0.00>
ST_1 : Operation 70 [1/1] (0.00ns)   --->   "%zext_ln1118_10 = zext i11 %shl_ln1118_2 to i12" [firmware/nnet_utils/nnet_mult.h:73->firmware/nnet_utils/nnet_dense_latency.h:42]   --->   Operation 70 'zext' 'zext_ln1118_10' <Predicate = true> <Delay = 0.00>
ST_1 : Operation 71 [1/1] (1.76ns)   --->   "%sub_ln1118_6 = sub i12 0, %zext_ln1118_10" [firmware/nnet_utils/nnet_mult.h:73->firmware/nnet_utils/nnet_dense_latency.h:42]   --->   Operation 71 'sub' 'sub_ln1118_6' <Predicate = true> <Delay = 1.76> <Core = "AddSub">   --->   Core 14 'AddSub' <Latency = 0> <II = 1> <Delay = 1.80> <FuncUnit> <Opcode : 'add' 'sub'> <InPorts = 2> <OutPorts = 1>
ST_1 : Operation 72 [1/1] (0.00ns)   --->   "%trunc_ln708_112 = call i11 @_ssdm_op_PartSelect.i11.i12.i32.i32(i12 %sub_ln1118_6, i32 1, i32 11)" [firmware/nnet_utils/nnet_dense_latency.h:42]   --->   Operation 72 'partselect' 'trunc_ln708_112' <Predicate = true> <Delay = 0.00>
ST_1 : Operation 73 [1/1] (0.00ns)   --->   "%shl_ln1118_3 = call i11 @_ssdm_op_BitConcatenate.i11.i6.i5(i6 %data_9_V_read_4, i5 0)" [firmware/nnet_utils/nnet_mult.h:73->firmware/nnet_utils/nnet_dense_latency.h:42]   --->   Operation 73 'bitconcatenate' 'shl_ln1118_3' <Predicate = true> <Delay = 0.00>
ST_1 : Operation 74 [1/1] (0.00ns)   --->   "%zext_ln1118_11 = zext i11 %shl_ln1118_3 to i12" [firmware/nnet_utils/nnet_mult.h:73->firmware/nnet_utils/nnet_dense_latency.h:42]   --->   Operation 74 'zext' 'zext_ln1118_11' <Predicate = true> <Delay = 0.00>
ST_1 : Operation 75 [1/1] (1.76ns)   --->   "%sub_ln1118_7 = sub i12 0, %zext_ln1118_11" [firmware/nnet_utils/nnet_mult.h:73->firmware/nnet_utils/nnet_dense_latency.h:42]   --->   Operation 75 'sub' 'sub_ln1118_7' <Predicate = true> <Delay = 1.76> <Core = "AddSub">   --->   Core 14 'AddSub' <Latency = 0> <II = 1> <Delay = 1.80> <FuncUnit> <Opcode : 'add' 'sub'> <InPorts = 2> <OutPorts = 1>
ST_1 : Operation 76 [1/1] (0.00ns)   --->   "%trunc_ln708_113 = call i11 @_ssdm_op_PartSelect.i11.i12.i32.i32(i12 %sub_ln1118_7, i32 1, i32 11)" [firmware/nnet_utils/nnet_dense_latency.h:42]   --->   Operation 76 'partselect' 'trunc_ln708_113' <Predicate = true> <Delay = 0.00>
ST_1 : Operation 77 [1/1] (0.00ns)   --->   "%sext_ln203_7 = sext i11 %trunc_ln708_113 to i12" [firmware/nnet_utils/nnet_dense_latency.h:42]   --->   Operation 77 'sext' 'sext_ln203_7' <Predicate = true> <Delay = 0.00>
ST_1 : Operation 78 [1/1] (0.00ns)   --->   "%shl_ln1118_4 = call i11 @_ssdm_op_BitConcatenate.i11.i6.i5(i6 %data_10_V_read_3, i5 0)" [firmware/nnet_utils/nnet_mult.h:73->firmware/nnet_utils/nnet_dense_latency.h:42]   --->   Operation 78 'bitconcatenate' 'shl_ln1118_4' <Predicate = true> <Delay = 0.00>
ST_1 : Operation 79 [1/1] (0.00ns)   --->   "%zext_ln1118_12 = zext i11 %shl_ln1118_4 to i12" [firmware/nnet_utils/nnet_mult.h:73->firmware/nnet_utils/nnet_dense_latency.h:42]   --->   Operation 79 'zext' 'zext_ln1118_12' <Predicate = true> <Delay = 0.00>
ST_1 : Operation 80 [1/1] (1.76ns)   --->   "%sub_ln1118_8 = sub i12 0, %zext_ln1118_12" [firmware/nnet_utils/nnet_mult.h:73->firmware/nnet_utils/nnet_dense_latency.h:42]   --->   Operation 80 'sub' 'sub_ln1118_8' <Predicate = true> <Delay = 1.76> <Core = "AddSub">   --->   Core 14 'AddSub' <Latency = 0> <II = 1> <Delay = 1.80> <FuncUnit> <Opcode : 'add' 'sub'> <InPorts = 2> <OutPorts = 1>
ST_1 : Operation 81 [1/1] (0.00ns)   --->   "%trunc_ln708_114 = call i11 @_ssdm_op_PartSelect.i11.i12.i32.i32(i12 %sub_ln1118_8, i32 1, i32 11)" [firmware/nnet_utils/nnet_dense_latency.h:42]   --->   Operation 81 'partselect' 'trunc_ln708_114' <Predicate = true> <Delay = 0.00>
ST_1 : Operation 82 [1/1] (0.00ns)   --->   "%sext_ln203_8 = sext i11 %trunc_ln708_114 to i12" [firmware/nnet_utils/nnet_dense_latency.h:42]   --->   Operation 82 'sext' 'sext_ln203_8' <Predicate = true> <Delay = 0.00>
ST_1 : Operation 83 [1/1] (0.00ns)   --->   "%zext_ln708 = zext i6 %data_13_V_read_4 to i11" [firmware/nnet_utils/nnet_dense_latency.h:42]   --->   Operation 83 'zext' 'zext_ln708' <Predicate = true> <Delay = 0.00>
ST_1 : Operation 84 [1/1] (0.00ns)   --->   "%shl_ln708_2 = call i11 @_ssdm_op_BitConcatenate.i11.i6.i5(i6 %data_13_V_read_4, i5 0)" [firmware/nnet_utils/nnet_dense_latency.h:42]   --->   Operation 84 'bitconcatenate' 'shl_ln708_2' <Predicate = true> <Delay = 0.00>
ST_1 : Operation 85 [1/1] (1.76ns)   --->   "%sub_ln708_4 = sub i11 %shl_ln708_2, %zext_ln708" [firmware/nnet_utils/nnet_dense_latency.h:42]   --->   Operation 85 'sub' 'sub_ln708_4' <Predicate = true> <Delay = 1.76> <Core = "AddSub">   --->   Core 14 'AddSub' <Latency = 0> <II = 1> <Delay = 1.80> <FuncUnit> <Opcode : 'add' 'sub'> <InPorts = 2> <OutPorts = 1>
ST_1 : Operation 86 [1/1] (0.00ns)   --->   "%lshr_ln708_4 = call i10 @_ssdm_op_PartSelect.i10.i11.i32.i32(i11 %sub_ln708_4, i32 1, i32 10)" [firmware/nnet_utils/nnet_dense_latency.h:42]   --->   Operation 86 'partselect' 'lshr_ln708_4' <Predicate = true> <Delay = 0.00>
ST_1 : Operation 87 [1/1] (0.00ns)   --->   "%zext_ln708_3 = zext i10 %lshr_ln708_4 to i11" [firmware/nnet_utils/nnet_dense_latency.h:42]   --->   Operation 87 'zext' 'zext_ln708_3' <Predicate = true> <Delay = 0.00>
ST_1 : Operation 88 [1/1] (0.00ns)   --->   "%zext_ln1116 = zext i6 %data_15_V_read12 to i12" [firmware/nnet_utils/nnet_mult.h:73->firmware/nnet_utils/nnet_dense_latency.h:42]   --->   Operation 88 'zext' 'zext_ln1116' <Predicate = true> <Delay = 0.00>
ST_1 : Operation 89 [1/1] (0.00ns)   --->   "%tmp = call i11 @_ssdm_op_BitConcatenate.i11.i6.i5(i6 %data_15_V_read12, i5 0)" [firmware/nnet_utils/nnet_mult.h:73->firmware/nnet_utils/nnet_dense_latency.h:42]   --->   Operation 89 'bitconcatenate' 'tmp' <Predicate = true> <Delay = 0.00>
ST_1 : Operation 90 [1/1] (0.00ns)   --->   "%zext_ln1118_14 = zext i11 %tmp to i12" [firmware/nnet_utils/nnet_mult.h:73->firmware/nnet_utils/nnet_dense_latency.h:42]   --->   Operation 90 'zext' 'zext_ln1118_14' <Predicate = true> <Delay = 0.00>
ST_1 : Operation 91 [1/1] (1.76ns)   --->   "%sub_ln1118_10 = sub i12 %zext_ln1116, %zext_ln1118_14" [firmware/nnet_utils/nnet_mult.h:73->firmware/nnet_utils/nnet_dense_latency.h:42]   --->   Operation 91 'sub' 'sub_ln1118_10' <Predicate = true> <Delay = 1.76> <Core = "AddSub">   --->   Core 14 'AddSub' <Latency = 0> <II = 1> <Delay = 1.80> <FuncUnit> <Opcode : 'add' 'sub'> <InPorts = 2> <OutPorts = 1>
ST_1 : Operation 92 [1/1] (0.00ns)   --->   "%trunc_ln708_116 = call i11 @_ssdm_op_PartSelect.i11.i12.i32.i32(i12 %sub_ln1118_10, i32 1, i32 11)" [firmware/nnet_utils/nnet_dense_latency.h:42]   --->   Operation 92 'partselect' 'trunc_ln708_116' <Predicate = true> <Delay = 0.00>
ST_1 : Operation 93 [1/1] (0.00ns)   --->   "%zext_ln1118_15 = zext i6 %data_15_V_read12 to i11" [firmware/nnet_utils/nnet_mult.h:73->firmware/nnet_utils/nnet_dense_latency.h:42]   --->   Operation 93 'zext' 'zext_ln1118_15' <Predicate = true> <Delay = 0.00>
ST_1 : Operation 94 [1/1] (1.76ns)   --->   "%sub_ln708_5 = sub i11 %tmp, %zext_ln1118_15" [firmware/nnet_utils/nnet_dense_latency.h:42]   --->   Operation 94 'sub' 'sub_ln708_5' <Predicate = true> <Delay = 1.76> <Core = "AddSub">   --->   Core 14 'AddSub' <Latency = 0> <II = 1> <Delay = 1.80> <FuncUnit> <Opcode : 'add' 'sub'> <InPorts = 2> <OutPorts = 1>
ST_1 : Operation 95 [1/1] (0.00ns)   --->   "%lshr_ln708_5 = call i10 @_ssdm_op_PartSelect.i10.i11.i32.i32(i11 %sub_ln708_5, i32 1, i32 10)" [firmware/nnet_utils/nnet_dense_latency.h:42]   --->   Operation 95 'partselect' 'lshr_ln708_5' <Predicate = true> <Delay = 0.00>
ST_1 : Operation 96 [1/1] (0.00ns)   --->   "%shl_ln1118_6 = call i11 @_ssdm_op_BitConcatenate.i11.i6.i5(i6 %data_19_V_read13, i5 0)" [firmware/nnet_utils/nnet_mult.h:73->firmware/nnet_utils/nnet_dense_latency.h:42]   --->   Operation 96 'bitconcatenate' 'shl_ln1118_6' <Predicate = true> <Delay = 0.00>
ST_1 : Operation 97 [1/1] (0.00ns)   --->   "%zext_ln1118_16 = zext i11 %shl_ln1118_6 to i12" [firmware/nnet_utils/nnet_mult.h:73->firmware/nnet_utils/nnet_dense_latency.h:42]   --->   Operation 97 'zext' 'zext_ln1118_16' <Predicate = true> <Delay = 0.00>
ST_1 : Operation 98 [1/1] (1.76ns)   --->   "%sub_ln1118_11 = sub i12 0, %zext_ln1118_16" [firmware/nnet_utils/nnet_mult.h:73->firmware/nnet_utils/nnet_dense_latency.h:42]   --->   Operation 98 'sub' 'sub_ln1118_11' <Predicate = true> <Delay = 1.76> <Core = "AddSub">   --->   Core 14 'AddSub' <Latency = 0> <II = 1> <Delay = 1.80> <FuncUnit> <Opcode : 'add' 'sub'> <InPorts = 2> <OutPorts = 1>
ST_1 : Operation 99 [1/1] (0.00ns)   --->   "%trunc_ln708_117 = call i11 @_ssdm_op_PartSelect.i11.i12.i32.i32(i12 %sub_ln1118_11, i32 1, i32 11)" [firmware/nnet_utils/nnet_dense_latency.h:42]   --->   Operation 99 'partselect' 'trunc_ln708_117' <Predicate = true> <Delay = 0.00>
ST_1 : Operation 100 [1/1] (0.00ns)   --->   "%sext_ln1116 = sext i11 %trunc_ln708_117 to i12" [firmware/nnet_utils/nnet_mult.h:73->firmware/nnet_utils/nnet_dense_latency.h:42]   --->   Operation 100 'sext' 'sext_ln1116' <Predicate = true> <Delay = 0.00>
ST_1 : Operation 101 [1/1] (0.00ns)   --->   "%zext_ln1118_17 = zext i6 %data_20_V_read_4 to i11" [firmware/nnet_utils/nnet_mult.h:73->firmware/nnet_utils/nnet_dense_latency.h:42]   --->   Operation 101 'zext' 'zext_ln1118_17' <Predicate = true> <Delay = 0.00>
ST_1 : Operation 102 [1/1] (0.00ns)   --->   "%shl_ln1118_7 = call i11 @_ssdm_op_BitConcatenate.i11.i6.i5(i6 %data_20_V_read_4, i5 0)" [firmware/nnet_utils/nnet_mult.h:73->firmware/nnet_utils/nnet_dense_latency.h:42]   --->   Operation 102 'bitconcatenate' 'shl_ln1118_7' <Predicate = true> <Delay = 0.00>
ST_1 : Operation 103 [1/1] (0.00ns)   --->   "%zext_ln1118_18 = zext i11 %shl_ln1118_7 to i12" [firmware/nnet_utils/nnet_mult.h:73->firmware/nnet_utils/nnet_dense_latency.h:42]   --->   Operation 103 'zext' 'zext_ln1118_18' <Predicate = true> <Delay = 0.00>
ST_1 : Operation 104 [1/1] (1.76ns)   --->   "%sub_ln1118_12 = sub i12 0, %zext_ln1118_18" [firmware/nnet_utils/nnet_mult.h:73->firmware/nnet_utils/nnet_dense_latency.h:42]   --->   Operation 104 'sub' 'sub_ln1118_12' <Predicate = true> <Delay = 1.76> <Core = "AddSub">   --->   Core 14 'AddSub' <Latency = 0> <II = 1> <Delay = 1.80> <FuncUnit> <Opcode : 'add' 'sub'> <InPorts = 2> <OutPorts = 1>
ST_1 : Operation 105 [1/1] (0.00ns)   --->   "%trunc_ln708_118 = call i11 @_ssdm_op_PartSelect.i11.i12.i32.i32(i12 %sub_ln1118_12, i32 1, i32 11)" [firmware/nnet_utils/nnet_dense_latency.h:42]   --->   Operation 105 'partselect' 'trunc_ln708_118' <Predicate = true> <Delay = 0.00>
ST_1 : Operation 106 [1/1] (0.00ns)   --->   "%sext_ln1118 = sext i11 %trunc_ln708_118 to i12" [firmware/nnet_utils/nnet_mult.h:73->firmware/nnet_utils/nnet_dense_latency.h:42]   --->   Operation 106 'sext' 'sext_ln1118' <Predicate = true> <Delay = 0.00>
ST_1 : Operation 107 [1/1] (1.76ns)   --->   "%sub_ln708_6 = sub i11 %shl_ln1118_7, %zext_ln1118_17" [firmware/nnet_utils/nnet_dense_latency.h:42]   --->   Operation 107 'sub' 'sub_ln708_6' <Predicate = true> <Delay = 1.76> <Core = "AddSub">   --->   Core 14 'AddSub' <Latency = 0> <II = 1> <Delay = 1.80> <FuncUnit> <Opcode : 'add' 'sub'> <InPorts = 2> <OutPorts = 1>
ST_1 : Operation 108 [1/1] (0.00ns)   --->   "%lshr_ln708_6 = call i10 @_ssdm_op_PartSelect.i10.i11.i32.i32(i11 %sub_ln708_6, i32 1, i32 10)" [firmware/nnet_utils/nnet_dense_latency.h:42]   --->   Operation 108 'partselect' 'lshr_ln708_6' <Predicate = true> <Delay = 0.00>
ST_1 : Operation 109 [1/1] (0.00ns)   --->   "%zext_ln1118_21 = zext i6 %data_22_V_read_4 to i11" [firmware/nnet_utils/nnet_mult.h:73->firmware/nnet_utils/nnet_dense_latency.h:42]   --->   Operation 109 'zext' 'zext_ln1118_21' <Predicate = true> <Delay = 0.00>
ST_1 : Operation 110 [1/1] (0.00ns)   --->   "%shl_ln708_5 = call i11 @_ssdm_op_BitConcatenate.i11.i6.i5(i6 %data_22_V_read_4, i5 0)" [firmware/nnet_utils/nnet_dense_latency.h:42]   --->   Operation 110 'bitconcatenate' 'shl_ln708_5' <Predicate = true> <Delay = 0.00>
ST_1 : Operation 111 [1/1] (1.76ns)   --->   "%sub_ln708_8 = sub i11 %shl_ln708_5, %zext_ln1118_21" [firmware/nnet_utils/nnet_dense_latency.h:42]   --->   Operation 111 'sub' 'sub_ln708_8' <Predicate = true> <Delay = 1.76> <Core = "AddSub">   --->   Core 14 'AddSub' <Latency = 0> <II = 1> <Delay = 1.80> <FuncUnit> <Opcode : 'add' 'sub'> <InPorts = 2> <OutPorts = 1>
ST_1 : Operation 112 [1/1] (0.00ns)   --->   "%lshr_ln708_8 = call i10 @_ssdm_op_PartSelect.i10.i11.i32.i32(i11 %sub_ln708_8, i32 1, i32 10)" [firmware/nnet_utils/nnet_dense_latency.h:42]   --->   Operation 112 'partselect' 'lshr_ln708_8' <Predicate = true> <Delay = 0.00>
ST_1 : Operation 113 [1/1] (0.00ns)   --->   "%zext_ln1118_22 = zext i11 %shl_ln708_5 to i12" [firmware/nnet_utils/nnet_mult.h:73->firmware/nnet_utils/nnet_dense_latency.h:42]   --->   Operation 113 'zext' 'zext_ln1118_22' <Predicate = true> <Delay = 0.00>
ST_1 : Operation 114 [1/1] (1.76ns)   --->   "%sub_ln1118_14 = sub i12 0, %zext_ln1118_22" [firmware/nnet_utils/nnet_mult.h:73->firmware/nnet_utils/nnet_dense_latency.h:42]   --->   Operation 114 'sub' 'sub_ln1118_14' <Predicate = true> <Delay = 1.76> <Core = "AddSub">   --->   Core 14 'AddSub' <Latency = 0> <II = 1> <Delay = 1.80> <FuncUnit> <Opcode : 'add' 'sub'> <InPorts = 2> <OutPorts = 1>
ST_1 : Operation 115 [1/1] (0.00ns)   --->   "%trunc_ln708_120 = call i11 @_ssdm_op_PartSelect.i11.i12.i32.i32(i12 %sub_ln1118_14, i32 1, i32 11)" [firmware/nnet_utils/nnet_dense_latency.h:42]   --->   Operation 115 'partselect' 'trunc_ln708_120' <Predicate = true> <Delay = 0.00>
ST_1 : Operation 116 [1/1] (0.00ns)   --->   "%zext_ln1118_23 = zext i6 %data_23_V_read_4 to i11" [firmware/nnet_utils/nnet_mult.h:73->firmware/nnet_utils/nnet_dense_latency.h:42]   --->   Operation 116 'zext' 'zext_ln1118_23' <Predicate = true> <Delay = 0.00>
ST_1 : Operation 117 [1/1] (0.00ns)   --->   "%shl_ln1118_8 = call i11 @_ssdm_op_BitConcatenate.i11.i6.i5(i6 %data_23_V_read_4, i5 0)" [firmware/nnet_utils/nnet_mult.h:73->firmware/nnet_utils/nnet_dense_latency.h:42]   --->   Operation 117 'bitconcatenate' 'shl_ln1118_8' <Predicate = true> <Delay = 0.00>
ST_1 : Operation 118 [1/1] (0.00ns)   --->   "%zext_ln1118_24 = zext i11 %shl_ln1118_8 to i12" [firmware/nnet_utils/nnet_mult.h:73->firmware/nnet_utils/nnet_dense_latency.h:42]   --->   Operation 118 'zext' 'zext_ln1118_24' <Predicate = true> <Delay = 0.00>
ST_1 : Operation 119 [1/1] (1.76ns)   --->   "%sub_ln1118_15 = sub i12 0, %zext_ln1118_24" [firmware/nnet_utils/nnet_mult.h:73->firmware/nnet_utils/nnet_dense_latency.h:42]   --->   Operation 119 'sub' 'sub_ln1118_15' <Predicate = true> <Delay = 1.76> <Core = "AddSub">   --->   Core 14 'AddSub' <Latency = 0> <II = 1> <Delay = 1.80> <FuncUnit> <Opcode : 'add' 'sub'> <InPorts = 2> <OutPorts = 1>
ST_1 : Operation 120 [1/1] (0.00ns)   --->   "%trunc_ln708_121 = call i11 @_ssdm_op_PartSelect.i11.i12.i32.i32(i12 %sub_ln1118_15, i32 1, i32 11)" [firmware/nnet_utils/nnet_dense_latency.h:42]   --->   Operation 120 'partselect' 'trunc_ln708_121' <Predicate = true> <Delay = 0.00>
ST_1 : Operation 121 [1/1] (0.00ns)   --->   "%sext_ln1118_5 = sext i11 %trunc_ln708_121 to i12" [firmware/nnet_utils/nnet_mult.h:73->firmware/nnet_utils/nnet_dense_latency.h:42]   --->   Operation 121 'sext' 'sext_ln1118_5' <Predicate = true> <Delay = 0.00>
ST_1 : Operation 122 [1/1] (3.21ns)   --->   "%mul_ln708 = mul i11 %zext_ln1118_23, 21" [firmware/nnet_utils/nnet_dense_latency.h:42]   --->   Operation 122 'mul' 'mul_ln708' <Predicate = true> <Delay = 3.21> <Core = "Mul">   --->   Core 16 'Mul' <Latency = 0> <II = 1> <Delay = 3.21> <FuncUnit> <Opcode : 'mul'> <InPorts = 2> <OutPorts = 1>
ST_1 : Operation 123 [1/1] (0.00ns)   --->   "%lshr_ln708_9 = call i10 @_ssdm_op_PartSelect.i10.i11.i32.i32(i11 %mul_ln708, i32 1, i32 10)" [firmware/nnet_utils/nnet_dense_latency.h:42]   --->   Operation 123 'partselect' 'lshr_ln708_9' <Predicate = true> <Delay = 0.00>
ST_1 : Operation 124 [1/1] (0.00ns)   --->   "%zext_ln708_8 = zext i6 %data_24_V_read_4 to i11" [firmware/nnet_utils/nnet_dense_latency.h:42]   --->   Operation 124 'zext' 'zext_ln708_8' <Predicate = true> <Delay = 0.00>
ST_1 : Operation 125 [1/1] (0.00ns)   --->   "%shl_ln708_6 = call i11 @_ssdm_op_BitConcatenate.i11.i6.i5(i6 %data_24_V_read_4, i5 0)" [firmware/nnet_utils/nnet_dense_latency.h:42]   --->   Operation 125 'bitconcatenate' 'shl_ln708_6' <Predicate = true> <Delay = 0.00>
ST_1 : Operation 126 [1/1] (1.76ns)   --->   "%sub_ln708_9 = sub i11 %shl_ln708_6, %zext_ln708_8" [firmware/nnet_utils/nnet_dense_latency.h:42]   --->   Operation 126 'sub' 'sub_ln708_9' <Predicate = true> <Delay = 1.76> <Core = "AddSub">   --->   Core 14 'AddSub' <Latency = 0> <II = 1> <Delay = 1.80> <FuncUnit> <Opcode : 'add' 'sub'> <InPorts = 2> <OutPorts = 1>
ST_1 : Operation 127 [1/1] (0.00ns)   --->   "%lshr_ln708_10 = call i10 @_ssdm_op_PartSelect.i10.i11.i32.i32(i11 %sub_ln708_9, i32 1, i32 10)" [firmware/nnet_utils/nnet_dense_latency.h:42]   --->   Operation 127 'partselect' 'lshr_ln708_10' <Predicate = true> <Delay = 0.00>
ST_1 : Operation 128 [1/1] (0.00ns)   --->   "%zext_ln1118_25 = zext i6 %data_25_V_read_4 to i11" [firmware/nnet_utils/nnet_mult.h:73->firmware/nnet_utils/nnet_dense_latency.h:42]   --->   Operation 128 'zext' 'zext_ln1118_25' <Predicate = true> <Delay = 0.00>
ST_1 : Operation 129 [1/1] (0.00ns)   --->   "%shl_ln1118_9 = call i11 @_ssdm_op_BitConcatenate.i11.i6.i5(i6 %data_25_V_read_4, i5 0)" [firmware/nnet_utils/nnet_mult.h:73->firmware/nnet_utils/nnet_dense_latency.h:42]   --->   Operation 129 'bitconcatenate' 'shl_ln1118_9' <Predicate = true> <Delay = 0.00>
ST_1 : Operation 130 [1/1] (0.00ns)   --->   "%zext_ln1118_26 = zext i11 %shl_ln1118_9 to i12" [firmware/nnet_utils/nnet_mult.h:73->firmware/nnet_utils/nnet_dense_latency.h:42]   --->   Operation 130 'zext' 'zext_ln1118_26' <Predicate = true> <Delay = 0.00>
ST_1 : Operation 131 [1/1] (1.76ns)   --->   "%sub_ln1118_16 = sub i12 0, %zext_ln1118_26" [firmware/nnet_utils/nnet_mult.h:73->firmware/nnet_utils/nnet_dense_latency.h:42]   --->   Operation 131 'sub' 'sub_ln1118_16' <Predicate = true> <Delay = 1.76> <Core = "AddSub">   --->   Core 14 'AddSub' <Latency = 0> <II = 1> <Delay = 1.80> <FuncUnit> <Opcode : 'add' 'sub'> <InPorts = 2> <OutPorts = 1>
ST_1 : Operation 132 [1/1] (0.00ns)   --->   "%trunc_ln708_122 = call i11 @_ssdm_op_PartSelect.i11.i12.i32.i32(i12 %sub_ln1118_16, i32 1, i32 11)" [firmware/nnet_utils/nnet_dense_latency.h:42]   --->   Operation 132 'partselect' 'trunc_ln708_122' <Predicate = true> <Delay = 0.00>
ST_1 : Operation 133 [1/1] (0.00ns)   --->   "%sext_ln1118_6 = sext i11 %trunc_ln708_122 to i12" [firmware/nnet_utils/nnet_mult.h:73->firmware/nnet_utils/nnet_dense_latency.h:42]   --->   Operation 133 'sext' 'sext_ln1118_6' <Predicate = true> <Delay = 0.00>
ST_1 : Operation 134 [1/1] (1.76ns)   --->   "%sub_ln708_10 = sub i11 %shl_ln1118_9, %zext_ln1118_25" [firmware/nnet_utils/nnet_dense_latency.h:42]   --->   Operation 134 'sub' 'sub_ln708_10' <Predicate = true> <Delay = 1.76> <Core = "AddSub">   --->   Core 14 'AddSub' <Latency = 0> <II = 1> <Delay = 1.80> <FuncUnit> <Opcode : 'add' 'sub'> <InPorts = 2> <OutPorts = 1>
ST_1 : Operation 135 [1/1] (0.00ns)   --->   "%lshr_ln708_11 = call i10 @_ssdm_op_PartSelect.i10.i11.i32.i32(i11 %sub_ln708_10, i32 1, i32 10)" [firmware/nnet_utils/nnet_dense_latency.h:42]   --->   Operation 135 'partselect' 'lshr_ln708_11' <Predicate = true> <Delay = 0.00>
ST_1 : Operation 136 [1/1] (0.00ns)   --->   "%shl_ln1118_10 = call i11 @_ssdm_op_BitConcatenate.i11.i6.i5(i6 %data_26_V_read_4, i5 0)" [firmware/nnet_utils/nnet_mult.h:73->firmware/nnet_utils/nnet_dense_latency.h:42]   --->   Operation 136 'bitconcatenate' 'shl_ln1118_10' <Predicate = true> <Delay = 0.00>
ST_1 : Operation 137 [1/1] (0.00ns)   --->   "%zext_ln1118_27 = zext i11 %shl_ln1118_10 to i12" [firmware/nnet_utils/nnet_mult.h:73->firmware/nnet_utils/nnet_dense_latency.h:42]   --->   Operation 137 'zext' 'zext_ln1118_27' <Predicate = true> <Delay = 0.00>
ST_1 : Operation 138 [1/1] (1.76ns)   --->   "%sub_ln1118_17 = sub i12 0, %zext_ln1118_27" [firmware/nnet_utils/nnet_mult.h:73->firmware/nnet_utils/nnet_dense_latency.h:42]   --->   Operation 138 'sub' 'sub_ln1118_17' <Predicate = true> <Delay = 1.76> <Core = "AddSub">   --->   Core 14 'AddSub' <Latency = 0> <II = 1> <Delay = 1.80> <FuncUnit> <Opcode : 'add' 'sub'> <InPorts = 2> <OutPorts = 1>
ST_1 : Operation 139 [1/1] (0.00ns)   --->   "%trunc_ln708_123 = call i11 @_ssdm_op_PartSelect.i11.i12.i32.i32(i12 %sub_ln1118_17, i32 1, i32 11)" [firmware/nnet_utils/nnet_dense_latency.h:42]   --->   Operation 139 'partselect' 'trunc_ln708_123' <Predicate = true> <Delay = 0.00>
ST_1 : Operation 140 [1/1] (0.00ns)   --->   "%zext_ln1118_28 = zext i6 %data_27_V_read21 to i11" [firmware/nnet_utils/nnet_mult.h:73->firmware/nnet_utils/nnet_dense_latency.h:42]   --->   Operation 140 'zext' 'zext_ln1118_28' <Predicate = true> <Delay = 0.00>
ST_1 : Operation 141 [1/1] (3.21ns)   --->   "%mul_ln708_1 = mul i11 %zext_ln1118_28, 26" [firmware/nnet_utils/nnet_dense_latency.h:42]   --->   Operation 141 'mul' 'mul_ln708_1' <Predicate = true> <Delay = 3.21> <Core = "Mul">   --->   Core 16 'Mul' <Latency = 0> <II = 1> <Delay = 3.21> <FuncUnit> <Opcode : 'mul'> <InPorts = 2> <OutPorts = 1>
ST_1 : Operation 142 [1/1] (0.00ns)   --->   "%trunc_ln708_124 = call i10 @_ssdm_op_PartSelect.i10.i11.i32.i32(i11 %mul_ln708_1, i32 1, i32 10)" [firmware/nnet_utils/nnet_dense_latency.h:42]   --->   Operation 142 'partselect' 'trunc_ln708_124' <Predicate = true> <Delay = 0.00>
ST_1 : Operation 143 [1/1] (0.00ns)   --->   "%shl_ln708_7 = call i11 @_ssdm_op_BitConcatenate.i11.i6.i5(i6 %data_27_V_read21, i5 0)" [firmware/nnet_utils/nnet_dense_latency.h:42]   --->   Operation 143 'bitconcatenate' 'shl_ln708_7' <Predicate = true> <Delay = 0.00>
ST_1 : Operation 144 [1/1] (1.76ns)   --->   "%sub_ln708_11 = sub i11 %shl_ln708_7, %zext_ln1118_28" [firmware/nnet_utils/nnet_dense_latency.h:42]   --->   Operation 144 'sub' 'sub_ln708_11' <Predicate = true> <Delay = 1.76> <Core = "AddSub">   --->   Core 14 'AddSub' <Latency = 0> <II = 1> <Delay = 1.80> <FuncUnit> <Opcode : 'add' 'sub'> <InPorts = 2> <OutPorts = 1>
ST_1 : Operation 145 [1/1] (0.00ns)   --->   "%lshr_ln708_12 = call i10 @_ssdm_op_PartSelect.i10.i11.i32.i32(i11 %sub_ln708_11, i32 1, i32 10)" [firmware/nnet_utils/nnet_dense_latency.h:42]   --->   Operation 145 'partselect' 'lshr_ln708_12' <Predicate = true> <Delay = 0.00>
ST_1 : Operation 146 [1/1] (0.00ns)   --->   "%zext_ln1118_29 = zext i11 %shl_ln708_7 to i12" [firmware/nnet_utils/nnet_mult.h:73->firmware/nnet_utils/nnet_dense_latency.h:42]   --->   Operation 146 'zext' 'zext_ln1118_29' <Predicate = true> <Delay = 0.00>
ST_1 : Operation 147 [1/1] (1.76ns)   --->   "%sub_ln1118_18 = sub i12 0, %zext_ln1118_29" [firmware/nnet_utils/nnet_mult.h:73->firmware/nnet_utils/nnet_dense_latency.h:42]   --->   Operation 147 'sub' 'sub_ln1118_18' <Predicate = true> <Delay = 1.76> <Core = "AddSub">   --->   Core 14 'AddSub' <Latency = 0> <II = 1> <Delay = 1.80> <FuncUnit> <Opcode : 'add' 'sub'> <InPorts = 2> <OutPorts = 1>
ST_1 : Operation 148 [1/1] (0.00ns)   --->   "%trunc_ln708_125 = call i11 @_ssdm_op_PartSelect.i11.i12.i32.i32(i12 %sub_ln1118_18, i32 1, i32 11)" [firmware/nnet_utils/nnet_dense_latency.h:42]   --->   Operation 148 'partselect' 'trunc_ln708_125' <Predicate = true> <Delay = 0.00>
ST_1 : Operation 149 [1/1] (0.00ns)   --->   "%sext_ln1116_4 = sext i11 %trunc_ln708_125 to i12" [firmware/nnet_utils/nnet_mult.h:73->firmware/nnet_utils/nnet_dense_latency.h:42]   --->   Operation 149 'sext' 'sext_ln1116_4' <Predicate = true> <Delay = 0.00>
ST_1 : Operation 150 [1/1] (0.00ns)   --->   "%shl_ln1118_12 = call i11 @_ssdm_op_BitConcatenate.i11.i6.i5(i6 %data_29_V_read23, i5 0)" [firmware/nnet_utils/nnet_mult.h:73->firmware/nnet_utils/nnet_dense_latency.h:42]   --->   Operation 150 'bitconcatenate' 'shl_ln1118_12' <Predicate = true> <Delay = 0.00>
ST_1 : Operation 151 [1/1] (0.00ns)   --->   "%zext_ln1118_31 = zext i11 %shl_ln1118_12 to i12" [firmware/nnet_utils/nnet_mult.h:73->firmware/nnet_utils/nnet_dense_latency.h:42]   --->   Operation 151 'zext' 'zext_ln1118_31' <Predicate = true> <Delay = 0.00>
ST_1 : Operation 152 [1/1] (1.76ns)   --->   "%sub_ln1118_20 = sub i12 0, %zext_ln1118_31" [firmware/nnet_utils/nnet_mult.h:73->firmware/nnet_utils/nnet_dense_latency.h:42]   --->   Operation 152 'sub' 'sub_ln1118_20' <Predicate = true> <Delay = 1.76> <Core = "AddSub">   --->   Core 14 'AddSub' <Latency = 0> <II = 1> <Delay = 1.80> <FuncUnit> <Opcode : 'add' 'sub'> <InPorts = 2> <OutPorts = 1>
ST_1 : Operation 153 [1/1] (0.00ns)   --->   "%trunc_ln708_127 = call i11 @_ssdm_op_PartSelect.i11.i12.i32.i32(i12 %sub_ln1118_20, i32 1, i32 11)" [firmware/nnet_utils/nnet_dense_latency.h:42]   --->   Operation 153 'partselect' 'trunc_ln708_127' <Predicate = true> <Delay = 0.00>
ST_1 : Operation 154 [1/1] (0.00ns)   --->   "%sext_ln708 = sext i11 %trunc_ln708_127 to i12" [firmware/nnet_utils/nnet_dense_latency.h:42]   --->   Operation 154 'sext' 'sext_ln708' <Predicate = true> <Delay = 0.00>
ST_1 : Operation 155 [1/1] (0.00ns)   --->   "%zext_ln708_11 = zext i6 %data_30_V_read_4 to i11" [firmware/nnet_utils/nnet_dense_latency.h:42]   --->   Operation 155 'zext' 'zext_ln708_11' <Predicate = true> <Delay = 0.00>
ST_1 : Operation 156 [1/1] (0.00ns)   --->   "%shl_ln708_8 = call i11 @_ssdm_op_BitConcatenate.i11.i6.i5(i6 %data_30_V_read_4, i5 0)" [firmware/nnet_utils/nnet_dense_latency.h:42]   --->   Operation 156 'bitconcatenate' 'shl_ln708_8' <Predicate = true> <Delay = 0.00>
ST_1 : Operation 157 [1/1] (1.76ns)   --->   "%sub_ln708_12 = sub i11 %shl_ln708_8, %zext_ln708_11" [firmware/nnet_utils/nnet_dense_latency.h:42]   --->   Operation 157 'sub' 'sub_ln708_12' <Predicate = true> <Delay = 1.76> <Core = "AddSub">   --->   Core 14 'AddSub' <Latency = 0> <II = 1> <Delay = 1.80> <FuncUnit> <Opcode : 'add' 'sub'> <InPorts = 2> <OutPorts = 1>
ST_1 : Operation 158 [1/1] (0.00ns)   --->   "%lshr_ln708_13 = call i10 @_ssdm_op_PartSelect.i10.i11.i32.i32(i11 %sub_ln708_12, i32 1, i32 10)" [firmware/nnet_utils/nnet_dense_latency.h:42]   --->   Operation 158 'partselect' 'lshr_ln708_13' <Predicate = true> <Delay = 0.00>
ST_1 : Operation 159 [1/1] (1.76ns)   --->   "%add_ln703 = add i12 %sext_ln203_3, %sext_ln203_8" [firmware/nnet_utils/nnet_dense_latency.h:58]   --->   Operation 159 'add' 'add_ln703' <Predicate = true> <Delay = 1.76> <Core = "AddSub">   --->   Core 14 'AddSub' <Latency = 0> <II = 1> <Delay = 1.80> <FuncUnit> <Opcode : 'add' 'sub'> <InPorts = 2> <OutPorts = 1>
ST_1 : Operation 160 [1/1] (1.76ns)   --->   "%add_ln703_4 = add i12 %sext_ln1118_5, %sext_ln1118_6" [firmware/nnet_utils/nnet_dense_latency.h:58]   --->   Operation 160 'add' 'add_ln703_4' <Predicate = true> <Delay = 1.76> <Core = "AddSub">   --->   Core 14 'AddSub' <Latency = 0> <II = 1> <Delay = 1.80> <FuncUnit> <Opcode : 'add' 'sub'> <InPorts = 2> <OutPorts = 1>
ST_1 : Operation 161 [1/1] (1.76ns)   --->   "%add_ln703_12 = add i12 %sext_ln1118, %sext_ln1118_6" [firmware/nnet_utils/nnet_dense_latency.h:58]   --->   Operation 161 'add' 'add_ln703_12' <Predicate = true> <Delay = 1.76> <Core = "AddSub">   --->   Core 14 'AddSub' <Latency = 0> <II = 1> <Delay = 1.80> <FuncUnit> <Opcode : 'add' 'sub'> <InPorts = 2> <OutPorts = 1>
ST_1 : Operation 162 [1/1] (1.76ns)   --->   "%add_ln703_20 = add i12 %sext_ln203_2, %sext_ln203_7" [firmware/nnet_utils/nnet_dense_latency.h:58]   --->   Operation 162 'add' 'add_ln703_20' <Predicate = true> <Delay = 1.76> <Core = "AddSub">   --->   Core 14 'AddSub' <Latency = 0> <II = 1> <Delay = 1.80> <FuncUnit> <Opcode : 'add' 'sub'> <InPorts = 2> <OutPorts = 1>
ST_1 : Operation 163 [1/1] (1.76ns)   --->   "%add_ln703_22 = add i12 %sext_ln1116_4, %sext_ln708" [firmware/nnet_utils/nnet_dense_latency.h:58]   --->   Operation 163 'add' 'add_ln703_22' <Predicate = true> <Delay = 1.76> <Core = "AddSub">   --->   Core 14 'AddSub' <Latency = 0> <II = 1> <Delay = 1.80> <FuncUnit> <Opcode : 'add' 'sub'> <InPorts = 2> <OutPorts = 1>
ST_1 : Operation 164 [1/1] (1.76ns)   --->   "%add_ln703_31 = add i12 %sext_ln203_4, %sext_ln203_5" [firmware/nnet_utils/nnet_dense_latency.h:58]   --->   Operation 164 'add' 'add_ln703_31' <Predicate = true> <Delay = 1.76> <Core = "AddSub">   --->   Core 14 'AddSub' <Latency = 0> <II = 1> <Delay = 1.80> <FuncUnit> <Opcode : 'add' 'sub'> <InPorts = 2> <OutPorts = 1>
ST_1 : Operation 165 [1/1] (1.76ns)   --->   "%add_ln703_33 = add i12 %sext_ln1116, %sext_ln1116_4" [firmware/nnet_utils/nnet_dense_latency.h:58]   --->   Operation 165 'add' 'add_ln703_33' <Predicate = true> <Delay = 1.76> <Core = "AddSub">   --->   Core 14 'AddSub' <Latency = 0> <II = 1> <Delay = 1.80> <FuncUnit> <Opcode : 'add' 'sub'> <InPorts = 2> <OutPorts = 1>
ST_1 : Operation 166 [1/1] (1.74ns)   --->   "%add_ln703_36 = add i11 %zext_ln708_1, %zext_ln708_3" [firmware/nnet_utils/nnet_dense_latency.h:58]   --->   Operation 166 'add' 'add_ln703_36' <Predicate = true> <Delay = 1.74> <Core = "AddSub">   --->   Core 14 'AddSub' <Latency = 0> <II = 1> <Delay = 1.80> <FuncUnit> <Opcode : 'add' 'sub'> <InPorts = 2> <OutPorts = 1>

State 2 <SV = 1> <Delay = 3.57>
ST_2 : Operation 167 [1/1] (0.00ns)   --->   "%sext_ln203 = sext i11 %trunc_ln to i13" [firmware/nnet_utils/nnet_dense_latency.h:42]   --->   Operation 167 'sext' 'sext_ln203' <Predicate = true> <Delay = 0.00>
ST_2 : Operation 168 [1/1] (0.00ns)   --->   "%sext_ln203_1 = sext i11 %trunc_ln708_s to i13" [firmware/nnet_utils/nnet_dense_latency.h:42]   --->   Operation 168 'sext' 'sext_ln203_1' <Predicate = true> <Delay = 0.00>
ST_2 : Operation 169 [1/1] (0.00ns)   --->   "%zext_ln203 = zext i10 %lshr_ln708_2 to i12" [firmware/nnet_utils/nnet_dense_latency.h:42]   --->   Operation 169 'zext' 'zext_ln203' <Predicate = true> <Delay = 0.00>
ST_2 : Operation 170 [1/1] (0.00ns)   --->   "%zext_ln708_2 = zext i10 %lshr_ln708_3 to i11" [firmware/nnet_utils/nnet_dense_latency.h:42]   --->   Operation 170 'zext' 'zext_ln708_2' <Predicate = true> <Delay = 0.00>
ST_2 : Operation 171 [1/1] (0.00ns)   --->   "%sext_ln203_6 = sext i11 %trunc_ln708_112 to i13" [firmware/nnet_utils/nnet_dense_latency.h:42]   --->   Operation 171 'sext' 'sext_ln203_6' <Predicate = true> <Delay = 0.00>
ST_2 : Operation 172 [1/1] (0.00ns)   --->   "%shl_ln1118_5 = call i11 @_ssdm_op_BitConcatenate.i11.i6.i5(i6 %data_14_V_read11, i5 0)" [firmware/nnet_utils/nnet_mult.h:73->firmware/nnet_utils/nnet_dense_latency.h:42]   --->   Operation 172 'bitconcatenate' 'shl_ln1118_5' <Predicate = true> <Delay = 0.00>
ST_2 : Operation 173 [1/1] (0.00ns)   --->   "%zext_ln1118_13 = zext i11 %shl_ln1118_5 to i12" [firmware/nnet_utils/nnet_mult.h:73->firmware/nnet_utils/nnet_dense_latency.h:42]   --->   Operation 173 'zext' 'zext_ln1118_13' <Predicate = true> <Delay = 0.00>
ST_2 : Operation 174 [1/1] (1.76ns)   --->   "%sub_ln1118_9 = sub i12 0, %zext_ln1118_13" [firmware/nnet_utils/nnet_mult.h:73->firmware/nnet_utils/nnet_dense_latency.h:42]   --->   Operation 174 'sub' 'sub_ln1118_9' <Predicate = true> <Delay = 1.76> <Core = "AddSub">   --->   Core 14 'AddSub' <Latency = 0> <II = 1> <Delay = 1.80> <FuncUnit> <Opcode : 'add' 'sub'> <InPorts = 2> <OutPorts = 1>
ST_2 : Operation 175 [1/1] (0.00ns)   --->   "%trunc_ln708_115 = call i11 @_ssdm_op_PartSelect.i11.i12.i32.i32(i12 %sub_ln1118_9, i32 1, i32 11)" [firmware/nnet_utils/nnet_dense_latency.h:42]   --->   Operation 175 'partselect' 'trunc_ln708_115' <Predicate = true> <Delay = 0.00>
ST_2 : Operation 176 [1/1] (0.00ns)   --->   "%sext_ln203_9 = sext i11 %trunc_ln708_115 to i12" [firmware/nnet_utils/nnet_dense_latency.h:42]   --->   Operation 176 'sext' 'sext_ln203_9' <Predicate = true> <Delay = 0.00>
ST_2 : Operation 177 [1/1] (0.00ns)   --->   "%sext_ln203_10 = sext i11 %trunc_ln708_116 to i13" [firmware/nnet_utils/nnet_dense_latency.h:42]   --->   Operation 177 'sext' 'sext_ln203_10' <Predicate = true> <Delay = 0.00>
ST_2 : Operation 178 [1/1] (0.00ns)   --->   "%zext_ln708_4 = zext i10 %lshr_ln708_5 to i11" [firmware/nnet_utils/nnet_dense_latency.h:42]   --->   Operation 178 'zext' 'zext_ln708_4' <Predicate = true> <Delay = 0.00>
ST_2 : Operation 179 [1/1] (0.00ns)   --->   "%zext_ln203_1 = zext i10 %lshr_ln708_5 to i12" [firmware/nnet_utils/nnet_dense_latency.h:42]   --->   Operation 179 'zext' 'zext_ln203_1' <Predicate = true> <Delay = 0.00>
ST_2 : Operation 180 [1/1] (0.00ns)   --->   "%zext_ln1116_1 = zext i10 %lshr_ln708_6 to i12" [firmware/nnet_utils/nnet_mult.h:73->firmware/nnet_utils/nnet_dense_latency.h:42]   --->   Operation 180 'zext' 'zext_ln1116_1' <Predicate = true> <Delay = 0.00>
ST_2 : Operation 181 [1/1] (0.00ns)   --->   "%zext_ln1118_19 = zext i6 %data_21_V_read_3 to i11" [firmware/nnet_utils/nnet_mult.h:73->firmware/nnet_utils/nnet_dense_latency.h:42]   --->   Operation 181 'zext' 'zext_ln1118_19' <Predicate = true> <Delay = 0.00>
ST_2 : Operation 182 [1/1] (0.00ns)   --->   "%shl_ln708_4 = call i11 @_ssdm_op_BitConcatenate.i11.i6.i5(i6 %data_21_V_read_3, i5 0)" [firmware/nnet_utils/nnet_dense_latency.h:42]   --->   Operation 182 'bitconcatenate' 'shl_ln708_4' <Predicate = true> <Delay = 0.00>
ST_2 : Operation 183 [1/1] (1.76ns)   --->   "%sub_ln708_7 = sub i11 %shl_ln708_4, %zext_ln1118_19" [firmware/nnet_utils/nnet_dense_latency.h:42]   --->   Operation 183 'sub' 'sub_ln708_7' <Predicate = true> <Delay = 1.76> <Core = "AddSub">   --->   Core 14 'AddSub' <Latency = 0> <II = 1> <Delay = 1.80> <FuncUnit> <Opcode : 'add' 'sub'> <InPorts = 2> <OutPorts = 1>
ST_2 : Operation 184 [1/1] (0.00ns)   --->   "%lshr_ln708_7 = call i10 @_ssdm_op_PartSelect.i10.i11.i32.i32(i11 %sub_ln708_7, i32 1, i32 10)" [firmware/nnet_utils/nnet_dense_latency.h:42]   --->   Operation 184 'partselect' 'lshr_ln708_7' <Predicate = true> <Delay = 0.00>
ST_2 : Operation 185 [1/1] (0.00ns)   --->   "%zext_ln708_5 = zext i10 %lshr_ln708_7 to i11" [firmware/nnet_utils/nnet_dense_latency.h:42]   --->   Operation 185 'zext' 'zext_ln708_5' <Predicate = true> <Delay = 0.00>
ST_2 : Operation 186 [1/1] (0.00ns)   --->   "%zext_ln1118_20 = zext i11 %shl_ln708_4 to i12" [firmware/nnet_utils/nnet_mult.h:73->firmware/nnet_utils/nnet_dense_latency.h:42]   --->   Operation 186 'zext' 'zext_ln1118_20' <Predicate = true> <Delay = 0.00>
ST_2 : Operation 187 [1/1] (1.76ns)   --->   "%sub_ln1118_13 = sub i12 0, %zext_ln1118_20" [firmware/nnet_utils/nnet_mult.h:73->firmware/nnet_utils/nnet_dense_latency.h:42]   --->   Operation 187 'sub' 'sub_ln1118_13' <Predicate = true> <Delay = 1.76> <Core = "AddSub">   --->   Core 14 'AddSub' <Latency = 0> <II = 1> <Delay = 1.80> <FuncUnit> <Opcode : 'add' 'sub'> <InPorts = 2> <OutPorts = 1>
ST_2 : Operation 188 [1/1] (0.00ns)   --->   "%trunc_ln708_119 = call i11 @_ssdm_op_PartSelect.i11.i12.i32.i32(i12 %sub_ln1118_13, i32 1, i32 11)" [firmware/nnet_utils/nnet_dense_latency.h:42]   --->   Operation 188 'partselect' 'trunc_ln708_119' <Predicate = true> <Delay = 0.00>
ST_2 : Operation 189 [1/1] (0.00ns)   --->   "%sext_ln1116_1 = sext i11 %trunc_ln708_119 to i12" [firmware/nnet_utils/nnet_mult.h:73->firmware/nnet_utils/nnet_dense_latency.h:42]   --->   Operation 189 'sext' 'sext_ln1116_1' <Predicate = true> <Delay = 0.00>
ST_2 : Operation 190 [1/1] (0.00ns)   --->   "%zext_ln708_6 = zext i10 %lshr_ln708_8 to i11" [firmware/nnet_utils/nnet_dense_latency.h:42]   --->   Operation 190 'zext' 'zext_ln708_6' <Predicate = true> <Delay = 0.00>
ST_2 : Operation 191 [1/1] (0.00ns)   --->   "%sext_ln1116_2 = sext i11 %trunc_ln708_120 to i13" [firmware/nnet_utils/nnet_mult.h:73->firmware/nnet_utils/nnet_dense_latency.h:42]   --->   Operation 191 'sext' 'sext_ln1116_2' <Predicate = true> <Delay = 0.00>
ST_2 : Operation 192 [1/1] (0.00ns)   --->   "%zext_ln708_7 = zext i10 %lshr_ln708_9 to i11" [firmware/nnet_utils/nnet_dense_latency.h:42]   --->   Operation 192 'zext' 'zext_ln708_7' <Predicate = true> <Delay = 0.00>
ST_2 : Operation 193 [1/1] (0.00ns)   --->   "%zext_ln708_9 = zext i10 %lshr_ln708_10 to i11" [firmware/nnet_utils/nnet_dense_latency.h:42]   --->   Operation 193 'zext' 'zext_ln708_9' <Predicate = true> <Delay = 0.00>
ST_2 : Operation 194 [1/1] (0.00ns)   --->   "%zext_ln1116_2 = zext i10 %lshr_ln708_11 to i12" [firmware/nnet_utils/nnet_mult.h:73->firmware/nnet_utils/nnet_dense_latency.h:42]   --->   Operation 194 'zext' 'zext_ln1116_2' <Predicate = true> <Delay = 0.00>
ST_2 : Operation 195 [1/1] (0.00ns)   --->   "%sext_ln1116_3 = sext i11 %trunc_ln708_123 to i12" [firmware/nnet_utils/nnet_mult.h:73->firmware/nnet_utils/nnet_dense_latency.h:42]   --->   Operation 195 'sext' 'sext_ln1116_3' <Predicate = true> <Delay = 0.00>
ST_2 : Operation 196 [1/1] (0.00ns)   --->   "%zext_ln708_10 = zext i10 %lshr_ln708_12 to i11" [firmware/nnet_utils/nnet_dense_latency.h:42]   --->   Operation 196 'zext' 'zext_ln708_10' <Predicate = true> <Delay = 0.00>
ST_2 : Operation 197 [1/1] (0.00ns)   --->   "%shl_ln1118_11 = call i11 @_ssdm_op_BitConcatenate.i11.i6.i5(i6 %data_28_V_read22, i5 0)" [firmware/nnet_utils/nnet_mult.h:73->firmware/nnet_utils/nnet_dense_latency.h:42]   --->   Operation 197 'bitconcatenate' 'shl_ln1118_11' <Predicate = true> <Delay = 0.00>
ST_2 : Operation 198 [1/1] (0.00ns)   --->   "%zext_ln1118_30 = zext i11 %shl_ln1118_11 to i12" [firmware/nnet_utils/nnet_mult.h:73->firmware/nnet_utils/nnet_dense_latency.h:42]   --->   Operation 198 'zext' 'zext_ln1118_30' <Predicate = true> <Delay = 0.00>
ST_2 : Operation 199 [1/1] (1.76ns)   --->   "%sub_ln1118_19 = sub i12 0, %zext_ln1118_30" [firmware/nnet_utils/nnet_mult.h:73->firmware/nnet_utils/nnet_dense_latency.h:42]   --->   Operation 199 'sub' 'sub_ln1118_19' <Predicate = true> <Delay = 1.76> <Core = "AddSub">   --->   Core 14 'AddSub' <Latency = 0> <II = 1> <Delay = 1.80> <FuncUnit> <Opcode : 'add' 'sub'> <InPorts = 2> <OutPorts = 1>
ST_2 : Operation 200 [1/1] (0.00ns)   --->   "%trunc_ln708_126 = call i11 @_ssdm_op_PartSelect.i11.i12.i32.i32(i12 %sub_ln1118_19, i32 1, i32 11)" [firmware/nnet_utils/nnet_dense_latency.h:42]   --->   Operation 200 'partselect' 'trunc_ln708_126' <Predicate = true> <Delay = 0.00>
ST_2 : Operation 201 [1/1] (0.00ns)   --->   "%sext_ln1116_5 = sext i11 %trunc_ln708_126 to i13" [firmware/nnet_utils/nnet_mult.h:73->firmware/nnet_utils/nnet_dense_latency.h:42]   --->   Operation 201 'sext' 'sext_ln1116_5' <Predicate = true> <Delay = 0.00>
ST_2 : Operation 202 [1/1] (0.00ns)   --->   "%zext_ln708_12 = zext i10 %lshr_ln708_13 to i11" [firmware/nnet_utils/nnet_dense_latency.h:42]   --->   Operation 202 'zext' 'zext_ln708_12' <Predicate = true> <Delay = 0.00>
ST_2 : Operation 203 [1/1] (0.00ns)   --->   "%sext_ln703 = sext i12 %add_ln703 to i14" [firmware/nnet_utils/nnet_dense_latency.h:58]   --->   Operation 203 'sext' 'sext_ln703' <Predicate = true> <Delay = 0.00>
ST_2 : Operation 204 [1/1] (0.00ns)   --->   "%sext_ln703_6 = sext i12 %add_ln703_4 to i13" [firmware/nnet_utils/nnet_dense_latency.h:58]   --->   Operation 204 'sext' 'sext_ln703_6' <Predicate = true> <Delay = 0.00>
ST_2 : Operation 205 [1/1] (1.77ns)   --->   "%add_ln703_5 = add i13 %sext_ln703_6, %sext_ln203_10" [firmware/nnet_utils/nnet_dense_latency.h:58]   --->   Operation 205 'add' 'add_ln703_5' <Predicate = true> <Delay = 1.77> <Core = "AddSub">   --->   Core 14 'AddSub' <Latency = 0> <II = 1> <Delay = 1.80> <FuncUnit> <Opcode : 'add' 'sub'> <InPorts = 2> <OutPorts = 1>
ST_2 : Operation 206 [1/1] (0.00ns)   --->   "%sext_ln703_7 = sext i13 %add_ln703_5 to i14" [firmware/nnet_utils/nnet_dense_latency.h:58]   --->   Operation 206 'sext' 'sext_ln703_7' <Predicate = true> <Delay = 0.00>
ST_2 : Operation 207 [1/1] (1.79ns)   --->   "%add_ln703_6 = add i14 %sext_ln703_7, %sext_ln703" [firmware/nnet_utils/nnet_dense_latency.h:58]   --->   Operation 207 'add' 'add_ln703_6' <Predicate = true> <Delay = 1.79> <Core = "AddSub">   --->   Core 14 'AddSub' <Latency = 0> <II = 1> <Delay = 1.80> <FuncUnit> <Opcode : 'add' 'sub'> <InPorts = 2> <OutPorts = 1>
ST_2 : Operation 208 [1/1] (1.74ns)   --->   "%add_ln703_7 = add i11 %zext_ln708_2, %zext_ln708_5" [firmware/nnet_utils/nnet_dense_latency.h:58]   --->   Operation 208 'add' 'add_ln703_7' <Predicate = true> <Delay = 1.74> <Core = "AddSub">   --->   Core 14 'AddSub' <Latency = 0> <II = 1> <Delay = 1.80> <FuncUnit> <Opcode : 'add' 'sub'> <InPorts = 2> <OutPorts = 1>
ST_2 : Operation 209 [1/1] (1.74ns)   --->   "%add_ln703_8 = add i10 %trunc_ln708_124, 192" [firmware/nnet_utils/nnet_dense_latency.h:58]   --->   Operation 209 'add' 'add_ln703_8' <Predicate = true> <Delay = 1.74> <Core = "AddSub">   --->   Core 14 'AddSub' <Latency = 0> <II = 1> <Delay = 1.80> <FuncUnit> <Opcode : 'add' 'sub'> <InPorts = 2> <OutPorts = 1>
ST_2 : Operation 210 [1/1] (0.00ns)   --->   "%zext_ln703_1 = zext i10 %add_ln703_8 to i11" [firmware/nnet_utils/nnet_dense_latency.h:58]   --->   Operation 210 'zext' 'zext_ln703_1' <Predicate = true> <Delay = 0.00>
ST_2 : Operation 211 [1/1] (1.74ns)   --->   "%add_ln703_9 = add i11 %zext_ln703_1, %zext_ln708_6" [firmware/nnet_utils/nnet_dense_latency.h:58]   --->   Operation 211 'add' 'add_ln703_9' <Predicate = true> <Delay = 1.74> <Core = "AddSub">   --->   Core 14 'AddSub' <Latency = 0> <II = 1> <Delay = 1.80> <FuncUnit> <Opcode : 'add' 'sub'> <InPorts = 2> <OutPorts = 1>
ST_2 : Operation 212 [1/1] (0.00ns)   --->   "%sext_ln703_10 = sext i12 %add_ln703_12 to i13" [firmware/nnet_utils/nnet_dense_latency.h:58]   --->   Operation 212 'sext' 'sext_ln703_10' <Predicate = true> <Delay = 0.00>
ST_2 : Operation 213 [1/1] (1.76ns)   --->   "%add_ln703_13 = add i12 %sext_ln1116_3, 992" [firmware/nnet_utils/nnet_dense_latency.h:58]   --->   Operation 213 'add' 'add_ln703_13' <Predicate = true> <Delay = 1.76> <Core = "AddSub">   --->   Core 14 'AddSub' <Latency = 0> <II = 1> <Delay = 1.80> <FuncUnit> <Opcode : 'add' 'sub'> <InPorts = 2> <OutPorts = 1>
ST_2 : Operation 214 [1/1] (0.00ns)   --->   "%sext_ln703_11 = sext i12 %add_ln703_13 to i13" [firmware/nnet_utils/nnet_dense_latency.h:58]   --->   Operation 214 'sext' 'sext_ln703_11' <Predicate = true> <Delay = 0.00>
ST_2 : Operation 215 [1/1] (1.77ns)   --->   "%acc_1_V = add i13 %sext_ln703_11, %sext_ln703_10" [firmware/nnet_utils/nnet_dense_latency.h:58]   --->   Operation 215 'add' 'acc_1_V' <Predicate = true> <Delay = 1.77> <Core = "AddSub">   --->   Core 14 'AddSub' <Latency = 0> <II = 1> <Delay = 1.80> <FuncUnit> <Opcode : 'add' 'sub'> <InPorts = 2> <OutPorts = 1>
ST_2 : Operation 216 [1/1] (1.76ns)   --->   "%add_ln703_15 = add i12 %sext_ln203_9, %sext_ln1116_1" [firmware/nnet_utils/nnet_dense_latency.h:58]   --->   Operation 216 'add' 'add_ln703_15' <Predicate = true> <Delay = 1.76> <Core = "AddSub">   --->   Core 14 'AddSub' <Latency = 0> <II = 1> <Delay = 1.80> <FuncUnit> <Opcode : 'add' 'sub'> <InPorts = 2> <OutPorts = 1>
ST_2 : Operation 217 [1/1] (1.74ns)   --->   "%add_ln703_17 = add i11 %zext_ln708_4, %zext_ln708_10" [firmware/nnet_utils/nnet_dense_latency.h:58]   --->   Operation 217 'add' 'add_ln703_17' <Predicate = true> <Delay = 1.74> <Core = "AddSub">   --->   Core 14 'AddSub' <Latency = 0> <II = 1> <Delay = 1.80> <FuncUnit> <Opcode : 'add' 'sub'> <InPorts = 2> <OutPorts = 1>
ST_2 : Operation 218 [1/1] (0.00ns)   --->   "%zext_ln703_4 = zext i11 %add_ln703_17 to i12" [firmware/nnet_utils/nnet_dense_latency.h:58]   --->   Operation 218 'zext' 'zext_ln703_4' <Predicate = true> <Delay = 0.00>
ST_2 : Operation 219 [1/1] (1.76ns)   --->   "%add_ln703_18 = add i12 %zext_ln703_4, %zext_ln203" [firmware/nnet_utils/nnet_dense_latency.h:58]   --->   Operation 219 'add' 'add_ln703_18' <Predicate = true> <Delay = 1.76> <Core = "AddSub">   --->   Core 14 'AddSub' <Latency = 0> <II = 1> <Delay = 1.80> <FuncUnit> <Opcode : 'add' 'sub'> <InPorts = 2> <OutPorts = 1>
ST_2 : Operation 220 [1/1] (0.00ns)   --->   "%sext_ln703_14 = sext i12 %add_ln703_20 to i13" [firmware/nnet_utils/nnet_dense_latency.h:58]   --->   Operation 220 'sext' 'sext_ln703_14' <Predicate = true> <Delay = 0.00>
ST_2 : Operation 221 [1/1] (1.77ns)   --->   "%add_ln703_21 = add i13 %sext_ln703_14, %sext_ln203" [firmware/nnet_utils/nnet_dense_latency.h:58]   --->   Operation 221 'add' 'add_ln703_21' <Predicate = true> <Delay = 1.77> <Core = "AddSub">   --->   Core 14 'AddSub' <Latency = 0> <II = 1> <Delay = 1.80> <FuncUnit> <Opcode : 'add' 'sub'> <InPorts = 2> <OutPorts = 1>
ST_2 : Operation 222 [1/1] (0.00ns)   --->   "%sext_ln703_15 = sext i13 %add_ln703_21 to i14" [firmware/nnet_utils/nnet_dense_latency.h:58]   --->   Operation 222 'sext' 'sext_ln703_15' <Predicate = true> <Delay = 0.00>
ST_2 : Operation 223 [1/1] (0.00ns)   --->   "%sext_ln703_16 = sext i12 %add_ln703_22 to i13" [firmware/nnet_utils/nnet_dense_latency.h:58]   --->   Operation 223 'sext' 'sext_ln703_16' <Predicate = true> <Delay = 0.00>
ST_2 : Operation 224 [1/1] (1.77ns)   --->   "%add_ln703_23 = add i13 %sext_ln703_16, %sext_ln1116_2" [firmware/nnet_utils/nnet_dense_latency.h:58]   --->   Operation 224 'add' 'add_ln703_23' <Predicate = true> <Delay = 1.77> <Core = "AddSub">   --->   Core 14 'AddSub' <Latency = 0> <II = 1> <Delay = 1.80> <FuncUnit> <Opcode : 'add' 'sub'> <InPorts = 2> <OutPorts = 1>
ST_2 : Operation 225 [1/1] (0.00ns)   --->   "%sext_ln703_17 = sext i13 %add_ln703_23 to i14" [firmware/nnet_utils/nnet_dense_latency.h:58]   --->   Operation 225 'sext' 'sext_ln703_17' <Predicate = true> <Delay = 0.00>
ST_2 : Operation 226 [1/1] (1.79ns)   --->   "%add_ln703_24 = add i14 %sext_ln703_17, %sext_ln703_15" [firmware/nnet_utils/nnet_dense_latency.h:58]   --->   Operation 226 'add' 'add_ln703_24' <Predicate = true> <Delay = 1.79> <Core = "AddSub">   --->   Core 14 'AddSub' <Latency = 0> <II = 1> <Delay = 1.80> <FuncUnit> <Opcode : 'add' 'sub'> <InPorts = 2> <OutPorts = 1>
ST_2 : Operation 227 [1/1] (1.74ns)   --->   "%add_ln703_25 = add i11 %zext_ln708_7, %zext_ln708_9" [firmware/nnet_utils/nnet_dense_latency.h:58]   --->   Operation 227 'add' 'add_ln703_25' <Predicate = true> <Delay = 1.74> <Core = "AddSub">   --->   Core 14 'AddSub' <Latency = 0> <II = 1> <Delay = 1.80> <FuncUnit> <Opcode : 'add' 'sub'> <InPorts = 2> <OutPorts = 1>
ST_2 : Operation 228 [1/1] (0.00ns)   --->   "%zext_ln703_6 = zext i11 %add_ln703_25 to i12" [firmware/nnet_utils/nnet_dense_latency.h:58]   --->   Operation 228 'zext' 'zext_ln703_6' <Predicate = true> <Delay = 0.00>
ST_2 : Operation 229 [1/1] (1.76ns)   --->   "%add_ln703_26 = add i12 %zext_ln703_6, %zext_ln1116_1" [firmware/nnet_utils/nnet_dense_latency.h:58]   --->   Operation 229 'add' 'add_ln703_26' <Predicate = true> <Delay = 1.76> <Core = "AddSub">   --->   Core 14 'AddSub' <Latency = 0> <II = 1> <Delay = 1.80> <FuncUnit> <Opcode : 'add' 'sub'> <InPorts = 2> <OutPorts = 1>
ST_2 : Operation 230 [1/1] (1.74ns)   --->   "%add_ln703_27 = add i11 %zext_ln708_12, -288" [firmware/nnet_utils/nnet_dense_latency.h:58]   --->   Operation 230 'add' 'add_ln703_27' <Predicate = true> <Delay = 1.74> <Core = "AddSub">   --->   Core 14 'AddSub' <Latency = 0> <II = 1> <Delay = 1.80> <FuncUnit> <Opcode : 'add' 'sub'> <InPorts = 2> <OutPorts = 1>
ST_2 : Operation 231 [1/1] (0.00ns)   --->   "%sext_ln703_19 = sext i11 %add_ln703_27 to i12" [firmware/nnet_utils/nnet_dense_latency.h:58]   --->   Operation 231 'sext' 'sext_ln703_19' <Predicate = true> <Delay = 0.00>
ST_2 : Operation 232 [1/1] (1.76ns)   --->   "%add_ln703_28 = add i12 %sext_ln703_19, %zext_ln1116_2" [firmware/nnet_utils/nnet_dense_latency.h:58]   --->   Operation 232 'add' 'add_ln703_28' <Predicate = true> <Delay = 1.76> <Core = "AddSub">   --->   Core 14 'AddSub' <Latency = 0> <II = 1> <Delay = 1.80> <FuncUnit> <Opcode : 'add' 'sub'> <InPorts = 2> <OutPorts = 1>
ST_2 : Operation 233 [1/1] (0.00ns)   --->   "%sext_ln703_23 = sext i12 %add_ln703_31 to i13" [firmware/nnet_utils/nnet_dense_latency.h:58]   --->   Operation 233 'sext' 'sext_ln703_23' <Predicate = true> <Delay = 0.00>
ST_2 : Operation 234 [1/1] (1.77ns)   --->   "%add_ln703_32 = add i13 %sext_ln703_23, %sext_ln203_1" [firmware/nnet_utils/nnet_dense_latency.h:58]   --->   Operation 234 'add' 'add_ln703_32' <Predicate = true> <Delay = 1.77> <Core = "AddSub">   --->   Core 14 'AddSub' <Latency = 0> <II = 1> <Delay = 1.80> <FuncUnit> <Opcode : 'add' 'sub'> <InPorts = 2> <OutPorts = 1>
ST_2 : Operation 235 [1/1] (0.00ns)   --->   "%sext_ln703_24 = sext i13 %add_ln703_32 to i14" [firmware/nnet_utils/nnet_dense_latency.h:58]   --->   Operation 235 'sext' 'sext_ln703_24' <Predicate = true> <Delay = 0.00>
ST_2 : Operation 236 [1/1] (0.00ns)   --->   "%sext_ln703_25 = sext i12 %add_ln703_33 to i13" [firmware/nnet_utils/nnet_dense_latency.h:58]   --->   Operation 236 'sext' 'sext_ln703_25' <Predicate = true> <Delay = 0.00>
ST_2 : Operation 237 [1/1] (1.77ns)   --->   "%add_ln703_34 = add i13 %sext_ln703_25, %sext_ln203_6" [firmware/nnet_utils/nnet_dense_latency.h:58]   --->   Operation 237 'add' 'add_ln703_34' <Predicate = true> <Delay = 1.77> <Core = "AddSub">   --->   Core 14 'AddSub' <Latency = 0> <II = 1> <Delay = 1.80> <FuncUnit> <Opcode : 'add' 'sub'> <InPorts = 2> <OutPorts = 1>
ST_2 : Operation 238 [1/1] (0.00ns)   --->   "%sext_ln703_26 = sext i13 %add_ln703_34 to i14" [firmware/nnet_utils/nnet_dense_latency.h:58]   --->   Operation 238 'sext' 'sext_ln703_26' <Predicate = true> <Delay = 0.00>
ST_2 : Operation 239 [1/1] (1.79ns)   --->   "%add_ln703_35 = add i14 %sext_ln703_26, %sext_ln703_24" [firmware/nnet_utils/nnet_dense_latency.h:58]   --->   Operation 239 'add' 'add_ln703_35' <Predicate = true> <Delay = 1.79> <Core = "AddSub">   --->   Core 14 'AddSub' <Latency = 0> <II = 1> <Delay = 1.80> <FuncUnit> <Opcode : 'add' 'sub'> <InPorts = 2> <OutPorts = 1>
ST_2 : Operation 240 [1/1] (0.00ns)   --->   "%zext_ln703_8 = zext i11 %add_ln703_36 to i13" [firmware/nnet_utils/nnet_dense_latency.h:58]   --->   Operation 240 'zext' 'zext_ln703_8' <Predicate = true> <Delay = 0.00>
ST_2 : Operation 241 [1/1] (1.76ns)   --->   "%add_ln703_37 = add i13 %zext_ln703_8, %sext_ln1116_5" [firmware/nnet_utils/nnet_dense_latency.h:58]   --->   Operation 241 'add' 'add_ln703_37' <Predicate = true> <Delay = 1.76> <Core = "AddSub">   --->   Core 14 'AddSub' <Latency = 0> <II = 1> <Delay = 1.80> <FuncUnit> <Opcode : 'add' 'sub'> <InPorts = 2> <OutPorts = 1>
ST_2 : Operation 242 [1/1] (1.76ns)   --->   "%add_ln703_38 = add i11 %zext_ln708_6, 544" [firmware/nnet_utils/nnet_dense_latency.h:58]   --->   Operation 242 'add' 'add_ln703_38' <Predicate = true> <Delay = 1.76> <Core = "AddSub">   --->   Core 14 'AddSub' <Latency = 0> <II = 1> <Delay = 1.80> <FuncUnit> <Opcode : 'add' 'sub'> <InPorts = 2> <OutPorts = 1>
ST_2 : Operation 243 [1/1] (0.00ns)   --->   "%zext_ln703_9 = zext i11 %add_ln703_38 to i12" [firmware/nnet_utils/nnet_dense_latency.h:58]   --->   Operation 243 'zext' 'zext_ln703_9' <Predicate = true> <Delay = 0.00>
ST_2 : Operation 244 [1/1] (1.76ns)   --->   "%add_ln703_39 = add i12 %zext_ln703_9, %zext_ln203_1" [firmware/nnet_utils/nnet_dense_latency.h:58]   --->   Operation 244 'add' 'add_ln703_39' <Predicate = true> <Delay = 1.76> <Core = "AddSub">   --->   Core 14 'AddSub' <Latency = 0> <II = 1> <Delay = 1.80> <FuncUnit> <Opcode : 'add' 'sub'> <InPorts = 2> <OutPorts = 1>

State 3 <SV = 2> <Delay = 3.60>
ST_3 : Operation 245 [1/1] (0.00ns)   --->   "call void (...)* @_ssdm_op_SpecPipeline(i32 1, i32 1, i32 1, i32 0, [1 x i8]* @p_str9) nounwind" [firmware/nnet_utils/nnet_dense_latency.h:26]   --->   Operation 245 'specpipeline' <Predicate = true> <Delay = 0.00>
ST_3 : Operation 246 [1/1] (0.00ns)   --->   "call void (...)* @_ssdm_op_SpecResourceLimit(i32 40, [4 x i8]* @p_str14, [1 x i8]* @p_str9, [1 x i8]* @p_str9, [1 x i8]* @p_str9) nounwind" [firmware/nnet_utils/nnet_dense_latency.h:33]   --->   Operation 246 'specresourcelimit' <Predicate = true> <Delay = 0.00>
ST_3 : Operation 247 [1/1] (0.00ns)   --->   "%or_ln = call i16 @_ssdm_op_BitConcatenate.i16.i6.i10(i6 -1, i10 %lshr_ln708_s)" [firmware/nnet_utils/nnet_dense_latency.h:58]   --->   Operation 247 'bitconcatenate' 'or_ln' <Predicate = true> <Delay = 0.00>
ST_3 : Operation 248 [1/1] (0.00ns)   --->   "%sext_ln703_8 = sext i14 %add_ln703_6 to i15" [firmware/nnet_utils/nnet_dense_latency.h:58]   --->   Operation 248 'sext' 'sext_ln703_8' <Predicate = true> <Delay = 0.00>
ST_3 : Operation 249 [1/1] (0.00ns)   --->   "%zext_ln703 = zext i11 %add_ln703_7 to i12" [firmware/nnet_utils/nnet_dense_latency.h:58]   --->   Operation 249 'zext' 'zext_ln703' <Predicate = true> <Delay = 0.00>
ST_3 : Operation 250 [1/1] (0.00ns)   --->   "%zext_ln703_2 = zext i11 %add_ln703_9 to i12" [firmware/nnet_utils/nnet_dense_latency.h:58]   --->   Operation 250 'zext' 'zext_ln703_2' <Predicate = true> <Delay = 0.00>
ST_3 : Operation 251 [1/1] (1.76ns)   --->   "%add_ln703_10 = add i12 %zext_ln703_2, %zext_ln703" [firmware/nnet_utils/nnet_dense_latency.h:58]   --->   Operation 251 'add' 'add_ln703_10' <Predicate = true> <Delay = 1.76> <Core = "AddSub">   --->   Core 14 'AddSub' <Latency = 0> <II = 1> <Delay = 1.80> <FuncUnit> <Opcode : 'add' 'sub'> <InPorts = 2> <OutPorts = 1>
ST_3 : Operation 252 [1/1] (0.00ns)   --->   "%zext_ln703_3 = zext i12 %add_ln703_10 to i15" [firmware/nnet_utils/nnet_dense_latency.h:58]   --->   Operation 252 'zext' 'zext_ln703_3' <Predicate = true> <Delay = 0.00>
ST_3 : Operation 253 [1/1] (1.80ns)   --->   "%add_ln703_11 = add i15 %zext_ln703_3, %sext_ln703_8" [firmware/nnet_utils/nnet_dense_latency.h:58]   --->   Operation 253 'add' 'add_ln703_11' <Predicate = true> <Delay = 1.80> <Core = "AddSub">   --->   Core 14 'AddSub' <Latency = 0> <II = 1> <Delay = 1.80> <FuncUnit> <Opcode : 'add' 'sub'> <InPorts = 2> <OutPorts = 1>
ST_3 : Operation 254 [1/1] (0.00ns)   --->   "%sext_ln703_9 = sext i15 %add_ln703_11 to i16" [firmware/nnet_utils/nnet_dense_latency.h:58]   --->   Operation 254 'sext' 'sext_ln703_9' <Predicate = true> <Delay = 0.00>
ST_3 : Operation 255 [1/1] (0.00ns)   --->   "%sext_ln703_12 = sext i13 %acc_1_V to i16" [firmware/nnet_utils/nnet_dense_latency.h:58]   --->   Operation 255 'sext' 'sext_ln703_12' <Predicate = true> <Delay = 0.00>
ST_3 : Operation 256 [1/1] (0.00ns)   --->   "%sext_ln703_13 = sext i12 %add_ln703_15 to i16" [firmware/nnet_utils/nnet_dense_latency.h:58]   --->   Operation 256 'sext' 'sext_ln703_13' <Predicate = true> <Delay = 0.00>
ST_3 : Operation 257 [1/1] (0.00ns) (grouped into TernaryAdder)   --->   "%add_ln703_16 = add i16 %sext_ln703_13, %or_ln" [firmware/nnet_utils/nnet_dense_latency.h:58]   --->   Operation 257 'add' 'add_ln703_16' <Predicate = true> <Delay = 0.00> <Core = "TAddSub">   --->   Core 83 'TAddSub' <Latency = 0> <II = 1> <Delay = 1.65> <IPBlock> <Opcode : 'add' 'sub'> <InPorts = 3> <OutPorts = 1> <Sync> <CReg>
ST_3 : Operation 258 [1/1] (0.00ns)   --->   "%zext_ln703_5 = zext i12 %add_ln703_18 to i16" [firmware/nnet_utils/nnet_dense_latency.h:58]   --->   Operation 258 'zext' 'zext_ln703_5' <Predicate = true> <Delay = 0.00>
ST_3 : Operation 259 [1/1] (3.31ns) (root node of TernaryAdder)   --->   "%acc_2_V = add i16 %zext_ln703_5, %add_ln703_16" [firmware/nnet_utils/nnet_dense_latency.h:58]   --->   Operation 259 'add' 'acc_2_V' <Predicate = true> <Delay = 3.31> <Core = "TAddSub">   --->   Core 83 'TAddSub' <Latency = 0> <II = 1> <Delay = 1.65> <IPBlock> <Opcode : 'add' 'sub'> <InPorts = 3> <OutPorts = 1> <Sync> <CReg>
ST_3 : Operation 260 [1/1] (0.00ns)   --->   "%sext_ln703_18 = sext i14 %add_ln703_24 to i15" [firmware/nnet_utils/nnet_dense_latency.h:58]   --->   Operation 260 'sext' 'sext_ln703_18' <Predicate = true> <Delay = 0.00>
ST_3 : Operation 261 [1/1] (0.00ns)   --->   "%zext_ln703_7 = zext i12 %add_ln703_26 to i14" [firmware/nnet_utils/nnet_dense_latency.h:58]   --->   Operation 261 'zext' 'zext_ln703_7' <Predicate = true> <Delay = 0.00>
ST_3 : Operation 262 [1/1] (0.00ns)   --->   "%sext_ln703_20 = sext i12 %add_ln703_28 to i14" [firmware/nnet_utils/nnet_dense_latency.h:58]   --->   Operation 262 'sext' 'sext_ln703_20' <Predicate = true> <Delay = 0.00>
ST_3 : Operation 263 [1/1] (1.77ns)   --->   "%add_ln703_29 = add i14 %sext_ln703_20, %zext_ln703_7" [firmware/nnet_utils/nnet_dense_latency.h:58]   --->   Operation 263 'add' 'add_ln703_29' <Predicate = true> <Delay = 1.77> <Core = "AddSub">   --->   Core 14 'AddSub' <Latency = 0> <II = 1> <Delay = 1.80> <FuncUnit> <Opcode : 'add' 'sub'> <InPorts = 2> <OutPorts = 1>
ST_3 : Operation 264 [1/1] (0.00ns)   --->   "%sext_ln703_21 = sext i14 %add_ln703_29 to i15" [firmware/nnet_utils/nnet_dense_latency.h:58]   --->   Operation 264 'sext' 'sext_ln703_21' <Predicate = true> <Delay = 0.00>
ST_3 : Operation 265 [1/1] (1.80ns)   --->   "%acc_3_V = add i15 %sext_ln703_21, %sext_ln703_18" [firmware/nnet_utils/nnet_dense_latency.h:58]   --->   Operation 265 'add' 'acc_3_V' <Predicate = true> <Delay = 1.80> <Core = "AddSub">   --->   Core 14 'AddSub' <Latency = 0> <II = 1> <Delay = 1.80> <FuncUnit> <Opcode : 'add' 'sub'> <InPorts = 2> <OutPorts = 1>
ST_3 : Operation 266 [1/1] (0.00ns)   --->   "%sext_ln703_22 = sext i15 %acc_3_V to i16" [firmware/nnet_utils/nnet_dense_latency.h:58]   --->   Operation 266 'sext' 'sext_ln703_22' <Predicate = true> <Delay = 0.00>
ST_3 : Operation 267 [1/1] (0.00ns)   --->   "%sext_ln703_27 = sext i14 %add_ln703_35 to i15" [firmware/nnet_utils/nnet_dense_latency.h:58]   --->   Operation 267 'sext' 'sext_ln703_27' <Predicate = true> <Delay = 0.00>
ST_3 : Operation 268 [1/1] (0.00ns)   --->   "%sext_ln703_28 = sext i13 %add_ln703_37 to i14" [firmware/nnet_utils/nnet_dense_latency.h:58]   --->   Operation 268 'sext' 'sext_ln703_28' <Predicate = true> <Delay = 0.00>
ST_3 : Operation 269 [1/1] (0.00ns)   --->   "%zext_ln703_10 = zext i12 %add_ln703_39 to i14" [firmware/nnet_utils/nnet_dense_latency.h:58]   --->   Operation 269 'zext' 'zext_ln703_10' <Predicate = true> <Delay = 0.00>
ST_3 : Operation 270 [1/1] (1.79ns)   --->   "%add_ln703_40 = add i14 %zext_ln703_10, %sext_ln703_28" [firmware/nnet_utils/nnet_dense_latency.h:58]   --->   Operation 270 'add' 'add_ln703_40' <Predicate = true> <Delay = 1.79> <Core = "AddSub">   --->   Core 14 'AddSub' <Latency = 0> <II = 1> <Delay = 1.80> <FuncUnit> <Opcode : 'add' 'sub'> <InPorts = 2> <OutPorts = 1>
ST_3 : Operation 271 [1/1] (0.00ns)   --->   "%sext_ln703_29 = sext i14 %add_ln703_40 to i15" [firmware/nnet_utils/nnet_dense_latency.h:58]   --->   Operation 271 'sext' 'sext_ln703_29' <Predicate = true> <Delay = 0.00>
ST_3 : Operation 272 [1/1] (1.80ns)   --->   "%acc_4_V = add i15 %sext_ln703_29, %sext_ln703_27" [firmware/nnet_utils/nnet_dense_latency.h:58]   --->   Operation 272 'add' 'acc_4_V' <Predicate = true> <Delay = 1.80> <Core = "AddSub">   --->   Core 14 'AddSub' <Latency = 0> <II = 1> <Delay = 1.80> <FuncUnit> <Opcode : 'add' 'sub'> <InPorts = 2> <OutPorts = 1>
ST_3 : Operation 273 [1/1] (0.00ns)   --->   "%sext_ln703_30 = sext i15 %acc_4_V to i16" [firmware/nnet_utils/nnet_dense_latency.h:58]   --->   Operation 273 'sext' 'sext_ln703_30' <Predicate = true> <Delay = 0.00>
ST_3 : Operation 274 [1/1] (0.00ns)   --->   "%mrv = insertvalue { i16, i16, i16, i16, i16 } undef, i16 %sext_ln703_9, 0" [firmware/nnet_utils/nnet_dense_latency.h:68]   --->   Operation 274 'insertvalue' 'mrv' <Predicate = true> <Delay = 0.00>
ST_3 : Operation 275 [1/1] (0.00ns)   --->   "%mrv_1 = insertvalue { i16, i16, i16, i16, i16 } %mrv, i16 %sext_ln703_12, 1" [firmware/nnet_utils/nnet_dense_latency.h:68]   --->   Operation 275 'insertvalue' 'mrv_1' <Predicate = true> <Delay = 0.00>
ST_3 : Operation 276 [1/1] (0.00ns)   --->   "%mrv_2 = insertvalue { i16, i16, i16, i16, i16 } %mrv_1, i16 %acc_2_V, 2" [firmware/nnet_utils/nnet_dense_latency.h:68]   --->   Operation 276 'insertvalue' 'mrv_2' <Predicate = true> <Delay = 0.00>
ST_3 : Operation 277 [1/1] (0.00ns)   --->   "%mrv_3 = insertvalue { i16, i16, i16, i16, i16 } %mrv_2, i16 %sext_ln703_22, 3" [firmware/nnet_utils/nnet_dense_latency.h:68]   --->   Operation 277 'insertvalue' 'mrv_3' <Predicate = true> <Delay = 0.00>
ST_3 : Operation 278 [1/1] (0.00ns)   --->   "%mrv_4 = insertvalue { i16, i16, i16, i16, i16 } %mrv_3, i16 %sext_ln703_30, 4" [firmware/nnet_utils/nnet_dense_latency.h:68]   --->   Operation 278 'insertvalue' 'mrv_4' <Predicate = true> <Delay = 0.00>
ST_3 : Operation 279 [1/1] (0.00ns)   --->   "ret { i16, i16, i16, i16, i16 } %mrv_4" [firmware/nnet_utils/nnet_dense_latency.h:68]   --->   Operation 279 'ret' <Predicate = true> <Delay = 0.00>


============================================================
+ Verbose Summary: Timing violations
============================================================
Target clock period: 5ns, clock uncertainty: 0.625ns.

 <State 1>: 3.53ns
The critical path consists of the following:
	wire read on port 'data_29_V_read' (firmware/nnet_utils/nnet_dense_latency.h:13) [26]  (0 ns)
	'sub' operation ('sub_ln1118_20', firmware/nnet_utils/nnet_mult.h:73->firmware/nnet_utils/nnet_dense_latency.h:42) [210]  (1.76 ns)
	'add' operation ('add_ln703_22', firmware/nnet_utils/nnet_dense_latency.h:58) [255]  (1.76 ns)

 <State 2>: 3.57ns
The critical path consists of the following:
	'add' operation ('add_ln703_21', firmware/nnet_utils/nnet_dense_latency.h:58) [253]  (1.78 ns)
	'add' operation ('add_ln703_24', firmware/nnet_utils/nnet_dense_latency.h:58) [259]  (1.79 ns)

 <State 3>: 3.6ns
The critical path consists of the following:
	'add' operation ('add_ln703_40', firmware/nnet_utils/nnet_dense_latency.h:58) [291]  (1.79 ns)
	'add' operation ('acc[4].V', firmware/nnet_utils/nnet_dense_latency.h:58) [293]  (1.81 ns)


============================================================
+ Verbose Summary: Binding
============================================================
N/A
* FSMD analyzer results:
  - Output states:
 - Input state : 
  - Chain level:
	State 1
	State 2
	State 3


============================================================
+ Verbose Summary: Datapath Resource usage 
============================================================
N/A
