

================================================================
== Vivado HLS Report for 'dense_latency_0_0_0_0_0_0_0_0_0_0_0_0_0_0_0_0_0_0_0_0_0_0_0_0_0_0_0_0_0_0_0_0_0'
================================================================
* Date:           Sun Apr  7 11:30:49 2024

* Version:        2019.1 (Build 2552052 on Fri May 24 15:28:33 MDT 2019)
* Project:        myproject_prj
* Solution:       solution1
* Product family: zynq
* Target device:  xc7z020-clg400-1


================================================================
== Performance Estimates
================================================================
+ Timing (ns): 
    * Summary: 
    +--------+-------+----------+------------+
    |  Clock | Target| Estimated| Uncertainty|
    +--------+-------+----------+------------+
    |ap_clk  |   5.00|     3.903|        0.62|
    +--------+-------+----------+------------+

+ Latency (clock cycles): 
    * Summary: 
    +-----+-----+-----+-----+----------+
    |  Latency  |  Interval | Pipeline |
    | min | max | min | max |   Type   |
    +-----+-----+-----+-----+----------+
    |   16|   16|   17|   17| function |
    +-----+-----+-----+-----+----------+

    + Detail: 
        * Instance: 
        N/A

        * Loop: 
        N/A



================================================================
== Utilization Estimates
================================================================
* Summary: 
+-----------------+---------+-------+--------+-------+-----+
|       Name      | BRAM_18K| DSP48E|   FF   |  LUT  | URAM|
+-----------------+---------+-------+--------+-------+-----+
|DSP              |        -|      -|       -|      -|    -|
|Expression       |        -|      0|       0|   5014|    -|
|FIFO             |        -|      -|       -|      -|    -|
|Instance         |        -|      -|       -|      -|    -|
|Memory           |        -|      -|       -|      -|    -|
|Multiplexer      |        -|      -|       -|    501|    -|
|Register         |        -|      -|    3304|      -|    -|
+-----------------+---------+-------+--------+-------+-----+
|Total            |        0|      0|    3304|   5515|    0|
+-----------------+---------+-------+--------+-------+-----+
|Available        |      280|    220|  106400|  53200|    0|
+-----------------+---------+-------+--------+-------+-----+
|Utilization (%)  |        0|      0|       3|     10|    0|
+-----------------+---------+-------+--------+-------+-----+

+ Detail: 
    * Instance: 
    N/A

    * DSP48E: 
    N/A

    * Memory: 
    N/A

    * FIFO: 
    N/A

    * Expression: 
    +---------------------------+----------+-------+---+----+------------+------------+
    |       Variable Name       | Operation| DSP48E| FF| LUT| Bitwidth P0| Bitwidth P1|
    +---------------------------+----------+-------+---+----+------------+------------+
    |grp_fu_418_p2              |     *    |      0|  0|  33|           6|           7|
    |grp_fu_419_p2              |     *    |      0|  0|  33|           6|           7|
    |grp_fu_420_p2              |     *    |      0|  0|  33|           6|           7|
    |grp_fu_421_p2              |     *    |      0|  0|  33|           6|           7|
    |acc_10_V_fu_6398_p2        |     +    |      0|  0|   8|          13|          13|
    |acc_13_V_fu_6419_p2        |     +    |      0|  0|   8|          13|          13|
    |acc_14_V_fu_6969_p2        |     +    |      0|  0|  19|          14|          14|
    |acc_15_V_fu_7672_p2        |     +    |      0|  0|   8|          14|          14|
    |acc_19_V_fu_7535_p2        |     +    |      0|  0|  19|          14|          14|
    |acc_1_V_fu_7626_p2         |     +    |      0|  0|  19|          14|          14|
    |acc_20_V_fu_7268_p2        |     +    |      0|  0|  19|          14|          14|
    |acc_21_V_fu_7697_p2        |     +    |      0|  0|  17|          13|          13|
    |acc_22_V_fu_7801_p2        |     +    |      0|  0|  19|          14|          14|
    |acc_23_V_fu_7817_p2        |     +    |      0|  0|  19|          14|          14|
    |acc_24_V_fu_7293_p2        |     +    |      0|  0|  21|          15|          15|
    |acc_25_V_fu_7305_p2        |     +    |      0|  0|  19|          14|          14|
    |acc_26_V_fu_7116_p2        |     +    |      0|  0|  19|          14|          14|
    |acc_27_V_fu_7128_p2        |     +    |      0|  0|  19|          14|          14|
    |acc_28_V_fu_7575_p2        |     +    |      0|  0|  19|          14|          14|
    |acc_29_V_fu_7587_p2        |     +    |      0|  0|  19|          14|          14|
    |acc_2_V_fu_6308_p2         |     +    |      0|  0|   8|          16|          16|
    |acc_30_V_fu_7155_p2        |     +    |      0|  0|   8|          14|          14|
    |acc_3_V_fu_7202_p2         |     +    |      0|  0|  19|          14|          14|
    |acc_4_V_fu_6910_p2         |     +    |      0|  0|   8|          14|          14|
    |acc_7_V_fu_7651_p2         |     +    |      0|  0|  19|          14|          14|
    |acc_8_V_fu_5302_p2         |     +    |      0|  0|  19|          14|          14|
    |acc_9_V_fu_7504_p2         |     +    |      0|  0|  19|          14|          14|
    |add_ln703_100_fu_6453_p2   |     +    |      0|  0|  14|          10|          10|
    |add_ln703_101_fu_6959_p2   |     +    |      0|  0|  12|          12|          12|
    |add_ln703_103_fu_5391_p2   |     +    |      0|  0|  13|          11|          11|
    |add_ln703_104_fu_6462_p2   |     +    |      0|  0|  12|          12|          12|
    |add_ln703_105_fu_6468_p2   |     +    |      0|  0|  13|          11|          11|
    |add_ln703_106_fu_7513_p2   |     +    |      0|  0|  12|          12|          12|
    |add_ln703_107_fu_7523_p2   |     +    |      0|  0|  17|          13|          13|
    |add_ln703_108_fu_7663_p2   |     +    |      0|  0|   8|          14|          14|
    |add_ln703_109_fu_1427_p2   |     +    |      0|  0|   8|          11|          11|
    |add_ln703_10_fu_6285_p2    |     +    |      0|  0|   8|          11|          11|
    |add_ln703_110_fu_1433_p2   |     +    |      0|  0|   8|          11|          11|
    |add_ln703_111_fu_1310_p2   |     +    |      0|  0|  15|           8|           8|
    |add_ln703_112_fu_1442_p2   |     +    |      0|  0|   8|          10|           9|
    |add_ln703_113_fu_1448_p2   |     +    |      0|  0|   8|          10|          10|
    |add_ln703_114_fu_1495_p2   |     +    |      0|  0|  12|          12|          12|
    |add_ln703_116_fu_5397_p2   |     +    |      0|  0|  14|          10|          10|
    |add_ln703_117_fu_5403_p2   |     +    |      0|  0|  13|          11|          11|
    |add_ln703_118_fu_6480_p2   |     +    |      0|  0|   8|          13|          13|
    |add_ln703_119_fu_6486_p2   |     +    |      0|  0|   8|          13|          13|
    |add_ln703_11_fu_6291_p2    |     +    |      0|  0|   8|          11|          11|
    |add_ln703_120_fu_6975_p2   |     +    |      0|  0|  14|          10|          10|
    |add_ln703_121_fu_6981_p2   |     +    |      0|  0|  14|          10|           9|
    |add_ln703_122_fu_7233_p2   |     +    |      0|  0|  13|          11|          11|
    |add_ln703_123_fu_7243_p2   |     +    |      0|  0|  12|          12|          12|
    |add_ln703_125_fu_5409_p2   |     +    |      0|  0|  14|          10|          10|
    |add_ln703_126_fu_6495_p2   |     +    |      0|  0|  13|          11|          11|
    |add_ln703_127_fu_6987_p2   |     +    |      0|  0|   8|          12|          12|
    |add_ln703_128_fu_6993_p2   |     +    |      0|  0|   8|          12|          12|
    |add_ln703_129_fu_7255_p2   |     +    |      0|  0|  17|          13|          13|
    |add_ln703_130_fu_5415_p2   |     +    |      0|  0|  13|          11|          11|
    |add_ln703_131_fu_6504_p2   |     +    |      0|  0|   8|          12|          12|
    |add_ln703_132_fu_3104_p2   |     +    |      0|  0|  14|          10|           8|
    |add_ln703_133_fu_3114_p2   |     +    |      0|  0|  13|          11|          11|
    |add_ln703_134_fu_6513_p2   |     +    |      0|  0|   8|          12|          12|
    |add_ln703_137_fu_1454_p2   |     +    |      0|  0|  15|           8|           8|
    |add_ln703_138_fu_1504_p2   |     +    |      0|  0|  15|           9|           9|
    |add_ln703_139_fu_7002_p2   |     +    |      0|  0|  13|          11|          11|
    |add_ln703_13_fu_3006_p2    |     +    |      0|  0|  13|          11|          11|
    |add_ln703_140_fu_7541_p2   |     +    |      0|  0|   8|          10|          10|
    |add_ln703_141_fu_7547_p2   |     +    |      0|  0|   8|          10|          10|
    |add_ln703_142_fu_7563_p2   |     +    |      0|  0|  13|          11|          11|
    |add_ln703_143_fu_7687_p2   |     +    |      0|  0|  12|          12|          12|
    |add_ln703_145_fu_6519_p2   |     +    |      0|  0|   8|          11|          11|
    |add_ln703_146_fu_6525_p2   |     +    |      0|  0|   8|          11|          11|
    |add_ln703_147_fu_6531_p2   |     +    |      0|  0|  12|          12|          12|
    |add_ln703_148_fu_6537_p2   |     +    |      0|  0|  13|          11|          11|
    |add_ln703_149_fu_7017_p2   |     +    |      0|  0|   8|          13|          13|
    |add_ln703_14_fu_3012_p2    |     +    |      0|  0|  15|           9|           9|
    |add_ln703_150_fu_7023_p2   |     +    |      0|  0|   8|          13|          13|
    |add_ln703_151_fu_5421_p2   |     +    |      0|  0|  13|          11|          11|
    |add_ln703_152_fu_5431_p2   |     +    |      0|  0|  12|          12|          12|
    |add_ln703_153_fu_7703_p2   |     +    |      0|  0|  14|          10|          10|
    |add_ln703_154_fu_7722_p2   |     +    |      0|  0|  12|          12|          12|
    |add_ln703_155_fu_7791_p2   |     +    |      0|  0|  17|          13|          13|
    |add_ln703_157_fu_7728_p2   |     +    |      0|  0|   8|          12|          12|
    |add_ln703_158_fu_7734_p2   |     +    |      0|  0|   8|          12|          12|
    |add_ln703_159_fu_5437_p2   |     +    |      0|  0|  13|          11|           8|
    |add_ln703_15_fu_3022_p2    |     +    |      0|  0|  13|          11|          11|
    |add_ln703_160_fu_5447_p2   |     +    |      0|  0|  12|          12|          12|
    |add_ln703_162_fu_1841_p2   |     +    |      0|  0|  13|          11|          11|
    |add_ln703_163_fu_5456_p2   |     +    |      0|  0|  12|          12|          12|
    |add_ln703_164_fu_3120_p2   |     +    |      0|  0|  13|          11|          11|
    |add_ln703_165_fu_5462_p2   |     +    |      0|  0|  13|          11|          11|
    |add_ln703_166_fu_6552_p2   |     +    |      0|  0|  12|          12|          12|
    |add_ln703_167_fu_6562_p2   |     +    |      0|  0|  17|          13|          13|
    |add_ln703_168_fu_5468_p2   |     +    |      0|  0|  13|          11|          11|
    |add_ln703_169_fu_5477_p2   |     +    |      0|  0|  12|          12|          12|
    |add_ln703_16_fu_5168_p2    |     +    |      0|  0|  12|          12|          12|
    |add_ln703_170_fu_7029_p2   |     +    |      0|  0|  14|          10|          10|
    |add_ln703_171_fu_6568_p2   |     +    |      0|  0|  13|          11|          11|
    |add_ln703_172_fu_7042_p2   |     +    |      0|  0|  12|          12|          12|
    |add_ln703_173_fu_7283_p2   |     +    |      0|  0|  17|          13|          13|
    |add_ln703_175_fu_6574_p2   |     +    |      0|  0|  14|          10|          10|
    |add_ln703_176_fu_6580_p2   |     +    |      0|  0|  14|          10|          10|
    |add_ln703_177_fu_7054_p2   |     +    |      0|  0|   8|          12|          12|
    |add_ln703_178_fu_7060_p2   |     +    |      0|  0|   8|          12|          12|
    |add_ln703_179_fu_6586_p2   |     +    |      0|  0|  12|          12|          12|
    |add_ln703_17_fu_5174_p2    |     +    |      0|  0|  13|          11|          11|
    |add_ln703_180_fu_7069_p2   |     +    |      0|  0|   8|          13|          13|
    |add_ln703_181_fu_6592_p2   |     +    |      0|  0|  15|           9|           7|
    |add_ln703_182_fu_6601_p2   |     +    |      0|  0|  14|          10|          10|
    |add_ln703_183_fu_7078_p2   |     +    |      0|  0|   8|          13|          13|
    |add_ln703_185_fu_6607_p2   |     +    |      0|  0|   8|          12|          12|
    |add_ln703_186_fu_6613_p2   |     +    |      0|  0|   8|          12|          12|
    |add_ln703_187_fu_6619_p2   |     +    |      0|  0|   8|          12|          12|
    |add_ln703_188_fu_6625_p2   |     +    |      0|  0|   8|          12|          12|
    |add_ln703_189_fu_7090_p2   |     +    |      0|  0|  17|          13|          13|
    |add_ln703_18_fu_7466_p2    |     +    |      0|  0|  13|          11|           7|
    |add_ln703_190_fu_6631_p2   |     +    |      0|  0|   8|          11|          11|
    |add_ln703_191_fu_6637_p2   |     +    |      0|  0|   8|          11|          11|
    |add_ln703_192_fu_6643_p2   |     +    |      0|  0|   8|          11|          11|
    |add_ln703_193_fu_6649_p2   |     +    |      0|  0|   8|          11|           9|
    |add_ln703_194_fu_7106_p2   |     +    |      0|  0|  12|          12|          12|
    |add_ln703_196_fu_5483_p2   |     +    |      0|  0|  12|          12|          12|
    |add_ln703_197_fu_6658_p2   |     +    |      0|  0|   8|          13|          13|
    |add_ln703_198_fu_3126_p2   |     +    |      0|  0|  14|          10|          10|
    |add_ln703_199_fu_5492_p2   |     +    |      0|  0|  12|          12|          12|
    |add_ln703_19_fu_7476_p2    |     +    |      0|  0|  12|          12|          12|
    |add_ln703_200_fu_6667_p2   |     +    |      0|  0|   8|          13|          13|
    |add_ln703_201_fu_1548_p2   |     +    |      0|  0|  13|          11|          11|
    |add_ln703_202_fu_5501_p2   |     +    |      0|  0|  12|          12|          12|
    |add_ln703_203_fu_3132_p2   |     +    |      0|  0|  14|          10|          10|
    |add_ln703_204_fu_5510_p2   |     +    |      0|  0|   8|          11|           6|
    |add_ln703_205_fu_5516_p2   |     +    |      0|  0|   8|          11|          11|
    |add_ln703_206_fu_6679_p2   |     +    |      0|  0|  17|          13|          13|
    |add_ln703_208_fu_5522_p2   |     +    |      0|  0|  12|          12|          12|
    |add_ln703_209_fu_5528_p2   |     +    |      0|  0|  13|          11|          11|
    |add_ln703_20_fu_7616_p2    |     +    |      0|  0|  17|          13|          13|
    |add_ln703_210_fu_6691_p2   |     +    |      0|  0|  17|          13|          13|
    |add_ln703_211_fu_5534_p2   |     +    |      0|  0|  15|           8|           8|
    |add_ln703_212_fu_7134_p2   |     +    |      0|  0|  13|          11|          10|
    |add_ln703_213_fu_7314_p2   |     +    |      0|  0|   8|          11|          11|
    |add_ln703_214_fu_7319_p2   |     +    |      0|  0|   8|          11|          11|
    |add_ln703_216_fu_7325_p2   |     +    |      0|  0|  13|          11|          11|
    |add_ln703_217_fu_6697_p2   |     +    |      0|  0|  12|          12|          12|
    |add_ln703_218_fu_7338_p2   |     +    |      0|  0|  17|          13|          13|
    |add_ln703_219_fu_5540_p2   |     +    |      0|  0|  13|          11|          11|
    |add_ln703_220_fu_5546_p2   |     +    |      0|  0|   8|          11|           9|
    |add_ln703_221_fu_5552_p2   |     +    |      0|  0|   8|          11|          11|
    |add_ln703_222_fu_6709_p2   |     +    |      0|  0|  12|          12|          12|
    |add_ln703_224_fu_3138_p2   |     +    |      0|  0|  13|          11|          11|
    |add_ln703_225_fu_3148_p2   |     +    |      0|  0|  12|          12|          12|
    |add_ln703_226_fu_5558_p2   |     +    |      0|  0|  13|          11|          11|
    |add_ln703_227_fu_6718_p2   |     +    |      0|  0|  17|          13|          13|
    |add_ln703_228_fu_7146_p2   |     +    |      0|  0|   8|          14|          14|
    |add_ln703_229_fu_5564_p2   |     +    |      0|  0|   8|          11|          11|
    |add_ln703_22_fu_5180_p2    |     +    |      0|  0|  12|          12|          12|
    |add_ln703_230_fu_5570_p2   |     +    |      0|  0|   8|          11|          11|
    |add_ln703_231_fu_5576_p2   |     +    |      0|  0|   8|           9|           9|
    |add_ln703_232_fu_5582_p2   |     +    |      0|  0|   8|           9|           9|
    |add_ln703_233_fu_6730_p2   |     +    |      0|  0|  12|          12|          12|
    |add_ln703_23_fu_5190_p2    |     +    |      0|  0|  23|          16|          16|
    |add_ln703_24_fu_3028_p2    |     +    |      0|  0|  13|          11|          11|
    |add_ln703_25_fu_5199_p2    |     +    |      0|  0|  12|          12|          12|
    |add_ln703_26_fu_6300_p2    |     +    |      0|  0|   8|          16|          16|
    |add_ln703_27_fu_3034_p2    |     +    |      0|  0|  15|           8|           8|
    |add_ln703_28_fu_3044_p2    |     +    |      0|  0|  13|          11|          11|
    |add_ln703_29_fu_3050_p2    |     +    |      0|  0|   8|          11|          11|
    |add_ln703_30_fu_3056_p2    |     +    |      0|  0|   8|          11|          11|
    |add_ln703_31_fu_5211_p2    |     +    |      0|  0|  12|          12|          12|
    |add_ln703_33_fu_6314_p2    |     +    |      0|  0|   8|          11|          11|
    |add_ln703_34_fu_6320_p2    |     +    |      0|  0|   8|          11|          11|
    |add_ln703_35_fu_6326_p2    |     +    |      0|  0|  12|          12|          12|
    |add_ln703_36_fu_6883_p2    |     +    |      0|  0|   8|          13|          13|
    |add_ln703_37_fu_6889_p2    |     +    |      0|  0|   8|          13|          13|
    |add_ln703_38_fu_5217_p2    |     +    |      0|  0|  15|           9|           6|
    |add_ln703_39_fu_5227_p2    |     +    |      0|  0|  13|          11|          11|
    |add_ln703_40_fu_5233_p2    |     +    |      0|  0|  15|           9|           8|
    |add_ln703_41_fu_5243_p2    |     +    |      0|  0|  13|          11|          11|
    |add_ln703_42_fu_6338_p2    |     +    |      0|  0|  12|          12|          12|
    |add_ln703_44_fu_5249_p2    |     +    |      0|  0|   8|          12|          12|
    |add_ln703_45_fu_5255_p2    |     +    |      0|  0|   8|          12|          12|
    |add_ln703_46_fu_1824_p2    |     +    |      0|  0|  13|          11|          11|
    |add_ln703_47_fu_6347_p2    |     +    |      0|  0|  17|          13|          13|
    |add_ln703_48_fu_6901_p2    |     +    |      0|  0|   8|          14|          14|
    |add_ln703_49_fu_1298_p2    |     +    |      0|  0|   8|          11|          11|
    |add_ln703_4_fu_5138_p2     |     +    |      0|  0|  13|          11|          11|
    |add_ln703_50_fu_1304_p2    |     +    |      0|  0|   8|          11|          11|
    |add_ln703_51_fu_1415_p2    |     +    |      0|  0|   8|          10|           9|
    |add_ln703_52_fu_1421_p2    |     +    |      0|  0|   8|          10|          10|
    |add_ln703_53_fu_1483_p2    |     +    |      0|  0|  12|          12|          12|
    |add_ln703_55_fu_5261_p2    |     +    |      0|  0|  13|          11|          11|
    |add_ln703_56_fu_5271_p2    |     +    |      0|  0|  12|          12|          12|
    |add_ln703_57_fu_7482_p2    |     +    |      0|  0|  13|          11|          11|
    |add_ln703_58_fu_7492_p2    |     +    |      0|  0|  12|          12|          12|
    |add_ln703_59_fu_7638_p2    |     +    |      0|  0|  17|          13|          13|
    |add_ln703_5_fu_6865_p2     |     +    |      0|  0|   8|          13|          13|
    |add_ln703_60_fu_5277_p2    |     +    |      0|  0|  13|          11|          11|
    |add_ln703_61_fu_6356_p2    |     +    |      0|  0|  12|          12|          12|
    |add_ln703_62_fu_6362_p2    |     +    |      0|  0|  13|          11|          11|
    |add_ln703_63_fu_6922_p2    |     +    |      0|  0|  12|          12|          12|
    |add_ln703_64_fu_6932_p2    |     +    |      0|  0|  17|          13|          13|
    |add_ln703_66_fu_3062_p2    |     +    |      0|  0|  13|          11|          11|
    |add_ln703_678_fu_7190_p2   |     +    |      0|  0|  19|          14|          14|
    |add_ln703_67_fu_3068_p2    |     +    |      0|  0|  13|          11|          11|
    |add_ln703_68_fu_5289_p2    |     +    |      0|  0|  17|          13|          13|
    |add_ln703_69_fu_1830_p2    |     +    |      0|  0|  13|          11|          11|
    |add_ln703_6_fu_6871_p2     |     +    |      0|  0|   8|          13|          13|
    |add_ln703_70_fu_1835_p2    |     +    |      0|  0|  13|          11|          11|
    |add_ln703_71_fu_3080_p2    |     +    |      0|  0|   8|          12|          12|
    |add_ln703_72_fu_3086_p2    |     +    |      0|  0|   8|          12|          12|
    |add_ln703_74_fu_7208_p2    |     +    |      0|  0|  13|          11|          11|
    |add_ln703_75_fu_5308_p2    |     +    |      0|  0|  15|           6|           6|
    |add_ln703_76_fu_5318_p2    |     +    |      0|  0|  13|          11|          11|
    |add_ln703_77_fu_7221_p2    |     +    |      0|  0|  17|          13|          13|
    |add_ln703_78_fu_6368_p2    |     +    |      0|  0|  14|          10|          10|
    |add_ln703_79_fu_6374_p2    |     +    |      0|  0|   8|          11|           9|
    |add_ln703_7_fu_5144_p2     |     +    |      0|  0|   8|          10|          10|
    |add_ln703_80_fu_6380_p2    |     +    |      0|  0|   8|          11|          11|
    |add_ln703_81_fu_6944_p2    |     +    |      0|  0|  12|          12|          12|
    |add_ln703_83_fu_3092_p2    |     +    |      0|  0|  12|          12|          12|
    |add_ln703_84_fu_6389_p2    |     +    |      0|  0|   8|          13|          13|
    |add_ln703_85_fu_5324_p2    |     +    |      0|  0|  15|           9|           8|
    |add_ln703_86_fu_5334_p2    |     +    |      0|  0|  13|          11|          11|
    |add_ln703_88_fu_5340_p2    |     +    |      0|  0|  12|          12|          12|
    |add_ln703_89_fu_5346_p2    |     +    |      0|  0|  14|          10|          10|
    |add_ln703_8_fu_5150_p2     |     +    |      0|  0|   8|          10|          10|
    |add_ln703_90_fu_6410_p2    |     +    |      0|  0|   8|          13|          13|
    |add_ln703_91_fu_5363_p2    |     +    |      0|  0|  15|           7|           7|
    |add_ln703_92_fu_5373_p2    |     +    |      0|  0|  13|          11|          11|
    |add_ln703_94_fu_5379_p2    |     +    |      0|  0|  12|          12|          12|
    |add_ln703_95_fu_5385_p2    |     +    |      0|  0|  13|          11|          11|
    |add_ln703_96_fu_6431_p2    |     +    |      0|  0|   8|          13|          13|
    |add_ln703_97_fu_6437_p2    |     +    |      0|  0|   8|          13|          13|
    |add_ln703_98_fu_3098_p2    |     +    |      0|  0|  13|          11|          11|
    |add_ln703_99_fu_6443_p2    |     +    |      0|  0|  15|           9|           8|
    |add_ln703_9_fu_5156_p2     |     +    |      0|  0|  14|          10|           9|
    |add_ln703_fu_5132_p2       |     +    |      0|  0|  14|          10|          10|
    |add_ln708_10_fu_2385_p2    |     +    |      0|  0|  15|           9|           9|
    |add_ln708_11_fu_2468_p2    |     +    |      0|  0|  14|          10|          10|
    |add_ln708_12_fu_5777_p2    |     +    |      0|  0|  15|           9|           9|
    |add_ln708_13_fu_2571_p2    |     +    |      0|  0|  14|          10|          10|
    |add_ln708_14_fu_2641_p2    |     +    |      0|  0|  15|           9|           9|
    |add_ln708_15_fu_1211_p2    |     +    |      0|  0|  15|           9|           9|
    |add_ln708_16_fu_4600_p2    |     +    |      0|  0|  15|           9|           9|
    |add_ln708_17_fu_4627_p2    |     +    |      0|  0|  14|          10|          10|
    |add_ln708_18_fu_5897_p2    |     +    |      0|  0|  14|          10|          10|
    |add_ln708_19_fu_2862_p2    |     +    |      0|  0|  15|           9|           9|
    |add_ln708_1_fu_3607_p2     |     +    |      0|  0|  14|          10|          10|
    |add_ln708_20_fu_4750_p2    |     +    |      0|  0|  13|          11|          11|
    |add_ln708_21_fu_4800_p2    |     +    |      0|  0|  15|           9|           9|
    |add_ln708_22_fu_4891_p2    |     +    |      0|  0|  14|          10|          10|
    |add_ln708_23_fu_5997_p2    |     +    |      0|  0|  14|          10|          10|
    |add_ln708_24_fu_1282_p2    |     +    |      0|  0|  14|          10|          10|
    |add_ln708_25_fu_6123_p2    |     +    |      0|  0|  14|          10|          10|
    |add_ln708_26_fu_2959_p2    |     +    |      0|  0|  14|          10|          10|
    |add_ln708_2_fu_1929_p2     |     +    |      0|  0|  15|           9|           9|
    |add_ln708_3_fu_3807_p2     |     +    |      0|  0|  15|           9|           9|
    |add_ln708_4_fu_3859_p2     |     +    |      0|  0|  14|          10|          10|
    |add_ln708_6_fu_2205_p2     |     +    |      0|  0|  15|           9|           9|
    |add_ln708_7_fu_1698_p2     |     +    |      0|  0|  13|          11|          11|
    |add_ln708_8_fu_4392_p2     |     +    |      0|  0|  15|           9|           9|
    |add_ln708_9_fu_2299_p2     |     +    |      0|  0|  14|          10|          10|
    |add_ln708_fu_3444_p2       |     +    |      0|  0|  14|          10|          10|
    |sub_ln1118_10_fu_6780_p2   |     -    |      0|  0|  15|           1|           9|
    |sub_ln1118_11_fu_6790_p2   |     -    |      0|  0|  14|          10|          10|
    |sub_ln1118_12_fu_3646_p2   |     -    |      0|  0|  14|          10|          10|
    |sub_ln1118_13_fu_1601_p2   |     -    |      0|  0|  13|           1|          11|
    |sub_ln1118_14_fu_1611_p2   |     -    |      0|  0|  12|          12|          12|
    |sub_ln1118_15_fu_3693_p2   |     -    |      0|  0|  13|           1|          11|
    |sub_ln1118_16_fu_3715_p2   |     -    |      0|  0|  12|          12|          12|
    |sub_ln1118_17_fu_5680_p2   |     -    |      0|  0|  14|          10|          10|
    |sub_ln1118_18_fu_3999_p2   |     -    |      0|  0|  15|           1|           9|
    |sub_ln1118_19_fu_4009_p2   |     -    |      0|  0|  14|          10|          10|
    |sub_ln1118_1_fu_6146_p2    |     -    |      0|  0|  15|           1|           7|
    |sub_ln1118_20_fu_4056_p2   |     -    |      0|  0|  13|          11|          11|
    |sub_ln1118_21_fu_1998_p2   |     -    |      0|  0|  14|           1|          10|
    |sub_ln1118_22_fu_2019_p2   |     -    |      0|  0|  13|          11|          11|
    |sub_ln1118_23_fu_2066_p2   |     -    |      0|  0|  13|           1|          11|
    |sub_ln1118_24_fu_2087_p2   |     -    |      0|  0|  12|          12|          12|
    |sub_ln1118_25_fu_2114_p2   |     -    |      0|  0|  13|          11|          11|
    |sub_ln1118_26_fu_1646_p2   |     -    |      0|  0|  14|           1|          10|
    |sub_ln1118_272_fu_3428_p2  |     -    |      0|  0|  14|          10|          10|
    |sub_ln1118_273_fu_3626_p2  |     -    |      0|  0|  15|           9|           9|
    |sub_ln1118_274_fu_1582_p2  |     -    |      0|  0|  13|          11|          11|
    |sub_ln1118_275_fu_3939_p2  |     -    |      0|  0|  13|          11|          11|
    |sub_ln1118_276_fu_3959_p2  |     -    |      0|  0|  14|          10|          10|
    |sub_ln1118_277_fu_2141_p2  |     -    |      0|  0|  14|          10|          10|
    |sub_ln1118_278_fu_1671_p2  |     -    |      0|  0|  14|          10|          10|
    |sub_ln1118_279_fu_4148_p2  |     -    |      0|  0|  15|           9|           9|
    |sub_ln1118_27_fu_1656_p2   |     -    |      0|  0|  13|          11|          11|
    |sub_ln1118_280_fu_4244_p2  |     -    |      0|  0|  12|          12|          12|
    |sub_ln1118_281_fu_4297_p2  |     -    |      0|  0|  14|          10|          10|
    |sub_ln1118_282_fu_2357_p2  |     -    |      0|  0|  13|          11|          11|
    |sub_ln1118_283_fu_2421_p2  |     -    |      0|  0|  14|          10|          10|
    |sub_ln1118_284_fu_2498_p2  |     -    |      0|  0|  14|          10|          10|
    |sub_ln1118_285_fu_2534_p2  |     -    |      0|  0|  13|          11|          11|
    |sub_ln1118_286_fu_2747_p2  |     -    |      0|  0|  15|           9|           9|
    |sub_ln1118_287_fu_4560_p2  |     -    |      0|  0|  12|          12|          12|
    |sub_ln1118_288_fu_5819_p2  |     -    |      0|  0|  13|          11|          11|
    |sub_ln1118_289_fu_6016_p2  |     -    |      0|  0|  14|          10|          10|
    |sub_ln1118_28_fu_4190_p2   |     -    |      0|  0|  14|          10|          10|
    |sub_ln1118_290_fu_4940_p2  |     -    |      0|  0|  15|           9|           9|
    |sub_ln1118_291_fu_4976_p2  |     -    |      0|  0|  15|           9|           9|
    |sub_ln1118_292_fu_6093_p2  |     -    |      0|  0|  14|          10|          10|
    |sub_ln1118_29_fu_4260_p2   |     -    |      0|  0|  12|           1|          12|
    |sub_ln1118_2_fu_3183_p2    |     -    |      0|  0|  14|          10|          10|
    |sub_ln1118_30_fu_4327_p2   |     -    |      0|  0|  14|          10|          10|
    |sub_ln1118_31_fu_2315_p2   |     -    |      0|  0|  14|           1|          10|
    |sub_ln1118_32_fu_2329_p2   |     -    |      0|  0|  13|          11|          11|
    |sub_ln1118_33_fu_2401_p2   |     -    |      0|  0|  15|           1|           9|
    |sub_ln1118_34_fu_4472_p2   |     -    |      0|  0|  15|           1|           8|
    |sub_ln1118_35_fu_2441_p2   |     -    |      0|  0|  14|          10|          10|
    |sub_ln1118_36_fu_5742_p2   |     -    |      0|  0|  12|           1|          12|
    |sub_ln1118_37_fu_2669_p2   |     -    |      0|  0|  14|           1|          10|
    |sub_ln1118_38_fu_2679_p2   |     -    |      0|  0|  13|          11|          11|
    |sub_ln1118_39_fu_2707_p2   |     -    |      0|  0|  13|           1|          11|
    |sub_ln1118_3_fu_1859_p2    |     -    |      0|  0|  15|           1|           9|
    |sub_ln1118_40_fu_1227_p2   |     -    |      0|  0|  15|           1|           9|
    |sub_ln1118_41_fu_7372_p2   |     -    |      0|  0|  13|           1|          11|
    |sub_ln1118_42_fu_4647_p2   |     -    |      0|  0|  15|           1|           9|
    |sub_ln1118_43_fu_4657_p2   |     -    |      0|  0|  14|          10|          10|
    |sub_ln1118_44_fu_2809_p2   |     -    |      0|  0|  14|           1|          10|
    |sub_ln1118_45_fu_4706_p2   |     -    |      0|  0|  13|           1|          11|
    |sub_ln1118_46_fu_5870_p2   |     -    |      0|  0|  12|          12|          12|
    |sub_ln1118_47_fu_7391_p2   |     -    |      0|  0|  15|           1|           8|
    |sub_ln1118_48_fu_4820_p2   |     -    |      0|  0|  13|           1|          11|
    |sub_ln1118_49_fu_5922_p2   |     -    |      0|  0|  12|          12|          12|
    |sub_ln1118_4_fu_3203_p2    |     -    |      0|  0|  14|           1|          10|
    |sub_ln1118_50_fu_4840_p2   |     -    |      0|  0|  15|           1|           9|
    |sub_ln1118_51_fu_4850_p2   |     -    |      0|  0|  14|          10|          10|
    |sub_ln1118_52_fu_1377_p2   |     -    |      0|  0|  15|           1|           8|
    |sub_ln1118_53_fu_4922_p2   |     -    |      0|  0|  14|           1|          10|
    |sub_ln1118_54_fu_5973_p2   |     -    |      0|  0|  13|          11|          11|
    |sub_ln1118_55_fu_4996_p2   |     -    |      0|  0|  15|           1|           9|
    |sub_ln1118_56_fu_6177_p2   |     -    |      0|  0|  12|           1|          12|
    |sub_ln1118_57_fu_2986_p2   |     -    |      0|  0|  14|          10|          10|
    |sub_ln1118_58_fu_5041_p2   |     -    |      0|  0|  14|           1|          10|
    |sub_ln1118_59_fu_6206_p2   |     -    |      0|  0|  13|          11|          11|
    |sub_ln1118_5_fu_3213_p2    |     -    |      0|  0|  13|          11|          11|
    |sub_ln1118_60_fu_5079_p2   |     -    |      0|  0|  15|           1|           8|
    |sub_ln1118_61_fu_6233_p2   |     -    |      0|  0|  13|          11|          11|
    |sub_ln1118_6_fu_3260_p2    |     -    |      0|  0|  15|           1|           8|
    |sub_ln1118_7_fu_3344_p2    |     -    |      0|  0|  15|           1|           9|
    |sub_ln1118_8_fu_3404_p2    |     -    |      0|  0|  12|          12|          12|
    |sub_ln1118_9_fu_3476_p2    |     -    |      0|  0|  15|           1|           8|
    |sub_ln1118_fu_2605_p2      |     -    |      0|  0|  15|           1|           7|
    |sub_ln708_10_fu_3662_p2    |     -    |      0|  0|  13|          11|          11|
    |sub_ln708_11_fu_3738_p2    |     -    |      0|  0|  13|          11|          11|
    |sub_ln708_12_fu_3760_p2    |     -    |      0|  0|  13|          11|          11|
    |sub_ln708_13_fu_3879_p2    |     -    |      0|  0|  14|          10|          10|
    |sub_ln708_14_fu_3903_p2    |     -    |      0|  0|  14|          10|          10|
    |sub_ln708_15_fu_3979_p2    |     -    |      0|  0|  13|          11|          11|
    |sub_ln708_16_fu_1963_p2    |     -    |      0|  0|  14|          10|          10|
    |sub_ln708_17_fu_4089_p2    |     -    |      0|  0|  13|          11|          11|
    |sub_ln708_18_fu_2039_p2    |     -    |      0|  0|  14|          10|          10|
    |sub_ln708_19_fu_2175_p2    |     -    |      0|  0|  13|          11|          11|
    |sub_ln708_1_fu_3287_p2     |     -    |      0|  0|  13|          11|          11|
    |sub_ln708_20_fu_2231_p2    |     -    |      0|  0|  13|          11|          11|
    |sub_ln708_21_fu_4214_p2    |     -    |      0|  0|  13|          11|          11|
    |sub_ln708_22_fu_4361_p2    |     -    |      0|  0|  13|          11|          11|
    |sub_ln708_23_fu_4412_p2    |     -    |      0|  0|  13|          11|          11|
    |sub_ln708_24_fu_4438_p2    |     -    |      0|  0|  13|          11|          11|
    |sub_ln708_25_fu_1168_p2    |     -    |      0|  0|  14|          10|          10|
    |sub_ln708_26_fu_4511_p2    |     -    |      0|  0|  13|          11|          11|
    |sub_ln708_27_fu_2727_p2    |     -    |      0|  0|  13|          11|          11|
    |sub_ln708_28_fu_2775_p2    |     -    |      0|  0|  13|          11|          11|
    |sub_ln708_29_fu_1106_p2    |     -    |      0|  0|  15|           9|           9|
    |sub_ln708_2_fu_3303_p2     |     -    |      0|  0|  14|          10|          10|
    |sub_ln708_30_fu_4673_p2    |     -    |      0|  0|  15|           9|           9|
    |sub_ln708_31_fu_2828_p2    |     -    |      0|  0|  14|          10|          10|
    |sub_ln708_32_fu_2889_p2    |     -    |      0|  0|  13|          11|          11|
    |sub_ln708_33_fu_4766_p2    |     -    |      0|  0|  13|          11|          11|
    |sub_ln708_34_fu_2915_p2    |     -    |      0|  0|  13|          11|          11|
    |sub_ln708_35_fu_4876_p2    |     -    |      0|  0|  14|          10|          10|
    |sub_ln708_36_fu_6056_p2    |     -    |      0|  0|  13|          11|          11|
    |sub_ln708_37_fu_1740_p2    |     -    |      0|  0|  13|          11|          11|
    |sub_ln708_38_fu_1776_p2    |     -    |      0|  0|  15|           9|           9|
    |sub_ln708_39_fu_1804_p2    |     -    |      0|  0|  13|          11|          11|
    |sub_ln708_3_fu_3375_p2     |     -    |      0|  0|  13|          11|          11|
    |sub_ln708_40_fu_5063_p2    |     -    |      0|  0|  14|          10|          10|
    |sub_ln708_41_fu_7442_p2    |     -    |      0|  0|  13|          11|          11|
    |sub_ln708_4_fu_1889_p2     |     -    |      0|  0|  13|          11|          11|
    |sub_ln708_5_fu_3508_p2     |     -    |      0|  0|  14|          10|          10|
    |sub_ln708_6_fu_6753_p2     |     -    |      0|  0|  13|          11|          11|
    |sub_ln708_7_fu_5623_p2     |     -    |      0|  0|  13|          11|          11|
    |sub_ln708_8_fu_3542_p2     |     -    |      0|  0|  15|           9|           9|
    |sub_ln708_9_fu_3566_p2     |     -    |      0|  0|  13|          11|          11|
    |sub_ln708_fu_3244_p2       |     -    |      0|  0|  13|          11|          11|
    |xor_ln703_fu_7713_p2       |    xor   |      0|  0|   7|           6|           7|
    +---------------------------+----------+-------+---+----+------------+------------+
    |Total                      |          |      0|  0|5014|        3954|        4227|
    +---------------------------+----------+-------+---+----+------------+------------+

    * Multiplexer: 
    +---------------+----+-----------+-----+-----------+
    |      Name     | LUT| Input Size| Bits| Total Bits|
    +---------------+----+-----------+-----+-----------+
    |ap_NS_fsm      |  89|         18|    1|         18|
    |grp_fu_418_p0  |  65|         16|    6|         96|
    |grp_fu_418_p1  |  38|          7|    7|         49|
    |grp_fu_419_p0  |  62|         15|    6|         90|
    |grp_fu_419_p1  |  41|          8|    7|         56|
    |grp_fu_420_p0  |  65|         16|    6|         96|
    |grp_fu_420_p1  |  38|          7|    7|         49|
    |grp_fu_421_p0  |  62|         15|    6|         90|
    |grp_fu_421_p1  |  41|          8|    7|         56|
    +---------------+----+-----------+-----+-----------+
    |Total          | 501|        110|   53|        600|
    +---------------+----+-----------+-----+-----------+

    * Register: 
    +----------------------------+----+----+-----+-----------+
    |            Name            | FF | LUT| Bits| Const Bits|
    +----------------------------+----+----+-----+-----------+
    |acc_10_V_reg_9280           |  13|   0|   13|          0|
    |acc_13_V_reg_9285           |  13|   0|   13|          0|
    |acc_14_V_reg_9460           |  14|   0|   14|          0|
    |acc_15_V_reg_9630           |  14|   0|   14|          0|
    |acc_19_V_reg_9595           |  14|   0|   14|          0|
    |acc_1_V_reg_9620            |  14|   0|   14|          0|
    |acc_20_V_reg_9545           |  14|   0|   14|          0|
    |acc_21_V_reg_9635           |  13|   0|   13|          0|
    |acc_24_V_reg_9550           |  15|   0|   15|          0|
    |acc_25_V_reg_9555           |  14|   0|   14|          0|
    |acc_26_V_reg_9505           |  14|   0|   14|          0|
    |acc_27_V_reg_9510           |  14|   0|   14|          0|
    |acc_28_V_reg_9610           |  14|   0|   14|          0|
    |acc_29_V_reg_9615           |  14|   0|   14|          0|
    |acc_2_V_reg_9235            |  16|   0|   16|          0|
    |acc_30_V_reg_9520           |  14|   0|   14|          0|
    |acc_3_V_reg_9530            |  14|   0|   14|          0|
    |acc_4_V_reg_9445            |  14|   0|   14|          0|
    |acc_7_V_reg_9625            |  14|   0|   14|          0|
    |acc_8_V_reg_9046            |  14|   0|   14|          0|
    |acc_9_V_reg_9585            |  14|   0|   14|          0|
    |add_ln703_100_reg_9295      |  10|   0|   10|          0|
    |add_ln703_103_reg_9086      |  11|   0|   11|          0|
    |add_ln703_104_reg_9300      |  12|   0|   12|          0|
    |add_ln703_105_reg_9305      |  11|   0|   11|          0|
    |add_ln703_107_reg_9590      |  13|   0|   13|          0|
    |add_ln703_110_reg_8284      |  11|   0|   11|          0|
    |add_ln703_111_reg_8218      |   8|   0|    8|          0|
    |add_ln703_113_reg_8289      |  10|   0|   10|          0|
    |add_ln703_114_reg_8334      |  12|   0|   12|          0|
    |add_ln703_116_reg_9091      |  10|   0|   10|          0|
    |add_ln703_117_reg_9096      |  11|   0|   11|          0|
    |add_ln703_119_reg_9310      |  13|   0|   13|          0|
    |add_ln703_11_reg_9230       |  11|   0|   11|          0|
    |add_ln703_120_reg_9465      |  10|   0|   10|          0|
    |add_ln703_121_reg_9470      |  10|   0|   10|          0|
    |add_ln703_123_reg_9540      |  12|   0|   12|          0|
    |add_ln703_125_reg_9101      |  10|   0|   10|          0|
    |add_ln703_126_reg_9315      |  11|   0|   11|          0|
    |add_ln703_128_reg_9475      |  12|   0|   12|          0|
    |add_ln703_130_reg_9106      |  11|   0|   11|          0|
    |add_ln703_133_reg_8746      |  11|   0|   11|          0|
    |add_ln703_134_reg_9320      |  12|   0|   12|          0|
    |add_ln703_137_reg_8294      |   8|   0|    8|          0|
    |add_ln703_138_reg_8339      |   9|   0|    9|          0|
    |add_ln703_139_reg_9480      |  11|   0|   11|          0|
    |add_ln703_13_reg_8696       |  11|   0|   11|          0|
    |add_ln703_141_reg_9600      |  10|   0|   10|          0|
    |add_ln703_142_reg_9605      |  11|   0|   11|          0|
    |add_ln703_146_reg_9325      |  11|   0|   11|          0|
    |add_ln703_147_reg_9330      |  12|   0|   12|          0|
    |add_ln703_148_reg_9335      |  11|   0|   11|          0|
    |add_ln703_150_reg_9485      |  13|   0|   13|          0|
    |add_ln703_152_reg_9111      |  12|   0|   12|          0|
    |add_ln703_154_reg_9640      |  12|   0|   12|          0|
    |add_ln703_158_reg_9645      |  12|   0|   12|          0|
    |add_ln703_15_reg_8701       |  11|   0|   11|          0|
    |add_ln703_160_reg_9116      |  12|   0|   12|          0|
    |add_ln703_162_reg_8512      |  11|   0|   11|          0|
    |add_ln703_163_reg_9121      |  12|   0|   12|          0|
    |add_ln703_164_reg_8751      |  11|   0|   11|          0|
    |add_ln703_165_reg_9126      |  11|   0|   11|          0|
    |add_ln703_167_reg_9340      |  13|   0|   13|          0|
    |add_ln703_169_reg_9131      |  12|   0|   12|          0|
    |add_ln703_16_reg_8996       |  12|   0|   12|          0|
    |add_ln703_171_reg_9345      |  11|   0|   11|          0|
    |add_ln703_172_reg_9490      |  12|   0|   12|          0|
    |add_ln703_175_reg_9350      |  10|   0|   10|          0|
    |add_ln703_176_reg_9355      |  10|   0|   10|          0|
    |add_ln703_178_reg_9495      |  12|   0|   12|          0|
    |add_ln703_179_reg_9360      |  12|   0|   12|          0|
    |add_ln703_17_reg_9001       |  11|   0|   11|          0|
    |add_ln703_182_reg_9365      |  10|   0|   10|          0|
    |add_ln703_183_reg_9500      |  13|   0|   13|          0|
    |add_ln703_186_reg_9370      |  12|   0|   12|          0|
    |add_ln703_188_reg_9375      |  12|   0|   12|          0|
    |add_ln703_191_reg_9380      |  11|   0|   11|          0|
    |add_ln703_193_reg_9385      |  11|   0|   11|          0|
    |add_ln703_196_reg_9136      |  12|   0|   12|          0|
    |add_ln703_198_reg_8756      |  10|   0|   10|          0|
    |add_ln703_199_reg_9141      |  12|   0|   12|          0|
    |add_ln703_19_reg_9575       |  12|   0|   12|          0|
    |add_ln703_200_reg_9390      |  13|   0|   13|          0|
    |add_ln703_201_reg_8395      |  11|   0|   11|          0|
    |add_ln703_202_reg_9146      |  12|   0|   12|          0|
    |add_ln703_203_reg_8761      |  10|   0|   10|          0|
    |add_ln703_205_reg_9151      |  11|   0|   11|          0|
    |add_ln703_206_reg_9395      |  13|   0|   13|          0|
    |add_ln703_208_reg_9156      |  12|   0|   12|          0|
    |add_ln703_209_reg_9161      |  11|   0|   11|          0|
    |add_ln703_210_reg_9400      |  13|   0|   13|          0|
    |add_ln703_211_reg_9166      |   8|   0|    8|          0|
    |add_ln703_212_reg_9515      |  11|   0|   11|          0|
    |add_ln703_214_reg_9560      |  11|   0|   11|          0|
    |add_ln703_217_reg_9405      |  12|   0|   12|          0|
    |add_ln703_218_reg_9565      |  13|   0|   13|          0|
    |add_ln703_219_reg_9171      |  11|   0|   11|          0|
    |add_ln703_221_reg_9176      |  10|   0|   11|          1|
    |add_ln703_222_reg_9410      |  12|   0|   12|          0|
    |add_ln703_225_reg_8766      |  12|   0|   12|          0|
    |add_ln703_226_reg_9181      |  11|   0|   11|          0|
    |add_ln703_227_reg_9415      |  13|   0|   13|          0|
    |add_ln703_230_reg_9186      |  11|   0|   11|          0|
    |add_ln703_232_reg_9191      |   9|   0|    9|          0|
    |add_ln703_233_reg_9420      |  12|   0|   12|          0|
    |add_ln703_23_reg_9006       |  16|   0|   16|          0|
    |add_ln703_24_reg_8706       |  11|   0|   11|          0|
    |add_ln703_25_reg_9011       |  12|   0|   12|          0|
    |add_ln703_28_reg_8711       |  11|   0|   11|          0|
    |add_ln703_30_reg_8716       |  11|   0|   11|          0|
    |add_ln703_31_reg_9016       |  12|   0|   12|          0|
    |add_ln703_34_reg_9240       |  11|   0|   11|          0|
    |add_ln703_35_reg_9245       |  12|   0|   12|          0|
    |add_ln703_37_reg_9440       |  13|   0|   13|          0|
    |add_ln703_39_reg_9021       |  11|   0|   11|          0|
    |add_ln703_41_reg_9026       |  11|   0|   11|          0|
    |add_ln703_42_reg_9250       |  12|   0|   12|          0|
    |add_ln703_45_reg_9031       |  12|   0|   12|          0|
    |add_ln703_46_reg_8497       |  11|   0|   11|          0|
    |add_ln703_47_reg_9255       |  13|   0|   13|          0|
    |add_ln703_4_reg_8981        |  11|   0|   11|          0|
    |add_ln703_50_reg_8213       |  11|   0|   11|          0|
    |add_ln703_52_reg_8279       |  10|   0|   10|          0|
    |add_ln703_53_reg_8329       |  12|   0|   12|          0|
    |add_ln703_56_reg_9036       |  12|   0|   12|          0|
    |add_ln703_58_reg_9580       |  12|   0|   12|          0|
    |add_ln703_60_reg_9041       |  11|   0|   11|          0|
    |add_ln703_61_reg_9260       |  12|   0|   12|          0|
    |add_ln703_62_reg_9265       |  11|   0|   11|          0|
    |add_ln703_64_reg_9450       |  13|   0|   13|          0|
    |add_ln703_66_reg_8721       |  11|   0|   11|          0|
    |add_ln703_678_reg_9525      |  14|   0|   14|          0|
    |add_ln703_67_reg_8726       |  11|   0|   11|          0|
    |add_ln703_69_reg_8502       |  11|   0|   11|          0|
    |add_ln703_6_reg_9435        |  13|   0|   13|          0|
    |add_ln703_70_reg_8507       |  11|   0|   11|          0|
    |add_ln703_72_reg_8731       |  12|   0|   12|          0|
    |add_ln703_76_reg_9051       |  11|   0|   11|          0|
    |add_ln703_77_reg_9535       |  13|   0|   13|          0|
    |add_ln703_78_reg_9270       |  10|   0|   10|          0|
    |add_ln703_80_reg_9275       |  11|   0|   11|          0|
    |add_ln703_81_reg_9455       |  12|   0|   12|          0|
    |add_ln703_83_reg_8736       |  12|   0|   12|          0|
    |add_ln703_86_reg_9056       |  11|   0|   11|          0|
    |add_ln703_88_reg_9061       |  12|   0|   12|          0|
    |add_ln703_89_reg_9066       |  10|   0|   10|          0|
    |add_ln703_8_reg_8986        |  10|   0|   10|          0|
    |add_ln703_92_reg_9071       |  11|   0|   11|          0|
    |add_ln703_94_reg_9076       |  12|   0|   12|          0|
    |add_ln703_95_reg_9081       |  11|   0|   11|          0|
    |add_ln703_97_reg_9290       |  13|   0|   13|          0|
    |add_ln703_98_reg_8741       |  11|   0|   11|          0|
    |add_ln703_9_reg_8991        |  10|   0|   10|          0|
    |add_ln703_reg_8975          |  10|   0|   10|          0|
    |ap_CS_fsm                   |  17|   0|   17|          0|
    |ap_port_reg_data_0_V_read   |   6|   0|    6|          0|
    |ap_port_reg_data_10_V_read  |   6|   0|    6|          0|
    |ap_port_reg_data_13_V_read  |   6|   0|    6|          0|
    |ap_port_reg_data_15_V_read  |   6|   0|    6|          0|
    |ap_port_reg_data_16_V_read  |   6|   0|    6|          0|
    |ap_port_reg_data_17_V_read  |   6|   0|    6|          0|
    |ap_port_reg_data_18_V_read  |   6|   0|    6|          0|
    |ap_port_reg_data_19_V_read  |   6|   0|    6|          0|
    |ap_port_reg_data_20_V_read  |   6|   0|    6|          0|
    |ap_port_reg_data_21_V_read  |   6|   0|    6|          0|
    |ap_port_reg_data_22_V_read  |   6|   0|    6|          0|
    |ap_port_reg_data_23_V_read  |   6|   0|    6|          0|
    |ap_port_reg_data_24_V_read  |   6|   0|    6|          0|
    |ap_port_reg_data_25_V_read  |   6|   0|    6|          0|
    |ap_port_reg_data_26_V_read  |   6|   0|    6|          0|
    |ap_port_reg_data_27_V_read  |   6|   0|    6|          0|
    |ap_port_reg_data_28_V_read  |   6|   0|    6|          0|
    |ap_port_reg_data_29_V_read  |   6|   0|    6|          0|
    |ap_port_reg_data_2_V_read   |   6|   0|    6|          0|
    |ap_port_reg_data_30_V_read  |   6|   0|    6|          0|
    |ap_port_reg_data_31_V_read  |   6|   0|    6|          0|
    |ap_port_reg_data_3_V_read   |   6|   0|    6|          0|
    |ap_port_reg_data_4_V_read   |   6|   0|    6|          0|
    |ap_port_reg_data_5_V_read   |   6|   0|    6|          0|
    |ap_port_reg_data_6_V_read   |   6|   0|    6|          0|
    |ap_port_reg_data_8_V_read   |   6|   0|    6|          0|
    |ap_port_reg_data_9_V_read   |   6|   0|    6|          0|
    |data_0_V_read_6_reg_8517    |   6|   0|    6|          0|
    |data_10_V_read_5_reg_8344   |   6|   0|    6|          0|
    |data_11_V_read11_reg_8013   |   6|   0|    6|          0|
    |data_12_V_read12_reg_8004   |   6|   0|    6|          0|
    |data_13_V_read13_reg_8400   |   6|   0|    6|          0|
    |data_14_V_read_3_reg_7991   |   6|   0|    6|          0|
    |data_17_V_read_4_reg_8101   |   6|   0|    6|          0|
    |data_1_V_read_7_reg_8023    |   6|   0|    6|          0|
    |data_20_V_read_6_reg_8094   |   6|   0|    6|          0|
    |data_22_V_read22_reg_8085   |   6|   0|    6|          0|
    |data_23_V_read23_reg_8073   |   6|   0|    6|          0|
    |data_24_V_read24_reg_8172   |   6|   0|    6|          0|
    |data_25_V_read_5_reg_8165   |   6|   0|    6|          0|
    |data_26_V_read_5_reg_8776   |   6|   0|    6|          0|
    |data_27_V_read_4_reg_8155   |   6|   0|    6|          0|
    |data_28_V_read_4_reg_8223   |   6|   0|    6|          0|
    |data_29_V_read_5_reg_8437   |   6|   0|    6|          0|
    |data_2_V_read_7_reg_8783    |   6|   0|    6|          0|
    |data_30_V_read_6_reg_8771   |   6|   0|    6|          0|
    |data_31_V_read31_reg_9196   |   6|   0|    6|          0|
    |data_3_V_read_6_reg_8232    |   6|   0|    6|          0|
    |data_5_V_read_4_reg_8299    |   6|   0|    6|          0|
    |data_8_V_read_6_reg_8358    |   6|   0|    6|          0|
    |data_9_V_read_6_reg_8352    |   6|   0|    6|          0|
    |lshr_ln708_110_reg_8369     |  10|   0|   10|          0|
    |lshr_ln708_111_reg_8374     |   5|   0|    5|          0|
    |lshr_ln708_116_reg_8380     |   9|   0|    9|          0|
    |lshr_ln708_123_reg_8557     |   8|   0|   10|          2|
    |lshr_ln708_124_reg_8562     |   8|   0|    8|          0|
    |lshr_ln708_126_reg_8411     |  10|   0|   10|          0|
    |lshr_ln708_127_reg_8057     |   5|   0|    5|          0|
    |lshr_ln708_129_reg_8421     |  10|   0|   10|          0|
    |lshr_ln708_131_reg_8068     |   5|   0|    5|          0|
    |lshr_ln708_132_reg_8432     |  10|   0|   10|          0|
    |lshr_ln708_135_reg_8877     |  10|   0|   10|          0|
    |lshr_ln708_137_reg_8572     |   9|   0|    9|          0|
    |lshr_ln708_138_reg_8588     |   8|   0|    8|          0|
    |lshr_ln708_139_reg_8603     |   9|   0|    9|          0|
    |lshr_ln708_144_reg_8618     |   9|   0|    9|          0|
    |lshr_ln708_146_reg_8623     |   9|   0|    9|          0|
    |lshr_ln708_147_reg_8635     |   8|   0|    8|          0|
    |lshr_ln708_150_reg_8655     |   9|   0|   10|          1|
    |lshr_ln708_151_reg_8888     |   8|   0|    8|          0|
    |lshr_ln708_155_reg_8140     |   5|   0|    5|          0|
    |lshr_ln708_157_reg_8150     |   5|   0|    5|          0|
    |lshr_ln708_160_reg_8681     |  10|   0|   10|          0|
    |lshr_ln708_162_reg_8686     |  10|   0|   10|          0|
    |lshr_ln708_170_reg_8203     |   9|   0|    9|          0|
    |lshr_ln708_172_reg_8487     |   9|   0|   10|          1|
    |lshr_ln708_175_reg_8274     |   5|   0|    5|          0|
    |lshr_ln708_180_reg_8691     |   9|   0|    9|          0|
    |lshr_ln708_61_reg_8797      |  10|   0|   10|          0|
    |lshr_ln708_63_reg_8802      |  10|   0|   10|          0|
    |lshr_ln708_65_reg_8034      |   5|   0|    5|          0|
    |lshr_ln708_68_reg_8812      |   8|   0|   10|          2|
    |lshr_ln708_76_reg_9425      |  10|   0|   10|          0|
    |lshr_ln708_90_reg_8847      |  10|   0|   10|          0|
    |lshr_ln708_99_reg_8364      |  10|   0|   10|          0|
    |lshr_ln708_s_reg_8045       |   9|   0|    9|          0|
    |reg_1002                    |  10|   0|   10|          0|
    |reg_1006                    |  10|   0|   10|          0|
    |reg_1010                    |  10|   0|   10|          0|
    |reg_1014                    |  10|   0|   10|          0|
    |reg_1018                    |  11|   0|   11|          0|
    |reg_1022                    |  10|   0|   10|          0|
    |reg_1026                    |  11|   0|   11|          0|
    |reg_974                     |  11|   0|   11|          0|
    |reg_978                     |  10|   0|   10|          0|
    |reg_982                     |   9|   0|    9|          0|
    |reg_986                     |   9|   0|    9|          0|
    |reg_990                     |  10|   0|   10|          0|
    |reg_994                     |   9|   0|    9|          0|
    |reg_998                     |   9|   0|    9|          0|
    |shl_ln1118_40_reg_9209      |   6|   0|    7|          1|
    |shl_ln1118_51_reg_8965      |   6|   0|    7|          1|
    |shl_ln1118_6_reg_8822       |   6|   0|    7|          1|
    |shl_ln708_19_reg_8532       |   6|   0|    8|          2|
    |shl_ln708_33_reg_8457       |   6|   0|    9|          3|
    |shl_ln708_42_reg_8567       |   6|   0|    7|          1|
    |shl_ln708_4_reg_8608        |   6|   0|    7|          1|
    |shl_ln708_62_reg_8913       |   6|   0|    8|          2|
    |shl_ln708_68_reg_9219       |   6|   0|    7|          1|
    |shl_ln708_70_reg_8482       |   6|   0|    8|          2|
    |shl_ln708_7_reg_8526        |   6|   0|   11|          5|
    |sub_ln1118_45_reg_8903      |   7|   0|   11|          4|
    |sub_ln1118_48_reg_8919      |   7|   0|   11|          4|
    |sub_ln1118_53_reg_8945      |   7|   0|   10|          3|
    |sub_ln1118_58_reg_8960      |   7|   0|   10|          3|
    |tmp_23_reg_8650             |   6|   0|   11|          5|
    |tmp_590_reg_8807            |   7|   0|    8|          1|
    |tmp_591_reg_8817            |   9|   0|    9|          0|
    |tmp_592_reg_8827            |   7|   0|    7|          0|
    |tmp_593_reg_9430            |   9|   0|    9|          0|
    |tmp_594_reg_8258            |   9|   0|    9|          0|
    |tmp_595_reg_8313            |  11|   0|   11|          0|
    |tmp_597_reg_8837            |   8|   0|    8|          0|
    |tmp_599_reg_8842            |   9|   0|    9|          0|
    |tmp_600_reg_8452            |  11|   0|   11|          0|
    |tmp_602_reg_8324            |  10|   0|   10|          0|
    |tmp_605_reg_8862            |   9|   0|    9|          0|
    |tmp_606_reg_8867            |   9|   0|   10|          1|
    |tmp_607_reg_8552            |   9|   0|   10|          1|
    |tmp_610_reg_8462            |  10|   0|   10|          0|
    |tmp_611_reg_8467            |   9|   0|    9|          0|
    |tmp_617_reg_8583            |  10|   0|   10|          0|
    |tmp_618_reg_8593            |   7|   0|    8|          1|
    |tmp_620_reg_8613            |   9|   0|    9|          0|
    |tmp_621_reg_8477            |  11|   0|   11|          0|
    |tmp_622_reg_8125            |  11|   0|   11|          0|
    |tmp_626_reg_8645            |  10|   0|   10|          0|
    |tmp_629_reg_8187            |   7|   0|    8|          1|
    |tmp_630_reg_9570            |   7|   0|   10|          3|
    |tmp_631_reg_8893            |   9|   0|    9|          0|
    |tmp_633_reg_8908            |   7|   0|   10|          3|
    |tmp_635_reg_8924            |   9|   0|    9|          0|
    |tmp_637_reg_8950            |   8|   0|    8|          0|
    |trunc_ln203_10_reg_8934     |   9|   0|    9|          0|
    |trunc_ln203_1_reg_8385      |  10|   0|   10|          0|
    |trunc_ln708_117_reg_8792    |  10|   0|   10|          0|
    |trunc_ln708_126_reg_8832    |   9|   0|    9|          0|
    |trunc_ln708_130_reg_8852    |  11|   0|   11|          0|
    |trunc_ln708_138_reg_8547    |  11|   0|   11|          0|
    |trunc_ln708_144_reg_8537    |  10|   0|   10|          0|
    |trunc_ln708_145_reg_8542    |   9|   0|    9|          0|
    |trunc_ln708_147_reg_8872    |  11|   0|   11|          0|
    |trunc_ln708_152_reg_8390    |  10|   0|   10|          0|
    |trunc_ln708_163_reg_8182    |   9|   0|    9|          0|
    |trunc_ln708_164_reg_8577    |  10|   0|   10|          0|
    |trunc_ln708_166_reg_8640    |  11|   0|   11|          0|
    |trunc_ln708_168_reg_8882    |   7|   0|    7|          0|
    |trunc_ln708_173_reg_8598    |   9|   0|    9|          0|
    |trunc_ln708_184_reg_8130    |   8|   0|    8|          0|
    |trunc_ln708_185_reg_9204    |  10|   0|   10|          0|
    |trunc_ln708_190_reg_8898    |   8|   0|    8|          0|
    |trunc_ln708_191_reg_8208    |  11|   0|   11|          0|
    |trunc_ln708_192_reg_8670    |   7|   0|    9|          2|
    |trunc_ln708_199_reg_8929    |   9|   0|    9|          0|
    |trunc_ln708_203_reg_9214    |   9|   0|    9|          0|
    |trunc_ln708_206_reg_8955    |   7|   0|    8|          1|
    |trunc_ln708_209_reg_8492    |   8|   0|    8|          0|
    |trunc_ln708_214_reg_8970    |   9|   0|    9|          0|
    |zext_ln1116_1_reg_8308      |   6|   0|   12|          6|
    |zext_ln1116_4_reg_8113      |   6|   0|   12|          6|
    |zext_ln1116_5_reg_8628      |   6|   0|   12|          6|
    |zext_ln1118_112_reg_8145    |   6|   0|   10|          4|
    |zext_ln1118_113_reg_8665    |   6|   0|   10|          4|
    |zext_ln1118_118_reg_8192    |   6|   0|   10|          4|
    |zext_ln1118_127_reg_8939    |   6|   0|   10|          4|
    |zext_ln1118_132_reg_8268    |   6|   0|   10|          4|
    |zext_ln1118_142_reg_9224    |   6|   0|   11|          5|
    |zext_ln1118_18_reg_8135     |   6|   0|   11|          5|
    |zext_ln1118_19_reg_8675     |   6|   0|   11|          5|
    |zext_ln1118_36_reg_8247     |   6|   0|   11|          5|
    |zext_ln1118_39_reg_8253     |   6|   0|   10|          4|
    |zext_ln1118_45_reg_8318     |   6|   0|   11|          5|
    |zext_ln1118_64_reg_8040     |   6|   0|   10|          4|
    |zext_ln1118_70_reg_8050     |   6|   0|   11|          5|
    |zext_ln1118_75_reg_8416     |   6|   0|   11|          5|
    |zext_ln1118_79_reg_8063     |   6|   0|   10|          4|
    |zext_ln1118_93_reg_8119     |   6|   0|   10|          4|
    |zext_ln708_101_reg_8263     |  10|   0|   11|          1|
    |zext_ln708_12_reg_8242      |   6|   0|   11|          5|
    |zext_ln708_167_reg_8197     |   6|   0|   10|          4|
    |zext_ln708_32_reg_8446      |   6|   0|   11|          5|
    |zext_ln708_332_reg_8660     |  10|   0|   11|          1|
    |zext_ln708_54_reg_8857      |   6|   0|   10|          4|
    |zext_ln708_55_reg_8426      |   6|   0|   11|          5|
    |zext_ln708_87_reg_8472      |   6|   0|   11|          5|
    +----------------------------+----+----+-----+-----------+
    |Total                       |3304|   0| 3483|        179|
    +----------------------------+----+----+-----+-----------+



================================================================
== Interface
================================================================
* Summary: 
+----------------+-----+-----+------------+---------------------------------------------------------------------------------+--------------+
|    RTL Ports   | Dir | Bits|  Protocol  |                                  Source Object                                  |    C Type    |
+----------------+-----+-----+------------+---------------------------------------------------------------------------------+--------------+
|ap_clk          |  in |    1| ap_ctrl_hs | dense_latency.0.0.0.0.0.0.0.0.0.0.0.0.0.0.0.0.0.0.0.0.0.0.0.0.0.0.0.0.0.0.0.0.0 | return value |
|ap_rst          |  in |    1| ap_ctrl_hs | dense_latency.0.0.0.0.0.0.0.0.0.0.0.0.0.0.0.0.0.0.0.0.0.0.0.0.0.0.0.0.0.0.0.0.0 | return value |
|ap_start        |  in |    1| ap_ctrl_hs | dense_latency.0.0.0.0.0.0.0.0.0.0.0.0.0.0.0.0.0.0.0.0.0.0.0.0.0.0.0.0.0.0.0.0.0 | return value |
|ap_done         | out |    1| ap_ctrl_hs | dense_latency.0.0.0.0.0.0.0.0.0.0.0.0.0.0.0.0.0.0.0.0.0.0.0.0.0.0.0.0.0.0.0.0.0 | return value |
|ap_idle         | out |    1| ap_ctrl_hs | dense_latency.0.0.0.0.0.0.0.0.0.0.0.0.0.0.0.0.0.0.0.0.0.0.0.0.0.0.0.0.0.0.0.0.0 | return value |
|ap_ready        | out |    1| ap_ctrl_hs | dense_latency.0.0.0.0.0.0.0.0.0.0.0.0.0.0.0.0.0.0.0.0.0.0.0.0.0.0.0.0.0.0.0.0.0 | return value |
|ap_return_0     | out |   16| ap_ctrl_hs | dense_latency.0.0.0.0.0.0.0.0.0.0.0.0.0.0.0.0.0.0.0.0.0.0.0.0.0.0.0.0.0.0.0.0.0 | return value |
|ap_return_1     | out |   16| ap_ctrl_hs | dense_latency.0.0.0.0.0.0.0.0.0.0.0.0.0.0.0.0.0.0.0.0.0.0.0.0.0.0.0.0.0.0.0.0.0 | return value |
|ap_return_2     | out |   16| ap_ctrl_hs | dense_latency.0.0.0.0.0.0.0.0.0.0.0.0.0.0.0.0.0.0.0.0.0.0.0.0.0.0.0.0.0.0.0.0.0 | return value |
|ap_return_3     | out |   16| ap_ctrl_hs | dense_latency.0.0.0.0.0.0.0.0.0.0.0.0.0.0.0.0.0.0.0.0.0.0.0.0.0.0.0.0.0.0.0.0.0 | return value |
|ap_return_4     | out |   16| ap_ctrl_hs | dense_latency.0.0.0.0.0.0.0.0.0.0.0.0.0.0.0.0.0.0.0.0.0.0.0.0.0.0.0.0.0.0.0.0.0 | return value |
|ap_return_5     | out |   16| ap_ctrl_hs | dense_latency.0.0.0.0.0.0.0.0.0.0.0.0.0.0.0.0.0.0.0.0.0.0.0.0.0.0.0.0.0.0.0.0.0 | return value |
|ap_return_6     | out |   16| ap_ctrl_hs | dense_latency.0.0.0.0.0.0.0.0.0.0.0.0.0.0.0.0.0.0.0.0.0.0.0.0.0.0.0.0.0.0.0.0.0 | return value |
|ap_return_7     | out |   16| ap_ctrl_hs | dense_latency.0.0.0.0.0.0.0.0.0.0.0.0.0.0.0.0.0.0.0.0.0.0.0.0.0.0.0.0.0.0.0.0.0 | return value |
|ap_return_8     | out |   16| ap_ctrl_hs | dense_latency.0.0.0.0.0.0.0.0.0.0.0.0.0.0.0.0.0.0.0.0.0.0.0.0.0.0.0.0.0.0.0.0.0 | return value |
|ap_return_9     | out |   16| ap_ctrl_hs | dense_latency.0.0.0.0.0.0.0.0.0.0.0.0.0.0.0.0.0.0.0.0.0.0.0.0.0.0.0.0.0.0.0.0.0 | return value |
|ap_return_10    | out |   16| ap_ctrl_hs | dense_latency.0.0.0.0.0.0.0.0.0.0.0.0.0.0.0.0.0.0.0.0.0.0.0.0.0.0.0.0.0.0.0.0.0 | return value |
|ap_return_11    | out |   16| ap_ctrl_hs | dense_latency.0.0.0.0.0.0.0.0.0.0.0.0.0.0.0.0.0.0.0.0.0.0.0.0.0.0.0.0.0.0.0.0.0 | return value |
|ap_return_12    | out |   16| ap_ctrl_hs | dense_latency.0.0.0.0.0.0.0.0.0.0.0.0.0.0.0.0.0.0.0.0.0.0.0.0.0.0.0.0.0.0.0.0.0 | return value |
|ap_return_13    | out |   16| ap_ctrl_hs | dense_latency.0.0.0.0.0.0.0.0.0.0.0.0.0.0.0.0.0.0.0.0.0.0.0.0.0.0.0.0.0.0.0.0.0 | return value |
|ap_return_14    | out |   16| ap_ctrl_hs | dense_latency.0.0.0.0.0.0.0.0.0.0.0.0.0.0.0.0.0.0.0.0.0.0.0.0.0.0.0.0.0.0.0.0.0 | return value |
|ap_return_15    | out |   16| ap_ctrl_hs | dense_latency.0.0.0.0.0.0.0.0.0.0.0.0.0.0.0.0.0.0.0.0.0.0.0.0.0.0.0.0.0.0.0.0.0 | return value |
|ap_return_16    | out |   16| ap_ctrl_hs | dense_latency.0.0.0.0.0.0.0.0.0.0.0.0.0.0.0.0.0.0.0.0.0.0.0.0.0.0.0.0.0.0.0.0.0 | return value |
|ap_return_17    | out |   16| ap_ctrl_hs | dense_latency.0.0.0.0.0.0.0.0.0.0.0.0.0.0.0.0.0.0.0.0.0.0.0.0.0.0.0.0.0.0.0.0.0 | return value |
|ap_return_18    | out |   16| ap_ctrl_hs | dense_latency.0.0.0.0.0.0.0.0.0.0.0.0.0.0.0.0.0.0.0.0.0.0.0.0.0.0.0.0.0.0.0.0.0 | return value |
|ap_return_19    | out |   16| ap_ctrl_hs | dense_latency.0.0.0.0.0.0.0.0.0.0.0.0.0.0.0.0.0.0.0.0.0.0.0.0.0.0.0.0.0.0.0.0.0 | return value |
|ap_return_20    | out |   16| ap_ctrl_hs | dense_latency.0.0.0.0.0.0.0.0.0.0.0.0.0.0.0.0.0.0.0.0.0.0.0.0.0.0.0.0.0.0.0.0.0 | return value |
|ap_return_21    | out |   16| ap_ctrl_hs | dense_latency.0.0.0.0.0.0.0.0.0.0.0.0.0.0.0.0.0.0.0.0.0.0.0.0.0.0.0.0.0.0.0.0.0 | return value |
|ap_return_22    | out |   16| ap_ctrl_hs | dense_latency.0.0.0.0.0.0.0.0.0.0.0.0.0.0.0.0.0.0.0.0.0.0.0.0.0.0.0.0.0.0.0.0.0 | return value |
|ap_return_23    | out |   16| ap_ctrl_hs | dense_latency.0.0.0.0.0.0.0.0.0.0.0.0.0.0.0.0.0.0.0.0.0.0.0.0.0.0.0.0.0.0.0.0.0 | return value |
|ap_ce           |  in |    1| ap_ctrl_hs | dense_latency.0.0.0.0.0.0.0.0.0.0.0.0.0.0.0.0.0.0.0.0.0.0.0.0.0.0.0.0.0.0.0.0.0 | return value |
|data_0_V_read   |  in |    6|   ap_none  |                                  data_0_V_read                                  |    scalar    |
|data_1_V_read   |  in |    6|   ap_none  |                                  data_1_V_read                                  |    scalar    |
|data_2_V_read   |  in |    6|   ap_none  |                                  data_2_V_read                                  |    scalar    |
|data_3_V_read   |  in |    6|   ap_none  |                                  data_3_V_read                                  |    scalar    |
|data_4_V_read   |  in |    6|   ap_none  |                                  data_4_V_read                                  |    scalar    |
|data_5_V_read   |  in |    6|   ap_none  |                                  data_5_V_read                                  |    scalar    |
|data_6_V_read   |  in |    6|   ap_none  |                                  data_6_V_read                                  |    scalar    |
|data_8_V_read   |  in |    6|   ap_none  |                                  data_8_V_read                                  |    scalar    |
|data_9_V_read   |  in |    6|   ap_none  |                                  data_9_V_read                                  |    scalar    |
|data_10_V_read  |  in |    6|   ap_none  |                                  data_10_V_read                                 |    scalar    |
|data_11_V_read  |  in |    6|   ap_none  |                                  data_11_V_read                                 |    scalar    |
|data_12_V_read  |  in |    6|   ap_none  |                                  data_12_V_read                                 |    scalar    |
|data_13_V_read  |  in |    6|   ap_none  |                                  data_13_V_read                                 |    scalar    |
|data_14_V_read  |  in |    6|   ap_none  |                                  data_14_V_read                                 |    scalar    |
|data_15_V_read  |  in |    6|   ap_none  |                                  data_15_V_read                                 |    scalar    |
|data_16_V_read  |  in |    6|   ap_none  |                                  data_16_V_read                                 |    scalar    |
|data_17_V_read  |  in |    6|   ap_none  |                                  data_17_V_read                                 |    scalar    |
|data_18_V_read  |  in |    6|   ap_none  |                                  data_18_V_read                                 |    scalar    |
|data_19_V_read  |  in |    6|   ap_none  |                                  data_19_V_read                                 |    scalar    |
|data_20_V_read  |  in |    6|   ap_none  |                                  data_20_V_read                                 |    scalar    |
|data_21_V_read  |  in |    6|   ap_none  |                                  data_21_V_read                                 |    scalar    |
|data_22_V_read  |  in |    6|   ap_none  |                                  data_22_V_read                                 |    scalar    |
|data_23_V_read  |  in |    6|   ap_none  |                                  data_23_V_read                                 |    scalar    |
|data_24_V_read  |  in |    6|   ap_none  |                                  data_24_V_read                                 |    scalar    |
|data_25_V_read  |  in |    6|   ap_none  |                                  data_25_V_read                                 |    scalar    |
|data_26_V_read  |  in |    6|   ap_none  |                                  data_26_V_read                                 |    scalar    |
|data_27_V_read  |  in |    6|   ap_none  |                                  data_27_V_read                                 |    scalar    |
|data_28_V_read  |  in |    6|   ap_none  |                                  data_28_V_read                                 |    scalar    |
|data_29_V_read  |  in |    6|   ap_none  |                                  data_29_V_read                                 |    scalar    |
|data_30_V_read  |  in |    6|   ap_none  |                                  data_30_V_read                                 |    scalar    |
|data_31_V_read  |  in |    6|   ap_none  |                                  data_31_V_read                                 |    scalar    |
+----------------+-----+-----+------------+---------------------------------------------------------------------------------+--------------+

