

================================================================
== Vivado HLS Report for 'dense_latency_0_0_0_0_0_0_0_0_0_0_0_0_0_0_0_0_0_0_0_0_0_0_0_0_0_0_0_0_0_0_0_0_0_s'
================================================================
* Date:           Sun Apr  7 11:30:38 2024

* Version:        2019.1 (Build 2552052 on Fri May 24 15:28:33 MDT 2019)
* Project:        myproject_prj
* Solution:       solution1
* Product family: zynq
* Target device:  xc7z020-clg400-1


================================================================
== Performance Estimates
================================================================
+ Timing (ns): 
    * Summary: 
    +--------+-------+----------+------------+
    |  Clock | Target| Estimated| Uncertainty|
    +--------+-------+----------+------------+
    |ap_clk  |   5.00|     4.535|        0.62|
    +--------+-------+----------+------------+

+ Latency (clock cycles): 
    * Summary: 
    +-----+-----+-----+-----+----------+
    |  Latency  |  Interval | Pipeline |
    | min | max | min | max |   Type   |
    +-----+-----+-----+-----+----------+
    |    8|    8|    9|    9| function |
    +-----+-----+-----+-----+----------+

    + Detail: 
        * Instance: 
        N/A

        * Loop: 
        N/A



================================================================
== Utilization Estimates
================================================================
* Summary: 
+-----------------+---------+-------+--------+-------+-----+
|       Name      | BRAM_18K| DSP48E|   FF   |  LUT  | URAM|
+-----------------+---------+-------+--------+-------+-----+
|DSP              |        -|      -|       -|      -|    -|
|Expression       |        -|      -|       0|   6487|    -|
|FIFO             |        -|      -|       -|      -|    -|
|Instance         |        -|      4|     268|      8|    -|
|Memory           |        -|      -|       -|      -|    -|
|Multiplexer      |        -|      -|       -|    305|    -|
|Register         |        -|      -|    4699|      -|    -|
+-----------------+---------+-------+--------+-------+-----+
|Total            |        0|      4|    4967|   6800|    0|
+-----------------+---------+-------+--------+-------+-----+
|Available        |      280|    220|  106400|  53200|    0|
+-----------------+---------+-------+--------+-------+-----+
|Utilization (%)  |        0|      1|       4|     12|    0|
+-----------------+---------+-------+--------+-------+-----+

+ Detail: 
    * Instance: 
    +------------------------------------+---------------------------------+---------+-------+----+----+-----+
    |              Instance              |              Module             | BRAM_18K| DSP48E| FF | LUT| URAM|
    +------------------------------------+---------------------------------+---------+-------+----+----+-----+
    |myproject_axi_mul_6s_16s_21_2_1_U4  |myproject_axi_mul_6s_16s_21_2_1  |        0|      1|  67|   2|    0|
    |myproject_axi_mul_7s_16s_21_2_1_U1  |myproject_axi_mul_7s_16s_21_2_1  |        0|      1|  67|   2|    0|
    |myproject_axi_mul_7s_16s_21_2_1_U2  |myproject_axi_mul_7s_16s_21_2_1  |        0|      1|  67|   2|    0|
    |myproject_axi_mul_7s_16s_21_2_1_U3  |myproject_axi_mul_7s_16s_21_2_1  |        0|      1|  67|   2|    0|
    +------------------------------------+---------------------------------+---------+-------+----+----+-----+
    |Total                               |                                 |        0|      4| 268|   8|    0|
    +------------------------------------+---------------------------------+---------+-------+----+----+-----+

    * DSP48E: 
    N/A

    * Memory: 
    N/A

    * FIFO: 
    N/A

    * Expression: 
    +---------------------------+----------+-------+---+----+------------+------------+
    |       Variable Name       | Operation| DSP48E| FF| LUT| Bitwidth P0| Bitwidth P1|
    +---------------------------+----------+-------+---+----+------------+------------+
    |acc_10_V_fu_5538_p2        |     +    |      0|  0|   8|          16|          16|
    |acc_12_V_fu_5547_p2        |     +    |      0|  0|   8|          16|          16|
    |acc_13_V_fu_5559_p2        |     +    |      0|  0|   8|          16|          16|
    |acc_14_V_fu_5569_p2        |     +    |      0|  0|   8|          16|          16|
    |acc_15_V_fu_5578_p2        |     +    |      0|  0|   8|          16|          16|
    |acc_16_V_fu_5591_p2        |     +    |      0|  0|   8|          16|          16|
    |acc_17_V_fu_5600_p2        |     +    |      0|  0|   8|          16|          16|
    |acc_18_V_fu_5609_p2        |     +    |      0|  0|   8|          16|          16|
    |acc_19_V_fu_5618_p2        |     +    |      0|  0|   8|          16|          16|
    |acc_1_V_fu_5476_p2         |     +    |      0|  0|   8|          16|          16|
    |acc_20_V_fu_5909_p2        |     +    |      0|  0|   8|          16|          16|
    |acc_21_V_fu_5042_p2        |     +    |      0|  0|   8|          16|          16|
    |acc_22_V_fu_5628_p2        |     +    |      0|  0|   8|          16|          16|
    |acc_23_V_fu_5924_p2        |     +    |      0|  0|  23|          16|          16|
    |acc_24_V_fu_5638_p2        |     +    |      0|  0|   8|          16|          16|
    |acc_25_V_fu_5064_p2        |     +    |      0|  0|   8|          16|          16|
    |acc_26_V_fu_5647_p2        |     +    |      0|  0|   8|          16|          16|
    |acc_27_V_fu_5656_p2        |     +    |      0|  0|   8|          16|          16|
    |acc_28_V_fu_5106_p2        |     +    |      0|  0|   8|          16|          16|
    |acc_29_V_fu_5120_p2        |     +    |      0|  0|   8|          16|          16|
    |acc_2_V_fu_5486_p2         |     +    |      0|  0|   8|          16|          16|
    |acc_30_V_fu_5132_p2        |     +    |      0|  0|   8|          16|          16|
    |acc_31_V_fu_5666_p2        |     +    |      0|  0|   8|          16|          16|
    |acc_32_V_fu_5679_p2        |     +    |      0|  0|   8|          16|          16|
    |acc_33_V_fu_5690_p2        |     +    |      0|  0|   8|          16|          16|
    |acc_35_V_fu_5173_p2        |     +    |      0|  0|   8|          16|          16|
    |acc_36_V_fu_5701_p2        |     +    |      0|  0|   8|          16|          16|
    |acc_37_V_fu_5712_p2        |     +    |      0|  0|   8|          16|          16|
    |acc_38_V_fu_5722_p2        |     +    |      0|  0|   8|          16|          16|
    |acc_39_V_fu_5731_p2        |     +    |      0|  0|   8|          16|          16|
    |acc_3_V_fu_4828_p2         |     +    |      0|  0|   8|          16|          16|
    |acc_40_V_fu_5247_p2        |     +    |      0|  0|   8|          16|          16|
    |acc_42_V_fu_5741_p2        |     +    |      0|  0|   8|          16|          16|
    |acc_43_V_fu_5754_p2        |     +    |      0|  0|   8|          16|          16|
    |acc_44_V_fu_5768_p2        |     +    |      0|  0|   8|          16|          16|
    |acc_45_V_fu_5930_p2        |     +    |      0|  0|  23|           6|          16|
    |acc_46_V_fu_5782_p2        |     +    |      0|  0|   8|          16|          16|
    |acc_48_V_fu_5309_p2        |     +    |      0|  0|   8|          16|          16|
    |acc_49_V_fu_5944_p2        |     +    |      0|  0|  23|          16|          16|
    |acc_4_V_fu_5495_p2         |     +    |      0|  0|   8|          16|          16|
    |acc_50_V_fu_5796_p2        |     +    |      0|  0|   8|          16|          16|
    |acc_51_V_fu_5950_p2        |     +    |      0|  0|  23|           7|          16|
    |acc_52_V_fu_5806_p2        |     +    |      0|  0|   8|          16|          16|
    |acc_53_V_fu_5820_p2        |     +    |      0|  0|   8|          16|          16|
    |acc_54_V_fu_5830_p2        |     +    |      0|  0|   8|          16|          16|
    |acc_55_V_fu_5964_p2        |     +    |      0|  0|   8|          16|          16|
    |acc_58_V_fu_5846_p2        |     +    |      0|  0|   8|          16|          16|
    |acc_59_V_fu_5859_p2        |     +    |      0|  0|   8|          16|          16|
    |acc_5_V_fu_4860_p2         |     +    |      0|  0|  23|          16|          16|
    |acc_60_V_fu_5382_p2        |     +    |      0|  0|   8|          16|          16|
    |acc_61_V_fu_5978_p2        |     +    |      0|  0|   8|          16|          16|
    |acc_63_V_fu_5879_p2        |     +    |      0|  0|   8|          16|          16|
    |acc_6_V_fu_5505_p2         |     +    |      0|  0|   8|          16|          16|
    |acc_7_V_fu_5897_p2         |     +    |      0|  0|   8|          16|          16|
    |acc_8_V_fu_5515_p2         |     +    |      0|  0|   8|          16|          16|
    |acc_9_V_fu_5527_p2         |     +    |      0|  0|   8|          16|          16|
    |add_ln1118_10_fu_4318_p2   |     +    |      0|  0|  27|          20|          20|
    |add_ln1118_11_fu_4374_p2   |     +    |      0|  0|  26|          19|          19|
    |add_ln1118_12_fu_1673_p2   |     +    |      0|  0|  27|          20|          20|
    |add_ln1118_13_fu_4649_p2   |     +    |      0|  0|  27|          20|          20|
    |add_ln1118_14_fu_2475_p2   |     +    |      0|  0|  26|          19|          19|
    |add_ln1118_15_fu_2502_p2   |     +    |      0|  0|  27|          20|          20|
    |add_ln1118_16_fu_2596_p2   |     +    |      0|  0|  28|          21|          21|
    |add_ln1118_17_fu_2644_p2   |     +    |      0|  0|  28|          21|          21|
    |add_ln1118_18_fu_2779_p2   |     +    |      0|  0|  28|          21|          21|
    |add_ln1118_1_fu_3489_p2    |     +    |      0|  0|  26|          19|          19|
    |add_ln1118_2_fu_3649_p2    |     +    |      0|  0|  28|          21|          21|
    |add_ln1118_3_fu_3718_p2    |     +    |      0|  0|  28|          21|          21|
    |add_ln1118_4_fu_3826_p2    |     +    |      0|  0|  28|          21|          21|
    |add_ln1118_5_fu_3912_p2    |     +    |      0|  0|  27|          20|          20|
    |add_ln1118_6_fu_1444_p2    |     +    |      0|  0|  27|          20|          20|
    |add_ln1118_7_fu_4009_p2    |     +    |      0|  0|  28|          21|          21|
    |add_ln1118_8_fu_1561_p2    |     +    |      0|  0|  26|          19|          19|
    |add_ln1118_9_fu_4209_p2    |     +    |      0|  0|  27|          20|          20|
    |add_ln1118_fu_3451_p2      |     +    |      0|  0|  27|          20|          20|
    |add_ln703_442_fu_4787_p2   |     +    |      0|  0|   8|           6|          16|
    |add_ln703_443_fu_4792_p2   |     +    |      0|  0|   8|          16|          16|
    |add_ln703_444_fu_5467_p2   |     +    |      0|  0|   8|          16|          16|
    |add_ln703_445_fu_4797_p2   |     +    |      0|  0|  23|          16|          16|
    |add_ln703_446_fu_5472_p2   |     +    |      0|  0|   8|          16|          16|
    |add_ln703_447_fu_4803_p2   |     +    |      0|  0|   8|           8|          16|
    |add_ln703_448_fu_4808_p2   |     +    |      0|  0|   8|          16|          16|
    |add_ln703_450_fu_5481_p2   |     +    |      0|  0|   8|          16|          16|
    |add_ln703_451_fu_4814_p2   |     +    |      0|  0|  23|           8|          16|
    |add_ln703_453_fu_3029_p2   |     +    |      0|  0|  23|          16|          16|
    |add_ln703_454_fu_4820_p2   |     +    |      0|  0|   8|          16|          16|
    |add_ln703_455_fu_1105_p2   |     +    |      0|  0|  17|           6|          13|
    |add_ln703_456_fu_1115_p2   |     +    |      0|  0|  19|          14|          14|
    |add_ln703_458_fu_4834_p2   |     +    |      0|  0|  23|          16|          16|
    |add_ln703_459_fu_5491_p2   |     +    |      0|  0|   8|          16|          16|
    |add_ln703_460_fu_4840_p2   |     +    |      0|  0|   8|          10|          16|
    |add_ln703_461_fu_4845_p2   |     +    |      0|  0|   8|          16|          16|
    |add_ln703_463_fu_4851_p2   |     +    |      0|  0|  19|           8|          14|
    |add_ln703_465_fu_4866_p2   |     +    |      0|  0|  23|          16|          16|
    |add_ln703_466_fu_5500_p2   |     +    |      0|  0|   8|          16|          16|
    |add_ln703_467_fu_4871_p2   |     +    |      0|  0|  21|          15|          15|
    |add_ln703_468_fu_4881_p2   |     +    |      0|  0|  21|           9|          15|
    |add_ln703_469_fu_4891_p2   |     +    |      0|  0|  23|          16|          16|
    |add_ln703_471_fu_5891_p2   |     +    |      0|  0|   8|           8|          16|
    |add_ln703_473_fu_4897_p2   |     +    |      0|  0|  23|          16|          16|
    |add_ln703_474_fu_5510_p2   |     +    |      0|  0|   8|          16|          16|
    |add_ln703_475_fu_4903_p2   |     +    |      0|  0|   8|           7|          16|
    |add_ln703_476_fu_4908_p2   |     +    |      0|  0|   8|          16|          16|
    |add_ln703_478_fu_5520_p2   |     +    |      0|  0|   8|          16|          16|
    |add_ln703_479_fu_4913_p2   |     +    |      0|  0|  12|           9|          12|
    |add_ln703_481_fu_5533_p2   |     +    |      0|  0|   8|          16|          16|
    |add_ln703_482_fu_4919_p2   |     +    |      0|  0|  23|          10|          16|
    |add_ln703_484_fu_3035_p2   |     +    |      0|  0|  23|          16|          16|
    |add_ln703_485_fu_5543_p2   |     +    |      0|  0|   8|          16|          16|
    |add_ln703_486_fu_4925_p2   |     +    |      0|  0|   8|          16|          16|
    |add_ln703_487_fu_3041_p2   |     +    |      0|  0|  23|           9|          16|
    |add_ln703_488_fu_4930_p2   |     +    |      0|  0|   8|          16|          16|
    |add_ln703_490_fu_3047_p2   |     +    |      0|  0|  23|          16|          16|
    |add_ln703_491_fu_5552_p2   |     +    |      0|  0|   8|          16|          16|
    |add_ln703_492_fu_1121_p2   |     +    |      0|  0|  17|           8|          13|
    |add_ln703_493_fu_1131_p2   |     +    |      0|  0|  21|          15|          15|
    |add_ln703_495_fu_4935_p2   |     +    |      0|  0|  23|          16|          16|
    |add_ln703_496_fu_4940_p2   |     +    |      0|  0|  23|          16|          16|
    |add_ln703_497_fu_5565_p2   |     +    |      0|  0|   8|          16|          16|
    |add_ln703_498_fu_4945_p2   |     +    |      0|  0|   8|          16|          16|
    |add_ln703_499_fu_3053_p2   |     +    |      0|  0|  12|           8|          12|
    |add_ln703_500_fu_4953_p2   |     +    |      0|  0|   8|          16|          16|
    |add_ln703_502_fu_4959_p2   |     +    |      0|  0|  23|          16|          16|
    |add_ln703_503_fu_5574_p2   |     +    |      0|  0|   8|          16|          16|
    |add_ln703_504_fu_3059_p2   |     +    |      0|  0|  21|          15|          15|
    |add_ln703_505_fu_4968_p2   |     +    |      0|  0|   8|           8|          16|
    |add_ln703_506_fu_4973_p2   |     +    |      0|  0|   8|          16|          16|
    |add_ln703_508_fu_4979_p2   |     +    |      0|  0|  21|          15|          15|
    |add_ln703_509_fu_4985_p2   |     +    |      0|  0|  23|          16|          16|
    |add_ln703_510_fu_5586_p2   |     +    |      0|  0|   8|          16|          16|
    |add_ln703_511_fu_4990_p2   |     +    |      0|  0|   8|          16|          16|
    |add_ln703_512_fu_3065_p2   |     +    |      0|  0|  17|           8|          13|
    |add_ln703_513_fu_3075_p2   |     +    |      0|  0|  23|          16|          16|
    |add_ln703_514_fu_4994_p2   |     +    |      0|  0|   8|          16|          16|
    |add_ln703_516_fu_4999_p2   |     +    |      0|  0|  23|          16|          16|
    |add_ln703_517_fu_5005_p2   |     +    |      0|  0|  23|          16|          16|
    |add_ln703_518_fu_5596_p2   |     +    |      0|  0|   8|          16|          16|
    |add_ln703_519_fu_5011_p2   |     +    |      0|  0|   8|          16|          16|
    |add_ln703_520_fu_3081_p2   |     +    |      0|  0|  21|           6|          15|
    |add_ln703_521_fu_5020_p2   |     +    |      0|  0|   8|          16|          16|
    |add_ln703_523_fu_5605_p2   |     +    |      0|  0|   8|          16|          16|
    |add_ln703_524_fu_5026_p2   |     +    |      0|  0|  23|           9|          16|
    |add_ln703_526_fu_5614_p2   |     +    |      0|  0|   8|          16|          16|
    |add_ln703_527_fu_5032_p2   |     +    |      0|  0|  23|          16|          16|
    |add_ln703_529_fu_5903_p2   |     +    |      0|  0|   8|           7|          16|
    |add_ln703_531_fu_5037_p2   |     +    |      0|  0|   8|          16|          16|
    |add_ln703_532_fu_3087_p2   |     +    |      0|  0|  23|           8|          16|
    |add_ln703_534_fu_3092_p2   |     +    |      0|  0|  23|          16|          16|
    |add_ln703_535_fu_5623_p2   |     +    |      0|  0|   8|          16|          16|
    |add_ln703_536_fu_5047_p2   |     +    |      0|  0|   8|           9|          16|
    |add_ln703_537_fu_5053_p2   |     +    |      0|  0|   8|          16|          16|
    |add_ln703_539_fu_5915_p2   |     +    |      0|  0|  12|           9|          12|
    |add_ln703_541_fu_5633_p2   |     +    |      0|  0|   8|           8|          16|
    |add_ln703_543_fu_5059_p2   |     +    |      0|  0|   8|          16|          16|
    |add_ln703_544_fu_3098_p2   |     +    |      0|  0|  12|           7|          12|
    |add_ln703_545_fu_3108_p2   |     +    |      0|  0|  23|          16|          16|
    |add_ln703_547_fu_5069_p2   |     +    |      0|  0|  23|          16|          16|
    |add_ln703_548_fu_5643_p2   |     +    |      0|  0|   8|          16|          16|
    |add_ln703_549_fu_5074_p2   |     +    |      0|  0|   8|          16|          16|
    |add_ln703_550_fu_3113_p2   |     +    |      0|  0|  23|           9|          16|
    |add_ln703_551_fu_5079_p2   |     +    |      0|  0|   8|          16|          16|
    |add_ln703_553_fu_5084_p2   |     +    |      0|  0|  23|          16|          16|
    |add_ln703_554_fu_5652_p2   |     +    |      0|  0|   8|          16|          16|
    |add_ln703_555_fu_5090_p2   |     +    |      0|  0|   8|          16|          16|
    |add_ln703_556_fu_3119_p2   |     +    |      0|  0|  23|           6|          16|
    |add_ln703_557_fu_5095_p2   |     +    |      0|  0|   8|          16|          16|
    |add_ln703_559_fu_5100_p2   |     +    |      0|  0|   8|          16|          16|
    |add_ln703_560_fu_3125_p2   |     +    |      0|  0|  17|           8|          13|
    |add_ln703_561_fu_3135_p2   |     +    |      0|  0|  23|          16|          16|
    |add_ln703_563_fu_5111_p2   |     +    |      0|  0|   8|          16|          16|
    |add_ln703_564_fu_3141_p2   |     +    |      0|  0|  12|           7|          12|
    |add_ln703_565_fu_3151_p2   |     +    |      0|  0|  19|          14|          14|
    |add_ln703_567_fu_5126_p2   |     +    |      0|  0|   8|          16|          16|
    |add_ln703_568_fu_3157_p2   |     +    |      0|  0|  23|           8|          16|
    |add_ln703_570_fu_5661_p2   |     +    |      0|  0|   8|          16|          16|
    |add_ln703_571_fu_5137_p2   |     +    |      0|  0|  23|           8|          16|
    |add_ln703_573_fu_3163_p2   |     +    |      0|  0|  23|          16|          16|
    |add_ln703_574_fu_5671_p2   |     +    |      0|  0|   8|          16|          16|
    |add_ln703_575_fu_3169_p2   |     +    |      0|  0|  12|           6|          12|
    |add_ln703_576_fu_3179_p2   |     +    |      0|  0|  17|          13|          13|
    |add_ln703_578_fu_5142_p2   |     +    |      0|  0|  23|          16|          16|
    |add_ln703_579_fu_5685_p2   |     +    |      0|  0|   8|          16|          16|
    |add_ln703_580_fu_5148_p2   |     +    |      0|  0|   8|          16|          16|
    |add_ln703_581_fu_3185_p2   |     +    |      0|  0|  21|           9|          15|
    |add_ln703_582_fu_5156_p2   |     +    |      0|  0|   8|          16|          16|
    |add_ln703_584_fu_3191_p2   |     +    |      0|  0|  19|          14|          14|
    |add_ln703_585_fu_3197_p2   |     +    |      0|  0|  21|           7|          15|
    |add_ln703_586_fu_5168_p2   |     +    |      0|  0|   8|          16|          16|
    |add_ln703_588_fu_5695_p2   |     +    |      0|  0|   8|          16|          16|
    |add_ln703_589_fu_5179_p2   |     +    |      0|  0|  12|          10|          12|
    |add_ln703_590_fu_5189_p2   |     +    |      0|  0|  23|          16|          16|
    |add_ln703_592_fu_5706_p2   |     +    |      0|  0|   8|          16|          16|
    |add_ln703_593_fu_5194_p2   |     +    |      0|  0|   8|           8|          16|
    |add_ln703_594_fu_5199_p2   |     +    |      0|  0|   8|          16|          16|
    |add_ln703_596_fu_5717_p2   |     +    |      0|  0|   8|          16|          16|
    |add_ln703_597_fu_5205_p2   |     +    |      0|  0|  19|           7|          14|
    |add_ln703_598_fu_5215_p2   |     +    |      0|  0|  23|          16|          16|
    |add_ln703_600_fu_5221_p2   |     +    |      0|  0|  23|          16|          16|
    |add_ln703_601_fu_5727_p2   |     +    |      0|  0|   8|          16|          16|
    |add_ln703_602_fu_5225_p2   |     +    |      0|  0|   8|          16|          16|
    |add_ln703_603_fu_3203_p2   |     +    |      0|  0|  12|           6|          12|
    |add_ln703_604_fu_5233_p2   |     +    |      0|  0|   8|          16|          16|
    |add_ln703_606_fu_5239_p2   |     +    |      0|  0|   8|          16|          16|
    |add_ln703_607_fu_3209_p2   |     +    |      0|  0|  17|           8|          13|
    |add_ln703_609_fu_5253_p2   |     +    |      0|  0|  23|          16|          16|
    |add_ln703_610_fu_5736_p2   |     +    |      0|  0|   8|          16|          16|
    |add_ln703_611_fu_5259_p2   |     +    |      0|  0|   8|           9|          16|
    |add_ln703_612_fu_5265_p2   |     +    |      0|  0|   8|          16|          16|
    |add_ln703_614_fu_5270_p2   |     +    |      0|  0|  23|          16|          16|
    |add_ln703_615_fu_5746_p2   |     +    |      0|  0|   8|          16|          16|
    |add_ln703_616_fu_1137_p2   |     +    |      0|  0|  17|           8|          13|
    |add_ln703_617_fu_1147_p2   |     +    |      0|  0|  19|          14|          14|
    |add_ln703_619_fu_5275_p2   |     +    |      0|  0|  23|          16|          16|
    |add_ln703_620_fu_5760_p2   |     +    |      0|  0|   8|          16|          16|
    |add_ln703_621_fu_5281_p2   |     +    |      0|  0|  12|           7|          12|
    |add_ln703_622_fu_5291_p2   |     +    |      0|  0|  21|          15|          15|
    |add_ln703_625_fu_5774_p2   |     +    |      0|  0|   8|          16|          16|
    |add_ln703_626_fu_5297_p2   |     +    |      0|  0|  12|           9|          12|
    |add_ln703_628_fu_5302_p2   |     +    |      0|  0|   8|          16|          16|
    |add_ln703_629_fu_3215_p2   |     +    |      0|  0|  17|           9|          13|
    |add_ln703_631_fu_5935_p2   |     +    |      0|  0|  17|           9|          13|
    |add_ln703_633_fu_5788_p2   |     +    |      0|  0|   8|          16|          16|
    |add_ln703_634_fu_5315_p2   |     +    |      0|  0|  12|           9|          12|
    |add_ln703_637_fu_5321_p2   |     +    |      0|  0|  23|          16|          16|
    |add_ln703_638_fu_5802_p2   |     +    |      0|  0|   8|          16|          16|
    |add_ln703_639_fu_5327_p2   |     +    |      0|  0|   8|          16|          16|
    |add_ln703_640_fu_3221_p2   |     +    |      0|  0|  23|           9|          16|
    |add_ln703_641_fu_5332_p2   |     +    |      0|  0|   8|          16|          16|
    |add_ln703_643_fu_5337_p2   |     +    |      0|  0|  21|          15|          15|
    |add_ln703_644_fu_5814_p2   |     +    |      0|  0|   8|          16|          16|
    |add_ln703_645_fu_3227_p2   |     +    |      0|  0|  12|           7|          12|
    |add_ln703_646_fu_3237_p2   |     +    |      0|  0|  23|          16|          16|
    |add_ln703_648_fu_5343_p2   |     +    |      0|  0|  23|          16|          16|
    |add_ln703_649_fu_5825_p2   |     +    |      0|  0|   8|          16|          16|
    |add_ln703_650_fu_5348_p2   |     +    |      0|  0|   8|           8|          16|
    |add_ln703_651_fu_5354_p2   |     +    |      0|  0|   8|          16|          16|
    |add_ln703_653_fu_5955_p2   |     +    |      0|  0|   8|          16|          16|
    |add_ln703_654_fu_5835_p2   |     +    |      0|  0|  19|          11|          14|
    |add_ln703_656_fu_5360_p2   |     +    |      0|  0|  23|          16|          16|
    |add_ln703_657_fu_5841_p2   |     +    |      0|  0|   8|          16|          16|
    |add_ln703_658_fu_5366_p2   |     +    |      0|  0|   8|           9|          16|
    |add_ln703_659_fu_5371_p2   |     +    |      0|  0|   8|          16|          16|
    |add_ln703_661_fu_5851_p2   |     +    |      0|  0|   8|          16|          16|
    |add_ln703_662_fu_1153_p2   |     +    |      0|  0|  12|           7|          12|
    |add_ln703_663_fu_1163_p2   |     +    |      0|  0|  19|          14|          14|
    |add_ln703_665_fu_5377_p2   |     +    |      0|  0|   8|          16|          16|
    |add_ln703_666_fu_3243_p2   |     +    |      0|  0|  19|           9|          14|
    |add_ln703_667_fu_3253_p2   |     +    |      0|  0|  23|          16|          16|
    |add_ln703_669_fu_5865_p2   |     +    |      0|  0|  21|          15|          15|
    |add_ln703_670_fu_5973_p2   |     +    |      0|  0|   8|           9|          16|
    |add_ln703_672_fu_5387_p2   |     +    |      0|  0|  23|          16|          16|
    |add_ln703_673_fu_5871_p2   |     +    |      0|  0|   8|          16|          16|
    |add_ln703_674_fu_3259_p2   |     +    |      0|  0|  17|          13|          13|
    |add_ln703_675_fu_3269_p2   |     +    |      0|  0|  12|           8|          12|
    |add_ln703_676_fu_3279_p2   |     +    |      0|  0|  19|          14|          14|
    |add_ln703_fu_5462_p2       |     +    |      0|  0|   8|          16|          16|
    |sub_ln1118_147_fu_3320_p2  |     -    |      0|  0|  28|          21|          21|
    |sub_ln1118_148_fu_3347_p2  |     -    |      0|  0|  27|          20|          20|
    |sub_ln1118_149_fu_3366_p2  |     -    |      0|  0|   8|           1|          21|
    |sub_ln1118_150_fu_3372_p2  |     -    |      0|  0|   8|          21|          21|
    |sub_ln1118_151_fu_3403_p2  |     -    |      0|  0|  28|          21|          21|
    |sub_ln1118_152_fu_3419_p2  |     -    |      0|  0|  28|          21|          21|
    |sub_ln1118_153_fu_3435_p2  |     -    |      0|  0|  26|          19|          19|
    |sub_ln1118_154_fu_3467_p2  |     -    |      0|  0|   8|           1|          20|
    |sub_ln1118_155_fu_3473_p2  |     -    |      0|  0|   8|          20|          20|
    |sub_ln1118_156_fu_3505_p2  |     -    |      0|  0|  26|          19|          19|
    |sub_ln1118_157_fu_3555_p2  |     -    |      0|  0|  25|           1|          18|
    |sub_ln1118_158_fu_3582_p2  |     -    |      0|  0|  28|          21|          21|
    |sub_ln1118_159_fu_3613_p2  |     -    |      0|  0|  26|           1|          19|
    |sub_ln1118_160_fu_3633_p2  |     -    |      0|  0|  26|          19|          19|
    |sub_ln1118_161_fu_3665_p2  |     -    |      0|  0|   8|           1|          21|
    |sub_ln1118_162_fu_3671_p2  |     -    |      0|  0|   8|          21|          21|
    |sub_ln1118_163_fu_3703_p2  |     -    |      0|  0|  28|          21|          21|
    |sub_ln1118_164_fu_3759_p2  |     -    |      0|  0|  27|          20|          20|
    |sub_ln1118_165_fu_3790_p2  |     -    |      0|  0|  26|           1|          19|
    |sub_ln1118_166_fu_3810_p2  |     -    |      0|  0|  28|          21|          21|
    |sub_ln1118_167_fu_3842_p2  |     -    |      0|  0|   8|           1|          21|
    |sub_ln1118_168_fu_3848_p2  |     -    |      0|  0|   8|          21|          21|
    |sub_ln1118_169_fu_3864_p2  |     -    |      0|  0|  27|          20|          20|
    |sub_ln1118_16_fu_1460_p2   |     -    |      0|  0|  24|           1|          17|
    |sub_ln1118_170_fu_3880_p2  |     -    |      0|  0|  27|          20|          20|
    |sub_ln1118_171_fu_3896_p2  |     -    |      0|  0|  26|          19|          19|
    |sub_ln1118_172_fu_1294_p2  |     -    |      0|  0|  28|          21|          21|
    |sub_ln1118_173_fu_1324_p2  |     -    |      0|  0|  28|          21|          21|
    |sub_ln1118_174_fu_1351_p2  |     -    |      0|  0|  28|           1|          21|
    |sub_ln1118_175_fu_3928_p2  |     -    |      0|  0|  28|          21|          21|
    |sub_ln1118_176_fu_3942_p2  |     -    |      0|  0|  28|          21|          21|
    |sub_ln1118_177_fu_3956_p2  |     -    |      0|  0|  28|          21|          21|
    |sub_ln1118_178_fu_1375_p2  |     -    |      0|  0|  28|          21|          21|
    |sub_ln1118_179_fu_3973_p2  |     -    |      0|  0|  28|          21|          21|
    |sub_ln1118_17_fu_4097_p2   |     -    |      0|  0|  24|           1|          17|
    |sub_ln1118_180_fu_1402_p2  |     -    |      0|  0|   8|           1|          20|
    |sub_ln1118_181_fu_1408_p2  |     -    |      0|  0|   8|          20|          20|
    |sub_ln1118_182_fu_1424_p2  |     -    |      0|  0|  27|          20|          20|
    |sub_ln1118_183_fu_3991_p2  |     -    |      0|  0|  28|          21|          21|
    |sub_ln1118_184_fu_1476_p2  |     -    |      0|  0|  28|           1|          21|
    |sub_ln1118_185_fu_1492_p2  |     -    |      0|  0|   8|           1|          19|
    |sub_ln1118_186_fu_1498_p2  |     -    |      0|  0|   8|          19|          19|
    |sub_ln1118_187_fu_1514_p2  |     -    |      0|  0|  26|          19|          19|
    |sub_ln1118_188_fu_4032_p2  |     -    |      0|  0|  28|          21|          21|
    |sub_ln1118_189_fu_1544_p2  |     -    |      0|  0|  28|           1|          21|
    |sub_ln1118_18_fu_2059_p2   |     -    |      0|  0|  24|           1|          17|
    |sub_ln1118_190_fu_4049_p2  |     -    |      0|  0|  28|          21|          21|
    |sub_ln1118_191_fu_4082_p2  |     -    |      0|  0|  28|          21|          21|
    |sub_ln1118_192_fu_4121_p2  |     -    |      0|  0|  25|           1|          18|
    |sub_ln1118_193_fu_4152_p2  |     -    |      0|  0|  27|          20|          20|
    |sub_ln1118_194_fu_4172_p2  |     -    |      0|  0|   8|           1|          20|
    |sub_ln1118_195_fu_4178_p2  |     -    |      0|  0|   8|          20|          20|
    |sub_ln1118_196_fu_4194_p2  |     -    |      0|  0|  28|          21|          21|
    |sub_ln1118_197_fu_1581_p2  |     -    |      0|  0|   8|           1|          19|
    |sub_ln1118_198_fu_1587_p2  |     -    |      0|  0|   8|          19|          19|
    |sub_ln1118_199_fu_4249_p2  |     -    |      0|  0|  27|          20|          20|
    |sub_ln1118_19_fu_2185_p2   |     -    |      0|  0|  24|           1|          17|
    |sub_ln1118_200_fu_4291_p2  |     -    |      0|  0|  28|          21|          21|
    |sub_ln1118_201_fu_4338_p2  |     -    |      0|  0|  28|          21|          21|
    |sub_ln1118_202_fu_4354_p2  |     -    |      0|  0|  27|           1|          20|
    |sub_ln1118_203_fu_4390_p2  |     -    |      0|  0|  26|          19|          19|
    |sub_ln1118_204_fu_4410_p2  |     -    |      0|  0|  28|           1|          21|
    |sub_ln1118_205_fu_4440_p2  |     -    |      0|  0|   8|           1|          19|
    |sub_ln1118_206_fu_4446_p2  |     -    |      0|  0|   8|          19|          19|
    |sub_ln1118_207_fu_1621_p2  |     -    |      0|  0|   8|           1|          21|
    |sub_ln1118_208_fu_1646_p2  |     -    |      0|  0|   8|          21|          21|
    |sub_ln1118_209_fu_4462_p2  |     -    |      0|  0|  26|          19|          19|
    |sub_ln1118_20_fu_1256_p2   |     -    |      0|  0|  24|           1|          17|
    |sub_ln1118_210_fu_1689_p2  |     -    |      0|  0|  27|          20|          20|
    |sub_ln1118_211_fu_1711_p2  |     -    |      0|  0|  25|           1|          18|
    |sub_ln1118_212_fu_4513_p2  |     -    |      0|  0|  27|          20|          20|
    |sub_ln1118_213_fu_4562_p2  |     -    |      0|  0|  28|          21|          21|
    |sub_ln1118_214_fu_4578_p2  |     -    |      0|  0|   8|           1|          19|
    |sub_ln1118_215_fu_4584_p2  |     -    |      0|  0|   8|          19|          19|
    |sub_ln1118_216_fu_1751_p2  |     -    |      0|  0|  27|          20|          20|
    |sub_ln1118_217_fu_1788_p2  |     -    |      0|  0|  27|          20|          20|
    |sub_ln1118_218_fu_1804_p2  |     -    |      0|  0|  27|          20|          20|
    |sub_ln1118_219_fu_1820_p2  |     -    |      0|  0|  25|           1|          18|
    |sub_ln1118_220_fu_1862_p2  |     -    |      0|  0|  28|          21|          21|
    |sub_ln1118_221_fu_1882_p2  |     -    |      0|  0|  26|          19|          19|
    |sub_ln1118_222_fu_4629_p2  |     -    |      0|  0|  27|          20|          20|
    |sub_ln1118_223_fu_1923_p2  |     -    |      0|  0|  28|          21|          21|
    |sub_ln1118_224_fu_4676_p2  |     -    |      0|  0|  27|          20|          20|
    |sub_ln1118_225_fu_4696_p2  |     -    |      0|  0|  27|          20|          20|
    |sub_ln1118_226_fu_1959_p2  |     -    |      0|  0|  28|           1|          21|
    |sub_ln1118_227_fu_1986_p2  |     -    |      0|  0|  27|          20|          20|
    |sub_ln1118_228_fu_2013_p2  |     -    |      0|  0|  28|          21|          21|
    |sub_ln1118_229_fu_2043_p2  |     -    |      0|  0|  25|           1|          18|
    |sub_ln1118_230_fu_2099_p2  |     -    |      0|  0|   8|           1|          20|
    |sub_ln1118_231_fu_2105_p2  |     -    |      0|  0|   8|          20|          20|
    |sub_ln1118_232_fu_2136_p2  |     -    |      0|  0|  26|          19|          19|
    |sub_ln1118_233_fu_2163_p2  |     -    |      0|  0|   8|           1|          21|
    |sub_ln1118_234_fu_2169_p2  |     -    |      0|  0|   8|          21|          21|
    |sub_ln1118_235_fu_2205_p2  |     -    |      0|  0|  28|          21|          21|
    |sub_ln1118_236_fu_2221_p2  |     -    |      0|  0|  27|          20|          20|
    |sub_ln1118_237_fu_2265_p2  |     -    |      0|  0|  25|           1|          18|
    |sub_ln1118_238_fu_2292_p2  |     -    |      0|  0|  27|           1|          20|
    |sub_ln1118_239_fu_2308_p2  |     -    |      0|  0|  27|          20|          20|
    |sub_ln1118_240_fu_2339_p2  |     -    |      0|  0|  28|           1|          21|
    |sub_ln1118_241_fu_2366_p2  |     -    |      0|  0|  26|          19|          19|
    |sub_ln1118_242_fu_2382_p2  |     -    |      0|  0|  28|          21|          21|
    |sub_ln1118_243_fu_2398_p2  |     -    |      0|  0|  27|          20|          20|
    |sub_ln1118_244_fu_2417_p2  |     -    |      0|  0|  27|          20|          20|
    |sub_ln1118_245_fu_2453_p2  |     -    |      0|  0|  26|           1|          19|
    |sub_ln1118_246_fu_2459_p2  |     -    |      0|  0|  26|          19|          19|
    |sub_ln1118_247_fu_2529_p2  |     -    |      0|  0|  25|           1|          18|
    |sub_ln1118_248_fu_2580_p2  |     -    |      0|  0|  28|          21|          21|
    |sub_ln1118_249_fu_2611_p2  |     -    |      0|  0|  28|          21|          21|
    |sub_ln1118_250_fu_1204_p2  |     -    |      0|  0|  28|           1|          21|
    |sub_ln1118_251_fu_2629_p2  |     -    |      0|  0|  28|          21|          21|
    |sub_ln1118_252_fu_2659_p2  |     -    |      0|  0|  28|          21|          21|
    |sub_ln1118_253_fu_1221_p2  |     -    |      0|  0|   8|           1|          19|
    |sub_ln1118_254_fu_1227_p2  |     -    |      0|  0|   8|          19|          19|
    |sub_ln1118_255_fu_2676_p2  |     -    |      0|  0|  28|           1|          21|
    |sub_ln1118_256_fu_2707_p2  |     -    |      0|  0|   8|           1|          20|
    |sub_ln1118_257_fu_2713_p2  |     -    |      0|  0|   8|          20|          20|
    |sub_ln1118_258_fu_2729_p2  |     -    |      0|  0|  28|          21|          21|
    |sub_ln1118_259_fu_2744_p2  |     -    |      0|  0|  27|          20|          20|
    |sub_ln1118_260_fu_2764_p2  |     -    |      0|  0|  28|          21|          21|
    |sub_ln1118_261_fu_2793_p2  |     -    |      0|  0|  28|          21|          21|
    |sub_ln1118_262_fu_2808_p2  |     -    |      0|  0|  28|          21|          21|
    |sub_ln1118_263_fu_2824_p2  |     -    |      0|  0|  27|          20|          20|
    |sub_ln1118_264_fu_2840_p2  |     -    |      0|  0|  28|          21|          21|
    |sub_ln1118_265_fu_2880_p2  |     -    |      0|  0|   8|           1|          20|
    |sub_ln1118_266_fu_2886_p2  |     -    |      0|  0|   8|          20|          20|
    |sub_ln1118_267_fu_2913_p2  |     -    |      0|  0|  26|           1|          19|
    |sub_ln1118_268_fu_2955_p2  |     -    |      0|  0|  28|          21|          21|
    |sub_ln1118_269_fu_2974_p2  |     -    |      0|  0|  27|          20|          20|
    |sub_ln1118_270_fu_2997_p2  |     -    |      0|  0|  28|          21|          21|
    |sub_ln1118_271_fu_3013_p2  |     -    |      0|  0|  26|          19|          19|
    |sub_ln1118_fu_3521_p2      |     -    |      0|  0|  24|           1|          17|
    +---------------------------+----------+-------+---+----+------------+------------+
    |Total                      |          |      0|  0|6487|        5532|        6675|
    +---------------------------+----------+-------+---+----+------------+------------+

    * Multiplexer: 
    +---------------+----+-----------+-----+-----------+
    |      Name     | LUT| Input Size| Bits| Total Bits|
    +---------------+----+-----------+-----+-----------+
    |ap_NS_fsm      |  47|         10|    1|         10|
    |grp_fu_304_p0  |  27|          5|    7|         35|
    |grp_fu_304_p1  |  33|          6|   16|         96|
    |grp_fu_305_p0  |  33|          6|    7|         42|
    |grp_fu_305_p1  |  38|          7|   16|        112|
    |grp_fu_306_p0  |  27|          5|    7|         35|
    |grp_fu_306_p1  |  38|          7|   16|        112|
    |grp_fu_307_p0  |  21|          4|    6|         24|
    |grp_fu_307_p1  |  41|          8|   16|        128|
    +---------------+----+-----------+-----+-----------+
    |Total          | 305|         58|   92|        594|
    +---------------+----+-----------+-----+-----------+

    * Register: 
    +--------------------------+----+----+-----+-----------+
    |           Name           | FF | LUT| Bits| Const Bits|
    +--------------------------+----+----+-----+-----------+
    |acc_10_V_reg_7779         |  16|   0|   16|          0|
    |acc_12_V_reg_7784         |  16|   0|   16|          0|
    |acc_13_V_reg_7789         |  16|   0|   16|          0|
    |acc_14_V_reg_7794         |  16|   0|   16|          0|
    |acc_15_V_reg_7799         |  16|   0|   16|          0|
    |acc_16_V_reg_7804         |  16|   0|   16|          0|
    |acc_17_V_reg_7809         |  16|   0|   16|          0|
    |acc_18_V_reg_7814         |  16|   0|   16|          0|
    |acc_19_V_reg_7819         |  16|   0|   16|          0|
    |acc_1_V_reg_7749          |  16|   0|   16|          0|
    |acc_21_V_reg_7559         |  16|   0|   16|          0|
    |acc_22_V_reg_7824         |  16|   0|   16|          0|
    |acc_24_V_reg_7829         |  16|   0|   16|          0|
    |acc_25_V_reg_7569         |  16|   0|   16|          0|
    |acc_26_V_reg_7834         |  16|   0|   16|          0|
    |acc_27_V_reg_7839         |  16|   0|   16|          0|
    |acc_28_V_reg_7594         |  16|   0|   16|          0|
    |acc_29_V_reg_7599         |  16|   0|   16|          0|
    |acc_2_V_reg_7754          |  16|   0|   16|          0|
    |acc_30_V_reg_7604         |  16|   0|   16|          0|
    |acc_31_V_reg_7844         |  16|   0|   16|          0|
    |acc_32_V_reg_7849         |  16|   0|   16|          0|
    |acc_33_V_reg_7854         |  16|   0|   16|          0|
    |acc_35_V_reg_7624         |  16|   0|   16|          0|
    |acc_36_V_reg_7859         |  16|   0|   16|          0|
    |acc_37_V_reg_7864         |  16|   0|   16|          0|
    |acc_38_V_reg_7869         |  16|   0|   16|          0|
    |acc_39_V_reg_7874         |  16|   0|   16|          0|
    |acc_3_V_reg_7439          |  16|   0|   16|          0|
    |acc_40_V_reg_7654         |  16|   0|   16|          0|
    |acc_42_V_reg_7879         |  16|   0|   16|          0|
    |acc_43_V_reg_7884         |  16|   0|   16|          0|
    |acc_44_V_reg_7889         |  16|   0|   16|          0|
    |acc_46_V_reg_7894         |  16|   0|   16|          0|
    |acc_48_V_reg_7689         |  16|   0|   16|          0|
    |acc_4_V_reg_7759          |  16|   0|   16|          0|
    |acc_50_V_reg_7899         |  16|   0|   16|          0|
    |acc_52_V_reg_7904         |  16|   0|   16|          0|
    |acc_53_V_reg_7909         |  16|   0|   16|          0|
    |acc_54_V_reg_7914         |  16|   0|   16|          0|
    |acc_58_V_reg_7924         |  16|   0|   16|          0|
    |acc_59_V_reg_7929         |  16|   0|   16|          0|
    |acc_5_V_reg_7454          |  16|   0|   16|          0|
    |acc_60_V_reg_7734         |  16|   0|   16|          0|
    |acc_63_V_reg_7939         |  16|   0|   16|          0|
    |acc_6_V_reg_7764          |  16|   0|   16|          0|
    |acc_8_V_reg_7769          |  16|   0|   16|          0|
    |acc_9_V_reg_7774          |  16|   0|   16|          0|
    |add_ln703_443_reg_7419    |  16|   0|   16|          0|
    |add_ln703_444_reg_7744    |  16|   0|   16|          0|
    |add_ln703_445_reg_7424    |  16|   0|   16|          0|
    |add_ln703_448_reg_7429    |  16|   0|   16|          0|
    |add_ln703_451_reg_7434    |  16|   0|   16|          0|
    |add_ln703_453_reg_7083    |  16|   0|   16|          0|
    |add_ln703_456_reg_6583    |  14|   0|   14|          0|
    |add_ln703_458_reg_7444    |  16|   0|   16|          0|
    |add_ln703_461_reg_7449    |  16|   0|   16|          0|
    |add_ln703_465_reg_7459    |  16|   0|   16|          0|
    |add_ln703_469_reg_7464    |  16|   0|   16|          0|
    |add_ln703_473_reg_7469    |  16|   0|   16|          0|
    |add_ln703_476_reg_7474    |  16|   0|   16|          0|
    |add_ln703_479_reg_7479    |  12|   0|   12|          0|
    |add_ln703_482_reg_7484    |  16|   0|   16|          0|
    |add_ln703_484_reg_7088    |  16|   0|   16|          0|
    |add_ln703_487_reg_7093    |  16|   0|   16|          0|
    |add_ln703_488_reg_7489    |  16|   0|   16|          0|
    |add_ln703_490_reg_7098    |  16|   0|   16|          0|
    |add_ln703_493_reg_6588    |  15|   0|   15|          0|
    |add_ln703_495_reg_7494    |  16|   0|   16|          0|
    |add_ln703_496_reg_7499    |  16|   0|   16|          0|
    |add_ln703_499_reg_7103    |  12|   0|   12|          0|
    |add_ln703_500_reg_7504    |  16|   0|   16|          0|
    |add_ln703_502_reg_7509    |  16|   0|   16|          0|
    |add_ln703_504_reg_7108    |  15|   0|   15|          0|
    |add_ln703_506_reg_7514    |  16|   0|   16|          0|
    |add_ln703_508_reg_7519    |  15|   0|   15|          0|
    |add_ln703_509_reg_7524    |  16|   0|   16|          0|
    |add_ln703_513_reg_7113    |  16|   0|   16|          0|
    |add_ln703_514_reg_7529    |  16|   0|   16|          0|
    |add_ln703_516_reg_7534    |  16|   0|   16|          0|
    |add_ln703_517_reg_7539    |  16|   0|   16|          0|
    |add_ln703_520_reg_7118    |  15|   0|   15|          0|
    |add_ln703_521_reg_7544    |  16|   0|   16|          0|
    |add_ln703_524_reg_7549    |  16|   0|   16|          0|
    |add_ln703_527_reg_7554    |  16|   0|   16|          0|
    |add_ln703_532_reg_7123    |  16|   0|   16|          0|
    |add_ln703_534_reg_7128    |  16|   0|   16|          0|
    |add_ln703_537_reg_7564    |  16|   0|   16|          0|
    |add_ln703_545_reg_7133    |  16|   0|   16|          0|
    |add_ln703_547_reg_7574    |  16|   0|   16|          0|
    |add_ln703_550_reg_7138    |  16|   0|   16|          0|
    |add_ln703_551_reg_7579    |  16|   0|   16|          0|
    |add_ln703_553_reg_7584    |  16|   0|   16|          0|
    |add_ln703_556_reg_7143    |  16|   0|   16|          0|
    |add_ln703_557_reg_7589    |  16|   0|   16|          0|
    |add_ln703_561_reg_7148    |  16|   0|   16|          0|
    |add_ln703_565_reg_7153    |  14|   0|   14|          0|
    |add_ln703_568_reg_7158    |  16|   0|   16|          0|
    |add_ln703_571_reg_7609    |  16|   0|   16|          0|
    |add_ln703_573_reg_7163    |  16|   0|   16|          0|
    |add_ln703_576_reg_7168    |  13|   0|   13|          0|
    |add_ln703_578_reg_7614    |  16|   0|   16|          0|
    |add_ln703_581_reg_7173    |  15|   0|   15|          0|
    |add_ln703_582_reg_7619    |  16|   0|   16|          0|
    |add_ln703_584_reg_7178    |  14|   0|   14|          0|
    |add_ln703_585_reg_7183    |  15|   0|   15|          0|
    |add_ln703_590_reg_7629    |  16|   0|   16|          0|
    |add_ln703_594_reg_7634    |  16|   0|   16|          0|
    |add_ln703_598_reg_7639    |  16|   0|   16|          0|
    |add_ln703_600_reg_7644    |  16|   0|   16|          0|
    |add_ln703_603_reg_7188    |  12|   0|   12|          0|
    |add_ln703_604_reg_7649    |  16|   0|   16|          0|
    |add_ln703_607_reg_7193    |  13|   0|   13|          0|
    |add_ln703_609_reg_7659    |  16|   0|   16|          0|
    |add_ln703_612_reg_7664    |  16|   0|   16|          0|
    |add_ln703_614_reg_7669    |  16|   0|   16|          0|
    |add_ln703_617_reg_6593    |  14|   0|   14|          0|
    |add_ln703_619_reg_7674    |  16|   0|   16|          0|
    |add_ln703_622_reg_7679    |  15|   0|   15|          0|
    |add_ln703_626_reg_7684    |  12|   0|   12|          0|
    |add_ln703_629_reg_7198    |  13|   0|   13|          0|
    |add_ln703_634_reg_7694    |  12|   0|   12|          0|
    |add_ln703_637_reg_7699    |  16|   0|   16|          0|
    |add_ln703_640_reg_7203    |  16|   0|   16|          0|
    |add_ln703_641_reg_7704    |  16|   0|   16|          0|
    |add_ln703_643_reg_7709    |  15|   0|   15|          0|
    |add_ln703_646_reg_7208    |  16|   0|   16|          0|
    |add_ln703_648_reg_7714    |  16|   0|   16|          0|
    |add_ln703_651_reg_7719    |  16|   0|   16|          0|
    |add_ln703_654_reg_7919    |  14|   0|   14|          0|
    |add_ln703_656_reg_7724    |  16|   0|   16|          0|
    |add_ln703_659_reg_7729    |  16|   0|   16|          0|
    |add_ln703_663_reg_6598    |  14|   0|   14|          0|
    |add_ln703_667_reg_7213    |  16|   0|   16|          0|
    |add_ln703_669_reg_7934    |  15|   0|   15|          0|
    |add_ln703_672_reg_7739    |  16|   0|   16|          0|
    |add_ln703_676_reg_7218    |  14|   0|   14|          0|
    |ap_CS_fsm                 |   9|   0|    9|          0|
    |mult_102_V_reg_7288       |  16|   0|   16|          0|
    |mult_128_V_reg_7293       |  16|   0|   16|          0|
    |mult_132_V_reg_7298       |  16|   0|   16|          0|
    |mult_146_V_reg_7309       |  16|   0|   16|          0|
    |mult_159_V_reg_7315       |  16|   0|   16|          0|
    |mult_15_V_reg_7228        |  16|   0|   16|          0|
    |mult_192_V_reg_6726       |  16|   0|   16|          0|
    |mult_193_V_reg_6739       |  16|   0|   16|          0|
    |mult_194_V_reg_7340       |  16|   0|   16|          0|
    |mult_204_V_reg_7346       |  16|   0|   16|          0|
    |mult_210_V_reg_7351       |  16|   0|   16|          0|
    |mult_219_V_reg_7356       |  16|   0|   16|          0|
    |mult_240_V_reg_6785       |  16|   0|   16|          0|
    |mult_26_V_reg_7233        |  16|   0|   16|          0|
    |mult_272_V_reg_7362       |  16|   0|   16|          0|
    |mult_295_V_reg_6615       |  16|   0|   16|          0|
    |mult_390_V_reg_6821       |  16|   0|   16|          0|
    |mult_40_V_reg_6716        |  16|   0|   16|          0|
    |mult_462_V_reg_6620       |  16|   0|   16|          0|
    |mult_569_V_reg_6856       |  16|   0|   16|          0|
    |mult_577_V_reg_7397       |  16|   0|   16|          0|
    |mult_601_V_reg_6866       |  16|   0|   16|          0|
    |mult_603_V_reg_6630       |  16|   0|   16|          0|
    |mult_652_V_reg_6876       |  16|   0|   16|          0|
    |mult_712_V_reg_6897       |  16|   0|   16|          0|
    |mult_720_V_reg_6902       |  16|   0|   16|          0|
    |mult_730_V_reg_6635       |  16|   0|   16|          0|
    |mult_77_V_reg_7273        |  16|   0|   16|          0|
    |mult_784_V_reg_6928       |  16|   0|   16|          0|
    |mult_794_V_reg_6940       |  16|   0|   16|          0|
    |mult_88_V_reg_7283        |  16|   0|   16|          0|
    |mult_896_V_reg_6980       |  16|   0|   16|          0|
    |mult_897_V_reg_6985       |  16|   0|   16|          0|
    |mult_900_V_reg_6992       |  16|   0|   16|          0|
    |mult_904_V_reg_6997       |  16|   0|   16|          0|
    |mult_905_V_reg_7002       |  16|   0|   16|          0|
    |mult_906_V_reg_7008       |  16|   0|   16|          0|
    |mult_915_V_reg_7013       |  16|   0|   16|          0|
    |mult_917_V_reg_6640       |  16|   0|   16|          0|
    |mult_920_V_reg_7026       |  16|   0|   16|          0|
    |mult_921_V_reg_6684       |  16|   0|   16|          0|
    |mult_927_V_reg_7033       |  16|   0|   16|          0|
    |mult_931_V_reg_6690       |  16|   0|   16|          0|
    |mult_935_V_reg_6696       |  16|   0|   16|          0|
    |mult_938_V_reg_6701       |  16|   0|   16|          0|
    |mult_939_V_reg_7038       |  16|   0|   16|          0|
    |mult_944_V_reg_7043       |  16|   0|   16|          0|
    |mult_946_V_reg_7048       |  16|   0|   16|          0|
    |mult_954_V_reg_6706       |  16|   0|   16|          0|
    |mult_975_V_reg_7068       |  16|   0|   16|          0|
    |reg_601                   |  16|   0|   16|          0|
    |reg_605                   |  16|   0|   16|          0|
    |reg_609                   |  16|   0|   16|          0|
    |reg_613                   |  16|   0|   16|          0|
    |reg_617                   |  16|   0|   16|          0|
    |reg_621                   |  16|   0|   16|          0|
    |reg_625                   |  16|   0|   16|          0|
    |sext_ln1118_109_reg_6608  |  21|   0|   21|          0|
    |sext_ln1118_144_reg_6547  |  21|   0|   21|          0|
    |sext_ln1118_147_reg_6659  |  17|   0|   21|          4|
    |sext_ln1118_41_reg_6312   |  21|   0|   21|          0|
    |sext_ln1118_48_reg_6651   |  21|   0|   21|          0|
    |sext_ln1118_60_reg_6351   |  21|   0|   21|          0|
    |sext_ln1118_63_reg_6733   |  19|   0|   21|          2|
    |sext_ln1118_64_reg_6744   |  17|   0|   21|          4|
    |sext_ln1118_70_reg_6381   |  21|   0|   21|          0|
    |sext_ln1118_73_reg_6800   |  17|   0|   21|          4|
    |sext_ln203_56_reg_6721    |  12|   0|   12|          0|
    |sext_ln203_59_reg_6759    |  14|   0|   14|          0|
    |sext_ln203_70_reg_7387    |  12|   0|   12|          0|
    |sext_ln203_84_reg_6912    |  13|   0|   13|          0|
    |shl_ln1118_123_reg_6674   |  16|   0|   18|          2|
    |shl_ln1118_83_reg_6764    |  16|   0|   17|          1|
    |sub_ln1118_174_reg_6753   |  17|   0|   21|          4|
    |sub_ln1118_189_reg_6805   |  17|   0|   21|          4|
    |sub_ln1118_250_reg_6668   |  17|   0|   21|          4|
    |tmp_10_reg_6491           |  16|   0|   16|          0|
    |tmp_11_reg_6507           |  16|   0|   16|          0|
    |tmp_12_reg_6527           |  16|   0|   16|          0|
    |tmp_13_reg_6536           |  16|   0|   16|          0|
    |tmp_14_reg_6559           |  16|   0|   16|          0|
    |tmp_1_reg_6420            |  16|   0|   16|          0|
    |tmp_2_reg_6440            |  16|   0|   16|          0|
    |tmp_3_reg_6456            |  16|   0|   16|          0|
    |tmp_4_reg_6476            |  16|   0|   16|          0|
    |tmp_576_reg_6795          |  14|   0|   14|          0|
    |tmp_577_reg_6811          |  14|   0|   14|          0|
    |tmp_580_reg_7392          |  14|   0|   14|          0|
    |tmp_581_reg_6882          |  13|   0|   13|          0|
    |tmp_583_reg_6892          |  14|   0|   14|          0|
    |tmp_585_reg_6960          |  14|   0|   14|          0|
    |tmp_586_reg_6679          |  14|   0|   14|          0|
    |tmp_587_reg_6711          |  12|   0|   12|          0|
    |tmp_5_reg_6304            |  16|   0|   16|          0|
    |tmp_6_reg_6328            |  16|   0|   16|          0|
    |tmp_7_reg_6339            |  16|   0|   16|          0|
    |tmp_8_reg_6371            |  16|   0|   16|          0|
    |tmp_9_reg_6389            |  16|   0|   16|          0|
    |tmp_s_reg_6405            |  16|   0|   16|          0|
    |trunc_ln203_reg_6282      |  16|   0|   16|          0|
    |trunc_ln708_209_reg_7238  |  14|   0|   14|          0|
    |trunc_ln708_210_reg_7243  |  15|   0|   15|          0|
    |trunc_ln708_211_reg_7248  |  15|   0|   15|          0|
    |trunc_ln708_212_reg_7253  |  14|   0|   14|          0|
    |trunc_ln708_213_reg_6299  |  13|   0|   13|          0|
    |trunc_ln708_214_reg_7258  |  14|   0|   14|          0|
    |trunc_ln708_215_reg_7263  |  12|   0|   12|          0|
    |trunc_ln708_216_reg_7268  |  13|   0|   13|          0|
    |trunc_ln708_218_reg_6318  |  11|   0|   11|          0|
    |trunc_ln708_220_reg_7278  |  14|   0|   14|          0|
    |trunc_ln708_221_reg_6323  |  15|   0|   15|          0|
    |trunc_ln708_222_reg_7304  |  15|   0|   15|          0|
    |trunc_ln708_223_reg_7320  |  15|   0|   15|          0|
    |trunc_ln708_224_reg_7325  |  15|   0|   15|          0|
    |trunc_ln708_225_reg_7330  |  14|   0|   14|          0|
    |trunc_ln708_226_reg_7335  |  15|   0|   15|          0|
    |trunc_ln708_228_reg_6361  |  13|   0|   13|          0|
    |trunc_ln708_229_reg_6769  |  15|   0|   15|          0|
    |trunc_ln708_231_reg_6774  |  15|   0|   15|          0|
    |trunc_ln708_232_reg_6779  |  12|   0|   12|          0|
    |trunc_ln708_233_reg_6790  |  14|   0|   14|          0|
    |trunc_ln708_234_reg_6366  |  15|   0|   15|          0|
    |trunc_ln708_239_reg_7367  |  15|   0|   15|          0|
    |trunc_ln708_241_reg_7372  |  15|   0|   15|          0|
    |trunc_ln708_244_reg_6400  |  11|   0|   11|          0|
    |trunc_ln708_245_reg_7377  |  14|   0|   14|          0|
    |trunc_ln708_246_reg_7382  |  14|   0|   14|          0|
    |trunc_ln708_249_reg_6826  |  15|   0|   15|          0|
    |trunc_ln708_250_reg_6831  |  15|   0|   15|          0|
    |trunc_ln708_251_reg_6414  |  11|   0|   11|          0|
    |trunc_ln708_253_reg_6430  |  12|   0|   12|          0|
    |trunc_ln708_254_reg_6435  |  11|   0|   11|          0|
    |trunc_ln708_255_reg_6836  |  15|   0|   15|          0|
    |trunc_ln708_256_reg_6450  |  11|   0|   11|          0|
    |trunc_ln708_257_reg_6841  |  15|   0|   15|          0|
    |trunc_ln708_258_reg_6846  |  15|   0|   15|          0|
    |trunc_ln708_259_reg_6851  |  13|   0|   13|          0|
    |trunc_ln708_261_reg_6861  |  14|   0|   14|          0|
    |trunc_ln708_263_reg_6466  |  14|   0|   14|          0|
    |trunc_ln708_264_reg_6471  |  11|   0|   11|          0|
    |trunc_ln708_265_reg_7402  |  15|   0|   15|          0|
    |trunc_ln708_267_reg_7407  |  15|   0|   15|          0|
    |trunc_ln708_268_reg_6871  |  15|   0|   15|          0|
    |trunc_ln708_269_reg_6486  |  13|   0|   13|          0|
    |trunc_ln708_271_reg_6887  |  15|   0|   15|          0|
    |trunc_ln708_272_reg_6907  |  15|   0|   15|          0|
    |trunc_ln708_273_reg_6502  |  12|   0|   12|          0|
    |trunc_ln708_275_reg_6917  |  13|   0|   13|          0|
    |trunc_ln708_276_reg_6923  |  15|   0|   15|          0|
    |trunc_ln708_278_reg_6935  |  14|   0|   14|          0|
    |trunc_ln708_279_reg_6945  |  15|   0|   15|          0|
    |trunc_ln708_280_reg_6517  |  14|   0|   14|          0|
    |trunc_ln708_281_reg_6950  |  15|   0|   15|          0|
    |trunc_ln708_282_reg_6522  |  12|   0|   12|          0|
    |trunc_ln708_283_reg_6955  |  14|   0|   14|          0|
    |trunc_ln708_285_reg_6965  |  15|   0|   15|          0|
    |trunc_ln708_286_reg_6970  |  13|   0|   13|          0|
    |trunc_ln708_287_reg_6975  |  14|   0|   14|          0|
    |trunc_ln708_288_reg_7021  |  15|   0|   15|          0|
    |trunc_ln708_290_reg_7053  |  15|   0|   15|          0|
    |trunc_ln708_291_reg_6572  |  15|   0|   15|          0|
    |trunc_ln708_292_reg_7058  |  15|   0|   15|          0|
    |trunc_ln708_293_reg_7063  |  14|   0|   14|          0|
    |trunc_ln708_294_reg_6577  |  11|   0|   11|          0|
    |trunc_ln708_295_reg_7073  |  15|   0|   15|          0|
    |trunc_ln708_296_reg_7078  |  14|   0|   14|          0|
    |trunc_ln708_s_reg_6294    |  11|   0|   11|          0|
    |trunc_ln_reg_7223         |  15|   0|   15|          0|
    +--------------------------+----+----+-----+-----------+
    |Total                     |4699|   0| 4728|         29|
    +--------------------------+----+----+-----+-----------+



================================================================
== Interface
================================================================
* Summary: 
+--------------+-----+-----+------------+----------------------------------------------------------------------------------+--------------+
|   RTL Ports  | Dir | Bits|  Protocol  |                                   Source Object                                  |    C Type    |
+--------------+-----+-----+------------+----------------------------------------------------------------------------------+--------------+
|ap_clk        |  in |    1| ap_ctrl_hs | dense_latency.0.0.0.0.0.0.0.0.0.0.0.0.0.0.0.0.0.0.0.0.0.0.0.0.0.0.0.0.0.0.0.0.0. | return value |
|ap_rst        |  in |    1| ap_ctrl_hs | dense_latency.0.0.0.0.0.0.0.0.0.0.0.0.0.0.0.0.0.0.0.0.0.0.0.0.0.0.0.0.0.0.0.0.0. | return value |
|ap_start      |  in |    1| ap_ctrl_hs | dense_latency.0.0.0.0.0.0.0.0.0.0.0.0.0.0.0.0.0.0.0.0.0.0.0.0.0.0.0.0.0.0.0.0.0. | return value |
|ap_done       | out |    1| ap_ctrl_hs | dense_latency.0.0.0.0.0.0.0.0.0.0.0.0.0.0.0.0.0.0.0.0.0.0.0.0.0.0.0.0.0.0.0.0.0. | return value |
|ap_idle       | out |    1| ap_ctrl_hs | dense_latency.0.0.0.0.0.0.0.0.0.0.0.0.0.0.0.0.0.0.0.0.0.0.0.0.0.0.0.0.0.0.0.0.0. | return value |
|ap_ready      | out |    1| ap_ctrl_hs | dense_latency.0.0.0.0.0.0.0.0.0.0.0.0.0.0.0.0.0.0.0.0.0.0.0.0.0.0.0.0.0.0.0.0.0. | return value |
|ap_return_0   | out |   16| ap_ctrl_hs | dense_latency.0.0.0.0.0.0.0.0.0.0.0.0.0.0.0.0.0.0.0.0.0.0.0.0.0.0.0.0.0.0.0.0.0. | return value |
|ap_return_1   | out |   16| ap_ctrl_hs | dense_latency.0.0.0.0.0.0.0.0.0.0.0.0.0.0.0.0.0.0.0.0.0.0.0.0.0.0.0.0.0.0.0.0.0. | return value |
|ap_return_2   | out |   16| ap_ctrl_hs | dense_latency.0.0.0.0.0.0.0.0.0.0.0.0.0.0.0.0.0.0.0.0.0.0.0.0.0.0.0.0.0.0.0.0.0. | return value |
|ap_return_3   | out |   16| ap_ctrl_hs | dense_latency.0.0.0.0.0.0.0.0.0.0.0.0.0.0.0.0.0.0.0.0.0.0.0.0.0.0.0.0.0.0.0.0.0. | return value |
|ap_return_4   | out |   16| ap_ctrl_hs | dense_latency.0.0.0.0.0.0.0.0.0.0.0.0.0.0.0.0.0.0.0.0.0.0.0.0.0.0.0.0.0.0.0.0.0. | return value |
|ap_return_5   | out |   16| ap_ctrl_hs | dense_latency.0.0.0.0.0.0.0.0.0.0.0.0.0.0.0.0.0.0.0.0.0.0.0.0.0.0.0.0.0.0.0.0.0. | return value |
|ap_return_6   | out |   16| ap_ctrl_hs | dense_latency.0.0.0.0.0.0.0.0.0.0.0.0.0.0.0.0.0.0.0.0.0.0.0.0.0.0.0.0.0.0.0.0.0. | return value |
|ap_return_7   | out |   16| ap_ctrl_hs | dense_latency.0.0.0.0.0.0.0.0.0.0.0.0.0.0.0.0.0.0.0.0.0.0.0.0.0.0.0.0.0.0.0.0.0. | return value |
|ap_return_8   | out |   16| ap_ctrl_hs | dense_latency.0.0.0.0.0.0.0.0.0.0.0.0.0.0.0.0.0.0.0.0.0.0.0.0.0.0.0.0.0.0.0.0.0. | return value |
|ap_return_9   | out |   16| ap_ctrl_hs | dense_latency.0.0.0.0.0.0.0.0.0.0.0.0.0.0.0.0.0.0.0.0.0.0.0.0.0.0.0.0.0.0.0.0.0. | return value |
|ap_return_10  | out |   16| ap_ctrl_hs | dense_latency.0.0.0.0.0.0.0.0.0.0.0.0.0.0.0.0.0.0.0.0.0.0.0.0.0.0.0.0.0.0.0.0.0. | return value |
|ap_return_11  | out |   16| ap_ctrl_hs | dense_latency.0.0.0.0.0.0.0.0.0.0.0.0.0.0.0.0.0.0.0.0.0.0.0.0.0.0.0.0.0.0.0.0.0. | return value |
|ap_return_12  | out |   16| ap_ctrl_hs | dense_latency.0.0.0.0.0.0.0.0.0.0.0.0.0.0.0.0.0.0.0.0.0.0.0.0.0.0.0.0.0.0.0.0.0. | return value |
|ap_return_13  | out |   16| ap_ctrl_hs | dense_latency.0.0.0.0.0.0.0.0.0.0.0.0.0.0.0.0.0.0.0.0.0.0.0.0.0.0.0.0.0.0.0.0.0. | return value |
|ap_return_14  | out |   16| ap_ctrl_hs | dense_latency.0.0.0.0.0.0.0.0.0.0.0.0.0.0.0.0.0.0.0.0.0.0.0.0.0.0.0.0.0.0.0.0.0. | return value |
|ap_return_15  | out |   16| ap_ctrl_hs | dense_latency.0.0.0.0.0.0.0.0.0.0.0.0.0.0.0.0.0.0.0.0.0.0.0.0.0.0.0.0.0.0.0.0.0. | return value |
|ap_return_16  | out |   16| ap_ctrl_hs | dense_latency.0.0.0.0.0.0.0.0.0.0.0.0.0.0.0.0.0.0.0.0.0.0.0.0.0.0.0.0.0.0.0.0.0. | return value |
|ap_return_17  | out |   16| ap_ctrl_hs | dense_latency.0.0.0.0.0.0.0.0.0.0.0.0.0.0.0.0.0.0.0.0.0.0.0.0.0.0.0.0.0.0.0.0.0. | return value |
|ap_return_18  | out |   16| ap_ctrl_hs | dense_latency.0.0.0.0.0.0.0.0.0.0.0.0.0.0.0.0.0.0.0.0.0.0.0.0.0.0.0.0.0.0.0.0.0. | return value |
|ap_return_19  | out |   16| ap_ctrl_hs | dense_latency.0.0.0.0.0.0.0.0.0.0.0.0.0.0.0.0.0.0.0.0.0.0.0.0.0.0.0.0.0.0.0.0.0. | return value |
|ap_return_20  | out |   16| ap_ctrl_hs | dense_latency.0.0.0.0.0.0.0.0.0.0.0.0.0.0.0.0.0.0.0.0.0.0.0.0.0.0.0.0.0.0.0.0.0. | return value |
|ap_return_21  | out |   16| ap_ctrl_hs | dense_latency.0.0.0.0.0.0.0.0.0.0.0.0.0.0.0.0.0.0.0.0.0.0.0.0.0.0.0.0.0.0.0.0.0. | return value |
|ap_return_22  | out |   16| ap_ctrl_hs | dense_latency.0.0.0.0.0.0.0.0.0.0.0.0.0.0.0.0.0.0.0.0.0.0.0.0.0.0.0.0.0.0.0.0.0. | return value |
|ap_return_23  | out |   16| ap_ctrl_hs | dense_latency.0.0.0.0.0.0.0.0.0.0.0.0.0.0.0.0.0.0.0.0.0.0.0.0.0.0.0.0.0.0.0.0.0. | return value |
|ap_return_24  | out |   16| ap_ctrl_hs | dense_latency.0.0.0.0.0.0.0.0.0.0.0.0.0.0.0.0.0.0.0.0.0.0.0.0.0.0.0.0.0.0.0.0.0. | return value |
|ap_return_25  | out |   16| ap_ctrl_hs | dense_latency.0.0.0.0.0.0.0.0.0.0.0.0.0.0.0.0.0.0.0.0.0.0.0.0.0.0.0.0.0.0.0.0.0. | return value |
|ap_return_26  | out |   16| ap_ctrl_hs | dense_latency.0.0.0.0.0.0.0.0.0.0.0.0.0.0.0.0.0.0.0.0.0.0.0.0.0.0.0.0.0.0.0.0.0. | return value |
|ap_return_27  | out |   16| ap_ctrl_hs | dense_latency.0.0.0.0.0.0.0.0.0.0.0.0.0.0.0.0.0.0.0.0.0.0.0.0.0.0.0.0.0.0.0.0.0. | return value |
|ap_return_28  | out |   16| ap_ctrl_hs | dense_latency.0.0.0.0.0.0.0.0.0.0.0.0.0.0.0.0.0.0.0.0.0.0.0.0.0.0.0.0.0.0.0.0.0. | return value |
|ap_return_29  | out |   16| ap_ctrl_hs | dense_latency.0.0.0.0.0.0.0.0.0.0.0.0.0.0.0.0.0.0.0.0.0.0.0.0.0.0.0.0.0.0.0.0.0. | return value |
|ap_return_30  | out |   16| ap_ctrl_hs | dense_latency.0.0.0.0.0.0.0.0.0.0.0.0.0.0.0.0.0.0.0.0.0.0.0.0.0.0.0.0.0.0.0.0.0. | return value |
|ap_return_31  | out |   16| ap_ctrl_hs | dense_latency.0.0.0.0.0.0.0.0.0.0.0.0.0.0.0.0.0.0.0.0.0.0.0.0.0.0.0.0.0.0.0.0.0. | return value |
|ap_return_32  | out |   16| ap_ctrl_hs | dense_latency.0.0.0.0.0.0.0.0.0.0.0.0.0.0.0.0.0.0.0.0.0.0.0.0.0.0.0.0.0.0.0.0.0. | return value |
|ap_return_33  | out |   16| ap_ctrl_hs | dense_latency.0.0.0.0.0.0.0.0.0.0.0.0.0.0.0.0.0.0.0.0.0.0.0.0.0.0.0.0.0.0.0.0.0. | return value |
|ap_return_34  | out |   16| ap_ctrl_hs | dense_latency.0.0.0.0.0.0.0.0.0.0.0.0.0.0.0.0.0.0.0.0.0.0.0.0.0.0.0.0.0.0.0.0.0. | return value |
|ap_return_35  | out |   16| ap_ctrl_hs | dense_latency.0.0.0.0.0.0.0.0.0.0.0.0.0.0.0.0.0.0.0.0.0.0.0.0.0.0.0.0.0.0.0.0.0. | return value |
|ap_return_36  | out |   16| ap_ctrl_hs | dense_latency.0.0.0.0.0.0.0.0.0.0.0.0.0.0.0.0.0.0.0.0.0.0.0.0.0.0.0.0.0.0.0.0.0. | return value |
|ap_return_37  | out |   16| ap_ctrl_hs | dense_latency.0.0.0.0.0.0.0.0.0.0.0.0.0.0.0.0.0.0.0.0.0.0.0.0.0.0.0.0.0.0.0.0.0. | return value |
|ap_return_38  | out |   16| ap_ctrl_hs | dense_latency.0.0.0.0.0.0.0.0.0.0.0.0.0.0.0.0.0.0.0.0.0.0.0.0.0.0.0.0.0.0.0.0.0. | return value |
|ap_return_39  | out |   16| ap_ctrl_hs | dense_latency.0.0.0.0.0.0.0.0.0.0.0.0.0.0.0.0.0.0.0.0.0.0.0.0.0.0.0.0.0.0.0.0.0. | return value |
|ap_return_40  | out |   16| ap_ctrl_hs | dense_latency.0.0.0.0.0.0.0.0.0.0.0.0.0.0.0.0.0.0.0.0.0.0.0.0.0.0.0.0.0.0.0.0.0. | return value |
|ap_return_41  | out |   16| ap_ctrl_hs | dense_latency.0.0.0.0.0.0.0.0.0.0.0.0.0.0.0.0.0.0.0.0.0.0.0.0.0.0.0.0.0.0.0.0.0. | return value |
|ap_return_42  | out |   16| ap_ctrl_hs | dense_latency.0.0.0.0.0.0.0.0.0.0.0.0.0.0.0.0.0.0.0.0.0.0.0.0.0.0.0.0.0.0.0.0.0. | return value |
|ap_return_43  | out |   16| ap_ctrl_hs | dense_latency.0.0.0.0.0.0.0.0.0.0.0.0.0.0.0.0.0.0.0.0.0.0.0.0.0.0.0.0.0.0.0.0.0. | return value |
|ap_return_44  | out |   16| ap_ctrl_hs | dense_latency.0.0.0.0.0.0.0.0.0.0.0.0.0.0.0.0.0.0.0.0.0.0.0.0.0.0.0.0.0.0.0.0.0. | return value |
|ap_return_45  | out |   16| ap_ctrl_hs | dense_latency.0.0.0.0.0.0.0.0.0.0.0.0.0.0.0.0.0.0.0.0.0.0.0.0.0.0.0.0.0.0.0.0.0. | return value |
|ap_return_46  | out |   16| ap_ctrl_hs | dense_latency.0.0.0.0.0.0.0.0.0.0.0.0.0.0.0.0.0.0.0.0.0.0.0.0.0.0.0.0.0.0.0.0.0. | return value |
|ap_return_47  | out |   16| ap_ctrl_hs | dense_latency.0.0.0.0.0.0.0.0.0.0.0.0.0.0.0.0.0.0.0.0.0.0.0.0.0.0.0.0.0.0.0.0.0. | return value |
|ap_return_48  | out |   16| ap_ctrl_hs | dense_latency.0.0.0.0.0.0.0.0.0.0.0.0.0.0.0.0.0.0.0.0.0.0.0.0.0.0.0.0.0.0.0.0.0. | return value |
|ap_return_49  | out |   16| ap_ctrl_hs | dense_latency.0.0.0.0.0.0.0.0.0.0.0.0.0.0.0.0.0.0.0.0.0.0.0.0.0.0.0.0.0.0.0.0.0. | return value |
|ap_return_50  | out |   16| ap_ctrl_hs | dense_latency.0.0.0.0.0.0.0.0.0.0.0.0.0.0.0.0.0.0.0.0.0.0.0.0.0.0.0.0.0.0.0.0.0. | return value |
|ap_return_51  | out |   16| ap_ctrl_hs | dense_latency.0.0.0.0.0.0.0.0.0.0.0.0.0.0.0.0.0.0.0.0.0.0.0.0.0.0.0.0.0.0.0.0.0. | return value |
|ap_return_52  | out |   16| ap_ctrl_hs | dense_latency.0.0.0.0.0.0.0.0.0.0.0.0.0.0.0.0.0.0.0.0.0.0.0.0.0.0.0.0.0.0.0.0.0. | return value |
|ap_return_53  | out |   16| ap_ctrl_hs | dense_latency.0.0.0.0.0.0.0.0.0.0.0.0.0.0.0.0.0.0.0.0.0.0.0.0.0.0.0.0.0.0.0.0.0. | return value |
|ap_return_54  | out |   16| ap_ctrl_hs | dense_latency.0.0.0.0.0.0.0.0.0.0.0.0.0.0.0.0.0.0.0.0.0.0.0.0.0.0.0.0.0.0.0.0.0. | return value |
|ap_return_55  | out |   16| ap_ctrl_hs | dense_latency.0.0.0.0.0.0.0.0.0.0.0.0.0.0.0.0.0.0.0.0.0.0.0.0.0.0.0.0.0.0.0.0.0. | return value |
|ap_return_56  | out |   16| ap_ctrl_hs | dense_latency.0.0.0.0.0.0.0.0.0.0.0.0.0.0.0.0.0.0.0.0.0.0.0.0.0.0.0.0.0.0.0.0.0. | return value |
|ap_return_57  | out |   16| ap_ctrl_hs | dense_latency.0.0.0.0.0.0.0.0.0.0.0.0.0.0.0.0.0.0.0.0.0.0.0.0.0.0.0.0.0.0.0.0.0. | return value |
|ap_ce         |  in |    1| ap_ctrl_hs | dense_latency.0.0.0.0.0.0.0.0.0.0.0.0.0.0.0.0.0.0.0.0.0.0.0.0.0.0.0.0.0.0.0.0.0. | return value |
|data_V_read   |  in |  256|   ap_none  |                                    data_V_read                                   |    scalar    |
+--------------+-----+-----+------------+----------------------------------------------------------------------------------+--------------+

