

================================================================
== Vivado HLS Report for 'myproject_axi'
================================================================
* Date:           Sun Apr  7 11:31:00 2024

* Version:        2019.1 (Build 2552052 on Fri May 24 15:28:33 MDT 2019)
* Project:        myproject_prj
* Solution:       solution1
* Product family: zynq
* Target device:  xc7z020-clg400-1


================================================================
== Performance Estimates
================================================================
+ Timing (ns): 
    * Summary: 
    +--------+-------+----------+------------+
    |  Clock | Target| Estimated| Uncertainty|
    +--------+-------+----------+------------+
    |ap_clk  |   5.00|     4.535|        0.62|
    +--------+-------+----------+------------+

+ Latency (clock cycles): 
    * Summary: 
    +-----+-----+-----+-----+---------+
    |  Latency  |  Interval | Pipeline|
    | min | max | min | max |   Type  |
    +-----+-----+-----+-----+---------+
    |   93|   93|   93|   93|   none  |
    +-----+-----+-----+-----+---------+

    + Detail: 
        * Instance: 
        +----------------------+-----------+-----+-----+-----+-----+----------+
        |                      |           |  Latency  |  Interval | Pipeline |
        |       Instance       |   Module  | min | max | min | max |   Type   |
        +----------------------+-----------+-----+-----+-----+-----+----------+
        |grp_myproject_fu_234  |myproject  |   53|   53|   17|   17| function |
        +----------------------+-----------+-----+-----+-----+-----+----------+

        * Loop: 
        +----------+-----+-----+----------+-----------+-----------+------+----------+
        |          |  Latency  | Iteration|  Initiation Interval  | Trip |          |
        | Loop Name| min | max |  Latency |  achieved |   target  | Count| Pipelined|
        +----------+-----+-----+----------+-----------+-----------+------+----------+
        |- Loop 1  |   23|   23|         9|          1|          1|    16|    yes   |
        |- Loop 2  |   13|   13|        10|          1|          1|     5|    yes   |
        +----------+-----+-----+----------+-----------+-----------+------+----------+



================================================================
== Utilization Estimates
================================================================
* Summary: 
+-----------------+---------+-------+--------+-------+-----+
|       Name      | BRAM_18K| DSP48E|   FF   |  LUT  | URAM|
+-----------------+---------+-------+--------+-------+-----+
|DSP              |        -|      -|       -|      -|    -|
|Expression       |        -|      -|      40|   5529|    -|
|FIFO             |        -|      -|       -|      -|    -|
|Instance         |        4|      9|   17919|  33226|    -|
|Memory           |        -|      -|       -|      -|    -|
|Multiplexer      |        -|      -|       -|    439|    -|
|Register         |        0|      -|    2683|    320|    -|
+-----------------+---------+-------+--------+-------+-----+
|Total            |        4|      9|   20642|  39514|    0|
+-----------------+---------+-------+--------+-------+-----+
|Available        |      280|    220|  106400|  53200|    0|
+-----------------+---------+-------+--------+-------+-----+
|Utilization (%)  |        1|      4|      19|     74|    0|
+-----------------+---------+-------+--------+-------+-----+

+ Detail: 
    * Instance: 
    +------------------------------------------+-------------------------------------+---------+-------+-------+-------+-----+
    |                 Instance                 |                Module               | BRAM_18K| DSP48E|   FF  |  LUT  | URAM|
    +------------------------------------------+-------------------------------------+---------+-------+-------+-------+-----+
    |grp_myproject_fu_234                      |myproject                            |        4|      9|  17325|  32593|    0|
    |myproject_axi_ashr_54ns_32ns_54_2_1_U249  |myproject_axi_ashr_54ns_32ns_54_2_1  |        0|      0|    214|    216|    0|
    |myproject_axi_fpext_32ns_64_3_1_U248      |myproject_axi_fpext_32ns_64_3_1      |        0|      0|    100|    138|    0|
    |myproject_axi_lshr_32ns_32ns_32_2_1_U251  |myproject_axi_lshr_32ns_32ns_32_2_1  |        0|      0|    140|    126|    0|
    |myproject_axi_mux_53_16_1_1_U250          |myproject_axi_mux_53_16_1_1          |        0|      0|      0|     27|    0|
    |myproject_axi_shl_64ns_32ns_64_2_1_U252   |myproject_axi_shl_64ns_32ns_64_2_1   |        0|      0|    140|    126|    0|
    +------------------------------------------+-------------------------------------+---------+-------+-------+-------+-----+
    |Total                                     |                                     |        4|      9|  17919|  33226|    0|
    +------------------------------------------+-------------------------------------+---------+-------+-------+-------+-----+

    * DSP48E: 
    N/A

    * Memory: 
    N/A

    * FIFO: 
    N/A

    * Expression: 
    +----------------------------------+----------+-------+----+-----+------------+------------+
    |           Variable Name          | Operation| DSP48E| FF | LUT | Bitwidth P0| Bitwidth P1|
    +----------------------------------+----------+-------+----+-----+------------+------------+
    |add_ln581_fu_351_p2               |     +    |      0|   0|   12|           5|          12|
    |add_ln949_fu_884_p2               |     +    |      0|   0|   23|           6|          16|
    |add_ln958_fu_851_p2               |     +    |      0|   0|   39|           6|          32|
    |add_ln964_fu_992_p2               |     +    |      0|   0|    8|           8|           8|
    |i_1_fu_714_p2                     |     +    |      0|   0|   12|           3|           1|
    |i_fu_252_p2                       |     +    |      0|   0|   15|           5|           1|
    |lsb_index_fu_816_p2               |     +    |      0|   0|   39|           6|          32|
    |m_2_fu_953_p2                     |     +    |      0|   0|   71|          64|          64|
    |F2_fu_339_p2                      |     -    |      0|   0|   12|          11|          12|
    |man_V_1_fu_321_p2                 |     -    |      0|   0|   61|           1|          54|
    |sub_ln581_fu_357_p2               |     -    |      0|   0|   12|           4|          12|
    |sub_ln944_fu_797_p2               |     -    |      0|   0|   39|           5|          32|
    |sub_ln947_fu_810_p2               |     -    |      0|   0|   15|           4|           5|
    |sub_ln958_fu_856_p2               |     -    |      0|   0|   39|           5|          32|
    |sub_ln964_fu_987_p2               |     -    |      0|   0|    8|           3|           8|
    |tmp_V_fu_739_p2                   |     -    |      0|   0|   23|           1|          16|
    |a_fu_866_p2                       |    and   |      0|   0|    2|           1|           1|
    |and_ln203_1_fu_666_p2             |    and   |      0|   0|  256|         256|         256|
    |and_ln203_2_fu_672_p2             |    and   |      0|   0|  256|         256|         256|
    |and_ln203_fu_637_p2               |    and   |      0|   0|  256|         256|         256|
    |and_ln24_fu_751_p2                |    and   |      0|   0|    2|           1|           1|
    |and_ln581_fu_442_p2               |    and   |      0|   0|    2|           1|           1|
    |and_ln582_fu_500_p2               |    and   |      0|   0|    2|           1|           1|
    |and_ln585_1_fu_459_p2             |    and   |      0|   0|    2|           1|           1|
    |and_ln585_fu_453_p2               |    and   |      0|   0|    2|           1|           1|
    |and_ln603_fu_476_p2               |    and   |      0|   0|    2|           1|           1|
    |and_ln949_fu_896_p2               |    and   |      0|   0|    2|           1|           1|
    |ap_block_pp0_stage0_11001         |    and   |      0|   0|    2|           1|           1|
    |ap_block_state2_pp0_stage0_iter0  |    and   |      0|   0|    2|           1|           1|
    |ap_block_state73_io               |    and   |      0|   0|    2|           1|           1|
    |ap_block_state74_io               |    and   |      0|   0|    2|           1|           1|
    |in_data_0_load_A                  |    and   |      0|   0|    2|           1|           1|
    |in_data_0_load_B                  |    and   |      0|   0|    2|           1|           1|
    |in_last_V_0_load_A                |    and   |      0|   0|    2|           1|           1|
    |in_last_V_0_load_B                |    and   |      0|   0|    2|           1|           1|
    |out_data_1_load_A                 |    and   |      0|   0|    2|           1|           1|
    |out_data_1_load_B                 |    and   |      0|   0|    2|           1|           1|
    |out_last_V_1_load_A               |    and   |      0|   0|    2|           1|           1|
    |out_last_V_1_load_B               |    and   |      0|   0|    2|           1|           1|
    |p_Result_10_fu_840_p2             |    and   |      0|   0|   16|          16|          16|
    |l_fu_785_p3                       |   cttz   |      0|  40|   36|          32|           0|
    |icmp_ln13_fu_246_p2               |   icmp   |      0|   0|   11|           5|           6|
    |icmp_ln203_fu_552_p2              |   icmp   |      0|   0|   11|           8|           8|
    |icmp_ln21_fu_708_p2               |   icmp   |      0|   0|    9|           3|           3|
    |icmp_ln24_fu_745_p2               |   icmp   |      0|   0|    9|           3|           4|
    |icmp_ln571_fu_334_p2              |   icmp   |      0|   0|   29|          63|           1|
    |icmp_ln581_fu_345_p2              |   icmp   |      0|   0|   13|          12|           4|
    |icmp_ln582_fu_371_p2              |   icmp   |      0|   0|   13|          12|           4|
    |icmp_ln585_fu_394_p2              |   icmp   |      0|   0|   13|          12|           6|
    |icmp_ln603_fu_399_p2              |   icmp   |      0|   0|   11|           8|           1|
    |icmp_ln935_fu_757_p2              |   icmp   |      0|   0|   13|          16|           1|
    |icmp_ln947_1_fu_845_p2            |   icmp   |      0|   0|   13|          16|           1|
    |icmp_ln947_fu_861_p2              |   icmp   |      0|   0|   18|          31|           1|
    |icmp_ln958_fu_922_p2              |   icmp   |      0|   0|   18|          32|           1|
    |in_data_0_state_cmp_full          |   icmp   |      0|   0|    8|           2|           1|
    |in_last_V_0_state_cmp_full        |   icmp   |      0|   0|    8|           2|           1|
    |out_data_1_state_cmp_full         |   icmp   |      0|   0|    8|           2|           1|
    |out_last_V_1_state_cmp_full       |   icmp   |      0|   0|    8|           2|           1|
    |lshr_ln203_fu_631_p2              |   lshr   |      0|   0|  950|           2|         256|
    |lshr_ln947_fu_834_p2              |   lshr   |      0|   0|   35|           2|          16|
    |ap_block_pp1_stage0_11001         |    or    |      0|   0|    2|           1|           1|
    |ap_block_state75                  |    or    |      0|   0|    2|           1|           1|
    |empty_42_fu_546_p2                |    or    |      0|   0|    8|           8|           4|
    |in_local_V_1_fu_677_p2            |    or    |      0|   0|  256|         256|         256|
    |is_last_fu_271_p2                 |    or    |      0|   0|    2|           1|           1|
    |or_ln581_fu_465_p2                |    or    |      0|   0|    2|           1|           1|
    |or_ln582_fu_432_p2                |    or    |      0|   0|    2|           1|           1|
    |or_ln603_1_fu_505_p2              |    or    |      0|   0|    2|           1|           1|
    |or_ln603_2_fu_510_p2              |    or    |      0|   0|    2|           1|           1|
    |or_ln603_fu_482_p2                |    or    |      0|   0|    2|           1|           1|
    |or_ln949_fu_902_p2                |    or    |      0|   0|    2|           1|           1|
    |m_1_fu_944_p3                     |  select  |      0|   0|   64|           1|          64|
    |man_V_2_fu_327_p3                 |  select  |      0|   0|   54|           1|          54|
    |select_ln203_1_fu_587_p3          |  select  |      0|   0|    9|           1|           9|
    |select_ln203_2_fu_594_p3          |  select  |      0|   0|    9|           1|           9|
    |select_ln203_3_fu_655_p3          |  select  |      0|   0|  256|           1|         256|
    |select_ln203_fu_580_p3            |  select  |      0|   0|    9|           1|           9|
    |select_ln588_fu_424_p3            |  select  |      0|   0|    2|           1|           2|
    |select_ln603_1_fu_488_p3          |  select  |      0|   0|   16|           1|          16|
    |select_ln603_2_fu_533_p3          |  select  |      0|   0|   16|           1|          16|
    |select_ln603_3_fu_558_p3          |  select  |      0|   0|   16|           1|          16|
    |select_ln603_fu_526_p3            |  select  |      0|   0|   16|           1|          16|
    |select_ln935_fu_1024_p3           |  select  |      0|   0|   32|           1|           1|
    |select_ln964_fu_977_p3            |  select  |      0|   0|    7|           1|           7|
    |sh_amt_fu_363_p3                  |  select  |      0|   0|   12|           1|          12|
    |tmp_V_4_fu_762_p3                 |  select  |      0|   0|   16|           1|          16|
    |shl_ln203_1_fu_625_p2             |    shl   |      0|   0|  950|           2|         256|
    |shl_ln203_fu_619_p2               |    shl   |      0|   0|  950|         256|         256|
    |shl_ln604_fu_521_p2               |    shl   |      0|   0|   35|          16|          16|
    |ap_enable_pp0                     |    xor   |      0|   0|    2|           1|           2|
    |ap_enable_pp1                     |    xor   |      0|   0|    2|           1|           2|
    |ap_enable_reg_pp0_iter1           |    xor   |      0|   0|    2|           2|           1|
    |ap_enable_reg_pp1_iter1           |    xor   |      0|   0|    2|           2|           1|
    |xor_ln203_1_fu_601_p2             |    xor   |      0|   0|    9|           9|           8|
    |xor_ln203_2_fu_661_p2             |    xor   |      0|   0|  256|           2|         256|
    |xor_ln203_fu_574_p2               |    xor   |      0|   0|    9|           9|           8|
    |xor_ln571_fu_495_p2               |    xor   |      0|   0|    2|           1|           2|
    |xor_ln581_fu_470_p2               |    xor   |      0|   0|    2|           1|           2|
    |xor_ln582_fu_436_p2               |    xor   |      0|   0|    2|           1|           2|
    |xor_ln585_fu_447_p2               |    xor   |      0|   0|    2|           1|           2|
    |xor_ln949_fu_878_p2               |    xor   |      0|   0|    2|           1|           2|
    +----------------------------------+----------+-------+----+-----+------------+------------+
    |Total                             |          |      0|  40| 5529|        1799|        3046|
    +----------------------------------+----------+-------+----+-----+------------+------------+

    * Multiplexer: 
    +------------------------------------+-----+-----------+-----+-----------+
    |                Name                | LUT | Input Size| Bits| Total Bits|
    +------------------------------------+-----+-----------+-----+-----------+
    |ap_NS_fsm                           |  253|         59|    1|         59|
    |ap_enable_reg_pp0_iter1             |    9|          2|    1|          2|
    |ap_enable_reg_pp0_iter8             |    9|          2|    1|          2|
    |ap_enable_reg_pp1_iter1             |    9|          2|    1|          2|
    |ap_enable_reg_pp1_iter9             |    9|          2|    1|          2|
    |ap_phi_mux_is_last_0_phi_fu_204_p4  |    9|          2|    1|          2|
    |i2_0_reg_223                        |    9|          2|    3|          6|
    |i_0_reg_212                         |    9|          2|    5|         10|
    |in_data_0_data_out                  |    9|          2|   32|         64|
    |in_data_0_state                     |   15|          3|    2|          6|
    |in_last_V_0_data_out                |    9|          2|    1|          2|
    |in_last_V_0_state                   |   15|          3|    2|          6|
    |in_r_TDATA_blk_n                    |    9|          2|    1|          2|
    |is_last_0_reg_200                   |    9|          2|    1|          2|
    |out_data_1_data_out                 |    9|          2|   32|         64|
    |out_data_1_state                    |   15|          3|    2|          6|
    |out_last_V_1_data_out               |    9|          2|    1|          2|
    |out_last_V_1_state                  |   15|          3|    2|          6|
    |out_r_TDATA_blk_n                   |    9|          2|    1|          2|
    +------------------------------------+-----+-----------+-----+-----------+
    |Total                               |  439|         99|   91|        247|
    +------------------------------------+-----+-----------+-----+-----------+

    * Register: 
    +---------------------------------------+-----+----+-----+-----------+
    |                  Name                 |  FF | LUT| Bits| Const Bits|
    +---------------------------------------+-----+----+-----+-----------+
    |add_ln958_reg_1312                     |   32|   0|   32|          0|
    |and_ln203_reg_1194                     |  256|   0|  256|          0|
    |and_ln24_reg_1251                      |    1|   0|    1|          0|
    |and_ln585_reg_1134                     |    1|   0|    1|          0|
    |and_ln603_reg_1139                     |    1|   0|    1|          0|
    |and_ln603_reg_1139_pp0_iter5_reg       |    1|   0|    1|          0|
    |ap_CS_fsm                              |   58|   0|   58|          0|
    |ap_enable_reg_pp0_iter0                |    1|   0|    1|          0|
    |ap_enable_reg_pp0_iter1                |    1|   0|    1|          0|
    |ap_enable_reg_pp0_iter2                |    1|   0|    1|          0|
    |ap_enable_reg_pp0_iter3                |    1|   0|    1|          0|
    |ap_enable_reg_pp0_iter4                |    1|   0|    1|          0|
    |ap_enable_reg_pp0_iter5                |    1|   0|    1|          0|
    |ap_enable_reg_pp0_iter6                |    1|   0|    1|          0|
    |ap_enable_reg_pp0_iter7                |    1|   0|    1|          0|
    |ap_enable_reg_pp0_iter8                |    1|   0|    1|          0|
    |ap_enable_reg_pp1_iter0                |    1|   0|    1|          0|
    |ap_enable_reg_pp1_iter1                |    1|   0|    1|          0|
    |ap_enable_reg_pp1_iter2                |    1|   0|    1|          0|
    |ap_enable_reg_pp1_iter3                |    1|   0|    1|          0|
    |ap_enable_reg_pp1_iter4                |    1|   0|    1|          0|
    |ap_enable_reg_pp1_iter5                |    1|   0|    1|          0|
    |ap_enable_reg_pp1_iter6                |    1|   0|    1|          0|
    |ap_enable_reg_pp1_iter7                |    1|   0|    1|          0|
    |ap_enable_reg_pp1_iter8                |    1|   0|    1|          0|
    |ap_enable_reg_pp1_iter9                |    1|   0|    1|          0|
    |ashr_ln586_reg_1155                    |   54|   0|   54|          0|
    |empty_42_reg_1175                      |    4|   0|    8|          4|
    |exp_tmp_V_reg_1074                     |   11|   0|   11|          0|
    |grp_myproject_fu_234_ap_start_reg      |    1|   0|    1|          0|
    |i2_0_reg_223                           |    3|   0|    3|          0|
    |i_0_reg_212                            |    5|   0|    5|          0|
    |icmp_ln13_reg_1039                     |    1|   0|    1|          0|
    |icmp_ln203_reg_1180                    |    1|   0|    1|          0|
    |icmp_ln203_reg_1180_pp0_iter7_reg      |    1|   0|    1|          0|
    |icmp_ln21_reg_1225                     |    1|   0|    1|          0|
    |icmp_ln571_reg_1089                    |    1|   0|    1|          0|
    |icmp_ln571_reg_1089_pp0_iter4_reg      |    1|   0|    1|          0|
    |icmp_ln581_reg_1095                    |    1|   0|    1|          0|
    |icmp_ln582_reg_1107                    |    1|   0|    1|          0|
    |icmp_ln582_reg_1107_pp0_iter4_reg      |    1|   0|    1|          0|
    |icmp_ln935_reg_1256                    |    1|   0|    1|          0|
    |icmp_ln947_1_reg_1307                  |    1|   0|    1|          0|
    |icmp_ln958_reg_1337                    |    1|   0|    1|          0|
    |icmp_ln958_reg_1337_pp1_iter5_reg      |    1|   0|    1|          0|
    |in_data_0_payload_A                    |   32|   0|   32|          0|
    |in_data_0_payload_B                    |   32|   0|   32|          0|
    |in_data_0_sel_rd                       |    1|   0|    1|          0|
    |in_data_0_sel_wr                       |    1|   0|    1|          0|
    |in_data_0_state                        |    2|   0|    2|          0|
    |in_data_tmp_reg_1048                   |   32|   0|   32|          0|
    |in_last_V_0_payload_A                  |    1|   0|    1|          0|
    |in_last_V_0_payload_B                  |    1|   0|    1|          0|
    |in_last_V_0_sel_rd                     |    1|   0|    1|          0|
    |in_last_V_0_sel_wr                     |    1|   0|    1|          0|
    |in_last_V_0_state                      |    2|   0|    2|          0|
    |in_local_V_fu_178                      |  256|   0|  256|          0|
    |is_last_0_reg_200                      |    1|   0|    1|          0|
    |is_last_reg_1059                       |    1|   0|    1|          0|
    |l_reg_1269                             |   32|   0|   32|          0|
    |lsb_index_reg_1296                     |   32|   0|   32|          0|
    |lshr_ln958_reg_1347                    |   32|   0|   32|          0|
    |m_5_reg_1357                           |   63|   0|   63|          0|
    |m_5_reg_1357_pp1_iter7_reg             |   63|   0|   63|          0|
    |man_V_2_reg_1084                       |   54|   0|   54|          0|
    |or_ln603_2_reg_1160                    |    1|   0|    1|          0|
    |or_ln603_2_reg_1160_pp0_iter6_reg      |    1|   0|    1|          0|
    |or_ln603_reg_1144                      |    1|   0|    1|          0|
    |or_ln603_reg_1144_pp0_iter5_reg        |    1|   0|    1|          0|
    |or_ln_reg_1322                         |    1|   0|   32|         31|
    |or_ln_reg_1322_pp1_iter5_reg           |    1|   0|   32|         31|
    |out_data_1_payload_A                   |   32|   0|   32|          0|
    |out_data_1_payload_B                   |   32|   0|   32|          0|
    |out_data_1_sel_rd                      |    1|   0|    1|          0|
    |out_data_1_sel_wr                      |    1|   0|    1|          0|
    |out_data_1_state                       |    2|   0|    2|          0|
    |out_last_V_1_payload_A                 |    1|   0|    1|          0|
    |out_last_V_1_payload_B                 |    1|   0|    1|          0|
    |out_last_V_1_sel_rd                    |    1|   0|    1|          0|
    |out_last_V_1_sel_wr                    |    1|   0|    1|          0|
    |out_last_V_1_state                     |    2|   0|    2|          0|
    |out_local_1_reg_1205                   |   16|   0|   16|          0|
    |out_local_2_reg_1210                   |   16|   0|   16|          0|
    |out_local_3_reg_1215                   |   16|   0|   16|          0|
    |out_local_4_reg_1220                   |   16|   0|   16|          0|
    |out_local_reg_1200                     |   16|   0|   16|          0|
    |p_Result_12_reg_1069                   |    1|   0|    1|          0|
    |p_Result_14_reg_1240                   |    1|   0|    1|          0|
    |select_ln603_1_reg_1150                |   16|   0|   16|          0|
    |select_ln603_1_reg_1150_pp0_iter5_reg  |   16|   0|   16|          0|
    |select_ln603_2_reg_1165                |   16|   0|   16|          0|
    |select_ln964_reg_1367                  |    1|   0|    8|          7|
    |sext_ln581_reg_1124                    |   32|   0|   32|          0|
    |sext_ln581_reg_1124_pp0_iter5_reg      |   32|   0|   32|          0|
    |sh_amt_reg_1101                        |   12|   0|   12|          0|
    |shl_ln203_reg_1188                     |  256|   0|  256|          0|
    |shl_ln958_reg_1352                     |   64|   0|   64|          0|
    |shl_ln_reg_1170                        |    4|   0|    8|          4|
    |sub_ln944_reg_1279                     |   32|   0|   32|          0|
    |sub_ln947_reg_1291                     |    5|   0|    5|          0|
    |sub_ln958_reg_1317                     |   32|   0|   32|          0|
    |tmp_465_reg_1119                       |    8|   0|    8|          0|
    |tmp_469_reg_1302                       |   31|   0|   31|          0|
    |tmp_471_reg_1362                       |    1|   0|    1|          0|
    |tmp_V_3_reg_1234                       |   16|   0|   16|          0|
    |tmp_V_4_reg_1261                       |   16|   0|   16|          0|
    |tmp_V_reg_1246                         |   16|   0|   16|          0|
    |trunc_ln203_reg_1054                   |    4|   0|    4|          0|
    |trunc_ln556_reg_1064                   |   63|   0|   63|          0|
    |trunc_ln565_reg_1079                   |   52|   0|   52|          0|
    |trunc_ln583_reg_1113                   |   16|   0|   16|          0|
    |trunc_ln943_reg_1274                   |    8|   0|    8|          0|
    |trunc_ln944_reg_1286                   |   16|   0|   16|          0|
    |trunc_ln944_reg_1286_pp1_iter3_reg     |   16|   0|   16|          0|
    |and_ln24_reg_1251                      |   64|  32|    1|          0|
    |icmp_ln13_reg_1039                     |   64|  32|    1|          0|
    |icmp_ln21_reg_1225                     |   64|  32|    1|          0|
    |icmp_ln935_reg_1256                    |   64|  32|    1|          0|
    |in_data_tmp_reg_1048                   |   64|  32|   32|          0|
    |p_Result_14_reg_1240                   |   64|  32|    1|          0|
    |tmp_V_4_reg_1261                       |   64|  32|   16|          0|
    |trunc_ln203_reg_1054                   |   64|  32|    4|          0|
    |trunc_ln583_reg_1113                   |   64|  32|   16|          0|
    |trunc_ln943_reg_1274                   |   64|  32|    8|          0|
    +---------------------------------------+-----+----+-----+-----------+
    |Total                                  | 2683| 320| 2201|         77|
    +---------------------------------------+-----+----+-----+-----------+



================================================================
== Interface
================================================================
* Summary: 
+--------------+-----+-----+--------------+---------------+--------------+
|   RTL Ports  | Dir | Bits|   Protocol   | Source Object |    C Type    |
+--------------+-----+-----+--------------+---------------+--------------+
|ap_clk        |  in |    1| ap_ctrl_none | myproject_axi | return value |
|ap_rst_n      |  in |    1| ap_ctrl_none | myproject_axi | return value |
|in_r_TDATA    |  in |   32|     axis     |    in_data    |    pointer   |
|in_r_TVALID   |  in |    1|     axis     |   in_last_V   |    pointer   |
|in_r_TREADY   | out |    1|     axis     |   in_last_V   |    pointer   |
|in_r_TLAST    |  in |    1|     axis     |   in_last_V   |    pointer   |
|out_r_TDATA   | out |   32|     axis     |    out_data   |    pointer   |
|out_r_TREADY  |  in |    1|     axis     |    out_data   |    pointer   |
|out_r_TVALID  | out |    1|     axis     |   out_last_V  |    pointer   |
|out_r_TLAST   | out |    1|     axis     |   out_last_V  |    pointer   |
+--------------+-----+-----+--------------+---------------+--------------+

