

================================================================
== Vivado HLS Report for 'relu_ap_fixed_16_6_5_3_0_ap_ufixed_6_0_4_0_0_relu_config7_s'
================================================================
* Date:           Sun Apr  7 11:30:47 2024

* Version:        2019.1 (Build 2552052 on Fri May 24 15:28:33 MDT 2019)
* Project:        myproject_prj
* Solution:       solution1
* Product family: zynq
* Target device:  xc7z020-clg400-1


================================================================
== Performance Estimates
================================================================
+ Timing (ns): 
    * Summary: 
    +--------+-------+----------+------------+
    |  Clock | Target| Estimated| Uncertainty|
    +--------+-------+----------+------------+
    |ap_clk  |   5.00|     4.144|        0.62|
    +--------+-------+----------+------------+

+ Latency (clock cycles): 
    * Summary: 
    +-----+-----+-----+-----+----------+
    |  Latency  |  Interval | Pipeline |
    | min | max | min | max |   Type   |
    +-----+-----+-----+-----+----------+
    |    0|    0|    1|    1| function |
    +-----+-----+-----+-----+----------+

    + Detail: 
        * Instance: 
        N/A

        * Loop: 
        N/A



================================================================
== Utilization Estimates
================================================================
* Summary: 
+-----------------+---------+-------+--------+-------+-----+
|       Name      | BRAM_18K| DSP48E|   FF   |  LUT  | URAM|
+-----------------+---------+-------+--------+-------+-----+
|DSP              |        -|      -|       -|      -|    -|
|Expression       |        -|      -|       0|   2511|    -|
|FIFO             |        -|      -|       -|      -|    -|
|Instance         |        -|      -|       -|      -|    -|
|Memory           |        -|      -|       -|      -|    -|
|Multiplexer      |        -|      -|       -|      -|    -|
|Register         |        -|      -|       -|      -|    -|
+-----------------+---------+-------+--------+-------+-----+
|Total            |        0|      0|       0|   2511|    0|
+-----------------+---------+-------+--------+-------+-----+
|Available        |      280|    220|  106400|  53200|    0|
+-----------------+---------+-------+--------+-------+-----+
|Utilization (%)  |        0|      0|       0|      4|    0|
+-----------------+---------+-------+--------+-------+-----+

+ Detail: 
    * Instance: 
    N/A

    * DSP48E: 
    N/A

    * Memory: 
    N/A

    * FIFO: 
    N/A

    * Expression: 
    +-----------------------------+----------+-------+---+----+------------+------------+
    |        Variable Name        | Operation| DSP48E| FF| LUT| Bitwidth P0| Bitwidth P1|
    +-----------------------------+----------+-------+---+----+------------+------------+
    |add_ln415_10_fu_1736_p2      |     +    |      0|  0|  15|           6|           6|
    |add_ln415_11_fu_1874_p2      |     +    |      0|  0|  15|           6|           6|
    |add_ln415_12_fu_2012_p2      |     +    |      0|  0|  15|           6|           6|
    |add_ln415_13_fu_2150_p2      |     +    |      0|  0|  15|           6|           6|
    |add_ln415_14_fu_2288_p2      |     +    |      0|  0|  15|           6|           6|
    |add_ln415_15_fu_2426_p2      |     +    |      0|  0|  15|           6|           6|
    |add_ln415_16_fu_2564_p2      |     +    |      0|  0|  15|           6|           6|
    |add_ln415_17_fu_2702_p2      |     +    |      0|  0|  15|           6|           6|
    |add_ln415_18_fu_2840_p2      |     +    |      0|  0|  15|           6|           6|
    |add_ln415_19_fu_2978_p2      |     +    |      0|  0|  15|           6|           6|
    |add_ln415_1_fu_494_p2        |     +    |      0|  0|  15|           6|           6|
    |add_ln415_20_fu_3116_p2      |     +    |      0|  0|  15|           6|           6|
    |add_ln415_21_fu_3254_p2      |     +    |      0|  0|  15|           6|           6|
    |add_ln415_22_fu_3392_p2      |     +    |      0|  0|  15|           6|           6|
    |add_ln415_23_fu_3530_p2      |     +    |      0|  0|  15|           6|           6|
    |add_ln415_24_fu_3668_p2      |     +    |      0|  0|  15|           6|           6|
    |add_ln415_25_fu_3806_p2      |     +    |      0|  0|  15|           6|           6|
    |add_ln415_26_fu_3944_p2      |     +    |      0|  0|  15|           6|           6|
    |add_ln415_27_fu_4082_p2      |     +    |      0|  0|  15|           6|           6|
    |add_ln415_28_fu_4220_p2      |     +    |      0|  0|  15|           6|           6|
    |add_ln415_29_fu_4358_p2      |     +    |      0|  0|  15|           6|           6|
    |add_ln415_2_fu_632_p2        |     +    |      0|  0|  15|           6|           6|
    |add_ln415_30_fu_4496_p2      |     +    |      0|  0|  15|           6|           6|
    |add_ln415_3_fu_770_p2        |     +    |      0|  0|  15|           6|           6|
    |add_ln415_4_fu_908_p2        |     +    |      0|  0|  15|           6|           6|
    |add_ln415_5_fu_1046_p2       |     +    |      0|  0|  15|           6|           6|
    |add_ln415_6_fu_1184_p2       |     +    |      0|  0|  15|           6|           6|
    |add_ln415_7_fu_1322_p2       |     +    |      0|  0|  15|           6|           6|
    |add_ln415_8_fu_1460_p2       |     +    |      0|  0|  15|           6|           6|
    |add_ln415_9_fu_1598_p2       |     +    |      0|  0|  15|           6|           6|
    |add_ln415_fu_356_p2          |     +    |      0|  0|  15|           6|           6|
    |and_ln415_10_fu_1726_p2      |    and   |      0|  0|   2|           1|           1|
    |and_ln415_11_fu_1864_p2      |    and   |      0|  0|   2|           1|           1|
    |and_ln415_12_fu_2002_p2      |    and   |      0|  0|   2|           1|           1|
    |and_ln415_13_fu_2140_p2      |    and   |      0|  0|   2|           1|           1|
    |and_ln415_14_fu_2278_p2      |    and   |      0|  0|   2|           1|           1|
    |and_ln415_15_fu_2416_p2      |    and   |      0|  0|   2|           1|           1|
    |and_ln415_16_fu_2554_p2      |    and   |      0|  0|   2|           1|           1|
    |and_ln415_17_fu_2692_p2      |    and   |      0|  0|   2|           1|           1|
    |and_ln415_18_fu_2830_p2      |    and   |      0|  0|   2|           1|           1|
    |and_ln415_19_fu_2968_p2      |    and   |      0|  0|   2|           1|           1|
    |and_ln415_1_fu_484_p2        |    and   |      0|  0|   2|           1|           1|
    |and_ln415_20_fu_3106_p2      |    and   |      0|  0|   2|           1|           1|
    |and_ln415_21_fu_3244_p2      |    and   |      0|  0|   2|           1|           1|
    |and_ln415_22_fu_3382_p2      |    and   |      0|  0|   2|           1|           1|
    |and_ln415_23_fu_3520_p2      |    and   |      0|  0|   2|           1|           1|
    |and_ln415_24_fu_3658_p2      |    and   |      0|  0|   2|           1|           1|
    |and_ln415_25_fu_3796_p2      |    and   |      0|  0|   2|           1|           1|
    |and_ln415_26_fu_3934_p2      |    and   |      0|  0|   2|           1|           1|
    |and_ln415_27_fu_4072_p2      |    and   |      0|  0|   2|           1|           1|
    |and_ln415_28_fu_4210_p2      |    and   |      0|  0|   2|           1|           1|
    |and_ln415_29_fu_4348_p2      |    and   |      0|  0|   2|           1|           1|
    |and_ln415_2_fu_622_p2        |    and   |      0|  0|   2|           1|           1|
    |and_ln415_30_fu_4486_p2      |    and   |      0|  0|   2|           1|           1|
    |and_ln415_3_fu_760_p2        |    and   |      0|  0|   2|           1|           1|
    |and_ln415_4_fu_898_p2        |    and   |      0|  0|   2|           1|           1|
    |and_ln415_5_fu_1036_p2       |    and   |      0|  0|   2|           1|           1|
    |and_ln415_6_fu_1174_p2       |    and   |      0|  0|   2|           1|           1|
    |and_ln415_7_fu_1312_p2       |    and   |      0|  0|   2|           1|           1|
    |and_ln415_8_fu_1450_p2       |    and   |      0|  0|   2|           1|           1|
    |and_ln415_9_fu_1588_p2       |    and   |      0|  0|   2|           1|           1|
    |and_ln415_fu_346_p2          |    and   |      0|  0|   2|           1|           1|
    |and_ln416_10_fu_1756_p2      |    and   |      0|  0|   2|           1|           1|
    |and_ln416_11_fu_1894_p2      |    and   |      0|  0|   2|           1|           1|
    |and_ln416_12_fu_2032_p2      |    and   |      0|  0|   2|           1|           1|
    |and_ln416_13_fu_2170_p2      |    and   |      0|  0|   2|           1|           1|
    |and_ln416_14_fu_2308_p2      |    and   |      0|  0|   2|           1|           1|
    |and_ln416_15_fu_2446_p2      |    and   |      0|  0|   2|           1|           1|
    |and_ln416_16_fu_2584_p2      |    and   |      0|  0|   2|           1|           1|
    |and_ln416_17_fu_2722_p2      |    and   |      0|  0|   2|           1|           1|
    |and_ln416_18_fu_2860_p2      |    and   |      0|  0|   2|           1|           1|
    |and_ln416_19_fu_2998_p2      |    and   |      0|  0|   2|           1|           1|
    |and_ln416_1_fu_514_p2        |    and   |      0|  0|   2|           1|           1|
    |and_ln416_20_fu_3136_p2      |    and   |      0|  0|   2|           1|           1|
    |and_ln416_21_fu_3274_p2      |    and   |      0|  0|   2|           1|           1|
    |and_ln416_22_fu_3412_p2      |    and   |      0|  0|   2|           1|           1|
    |and_ln416_23_fu_3550_p2      |    and   |      0|  0|   2|           1|           1|
    |and_ln416_24_fu_3688_p2      |    and   |      0|  0|   2|           1|           1|
    |and_ln416_25_fu_3826_p2      |    and   |      0|  0|   2|           1|           1|
    |and_ln416_26_fu_3964_p2      |    and   |      0|  0|   2|           1|           1|
    |and_ln416_27_fu_4102_p2      |    and   |      0|  0|   2|           1|           1|
    |and_ln416_28_fu_4240_p2      |    and   |      0|  0|   2|           1|           1|
    |and_ln416_29_fu_4378_p2      |    and   |      0|  0|   2|           1|           1|
    |and_ln416_2_fu_652_p2        |    and   |      0|  0|   2|           1|           1|
    |and_ln416_30_fu_4516_p2      |    and   |      0|  0|   2|           1|           1|
    |and_ln416_3_fu_790_p2        |    and   |      0|  0|   2|           1|           1|
    |and_ln416_4_fu_928_p2        |    and   |      0|  0|   2|           1|           1|
    |and_ln416_5_fu_1066_p2       |    and   |      0|  0|   2|           1|           1|
    |and_ln416_6_fu_1204_p2       |    and   |      0|  0|   2|           1|           1|
    |and_ln416_7_fu_1342_p2       |    and   |      0|  0|   2|           1|           1|
    |and_ln416_8_fu_1480_p2       |    and   |      0|  0|   2|           1|           1|
    |and_ln416_9_fu_1618_p2       |    and   |      0|  0|   2|           1|           1|
    |and_ln416_fu_376_p2          |    and   |      0|  0|   2|           1|           1|
    |icmp_ln1494_10_fu_1670_p2    |   icmp   |      0|  0|  13|          16|           1|
    |icmp_ln1494_11_fu_1808_p2    |   icmp   |      0|  0|  13|          16|           1|
    |icmp_ln1494_12_fu_1946_p2    |   icmp   |      0|  0|  13|          16|           1|
    |icmp_ln1494_13_fu_2084_p2    |   icmp   |      0|  0|  13|          16|           1|
    |icmp_ln1494_14_fu_2222_p2    |   icmp   |      0|  0|  13|          16|           1|
    |icmp_ln1494_15_fu_2360_p2    |   icmp   |      0|  0|  13|          16|           1|
    |icmp_ln1494_16_fu_2498_p2    |   icmp   |      0|  0|  13|          16|           1|
    |icmp_ln1494_17_fu_2636_p2    |   icmp   |      0|  0|  13|          16|           1|
    |icmp_ln1494_18_fu_2774_p2    |   icmp   |      0|  0|  13|          16|           1|
    |icmp_ln1494_19_fu_2912_p2    |   icmp   |      0|  0|  13|          16|           1|
    |icmp_ln1494_1_fu_428_p2      |   icmp   |      0|  0|  13|          16|           1|
    |icmp_ln1494_20_fu_3050_p2    |   icmp   |      0|  0|  13|          16|           1|
    |icmp_ln1494_21_fu_3188_p2    |   icmp   |      0|  0|  13|          16|           1|
    |icmp_ln1494_22_fu_3326_p2    |   icmp   |      0|  0|  13|          16|           1|
    |icmp_ln1494_23_fu_3464_p2    |   icmp   |      0|  0|  13|          16|           1|
    |icmp_ln1494_24_fu_3602_p2    |   icmp   |      0|  0|  13|          16|           1|
    |icmp_ln1494_25_fu_3740_p2    |   icmp   |      0|  0|  13|          16|           1|
    |icmp_ln1494_26_fu_3878_p2    |   icmp   |      0|  0|  13|          16|           1|
    |icmp_ln1494_27_fu_4016_p2    |   icmp   |      0|  0|  13|          16|           1|
    |icmp_ln1494_28_fu_4154_p2    |   icmp   |      0|  0|  13|          16|           1|
    |icmp_ln1494_29_fu_4292_p2    |   icmp   |      0|  0|  13|          16|           1|
    |icmp_ln1494_2_fu_566_p2      |   icmp   |      0|  0|  13|          16|           1|
    |icmp_ln1494_30_fu_4430_p2    |   icmp   |      0|  0|  13|          16|           1|
    |icmp_ln1494_3_fu_704_p2      |   icmp   |      0|  0|  13|          16|           1|
    |icmp_ln1494_4_fu_842_p2      |   icmp   |      0|  0|  13|          16|           1|
    |icmp_ln1494_5_fu_980_p2      |   icmp   |      0|  0|  13|          16|           1|
    |icmp_ln1494_6_fu_1118_p2     |   icmp   |      0|  0|  13|          16|           1|
    |icmp_ln1494_7_fu_1256_p2     |   icmp   |      0|  0|  13|          16|           1|
    |icmp_ln1494_8_fu_1394_p2     |   icmp   |      0|  0|  13|          16|           1|
    |icmp_ln1494_9_fu_1532_p2     |   icmp   |      0|  0|  13|          16|           1|
    |icmp_ln1494_fu_290_p2        |   icmp   |      0|  0|  13|          16|           1|
    |icmp_ln718_10_fu_1698_p2     |   icmp   |      0|  0|   9|           3|           1|
    |icmp_ln718_11_fu_1836_p2     |   icmp   |      0|  0|   9|           3|           1|
    |icmp_ln718_12_fu_1974_p2     |   icmp   |      0|  0|   9|           3|           1|
    |icmp_ln718_13_fu_2112_p2     |   icmp   |      0|  0|   9|           3|           1|
    |icmp_ln718_14_fu_2250_p2     |   icmp   |      0|  0|   9|           3|           1|
    |icmp_ln718_15_fu_2388_p2     |   icmp   |      0|  0|   9|           3|           1|
    |icmp_ln718_16_fu_2526_p2     |   icmp   |      0|  0|   9|           3|           1|
    |icmp_ln718_17_fu_2664_p2     |   icmp   |      0|  0|   9|           3|           1|
    |icmp_ln718_18_fu_2802_p2     |   icmp   |      0|  0|   9|           3|           1|
    |icmp_ln718_19_fu_2940_p2     |   icmp   |      0|  0|   9|           3|           1|
    |icmp_ln718_1_fu_456_p2       |   icmp   |      0|  0|   9|           3|           1|
    |icmp_ln718_20_fu_3078_p2     |   icmp   |      0|  0|   9|           3|           1|
    |icmp_ln718_21_fu_3216_p2     |   icmp   |      0|  0|   9|           3|           1|
    |icmp_ln718_22_fu_3354_p2     |   icmp   |      0|  0|   9|           3|           1|
    |icmp_ln718_23_fu_3492_p2     |   icmp   |      0|  0|   9|           3|           1|
    |icmp_ln718_24_fu_3630_p2     |   icmp   |      0|  0|   9|           3|           1|
    |icmp_ln718_25_fu_3768_p2     |   icmp   |      0|  0|   9|           3|           1|
    |icmp_ln718_26_fu_3906_p2     |   icmp   |      0|  0|   9|           3|           1|
    |icmp_ln718_27_fu_4044_p2     |   icmp   |      0|  0|   9|           3|           1|
    |icmp_ln718_28_fu_4182_p2     |   icmp   |      0|  0|   9|           3|           1|
    |icmp_ln718_29_fu_4320_p2     |   icmp   |      0|  0|   9|           3|           1|
    |icmp_ln718_2_fu_594_p2       |   icmp   |      0|  0|   9|           3|           1|
    |icmp_ln718_30_fu_4458_p2     |   icmp   |      0|  0|   9|           3|           1|
    |icmp_ln718_3_fu_732_p2       |   icmp   |      0|  0|   9|           3|           1|
    |icmp_ln718_4_fu_870_p2       |   icmp   |      0|  0|   9|           3|           1|
    |icmp_ln718_5_fu_1008_p2      |   icmp   |      0|  0|   9|           3|           1|
    |icmp_ln718_6_fu_1146_p2      |   icmp   |      0|  0|   9|           3|           1|
    |icmp_ln718_7_fu_1284_p2      |   icmp   |      0|  0|   9|           3|           1|
    |icmp_ln718_8_fu_1422_p2      |   icmp   |      0|  0|   9|           3|           1|
    |icmp_ln718_9_fu_1560_p2      |   icmp   |      0|  0|   9|           3|           1|
    |icmp_ln718_fu_318_p2         |   icmp   |      0|  0|   9|           3|           1|
    |icmp_ln768_10_fu_1778_p2     |   icmp   |      0|  0|  11|           6|           1|
    |icmp_ln768_11_fu_1916_p2     |   icmp   |      0|  0|  11|           6|           1|
    |icmp_ln768_12_fu_2054_p2     |   icmp   |      0|  0|  11|           6|           1|
    |icmp_ln768_13_fu_2192_p2     |   icmp   |      0|  0|  11|           6|           1|
    |icmp_ln768_14_fu_2330_p2     |   icmp   |      0|  0|  11|           6|           1|
    |icmp_ln768_15_fu_2468_p2     |   icmp   |      0|  0|  11|           6|           1|
    |icmp_ln768_16_fu_2606_p2     |   icmp   |      0|  0|  11|           6|           1|
    |icmp_ln768_17_fu_2744_p2     |   icmp   |      0|  0|  11|           6|           1|
    |icmp_ln768_18_fu_2882_p2     |   icmp   |      0|  0|  11|           6|           1|
    |icmp_ln768_19_fu_3020_p2     |   icmp   |      0|  0|  11|           6|           1|
    |icmp_ln768_1_fu_536_p2       |   icmp   |      0|  0|  11|           6|           1|
    |icmp_ln768_20_fu_3158_p2     |   icmp   |      0|  0|  11|           6|           1|
    |icmp_ln768_21_fu_3296_p2     |   icmp   |      0|  0|  11|           6|           1|
    |icmp_ln768_22_fu_3434_p2     |   icmp   |      0|  0|  11|           6|           1|
    |icmp_ln768_23_fu_3572_p2     |   icmp   |      0|  0|  11|           6|           1|
    |icmp_ln768_24_fu_3710_p2     |   icmp   |      0|  0|  11|           6|           1|
    |icmp_ln768_25_fu_3848_p2     |   icmp   |      0|  0|  11|           6|           1|
    |icmp_ln768_26_fu_3986_p2     |   icmp   |      0|  0|  11|           6|           1|
    |icmp_ln768_27_fu_4124_p2     |   icmp   |      0|  0|  11|           6|           1|
    |icmp_ln768_28_fu_4262_p2     |   icmp   |      0|  0|  11|           6|           1|
    |icmp_ln768_29_fu_4400_p2     |   icmp   |      0|  0|  11|           6|           1|
    |icmp_ln768_2_fu_674_p2       |   icmp   |      0|  0|  11|           6|           1|
    |icmp_ln768_30_fu_4538_p2     |   icmp   |      0|  0|  11|           6|           1|
    |icmp_ln768_3_fu_812_p2       |   icmp   |      0|  0|  11|           6|           1|
    |icmp_ln768_4_fu_950_p2       |   icmp   |      0|  0|  11|           6|           1|
    |icmp_ln768_5_fu_1088_p2      |   icmp   |      0|  0|  11|           6|           1|
    |icmp_ln768_6_fu_1226_p2      |   icmp   |      0|  0|  11|           6|           1|
    |icmp_ln768_7_fu_1364_p2      |   icmp   |      0|  0|  11|           6|           1|
    |icmp_ln768_8_fu_1502_p2      |   icmp   |      0|  0|  11|           6|           1|
    |icmp_ln768_9_fu_1640_p2      |   icmp   |      0|  0|  11|           6|           1|
    |icmp_ln768_fu_398_p2         |   icmp   |      0|  0|  11|           6|           1|
    |icmp_ln879_10_fu_1772_p2     |   icmp   |      0|  0|  11|           6|           2|
    |icmp_ln879_11_fu_1910_p2     |   icmp   |      0|  0|  11|           6|           2|
    |icmp_ln879_12_fu_2048_p2     |   icmp   |      0|  0|  11|           6|           2|
    |icmp_ln879_13_fu_2186_p2     |   icmp   |      0|  0|  11|           6|           2|
    |icmp_ln879_14_fu_2324_p2     |   icmp   |      0|  0|  11|           6|           2|
    |icmp_ln879_15_fu_2462_p2     |   icmp   |      0|  0|  11|           6|           2|
    |icmp_ln879_16_fu_2600_p2     |   icmp   |      0|  0|  11|           6|           2|
    |icmp_ln879_17_fu_2738_p2     |   icmp   |      0|  0|  11|           6|           2|
    |icmp_ln879_18_fu_2876_p2     |   icmp   |      0|  0|  11|           6|           2|
    |icmp_ln879_19_fu_3014_p2     |   icmp   |      0|  0|  11|           6|           2|
    |icmp_ln879_1_fu_530_p2       |   icmp   |      0|  0|  11|           6|           2|
    |icmp_ln879_20_fu_3152_p2     |   icmp   |      0|  0|  11|           6|           2|
    |icmp_ln879_21_fu_3290_p2     |   icmp   |      0|  0|  11|           6|           2|
    |icmp_ln879_22_fu_3428_p2     |   icmp   |      0|  0|  11|           6|           2|
    |icmp_ln879_23_fu_3566_p2     |   icmp   |      0|  0|  11|           6|           2|
    |icmp_ln879_24_fu_3704_p2     |   icmp   |      0|  0|  11|           6|           2|
    |icmp_ln879_25_fu_3842_p2     |   icmp   |      0|  0|  11|           6|           2|
    |icmp_ln879_26_fu_3980_p2     |   icmp   |      0|  0|  11|           6|           2|
    |icmp_ln879_27_fu_4118_p2     |   icmp   |      0|  0|  11|           6|           2|
    |icmp_ln879_28_fu_4256_p2     |   icmp   |      0|  0|  11|           6|           2|
    |icmp_ln879_29_fu_4394_p2     |   icmp   |      0|  0|  11|           6|           2|
    |icmp_ln879_2_fu_668_p2       |   icmp   |      0|  0|  11|           6|           2|
    |icmp_ln879_30_fu_4532_p2     |   icmp   |      0|  0|  11|           6|           2|
    |icmp_ln879_3_fu_806_p2       |   icmp   |      0|  0|  11|           6|           2|
    |icmp_ln879_4_fu_944_p2       |   icmp   |      0|  0|  11|           6|           2|
    |icmp_ln879_5_fu_1082_p2      |   icmp   |      0|  0|  11|           6|           2|
    |icmp_ln879_6_fu_1220_p2      |   icmp   |      0|  0|  11|           6|           2|
    |icmp_ln879_7_fu_1358_p2      |   icmp   |      0|  0|  11|           6|           2|
    |icmp_ln879_8_fu_1496_p2      |   icmp   |      0|  0|  11|           6|           2|
    |icmp_ln879_9_fu_1634_p2      |   icmp   |      0|  0|  11|           6|           2|
    |icmp_ln879_fu_392_p2         |   icmp   |      0|  0|  11|           6|           2|
    |or_ln412_10_fu_1712_p2       |    or    |      0|  0|   2|           1|           1|
    |or_ln412_11_fu_1850_p2       |    or    |      0|  0|   2|           1|           1|
    |or_ln412_12_fu_1988_p2       |    or    |      0|  0|   2|           1|           1|
    |or_ln412_13_fu_2126_p2       |    or    |      0|  0|   2|           1|           1|
    |or_ln412_14_fu_2264_p2       |    or    |      0|  0|   2|           1|           1|
    |or_ln412_15_fu_2402_p2       |    or    |      0|  0|   2|           1|           1|
    |or_ln412_16_fu_2540_p2       |    or    |      0|  0|   2|           1|           1|
    |or_ln412_17_fu_2678_p2       |    or    |      0|  0|   2|           1|           1|
    |or_ln412_18_fu_2816_p2       |    or    |      0|  0|   2|           1|           1|
    |or_ln412_19_fu_2954_p2       |    or    |      0|  0|   2|           1|           1|
    |or_ln412_1_fu_470_p2         |    or    |      0|  0|   2|           1|           1|
    |or_ln412_20_fu_3092_p2       |    or    |      0|  0|   2|           1|           1|
    |or_ln412_21_fu_3230_p2       |    or    |      0|  0|   2|           1|           1|
    |or_ln412_22_fu_3368_p2       |    or    |      0|  0|   2|           1|           1|
    |or_ln412_23_fu_3506_p2       |    or    |      0|  0|   2|           1|           1|
    |or_ln412_24_fu_3644_p2       |    or    |      0|  0|   2|           1|           1|
    |or_ln412_25_fu_3782_p2       |    or    |      0|  0|   2|           1|           1|
    |or_ln412_26_fu_3920_p2       |    or    |      0|  0|   2|           1|           1|
    |or_ln412_27_fu_4058_p2       |    or    |      0|  0|   2|           1|           1|
    |or_ln412_28_fu_4196_p2       |    or    |      0|  0|   2|           1|           1|
    |or_ln412_29_fu_4334_p2       |    or    |      0|  0|   2|           1|           1|
    |or_ln412_2_fu_608_p2         |    or    |      0|  0|   2|           1|           1|
    |or_ln412_30_fu_4472_p2       |    or    |      0|  0|   2|           1|           1|
    |or_ln412_3_fu_746_p2         |    or    |      0|  0|   2|           1|           1|
    |or_ln412_4_fu_884_p2         |    or    |      0|  0|   2|           1|           1|
    |or_ln412_5_fu_1022_p2        |    or    |      0|  0|   2|           1|           1|
    |or_ln412_6_fu_1160_p2        |    or    |      0|  0|   2|           1|           1|
    |or_ln412_7_fu_1298_p2        |    or    |      0|  0|   2|           1|           1|
    |or_ln412_8_fu_1436_p2        |    or    |      0|  0|   2|           1|           1|
    |or_ln412_9_fu_1574_p2        |    or    |      0|  0|   2|           1|           1|
    |or_ln412_fu_332_p2           |    or    |      0|  0|   2|           1|           1|
    |select_ln1494_10_fu_1800_p3  |  select  |      0|  0|   6|           1|           6|
    |select_ln1494_11_fu_1938_p3  |  select  |      0|  0|   6|           1|           6|
    |select_ln1494_12_fu_2076_p3  |  select  |      0|  0|   6|           1|           6|
    |select_ln1494_13_fu_2214_p3  |  select  |      0|  0|   6|           1|           6|
    |select_ln1494_14_fu_2352_p3  |  select  |      0|  0|   6|           1|           6|
    |select_ln1494_15_fu_2490_p3  |  select  |      0|  0|   6|           1|           6|
    |select_ln1494_16_fu_2628_p3  |  select  |      0|  0|   6|           1|           6|
    |select_ln1494_17_fu_2766_p3  |  select  |      0|  0|   6|           1|           6|
    |select_ln1494_18_fu_2904_p3  |  select  |      0|  0|   6|           1|           6|
    |select_ln1494_19_fu_3042_p3  |  select  |      0|  0|   6|           1|           6|
    |select_ln1494_1_fu_558_p3    |  select  |      0|  0|   6|           1|           6|
    |select_ln1494_20_fu_3180_p3  |  select  |      0|  0|   6|           1|           6|
    |select_ln1494_21_fu_3318_p3  |  select  |      0|  0|   6|           1|           6|
    |select_ln1494_22_fu_3456_p3  |  select  |      0|  0|   6|           1|           6|
    |select_ln1494_23_fu_3594_p3  |  select  |      0|  0|   6|           1|           6|
    |select_ln1494_24_fu_3732_p3  |  select  |      0|  0|   6|           1|           6|
    |select_ln1494_25_fu_3870_p3  |  select  |      0|  0|   6|           1|           6|
    |select_ln1494_26_fu_4008_p3  |  select  |      0|  0|   6|           1|           6|
    |select_ln1494_27_fu_4146_p3  |  select  |      0|  0|   6|           1|           6|
    |select_ln1494_28_fu_4284_p3  |  select  |      0|  0|   6|           1|           6|
    |select_ln1494_29_fu_4422_p3  |  select  |      0|  0|   6|           1|           6|
    |select_ln1494_2_fu_696_p3    |  select  |      0|  0|   6|           1|           6|
    |select_ln1494_30_fu_4560_p3  |  select  |      0|  0|   6|           1|           6|
    |select_ln1494_3_fu_834_p3    |  select  |      0|  0|   6|           1|           6|
    |select_ln1494_4_fu_972_p3    |  select  |      0|  0|   6|           1|           6|
    |select_ln1494_5_fu_1110_p3   |  select  |      0|  0|   6|           1|           6|
    |select_ln1494_6_fu_1248_p3   |  select  |      0|  0|   6|           1|           6|
    |select_ln1494_7_fu_1386_p3   |  select  |      0|  0|   6|           1|           6|
    |select_ln1494_8_fu_1524_p3   |  select  |      0|  0|   6|           1|           6|
    |select_ln1494_9_fu_1662_p3   |  select  |      0|  0|   6|           1|           6|
    |select_ln1494_fu_420_p3      |  select  |      0|  0|   6|           1|           6|
    |select_ln340_10_fu_1654_p3   |  select  |      0|  0|   6|           1|           6|
    |select_ln340_11_fu_1792_p3   |  select  |      0|  0|   6|           1|           6|
    |select_ln340_12_fu_1930_p3   |  select  |      0|  0|   6|           1|           6|
    |select_ln340_13_fu_2068_p3   |  select  |      0|  0|   6|           1|           6|
    |select_ln340_14_fu_2206_p3   |  select  |      0|  0|   6|           1|           6|
    |select_ln340_15_fu_2344_p3   |  select  |      0|  0|   6|           1|           6|
    |select_ln340_16_fu_2482_p3   |  select  |      0|  0|   6|           1|           6|
    |select_ln340_17_fu_2620_p3   |  select  |      0|  0|   6|           1|           6|
    |select_ln340_18_fu_2758_p3   |  select  |      0|  0|   6|           1|           6|
    |select_ln340_19_fu_2896_p3   |  select  |      0|  0|   6|           1|           6|
    |select_ln340_1_fu_550_p3     |  select  |      0|  0|   6|           1|           6|
    |select_ln340_20_fu_3034_p3   |  select  |      0|  0|   6|           1|           6|
    |select_ln340_21_fu_3172_p3   |  select  |      0|  0|   6|           1|           6|
    |select_ln340_22_fu_3310_p3   |  select  |      0|  0|   6|           1|           6|
    |select_ln340_23_fu_3448_p3   |  select  |      0|  0|   6|           1|           6|
    |select_ln340_24_fu_3586_p3   |  select  |      0|  0|   6|           1|           6|
    |select_ln340_25_fu_3724_p3   |  select  |      0|  0|   6|           1|           6|
    |select_ln340_26_fu_3862_p3   |  select  |      0|  0|   6|           1|           6|
    |select_ln340_27_fu_4000_p3   |  select  |      0|  0|   6|           1|           6|
    |select_ln340_28_fu_4138_p3   |  select  |      0|  0|   6|           1|           6|
    |select_ln340_29_fu_4276_p3   |  select  |      0|  0|   6|           1|           6|
    |select_ln340_2_fu_688_p3     |  select  |      0|  0|   6|           1|           6|
    |select_ln340_30_fu_4414_p3   |  select  |      0|  0|   6|           1|           6|
    |select_ln340_31_fu_4552_p3   |  select  |      0|  0|   6|           1|           6|
    |select_ln340_3_fu_826_p3     |  select  |      0|  0|   6|           1|           6|
    |select_ln340_4_fu_964_p3     |  select  |      0|  0|   6|           1|           6|
    |select_ln340_5_fu_1102_p3    |  select  |      0|  0|   6|           1|           6|
    |select_ln340_6_fu_1240_p3    |  select  |      0|  0|   6|           1|           6|
    |select_ln340_8_fu_1378_p3    |  select  |      0|  0|   6|           1|           6|
    |select_ln340_9_fu_1516_p3    |  select  |      0|  0|   6|           1|           6|
    |select_ln340_fu_412_p3       |  select  |      0|  0|   6|           1|           6|
    |select_ln777_10_fu_1784_p3   |  select  |      0|  0|   2|           1|           1|
    |select_ln777_11_fu_1922_p3   |  select  |      0|  0|   2|           1|           1|
    |select_ln777_12_fu_2060_p3   |  select  |      0|  0|   2|           1|           1|
    |select_ln777_13_fu_2198_p3   |  select  |      0|  0|   2|           1|           1|
    |select_ln777_14_fu_2336_p3   |  select  |      0|  0|   2|           1|           1|
    |select_ln777_15_fu_2474_p3   |  select  |      0|  0|   2|           1|           1|
    |select_ln777_16_fu_2612_p3   |  select  |      0|  0|   2|           1|           1|
    |select_ln777_17_fu_2750_p3   |  select  |      0|  0|   2|           1|           1|
    |select_ln777_18_fu_2888_p3   |  select  |      0|  0|   2|           1|           1|
    |select_ln777_19_fu_3026_p3   |  select  |      0|  0|   2|           1|           1|
    |select_ln777_1_fu_542_p3     |  select  |      0|  0|   2|           1|           1|
    |select_ln777_20_fu_3164_p3   |  select  |      0|  0|   2|           1|           1|
    |select_ln777_21_fu_3302_p3   |  select  |      0|  0|   2|           1|           1|
    |select_ln777_22_fu_3440_p3   |  select  |      0|  0|   2|           1|           1|
    |select_ln777_23_fu_3578_p3   |  select  |      0|  0|   2|           1|           1|
    |select_ln777_24_fu_3716_p3   |  select  |      0|  0|   2|           1|           1|
    |select_ln777_25_fu_3854_p3   |  select  |      0|  0|   2|           1|           1|
    |select_ln777_26_fu_3992_p3   |  select  |      0|  0|   2|           1|           1|
    |select_ln777_27_fu_4130_p3   |  select  |      0|  0|   2|           1|           1|
    |select_ln777_28_fu_4268_p3   |  select  |      0|  0|   2|           1|           1|
    |select_ln777_29_fu_4406_p3   |  select  |      0|  0|   2|           1|           1|
    |select_ln777_2_fu_680_p3     |  select  |      0|  0|   2|           1|           1|
    |select_ln777_30_fu_4544_p3   |  select  |      0|  0|   2|           1|           1|
    |select_ln777_3_fu_818_p3     |  select  |      0|  0|   2|           1|           1|
    |select_ln777_4_fu_956_p3     |  select  |      0|  0|   2|           1|           1|
    |select_ln777_5_fu_1094_p3    |  select  |      0|  0|   2|           1|           1|
    |select_ln777_6_fu_1232_p3    |  select  |      0|  0|   2|           1|           1|
    |select_ln777_7_fu_1370_p3    |  select  |      0|  0|   2|           1|           1|
    |select_ln777_8_fu_1508_p3    |  select  |      0|  0|   2|           1|           1|
    |select_ln777_9_fu_1646_p3    |  select  |      0|  0|   2|           1|           1|
    |select_ln777_fu_404_p3       |  select  |      0|  0|   2|           1|           1|
    |xor_ln416_10_fu_1750_p2      |    xor   |      0|  0|   2|           1|           2|
    |xor_ln416_11_fu_1888_p2      |    xor   |      0|  0|   2|           1|           2|
    |xor_ln416_12_fu_2026_p2      |    xor   |      0|  0|   2|           1|           2|
    |xor_ln416_13_fu_2164_p2      |    xor   |      0|  0|   2|           1|           2|
    |xor_ln416_14_fu_2302_p2      |    xor   |      0|  0|   2|           1|           2|
    |xor_ln416_15_fu_2440_p2      |    xor   |      0|  0|   2|           1|           2|
    |xor_ln416_16_fu_2578_p2      |    xor   |      0|  0|   2|           1|           2|
    |xor_ln416_17_fu_2716_p2      |    xor   |      0|  0|   2|           1|           2|
    |xor_ln416_18_fu_2854_p2      |    xor   |      0|  0|   2|           1|           2|
    |xor_ln416_19_fu_2992_p2      |    xor   |      0|  0|   2|           1|           2|
    |xor_ln416_1_fu_508_p2        |    xor   |      0|  0|   2|           1|           2|
    |xor_ln416_20_fu_3130_p2      |    xor   |      0|  0|   2|           1|           2|
    |xor_ln416_21_fu_3268_p2      |    xor   |      0|  0|   2|           1|           2|
    |xor_ln416_22_fu_3406_p2      |    xor   |      0|  0|   2|           1|           2|
    |xor_ln416_23_fu_3544_p2      |    xor   |      0|  0|   2|           1|           2|
    |xor_ln416_24_fu_3682_p2      |    xor   |      0|  0|   2|           1|           2|
    |xor_ln416_25_fu_3820_p2      |    xor   |      0|  0|   2|           1|           2|
    |xor_ln416_26_fu_3958_p2      |    xor   |      0|  0|   2|           1|           2|
    |xor_ln416_27_fu_4096_p2      |    xor   |      0|  0|   2|           1|           2|
    |xor_ln416_28_fu_4234_p2      |    xor   |      0|  0|   2|           1|           2|
    |xor_ln416_29_fu_4372_p2      |    xor   |      0|  0|   2|           1|           2|
    |xor_ln416_2_fu_646_p2        |    xor   |      0|  0|   2|           1|           2|
    |xor_ln416_30_fu_4510_p2      |    xor   |      0|  0|   2|           1|           2|
    |xor_ln416_3_fu_784_p2        |    xor   |      0|  0|   2|           1|           2|
    |xor_ln416_4_fu_922_p2        |    xor   |      0|  0|   2|           1|           2|
    |xor_ln416_5_fu_1060_p2       |    xor   |      0|  0|   2|           1|           2|
    |xor_ln416_6_fu_1198_p2       |    xor   |      0|  0|   2|           1|           2|
    |xor_ln416_7_fu_1336_p2       |    xor   |      0|  0|   2|           1|           2|
    |xor_ln416_8_fu_1474_p2       |    xor   |      0|  0|   2|           1|           2|
    |xor_ln416_9_fu_1612_p2       |    xor   |      0|  0|   2|           1|           2|
    |xor_ln416_fu_370_p2          |    xor   |      0|  0|   2|           1|           2|
    +-----------------------------+----------+-------+---+----+------------+------------+
    |Total                        |          |      0|  0|2511|        1364|         899|
    +-----------------------------+----------+-------+---+----+------------+------------+

    * Multiplexer: 
    N/A

    * Register: 
    N/A



================================================================
== Interface
================================================================
* Summary: 
+----------------+-----+-----+------------+------------------------------------------------------------------------+--------------+
|    RTL Ports   | Dir | Bits|  Protocol  |                              Source Object                             |    C Type    |
+----------------+-----+-----+------------+------------------------------------------------------------------------+--------------+
|ap_ready        | out |    1| ap_ctrl_hs | relu<ap_fixed<16, 6, 5, 3, 0>, ap_ufixed<6, 0, 4, 0, 0>, relu_config7> | return value |
|ap_return_0     | out |    6| ap_ctrl_hs | relu<ap_fixed<16, 6, 5, 3, 0>, ap_ufixed<6, 0, 4, 0, 0>, relu_config7> | return value |
|ap_return_1     | out |    6| ap_ctrl_hs | relu<ap_fixed<16, 6, 5, 3, 0>, ap_ufixed<6, 0, 4, 0, 0>, relu_config7> | return value |
|ap_return_2     | out |    6| ap_ctrl_hs | relu<ap_fixed<16, 6, 5, 3, 0>, ap_ufixed<6, 0, 4, 0, 0>, relu_config7> | return value |
|ap_return_3     | out |    6| ap_ctrl_hs | relu<ap_fixed<16, 6, 5, 3, 0>, ap_ufixed<6, 0, 4, 0, 0>, relu_config7> | return value |
|ap_return_4     | out |    6| ap_ctrl_hs | relu<ap_fixed<16, 6, 5, 3, 0>, ap_ufixed<6, 0, 4, 0, 0>, relu_config7> | return value |
|ap_return_5     | out |    6| ap_ctrl_hs | relu<ap_fixed<16, 6, 5, 3, 0>, ap_ufixed<6, 0, 4, 0, 0>, relu_config7> | return value |
|ap_return_6     | out |    6| ap_ctrl_hs | relu<ap_fixed<16, 6, 5, 3, 0>, ap_ufixed<6, 0, 4, 0, 0>, relu_config7> | return value |
|ap_return_7     | out |    6| ap_ctrl_hs | relu<ap_fixed<16, 6, 5, 3, 0>, ap_ufixed<6, 0, 4, 0, 0>, relu_config7> | return value |
|ap_return_8     | out |    6| ap_ctrl_hs | relu<ap_fixed<16, 6, 5, 3, 0>, ap_ufixed<6, 0, 4, 0, 0>, relu_config7> | return value |
|ap_return_9     | out |    6| ap_ctrl_hs | relu<ap_fixed<16, 6, 5, 3, 0>, ap_ufixed<6, 0, 4, 0, 0>, relu_config7> | return value |
|ap_return_10    | out |    6| ap_ctrl_hs | relu<ap_fixed<16, 6, 5, 3, 0>, ap_ufixed<6, 0, 4, 0, 0>, relu_config7> | return value |
|ap_return_11    | out |    6| ap_ctrl_hs | relu<ap_fixed<16, 6, 5, 3, 0>, ap_ufixed<6, 0, 4, 0, 0>, relu_config7> | return value |
|ap_return_12    | out |    6| ap_ctrl_hs | relu<ap_fixed<16, 6, 5, 3, 0>, ap_ufixed<6, 0, 4, 0, 0>, relu_config7> | return value |
|ap_return_13    | out |    6| ap_ctrl_hs | relu<ap_fixed<16, 6, 5, 3, 0>, ap_ufixed<6, 0, 4, 0, 0>, relu_config7> | return value |
|ap_return_14    | out |    6| ap_ctrl_hs | relu<ap_fixed<16, 6, 5, 3, 0>, ap_ufixed<6, 0, 4, 0, 0>, relu_config7> | return value |
|ap_return_15    | out |    6| ap_ctrl_hs | relu<ap_fixed<16, 6, 5, 3, 0>, ap_ufixed<6, 0, 4, 0, 0>, relu_config7> | return value |
|ap_return_16    | out |    6| ap_ctrl_hs | relu<ap_fixed<16, 6, 5, 3, 0>, ap_ufixed<6, 0, 4, 0, 0>, relu_config7> | return value |
|ap_return_17    | out |    6| ap_ctrl_hs | relu<ap_fixed<16, 6, 5, 3, 0>, ap_ufixed<6, 0, 4, 0, 0>, relu_config7> | return value |
|ap_return_18    | out |    6| ap_ctrl_hs | relu<ap_fixed<16, 6, 5, 3, 0>, ap_ufixed<6, 0, 4, 0, 0>, relu_config7> | return value |
|ap_return_19    | out |    6| ap_ctrl_hs | relu<ap_fixed<16, 6, 5, 3, 0>, ap_ufixed<6, 0, 4, 0, 0>, relu_config7> | return value |
|ap_return_20    | out |    6| ap_ctrl_hs | relu<ap_fixed<16, 6, 5, 3, 0>, ap_ufixed<6, 0, 4, 0, 0>, relu_config7> | return value |
|ap_return_21    | out |    6| ap_ctrl_hs | relu<ap_fixed<16, 6, 5, 3, 0>, ap_ufixed<6, 0, 4, 0, 0>, relu_config7> | return value |
|ap_return_22    | out |    6| ap_ctrl_hs | relu<ap_fixed<16, 6, 5, 3, 0>, ap_ufixed<6, 0, 4, 0, 0>, relu_config7> | return value |
|ap_return_23    | out |    6| ap_ctrl_hs | relu<ap_fixed<16, 6, 5, 3, 0>, ap_ufixed<6, 0, 4, 0, 0>, relu_config7> | return value |
|ap_return_24    | out |    6| ap_ctrl_hs | relu<ap_fixed<16, 6, 5, 3, 0>, ap_ufixed<6, 0, 4, 0, 0>, relu_config7> | return value |
|ap_return_25    | out |    6| ap_ctrl_hs | relu<ap_fixed<16, 6, 5, 3, 0>, ap_ufixed<6, 0, 4, 0, 0>, relu_config7> | return value |
|ap_return_26    | out |    6| ap_ctrl_hs | relu<ap_fixed<16, 6, 5, 3, 0>, ap_ufixed<6, 0, 4, 0, 0>, relu_config7> | return value |
|ap_return_27    | out |    6| ap_ctrl_hs | relu<ap_fixed<16, 6, 5, 3, 0>, ap_ufixed<6, 0, 4, 0, 0>, relu_config7> | return value |
|ap_return_28    | out |    6| ap_ctrl_hs | relu<ap_fixed<16, 6, 5, 3, 0>, ap_ufixed<6, 0, 4, 0, 0>, relu_config7> | return value |
|ap_return_29    | out |    6| ap_ctrl_hs | relu<ap_fixed<16, 6, 5, 3, 0>, ap_ufixed<6, 0, 4, 0, 0>, relu_config7> | return value |
|ap_return_30    | out |    6| ap_ctrl_hs | relu<ap_fixed<16, 6, 5, 3, 0>, ap_ufixed<6, 0, 4, 0, 0>, relu_config7> | return value |
|data_0_V_read   |  in |   16|   ap_none  |                              data_0_V_read                             |    scalar    |
|data_1_V_read   |  in |   16|   ap_none  |                              data_1_V_read                             |    scalar    |
|data_2_V_read   |  in |   16|   ap_none  |                              data_2_V_read                             |    scalar    |
|data_3_V_read   |  in |   16|   ap_none  |                              data_3_V_read                             |    scalar    |
|data_4_V_read   |  in |   16|   ap_none  |                              data_4_V_read                             |    scalar    |
|data_5_V_read   |  in |   16|   ap_none  |                              data_5_V_read                             |    scalar    |
|data_6_V_read   |  in |   16|   ap_none  |                              data_6_V_read                             |    scalar    |
|data_8_V_read   |  in |   16|   ap_none  |                              data_8_V_read                             |    scalar    |
|data_9_V_read   |  in |   16|   ap_none  |                              data_9_V_read                             |    scalar    |
|data_10_V_read  |  in |   16|   ap_none  |                             data_10_V_read                             |    scalar    |
|data_11_V_read  |  in |   16|   ap_none  |                             data_11_V_read                             |    scalar    |
|data_12_V_read  |  in |   16|   ap_none  |                             data_12_V_read                             |    scalar    |
|data_13_V_read  |  in |   16|   ap_none  |                             data_13_V_read                             |    scalar    |
|data_14_V_read  |  in |   16|   ap_none  |                             data_14_V_read                             |    scalar    |
|data_15_V_read  |  in |   16|   ap_none  |                             data_15_V_read                             |    scalar    |
|data_16_V_read  |  in |   16|   ap_none  |                             data_16_V_read                             |    scalar    |
|data_17_V_read  |  in |   16|   ap_none  |                             data_17_V_read                             |    scalar    |
|data_18_V_read  |  in |   16|   ap_none  |                             data_18_V_read                             |    scalar    |
|data_19_V_read  |  in |   16|   ap_none  |                             data_19_V_read                             |    scalar    |
|data_20_V_read  |  in |   16|   ap_none  |                             data_20_V_read                             |    scalar    |
|data_21_V_read  |  in |   16|   ap_none  |                             data_21_V_read                             |    scalar    |
|data_22_V_read  |  in |   16|   ap_none  |                             data_22_V_read                             |    scalar    |
|data_23_V_read  |  in |   16|   ap_none  |                             data_23_V_read                             |    scalar    |
|data_24_V_read  |  in |   16|   ap_none  |                             data_24_V_read                             |    scalar    |
|data_25_V_read  |  in |   16|   ap_none  |                             data_25_V_read                             |    scalar    |
|data_26_V_read  |  in |   16|   ap_none  |                             data_26_V_read                             |    scalar    |
|data_27_V_read  |  in |   16|   ap_none  |                             data_27_V_read                             |    scalar    |
|data_28_V_read  |  in |   16|   ap_none  |                             data_28_V_read                             |    scalar    |
|data_29_V_read  |  in |   16|   ap_none  |                             data_29_V_read                             |    scalar    |
|data_30_V_read  |  in |   16|   ap_none  |                             data_30_V_read                             |    scalar    |
|data_31_V_read  |  in |   16|   ap_none  |                             data_31_V_read                             |    scalar    |
+----------------+-----+-----+------------+------------------------------------------------------------------------+--------------+

