

================================================================
== Vivado HLS Report for 'dense_latency_0_0_0_0_0_0_0_0_0_0_0_0_0_0_0_0_0_0_0_0_0_0_0_0_0_0_0_0_0_0_0_0_0_s'
================================================================
* Date:           Sat Apr  6 17:13:43 2024

* Version:        2019.1 (Build 2552052 on Fri May 24 15:28:33 MDT 2019)
* Project:        myproject_prj
* Solution:       solution1
* Product family: artix7
* Target device:  xc7a100t-fgg676-2L


================================================================
== Performance Estimates
================================================================
+ Timing (ns): 
    * Summary: 
    +--------+-------+----------+------------+
    |  Clock | Target| Estimated| Uncertainty|
    +--------+-------+----------+------------+
    |ap_clk  |   5.00|     3.871|        0.62|
    +--------+-------+----------+------------+

+ Latency (clock cycles): 
    * Summary: 
    +-----+-----+-----+-----+----------+
    |  Latency  |  Interval | Pipeline |
    | min | max | min | max |   Type   |
    +-----+-----+-----+-----+----------+
    |    4|    4|    1|    1| function |
    +-----+-----+-----+-----+----------+

    + Detail: 
        * Instance: 
        N/A

        * Loop: 
        N/A



================================================================
== Utilization Estimates
================================================================
* Summary: 
+-----------------+---------+-------+--------+-------+-----+
|       Name      | BRAM_18K| DSP48E|   FF   |  LUT  | URAM|
+-----------------+---------+-------+--------+-------+-----+
|DSP              |        -|      -|       -|      -|    -|
|Expression       |        -|      -|       0|   8386|    -|
|FIFO             |        -|      -|       -|      -|    -|
|Instance         |        -|     27|    1809|     54|    -|
|Memory           |        -|      -|       -|      -|    -|
|Multiplexer      |        -|      -|       -|    522|    -|
|Register         |        0|      -|    7352|    768|    -|
+-----------------+---------+-------+--------+-------+-----+
|Total            |        0|     27|    9161|   9730|    0|
+-----------------+---------+-------+--------+-------+-----+
|Available        |      270|    240|  126800|  63400|    0|
+-----------------+---------+-------+--------+-------+-----+
|Utilization (%)  |        0|     11|       7|     15|    0|
+-----------------+---------+-------+--------+-------+-----+

+ Detail: 
    * Instance: 
    +----------------------------------+------------------------------+---------+-------+----+----+-----+
    |             Instance             |            Module            | BRAM_18K| DSP48E| FF | LUT| URAM|
    +----------------------------------+------------------------------+---------+-------+----+----+-----+
    |myproject_mul_5ns_16s_21_2_0_U4   |myproject_mul_5ns_16s_21_2_0  |        0|      1|  67|   2|    0|
    |myproject_mul_5ns_16s_21_2_0_U8   |myproject_mul_5ns_16s_21_2_0  |        0|      1|  67|   2|    0|
    |myproject_mul_5ns_16s_21_2_0_U15  |myproject_mul_5ns_16s_21_2_0  |        0|      1|  67|   2|    0|
    |myproject_mul_5ns_16s_21_2_0_U18  |myproject_mul_5ns_16s_21_2_0  |        0|      1|  67|   2|    0|
    |myproject_mul_5ns_16s_21_2_0_U22  |myproject_mul_5ns_16s_21_2_0  |        0|      1|  67|   2|    0|
    |myproject_mul_5ns_16s_21_2_0_U23  |myproject_mul_5ns_16s_21_2_0  |        0|      1|  67|   2|    0|
    |myproject_mul_5s_16s_21_2_0_U2    |myproject_mul_5s_16s_21_2_0   |        0|      1|  67|   2|    0|
    |myproject_mul_5s_16s_21_2_0_U3    |myproject_mul_5s_16s_21_2_0   |        0|      1|  67|   2|    0|
    |myproject_mul_5s_16s_21_2_0_U6    |myproject_mul_5s_16s_21_2_0   |        0|      1|  67|   2|    0|
    |myproject_mul_5s_16s_21_2_0_U11   |myproject_mul_5s_16s_21_2_0   |        0|      1|  67|   2|    0|
    |myproject_mul_5s_16s_21_2_0_U14   |myproject_mul_5s_16s_21_2_0   |        0|      1|  67|   2|    0|
    |myproject_mul_5s_16s_21_2_0_U16   |myproject_mul_5s_16s_21_2_0   |        0|      1|  67|   2|    0|
    |myproject_mul_5s_16s_21_2_0_U21   |myproject_mul_5s_16s_21_2_0   |        0|      1|  67|   2|    0|
    |myproject_mul_5s_16s_21_2_0_U24   |myproject_mul_5s_16s_21_2_0   |        0|      1|  67|   2|    0|
    |myproject_mul_6ns_16s_21_2_0_U1   |myproject_mul_6ns_16s_21_2_0  |        0|      1|  67|   2|    0|
    |myproject_mul_6ns_16s_21_2_0_U5   |myproject_mul_6ns_16s_21_2_0  |        0|      1|  67|   2|    0|
    |myproject_mul_6ns_16s_21_2_0_U10  |myproject_mul_6ns_16s_21_2_0  |        0|      1|  67|   2|    0|
    |myproject_mul_6ns_16s_21_2_0_U19  |myproject_mul_6ns_16s_21_2_0  |        0|      1|  67|   2|    0|
    |myproject_mul_6ns_16s_21_2_0_U25  |myproject_mul_6ns_16s_21_2_0  |        0|      1|  67|   2|    0|
    |myproject_mul_6ns_16s_21_2_0_U26  |myproject_mul_6ns_16s_21_2_0  |        0|      1|  67|   2|    0|
    |myproject_mul_6ns_16s_21_2_0_U27  |myproject_mul_6ns_16s_21_2_0  |        0|      1|  67|   2|    0|
    |myproject_mul_6s_16s_21_2_0_U7    |myproject_mul_6s_16s_21_2_0   |        0|      1|  67|   2|    0|
    |myproject_mul_6s_16s_21_2_0_U9    |myproject_mul_6s_16s_21_2_0   |        0|      1|  67|   2|    0|
    |myproject_mul_6s_16s_21_2_0_U12   |myproject_mul_6s_16s_21_2_0   |        0|      1|  67|   2|    0|
    |myproject_mul_6s_16s_21_2_0_U13   |myproject_mul_6s_16s_21_2_0   |        0|      1|  67|   2|    0|
    |myproject_mul_6s_16s_21_2_0_U17   |myproject_mul_6s_16s_21_2_0   |        0|      1|  67|   2|    0|
    |myproject_mul_6s_16s_21_2_0_U20   |myproject_mul_6s_16s_21_2_0   |        0|      1|  67|   2|    0|
    +----------------------------------+------------------------------+---------+-------+----+----+-----+
    |Total                             |                              |        0|     27|1809|  54|    0|
    +----------------------------------+------------------------------+---------+-------+----+----+-----+

    * DSP48E: 
    N/A

    * Memory: 
    N/A

    * FIFO: 
    N/A

    * Expression: 
    +----------------------------+----------+-------+---+----+------------+------------+
    |        Variable Name       | Operation| DSP48E| FF| LUT| Bitwidth P0| Bitwidth P1|
    +----------------------------+----------+-------+---+----+------------+------------+
    |acc_10_V_fu_30973_p2        |     +    |      0|  0|  18|          16|          16|
    |acc_12_V_fu_30982_p2        |     +    |      0|  0|  18|          16|          16|
    |acc_13_V_fu_30994_p2        |     +    |      0|  0|  18|          16|          16|
    |acc_14_V_fu_31004_p2        |     +    |      0|  0|  18|          16|          16|
    |acc_15_V_fu_31013_p2        |     +    |      0|  0|  18|          16|          16|
    |acc_16_V_fu_31026_p2        |     +    |      0|  0|  18|          16|          16|
    |acc_17_V_fu_31035_p2        |     +    |      0|  0|  18|          16|          16|
    |acc_18_V_fu_31044_p2        |     +    |      0|  0|  18|          16|          16|
    |acc_19_V_fu_31053_p2        |     +    |      0|  0|  18|          16|          16|
    |acc_1_V_fu_30901_p2         |     +    |      0|  0|  18|          16|          16|
    |acc_20_V_fu_31063_p2        |     +    |      0|  0|  18|          16|          16|
    |acc_21_V_fu_31073_p2        |     +    |      0|  0|  18|          16|          16|
    |acc_22_V_fu_31083_p2        |     +    |      0|  0|  18|          16|          16|
    |acc_23_V_fu_31097_p2        |     +    |      0|  0|  23|          16|          16|
    |acc_24_V_fu_31107_p2        |     +    |      0|  0|  18|          16|          16|
    |acc_25_V_fu_31117_p2        |     +    |      0|  0|  18|          16|          16|
    |acc_26_V_fu_31126_p2        |     +    |      0|  0|  18|          16|          16|
    |acc_27_V_fu_31135_p2        |     +    |      0|  0|  18|          16|          16|
    |acc_28_V_fu_31145_p2        |     +    |      0|  0|  18|          16|          16|
    |acc_29_V_fu_30465_p2        |     +    |      0|  0|  18|          16|          16|
    |acc_2_V_fu_30911_p2         |     +    |      0|  0|  18|          16|          16|
    |acc_30_V_fu_30477_p2        |     +    |      0|  0|  18|          16|          16|
    |acc_31_V_fu_31155_p2        |     +    |      0|  0|  18|          16|          16|
    |acc_32_V_fu_31168_p2        |     +    |      0|  0|  18|          16|          16|
    |acc_33_V_fu_31178_p2        |     +    |      0|  0|  18|          16|          16|
    |acc_35_V_fu_30538_p2        |     +    |      0|  0|  18|          16|          16|
    |acc_36_V_fu_31189_p2        |     +    |      0|  0|  18|          16|          16|
    |acc_37_V_fu_31199_p2        |     +    |      0|  0|  18|          16|          16|
    |acc_38_V_fu_31208_p2        |     +    |      0|  0|  18|          16|          16|
    |acc_39_V_fu_31217_p2        |     +    |      0|  0|  18|          16|          16|
    |acc_3_V_fu_30161_p2         |     +    |      0|  0|  18|          16|          16|
    |acc_40_V_fu_31230_p2        |     +    |      0|  0|  18|          16|          16|
    |acc_42_V_fu_31241_p2        |     +    |      0|  0|  18|          16|          16|
    |acc_43_V_fu_31254_p2        |     +    |      0|  0|  18|          16|          16|
    |acc_44_V_fu_31268_p2        |     +    |      0|  0|  18|          16|          16|
    |acc_45_V_fu_31274_p2        |     +    |      0|  0|  23|           6|          16|
    |acc_46_V_fu_31287_p2        |     +    |      0|  0|  18|          16|          16|
    |acc_48_V_fu_30663_p2        |     +    |      0|  0|  18|          16|          16|
    |acc_49_V_fu_31302_p2        |     +    |      0|  0|  23|          16|          16|
    |acc_4_V_fu_30920_p2         |     +    |      0|  0|  18|          16|          16|
    |acc_50_V_fu_31315_p2        |     +    |      0|  0|  18|          16|          16|
    |acc_51_V_fu_31321_p2        |     +    |      0|  0|  23|           7|          16|
    |acc_52_V_fu_31330_p2        |     +    |      0|  0|  18|          16|          16|
    |acc_53_V_fu_31344_p2        |     +    |      0|  0|  18|          16|          16|
    |acc_54_V_fu_31354_p2        |     +    |      0|  0|  18|          16|          16|
    |acc_55_V_fu_31367_p2        |     +    |      0|  0|  18|          16|          16|
    |acc_58_V_fu_31378_p2        |     +    |      0|  0|  18|          16|          16|
    |acc_59_V_fu_31391_p2        |     +    |      0|  0|  18|          16|          16|
    |acc_5_V_fu_30188_p2         |     +    |      0|  0|  23|          16|          16|
    |acc_60_V_fu_31402_p2        |     +    |      0|  0|  18|          16|          16|
    |acc_61_V_fu_31415_p2        |     +    |      0|  0|  18|          16|          16|
    |acc_63_V_fu_31429_p2        |     +    |      0|  0|  18|          16|          16|
    |acc_6_V_fu_30930_p2         |     +    |      0|  0|  18|          16|          16|
    |acc_7_V_fu_30940_p2         |     +    |      0|  0|  18|          16|          16|
    |acc_8_V_fu_30951_p2         |     +    |      0|  0|  18|          16|          16|
    |acc_9_V_fu_30963_p2         |     +    |      0|  0|  18|          16|          16|
    |add_ln1118_10_fu_29511_p2   |     +    |      0|  0|  27|          20|          20|
    |add_ln1118_11_fu_29577_p2   |     +    |      0|  0|  26|          19|          19|
    |add_ln1118_12_fu_26796_p2   |     +    |      0|  0|  27|          20|          20|
    |add_ln1118_13_fu_29857_p2   |     +    |      0|  0|  27|          20|          20|
    |add_ln1118_14_fu_27587_p2   |     +    |      0|  0|  26|          19|          19|
    |add_ln1118_15_fu_27614_p2   |     +    |      0|  0|  27|          20|          20|
    |add_ln1118_16_fu_27719_p2   |     +    |      0|  0|  28|          21|          21|
    |add_ln1118_17_fu_27775_p2   |     +    |      0|  0|  28|          21|          21|
    |add_ln1118_18_fu_27923_p2   |     +    |      0|  0|  28|          21|          21|
    |add_ln1118_1_fu_28560_p2    |     +    |      0|  0|  26|          19|          19|
    |add_ln1118_2_fu_28723_p2    |     +    |      0|  0|  28|          21|          21|
    |add_ln1118_3_fu_28792_p2    |     +    |      0|  0|  28|          21|          21|
    |add_ln1118_4_fu_28900_p2    |     +    |      0|  0|  28|          21|          21|
    |add_ln1118_5_fu_29006_p2    |     +    |      0|  0|  27|          20|          20|
    |add_ln1118_6_fu_29219_p2    |     +    |      0|  0|  27|          20|          20|
    |add_ln1118_7_fu_29235_p2    |     +    |      0|  0|  28|          21|          21|
    |add_ln1118_8_fu_26642_p2    |     +    |      0|  0|  26|          19|          19|
    |add_ln1118_9_fu_29402_p2    |     +    |      0|  0|  27|          20|          20|
    |add_ln1118_fu_28502_p2      |     +    |      0|  0|  27|          20|          20|
    |add_ln703_442_fu_30121_p2   |     +    |      0|  0|  18|           6|          16|
    |add_ln703_443_fu_30126_p2   |     +    |      0|  0|  18|          16|          16|
    |add_ln703_444_fu_30892_p2   |     +    |      0|  0|  18|          16|          16|
    |add_ln703_445_fu_30131_p2   |     +    |      0|  0|  23|          16|          16|
    |add_ln703_446_fu_30897_p2   |     +    |      0|  0|  18|          16|          16|
    |add_ln703_447_fu_30136_p2   |     +    |      0|  0|  18|           8|          16|
    |add_ln703_448_fu_30141_p2   |     +    |      0|  0|  18|          16|          16|
    |add_ln703_450_fu_30906_p2   |     +    |      0|  0|  18|          16|          16|
    |add_ln703_451_fu_30147_p2   |     +    |      0|  0|  23|           8|          16|
    |add_ln703_453_fu_28215_p2   |     +    |      0|  0|  23|          16|          16|
    |add_ln703_454_fu_30153_p2   |     +    |      0|  0|  18|          16|          16|
    |add_ln703_455_fu_26288_p2   |     +    |      0|  0|  20|           6|          13|
    |add_ln703_456_fu_26298_p2   |     +    |      0|  0|  21|          14|          14|
    |add_ln703_458_fu_28221_p2   |     +    |      0|  0|  23|          16|          16|
    |add_ln703_459_fu_30916_p2   |     +    |      0|  0|  18|          16|          16|
    |add_ln703_460_fu_30167_p2   |     +    |      0|  0|  18|          10|          16|
    |add_ln703_461_fu_30172_p2   |     +    |      0|  0|  18|          16|          16|
    |add_ln703_463_fu_30178_p2   |     +    |      0|  0|  21|           8|          14|
    |add_ln703_465_fu_30194_p2   |     +    |      0|  0|  23|          16|          16|
    |add_ln703_466_fu_30925_p2   |     +    |      0|  0|  18|          16|          16|
    |add_ln703_467_fu_30199_p2   |     +    |      0|  0|  22|          15|          15|
    |add_ln703_468_fu_30209_p2   |     +    |      0|  0|  22|           9|          15|
    |add_ln703_469_fu_30219_p2   |     +    |      0|  0|  23|          16|          16|
    |add_ln703_471_fu_30935_p2   |     +    |      0|  0|  18|           8|          16|
    |add_ln703_473_fu_30225_p2   |     +    |      0|  0|  23|          16|          16|
    |add_ln703_474_fu_30946_p2   |     +    |      0|  0|  18|          16|          16|
    |add_ln703_475_fu_30231_p2   |     +    |      0|  0|  18|           7|          16|
    |add_ln703_476_fu_30236_p2   |     +    |      0|  0|  18|          16|          16|
    |add_ln703_478_fu_30956_p2   |     +    |      0|  0|  18|          16|          16|
    |add_ln703_479_fu_30241_p2   |     +    |      0|  0|  19|           9|          12|
    |add_ln703_481_fu_30969_p2   |     +    |      0|  0|  18|          16|          16|
    |add_ln703_482_fu_30247_p2   |     +    |      0|  0|  23|          10|          16|
    |add_ln703_484_fu_30253_p2   |     +    |      0|  0|  23|          16|          16|
    |add_ln703_485_fu_30978_p2   |     +    |      0|  0|  18|          16|          16|
    |add_ln703_486_fu_30258_p2   |     +    |      0|  0|  18|          16|          16|
    |add_ln703_487_fu_28227_p2   |     +    |      0|  0|  23|           9|          16|
    |add_ln703_488_fu_30263_p2   |     +    |      0|  0|  18|          16|          16|
    |add_ln703_490_fu_30268_p2   |     +    |      0|  0|  23|          16|          16|
    |add_ln703_491_fu_30987_p2   |     +    |      0|  0|  18|          16|          16|
    |add_ln703_492_fu_26304_p2   |     +    |      0|  0|  20|           8|          13|
    |add_ln703_493_fu_26314_p2   |     +    |      0|  0|  22|          15|          15|
    |add_ln703_495_fu_30273_p2   |     +    |      0|  0|  23|          16|          16|
    |add_ln703_496_fu_30277_p2   |     +    |      0|  0|  23|          16|          16|
    |add_ln703_497_fu_31000_p2   |     +    |      0|  0|  18|          16|          16|
    |add_ln703_498_fu_30282_p2   |     +    |      0|  0|  18|          16|          16|
    |add_ln703_499_fu_28233_p2   |     +    |      0|  0|  19|           8|          12|
    |add_ln703_500_fu_30290_p2   |     +    |      0|  0|  18|          16|          16|
    |add_ln703_502_fu_30296_p2   |     +    |      0|  0|  23|          16|          16|
    |add_ln703_503_fu_31009_p2   |     +    |      0|  0|  18|          16|          16|
    |add_ln703_504_fu_28239_p2   |     +    |      0|  0|  22|          15|          15|
    |add_ln703_505_fu_30305_p2   |     +    |      0|  0|  18|           8|          16|
    |add_ln703_506_fu_30310_p2   |     +    |      0|  0|  18|          16|          16|
    |add_ln703_508_fu_30316_p2   |     +    |      0|  0|  22|          15|          15|
    |add_ln703_509_fu_30322_p2   |     +    |      0|  0|  23|          16|          16|
    |add_ln703_510_fu_31021_p2   |     +    |      0|  0|  18|          16|          16|
    |add_ln703_511_fu_30327_p2   |     +    |      0|  0|  18|          16|          16|
    |add_ln703_512_fu_28245_p2   |     +    |      0|  0|  20|           8|          13|
    |add_ln703_513_fu_28255_p2   |     +    |      0|  0|  23|          16|          16|
    |add_ln703_514_fu_30331_p2   |     +    |      0|  0|  18|          16|          16|
    |add_ln703_516_fu_30336_p2   |     +    |      0|  0|  23|          16|          16|
    |add_ln703_517_fu_30341_p2   |     +    |      0|  0|  23|          16|          16|
    |add_ln703_518_fu_31031_p2   |     +    |      0|  0|  18|          16|          16|
    |add_ln703_519_fu_30346_p2   |     +    |      0|  0|  18|          16|          16|
    |add_ln703_520_fu_28260_p2   |     +    |      0|  0|  22|           6|          15|
    |add_ln703_521_fu_30354_p2   |     +    |      0|  0|  18|          16|          16|
    |add_ln703_523_fu_31040_p2   |     +    |      0|  0|  18|          16|          16|
    |add_ln703_524_fu_30360_p2   |     +    |      0|  0|  23|           9|          16|
    |add_ln703_526_fu_31049_p2   |     +    |      0|  0|  18|          16|          16|
    |add_ln703_527_fu_30366_p2   |     +    |      0|  0|  23|          16|          16|
    |add_ln703_529_fu_31058_p2   |     +    |      0|  0|  18|           7|          16|
    |add_ln703_531_fu_31068_p2   |     +    |      0|  0|  18|          16|          16|
    |add_ln703_532_fu_30372_p2   |     +    |      0|  0|  23|           8|          16|
    |add_ln703_534_fu_30377_p2   |     +    |      0|  0|  23|          16|          16|
    |add_ln703_535_fu_31078_p2   |     +    |      0|  0|  18|          16|          16|
    |add_ln703_536_fu_30382_p2   |     +    |      0|  0|  18|           9|          16|
    |add_ln703_537_fu_30388_p2   |     +    |      0|  0|  18|          16|          16|
    |add_ln703_539_fu_31088_p2   |     +    |      0|  0|  19|           9|          12|
    |add_ln703_541_fu_31102_p2   |     +    |      0|  0|  18|           8|          16|
    |add_ln703_543_fu_31112_p2   |     +    |      0|  0|  18|          16|          16|
    |add_ln703_544_fu_30394_p2   |     +    |      0|  0|  19|           7|          12|
    |add_ln703_545_fu_30404_p2   |     +    |      0|  0|  23|          16|          16|
    |add_ln703_547_fu_30409_p2   |     +    |      0|  0|  23|          16|          16|
    |add_ln703_548_fu_31122_p2   |     +    |      0|  0|  18|          16|          16|
    |add_ln703_549_fu_30414_p2   |     +    |      0|  0|  18|          16|          16|
    |add_ln703_550_fu_28266_p2   |     +    |      0|  0|  23|           9|          16|
    |add_ln703_551_fu_30419_p2   |     +    |      0|  0|  18|          16|          16|
    |add_ln703_553_fu_30424_p2   |     +    |      0|  0|  23|          16|          16|
    |add_ln703_554_fu_31131_p2   |     +    |      0|  0|  18|          16|          16|
    |add_ln703_555_fu_30430_p2   |     +    |      0|  0|  18|          16|          16|
    |add_ln703_556_fu_28272_p2   |     +    |      0|  0|  23|           6|          16|
    |add_ln703_557_fu_30435_p2   |     +    |      0|  0|  18|          16|          16|
    |add_ln703_559_fu_31140_p2   |     +    |      0|  0|  18|          16|          16|
    |add_ln703_560_fu_30440_p2   |     +    |      0|  0|  20|           8|          13|
    |add_ln703_561_fu_30450_p2   |     +    |      0|  0|  23|          16|          16|
    |add_ln703_563_fu_30456_p2   |     +    |      0|  0|  18|          16|          16|
    |add_ln703_564_fu_28278_p2   |     +    |      0|  0|  19|           7|          12|
    |add_ln703_565_fu_28288_p2   |     +    |      0|  0|  21|          14|          14|
    |add_ln703_567_fu_30471_p2   |     +    |      0|  0|  18|          16|          16|
    |add_ln703_568_fu_28294_p2   |     +    |      0|  0|  23|           8|          16|
    |add_ln703_570_fu_31150_p2   |     +    |      0|  0|  18|          16|          16|
    |add_ln703_571_fu_30482_p2   |     +    |      0|  0|  23|           8|          16|
    |add_ln703_573_fu_30487_p2   |     +    |      0|  0|  23|          16|          16|
    |add_ln703_574_fu_31160_p2   |     +    |      0|  0|  18|          16|          16|
    |add_ln703_575_fu_30492_p2   |     +    |      0|  0|  19|           6|          12|
    |add_ln703_576_fu_30502_p2   |     +    |      0|  0|  20|          13|          13|
    |add_ln703_578_fu_30508_p2   |     +    |      0|  0|  23|          16|          16|
    |add_ln703_579_fu_31174_p2   |     +    |      0|  0|  18|          16|          16|
    |add_ln703_580_fu_30513_p2   |     +    |      0|  0|  18|          16|          16|
    |add_ln703_581_fu_28300_p2   |     +    |      0|  0|  22|           9|          15|
    |add_ln703_582_fu_30521_p2   |     +    |      0|  0|  18|          16|          16|
    |add_ln703_584_fu_28306_p2   |     +    |      0|  0|  21|          14|          14|
    |add_ln703_585_fu_28312_p2   |     +    |      0|  0|  22|           7|          15|
    |add_ln703_586_fu_30533_p2   |     +    |      0|  0|  18|          16|          16|
    |add_ln703_588_fu_31183_p2   |     +    |      0|  0|  18|          16|          16|
    |add_ln703_589_fu_30544_p2   |     +    |      0|  0|  19|          10|          12|
    |add_ln703_590_fu_30554_p2   |     +    |      0|  0|  23|          16|          16|
    |add_ln703_592_fu_31194_p2   |     +    |      0|  0|  18|          16|          16|
    |add_ln703_593_fu_30559_p2   |     +    |      0|  0|  18|           8|          16|
    |add_ln703_594_fu_30564_p2   |     +    |      0|  0|  18|          16|          16|
    |add_ln703_596_fu_31204_p2   |     +    |      0|  0|  18|          16|          16|
    |add_ln703_597_fu_30570_p2   |     +    |      0|  0|  21|           7|          14|
    |add_ln703_598_fu_30580_p2   |     +    |      0|  0|  23|          16|          16|
    |add_ln703_600_fu_30586_p2   |     +    |      0|  0|  23|          16|          16|
    |add_ln703_601_fu_31213_p2   |     +    |      0|  0|  18|          16|          16|
    |add_ln703_602_fu_30590_p2   |     +    |      0|  0|  18|          16|          16|
    |add_ln703_603_fu_28318_p2   |     +    |      0|  0|  19|           6|          12|
    |add_ln703_604_fu_30598_p2   |     +    |      0|  0|  18|          16|          16|
    |add_ln703_606_fu_31222_p2   |     +    |      0|  0|  18|          16|          16|
    |add_ln703_607_fu_30604_p2   |     +    |      0|  0|  20|           8|          13|
    |add_ln703_609_fu_30610_p2   |     +    |      0|  0|  23|          16|          16|
    |add_ln703_610_fu_31236_p2   |     +    |      0|  0|  18|          16|          16|
    |add_ln703_611_fu_30616_p2   |     +    |      0|  0|  18|           9|          16|
    |add_ln703_612_fu_30622_p2   |     +    |      0|  0|  18|          16|          16|
    |add_ln703_614_fu_30627_p2   |     +    |      0|  0|  23|          16|          16|
    |add_ln703_615_fu_31246_p2   |     +    |      0|  0|  18|          16|          16|
    |add_ln703_616_fu_26320_p2   |     +    |      0|  0|  20|           8|          13|
    |add_ln703_617_fu_26330_p2   |     +    |      0|  0|  21|          14|          14|
    |add_ln703_619_fu_30631_p2   |     +    |      0|  0|  23|          16|          16|
    |add_ln703_620_fu_31260_p2   |     +    |      0|  0|  18|          16|          16|
    |add_ln703_621_fu_30635_p2   |     +    |      0|  0|  19|           7|          12|
    |add_ln703_622_fu_30645_p2   |     +    |      0|  0|  22|          15|          15|
    |add_ln703_625_fu_31279_p2   |     +    |      0|  0|  18|          16|          16|
    |add_ln703_626_fu_30651_p2   |     +    |      0|  0|  19|           9|          12|
    |add_ln703_628_fu_30656_p2   |     +    |      0|  0|  18|          16|          16|
    |add_ln703_629_fu_28324_p2   |     +    |      0|  0|  20|           9|          13|
    |add_ln703_631_fu_31293_p2   |     +    |      0|  0|  20|           9|          13|
    |add_ln703_633_fu_31307_p2   |     +    |      0|  0|  18|          16|          16|
    |add_ln703_634_fu_30669_p2   |     +    |      0|  0|  19|           9|          12|
    |add_ln703_637_fu_30675_p2   |     +    |      0|  0|  23|          16|          16|
    |add_ln703_638_fu_31326_p2   |     +    |      0|  0|  18|          16|          16|
    |add_ln703_639_fu_30681_p2   |     +    |      0|  0|  18|          16|          16|
    |add_ln703_640_fu_28330_p2   |     +    |      0|  0|  23|           9|          16|
    |add_ln703_641_fu_30686_p2   |     +    |      0|  0|  18|          16|          16|
    |add_ln703_643_fu_30691_p2   |     +    |      0|  0|  22|          15|          15|
    |add_ln703_644_fu_31338_p2   |     +    |      0|  0|  18|          16|          16|
    |add_ln703_645_fu_30697_p2   |     +    |      0|  0|  19|           7|          12|
    |add_ln703_646_fu_30707_p2   |     +    |      0|  0|  23|          16|          16|
    |add_ln703_648_fu_30712_p2   |     +    |      0|  0|  23|          16|          16|
    |add_ln703_649_fu_31349_p2   |     +    |      0|  0|  18|          16|          16|
    |add_ln703_650_fu_30717_p2   |     +    |      0|  0|  18|           8|          16|
    |add_ln703_651_fu_30723_p2   |     +    |      0|  0|  18|          16|          16|
    |add_ln703_653_fu_31359_p2   |     +    |      0|  0|  18|          16|          16|
    |add_ln703_654_fu_30729_p2   |     +    |      0|  0|  21|          11|          14|
    |add_ln703_656_fu_30735_p2   |     +    |      0|  0|  23|          16|          16|
    |add_ln703_657_fu_31373_p2   |     +    |      0|  0|  18|          16|          16|
    |add_ln703_658_fu_30741_p2   |     +    |      0|  0|  18|           9|          16|
    |add_ln703_659_fu_30746_p2   |     +    |      0|  0|  18|          16|          16|
    |add_ln703_661_fu_31383_p2   |     +    |      0|  0|  18|          16|          16|
    |add_ln703_662_fu_26336_p2   |     +    |      0|  0|  19|           7|          12|
    |add_ln703_663_fu_26346_p2   |     +    |      0|  0|  21|          14|          14|
    |add_ln703_665_fu_31397_p2   |     +    |      0|  0|  18|          16|          16|
    |add_ln703_666_fu_30752_p2   |     +    |      0|  0|  21|           9|          14|
    |add_ln703_667_fu_30762_p2   |     +    |      0|  0|  23|          16|          16|
    |add_ln703_669_fu_30768_p2   |     +    |      0|  0|  22|          15|          15|
    |add_ln703_670_fu_31410_p2   |     +    |      0|  0|  18|           9|          16|
    |add_ln703_672_fu_30774_p2   |     +    |      0|  0|  23|          16|          16|
    |add_ln703_673_fu_31421_p2   |     +    |      0|  0|  18|          16|          16|
    |add_ln703_674_fu_30780_p2   |     +    |      0|  0|  20|          13|          13|
    |add_ln703_675_fu_30790_p2   |     +    |      0|  0|  19|           8|          12|
    |add_ln703_676_fu_30800_p2   |     +    |      0|  0|  21|          14|          14|
    |add_ln703_fu_30887_p2       |     +    |      0|  0|  18|          16|          16|
    |sub_ln1118_147_fu_28371_p2  |     -    |      0|  0|  28|          21|          21|
    |sub_ln1118_148_fu_28398_p2  |     -    |      0|  0|  27|          20|          20|
    |sub_ln1118_149_fu_28417_p2  |     -    |      0|  0|  18|           1|          21|
    |sub_ln1118_150_fu_28423_p2  |     -    |      0|  0|  18|          21|          21|
    |sub_ln1118_151_fu_28454_p2  |     -    |      0|  0|  28|          21|          21|
    |sub_ln1118_152_fu_28470_p2  |     -    |      0|  0|  28|          21|          21|
    |sub_ln1118_153_fu_28486_p2  |     -    |      0|  0|  26|          19|          19|
    |sub_ln1118_154_fu_28538_p2  |     -    |      0|  0|  18|           1|          20|
    |sub_ln1118_155_fu_28544_p2  |     -    |      0|  0|  18|          20|          20|
    |sub_ln1118_156_fu_28579_p2  |     -    |      0|  0|  26|          19|          19|
    |sub_ln1118_157_fu_28629_p2  |     -    |      0|  0|  25|           1|          18|
    |sub_ln1118_158_fu_28656_p2  |     -    |      0|  0|  28|          21|          21|
    |sub_ln1118_159_fu_28687_p2  |     -    |      0|  0|  26|           1|          19|
    |sub_ln1118_160_fu_28707_p2  |     -    |      0|  0|  26|          19|          19|
    |sub_ln1118_161_fu_28739_p2  |     -    |      0|  0|  18|           1|          21|
    |sub_ln1118_162_fu_28745_p2  |     -    |      0|  0|  18|          21|          21|
    |sub_ln1118_163_fu_28777_p2  |     -    |      0|  0|  28|          21|          21|
    |sub_ln1118_164_fu_28833_p2  |     -    |      0|  0|  27|          20|          20|
    |sub_ln1118_165_fu_28864_p2  |     -    |      0|  0|  26|           1|          19|
    |sub_ln1118_166_fu_28884_p2  |     -    |      0|  0|  28|          21|          21|
    |sub_ln1118_167_fu_28926_p2  |     -    |      0|  0|  18|           1|          21|
    |sub_ln1118_168_fu_28932_p2  |     -    |      0|  0|  18|          21|          21|
    |sub_ln1118_169_fu_28958_p2  |     -    |      0|  0|  27|          20|          20|
    |sub_ln1118_16_fu_29250_p2   |     -    |      0|  0|  24|           1|          17|
    |sub_ln1118_170_fu_28974_p2  |     -    |      0|  0|  27|          20|          20|
    |sub_ln1118_171_fu_28990_p2  |     -    |      0|  0|  26|          19|          19|
    |sub_ln1118_172_fu_26462_p2  |     -    |      0|  0|  28|          21|          21|
    |sub_ln1118_173_fu_29031_p2  |     -    |      0|  0|  28|          21|          21|
    |sub_ln1118_174_fu_26499_p2  |     -    |      0|  0|  28|           1|          21|
    |sub_ln1118_175_fu_29046_p2  |     -    |      0|  0|  28|          21|          21|
    |sub_ln1118_176_fu_29063_p2  |     -    |      0|  0|  28|          21|          21|
    |sub_ln1118_177_fu_29078_p2  |     -    |      0|  0|  28|          21|          21|
    |sub_ln1118_178_fu_29107_p2  |     -    |      0|  0|  28|          21|          21|
    |sub_ln1118_179_fu_29137_p2  |     -    |      0|  0|  28|          21|          21|
    |sub_ln1118_17_fu_29305_p2   |     -    |      0|  0|  24|           1|          17|
    |sub_ln1118_180_fu_29152_p2  |     -    |      0|  0|  18|           1|          20|
    |sub_ln1118_181_fu_29158_p2  |     -    |      0|  0|  18|          20|          20|
    |sub_ln1118_182_fu_29174_p2  |     -    |      0|  0|  27|          20|          20|
    |sub_ln1118_183_fu_29194_p2  |     -    |      0|  0|  28|          21|          21|
    |sub_ln1118_184_fu_26515_p2  |     -    |      0|  0|  28|           1|          21|
    |sub_ln1118_185_fu_26531_p2  |     -    |      0|  0|  18|           1|          19|
    |sub_ln1118_186_fu_26537_p2  |     -    |      0|  0|  18|          19|          19|
    |sub_ln1118_187_fu_26553_p2  |     -    |      0|  0|  26|          19|          19|
    |sub_ln1118_188_fu_29279_p2  |     -    |      0|  0|  28|          21|          21|
    |sub_ln1118_189_fu_26583_p2  |     -    |      0|  0|  28|           1|          21|
    |sub_ln1118_18_fu_29960_p2   |     -    |      0|  0|  24|           1|          17|
    |sub_ln1118_190_fu_26589_p2  |     -    |      0|  0|  28|          21|          21|
    |sub_ln1118_191_fu_26615_p2  |     -    |      0|  0|  28|          21|          21|
    |sub_ln1118_192_fu_29329_p2  |     -    |      0|  0|  25|           1|          18|
    |sub_ln1118_193_fu_29360_p2  |     -    |      0|  0|  27|          20|          20|
    |sub_ln1118_194_fu_29380_p2  |     -    |      0|  0|  18|           1|          20|
    |sub_ln1118_195_fu_29386_p2  |     -    |      0|  0|  18|          20|          20|
    |sub_ln1118_196_fu_26688_p2  |     -    |      0|  0|  28|          21|          21|
    |sub_ln1118_197_fu_26704_p2  |     -    |      0|  0|  18|           1|          19|
    |sub_ln1118_198_fu_26710_p2  |     -    |      0|  0|  18|          19|          19|
    |sub_ln1118_199_fu_29442_p2  |     -    |      0|  0|  27|          20|          20|
    |sub_ln1118_19_fu_27290_p2   |     -    |      0|  0|  24|           1|          17|
    |sub_ln1118_200_fu_29484_p2  |     -    |      0|  0|  28|          21|          21|
    |sub_ln1118_201_fu_29531_p2  |     -    |      0|  0|  28|          21|          21|
    |sub_ln1118_202_fu_29557_p2  |     -    |      0|  0|  27|           1|          20|
    |sub_ln1118_203_fu_29593_p2  |     -    |      0|  0|  26|          19|          19|
    |sub_ln1118_204_fu_29613_p2  |     -    |      0|  0|  28|           1|          21|
    |sub_ln1118_205_fu_29643_p2  |     -    |      0|  0|  18|           1|          19|
    |sub_ln1118_206_fu_29649_p2  |     -    |      0|  0|  18|          19|          19|
    |sub_ln1118_207_fu_26744_p2  |     -    |      0|  0|  18|           1|          21|
    |sub_ln1118_208_fu_26769_p2  |     -    |      0|  0|  18|          21|          21|
    |sub_ln1118_209_fu_29665_p2  |     -    |      0|  0|  26|          19|          19|
    |sub_ln1118_20_fu_28144_p2   |     -    |      0|  0|  24|           1|          17|
    |sub_ln1118_210_fu_26812_p2  |     -    |      0|  0|  27|          20|          20|
    |sub_ln1118_211_fu_26828_p2  |     -    |      0|  0|  25|           1|          18|
    |sub_ln1118_212_fu_26873_p2  |     -    |      0|  0|  27|          20|          20|
    |sub_ln1118_213_fu_26932_p2  |     -    |      0|  0|  28|          21|          21|
    |sub_ln1118_214_fu_26948_p2  |     -    |      0|  0|  18|           1|          19|
    |sub_ln1118_215_fu_26954_p2  |     -    |      0|  0|  18|          19|          19|
    |sub_ln1118_216_fu_26984_p2  |     -    |      0|  0|  27|          20|          20|
    |sub_ln1118_217_fu_27015_p2  |     -    |      0|  0|  27|          20|          20|
    |sub_ln1118_218_fu_27031_p2  |     -    |      0|  0|  27|          20|          20|
    |sub_ln1118_219_fu_27047_p2  |     -    |      0|  0|  25|           1|          18|
    |sub_ln1118_220_fu_29746_p2  |     -    |      0|  0|  28|          21|          21|
    |sub_ln1118_221_fu_29766_p2  |     -    |      0|  0|  26|          19|          19|
    |sub_ln1118_222_fu_29796_p2  |     -    |      0|  0|  27|          20|          20|
    |sub_ln1118_223_fu_29838_p2  |     -    |      0|  0|  28|          21|          21|
    |sub_ln1118_224_fu_29884_p2  |     -    |      0|  0|  27|          20|          20|
    |sub_ln1118_225_fu_29904_p2  |     -    |      0|  0|  27|          20|          20|
    |sub_ln1118_226_fu_27111_p2  |     -    |      0|  0|  28|           1|          21|
    |sub_ln1118_227_fu_29937_p2  |     -    |      0|  0|  27|          20|          20|
    |sub_ln1118_228_fu_27138_p2  |     -    |      0|  0|  28|          21|          21|
    |sub_ln1118_229_fu_27168_p2  |     -    |      0|  0|  25|           1|          18|
    |sub_ln1118_230_fu_27204_p2  |     -    |      0|  0|  18|           1|          20|
    |sub_ln1118_231_fu_27210_p2  |     -    |      0|  0|  18|          20|          20|
    |sub_ln1118_232_fu_27241_p2  |     -    |      0|  0|  26|          19|          19|
    |sub_ln1118_233_fu_27268_p2  |     -    |      0|  0|  18|           1|          21|
    |sub_ln1118_234_fu_27274_p2  |     -    |      0|  0|  18|          21|          21|
    |sub_ln1118_235_fu_27310_p2  |     -    |      0|  0|  28|          21|          21|
    |sub_ln1118_236_fu_27326_p2  |     -    |      0|  0|  27|          20|          20|
    |sub_ln1118_237_fu_27377_p2  |     -    |      0|  0|  25|           1|          18|
    |sub_ln1118_238_fu_27404_p2  |     -    |      0|  0|  27|           1|          20|
    |sub_ln1118_239_fu_27420_p2  |     -    |      0|  0|  27|          20|          20|
    |sub_ln1118_240_fu_27451_p2  |     -    |      0|  0|  28|           1|          21|
    |sub_ln1118_241_fu_27478_p2  |     -    |      0|  0|  26|          19|          19|
    |sub_ln1118_242_fu_27494_p2  |     -    |      0|  0|  28|          21|          21|
    |sub_ln1118_243_fu_27510_p2  |     -    |      0|  0|  27|          20|          20|
    |sub_ln1118_244_fu_27529_p2  |     -    |      0|  0|  27|          20|          20|
    |sub_ln1118_245_fu_27565_p2  |     -    |      0|  0|  26|           1|          19|
    |sub_ln1118_246_fu_27571_p2  |     -    |      0|  0|  26|          19|          19|
    |sub_ln1118_247_fu_27641_p2  |     -    |      0|  0|  25|           1|          18|
    |sub_ln1118_248_fu_27692_p2  |     -    |      0|  0|  28|          21|          21|
    |sub_ln1118_249_fu_27735_p2  |     -    |      0|  0|  28|          21|          21|
    |sub_ln1118_250_fu_27750_p2  |     -    |      0|  0|  28|           1|          21|
    |sub_ln1118_251_fu_27759_p2  |     -    |      0|  0|  28|          21|          21|
    |sub_ln1118_252_fu_27791_p2  |     -    |      0|  0|  28|          21|          21|
    |sub_ln1118_253_fu_26394_p2  |     -    |      0|  0|  18|           1|          19|
    |sub_ln1118_254_fu_26400_p2  |     -    |      0|  0|  18|          19|          19|
    |sub_ln1118_255_fu_30019_p2  |     -    |      0|  0|  28|           1|          21|
    |sub_ln1118_256_fu_27840_p2  |     -    |      0|  0|  18|           1|          20|
    |sub_ln1118_257_fu_27846_p2  |     -    |      0|  0|  18|          20|          20|
    |sub_ln1118_258_fu_27862_p2  |     -    |      0|  0|  28|          21|          21|
    |sub_ln1118_259_fu_27888_p2  |     -    |      0|  0|  27|          20|          20|
    |sub_ln1118_260_fu_27908_p2  |     -    |      0|  0|  28|          21|          21|
    |sub_ln1118_261_fu_27978_p2  |     -    |      0|  0|  28|          21|          21|
    |sub_ln1118_262_fu_30040_p2  |     -    |      0|  0|  28|          21|          21|
    |sub_ln1118_263_fu_28004_p2  |     -    |      0|  0|  27|          20|          20|
    |sub_ln1118_264_fu_30055_p2  |     -    |      0|  0|  28|          21|          21|
    |sub_ln1118_265_fu_28053_p2  |     -    |      0|  0|  18|           1|          20|
    |sub_ln1118_266_fu_28059_p2  |     -    |      0|  0|  18|          20|          20|
    |sub_ln1118_267_fu_28086_p2  |     -    |      0|  0|  26|           1|          19|
    |sub_ln1118_268_fu_28128_p2  |     -    |      0|  0|  28|          21|          21|
    |sub_ln1118_269_fu_28160_p2  |     -    |      0|  0|  27|          20|          20|
    |sub_ln1118_270_fu_28183_p2  |     -    |      0|  0|  28|          21|          21|
    |sub_ln1118_271_fu_28199_p2  |     -    |      0|  0|  26|          19|          19|
    |sub_ln1118_fu_28595_p2      |     -    |      0|  0|  24|           1|          17|
    +----------------------------+----------+-------+---+----+------------+------------+
    |Total                       |          |      0|  0|8386|        5532|        6675|
    +----------------------------+----------+-------+---+----+------------+------------+

    * Multiplexer: 
    +--------------+----+-----------+-----+-----------+
    |     Name     | LUT| Input Size| Bits| Total Bits|
    +--------------+----+-----------+-----+-----------+
    |ap_return_0   |   9|          2|   16|         32|
    |ap_return_1   |   9|          2|   16|         32|
    |ap_return_10  |   9|          2|   16|         32|
    |ap_return_11  |   9|          2|   16|         32|
    |ap_return_12  |   9|          2|   16|         32|
    |ap_return_13  |   9|          2|   16|         32|
    |ap_return_14  |   9|          2|   16|         32|
    |ap_return_15  |   9|          2|   16|         32|
    |ap_return_16  |   9|          2|   16|         32|
    |ap_return_17  |   9|          2|   16|         32|
    |ap_return_18  |   9|          2|   16|         32|
    |ap_return_19  |   9|          2|   16|         32|
    |ap_return_2   |   9|          2|   16|         32|
    |ap_return_20  |   9|          2|   16|         32|
    |ap_return_21  |   9|          2|   16|         32|
    |ap_return_22  |   9|          2|   16|         32|
    |ap_return_23  |   9|          2|   16|         32|
    |ap_return_24  |   9|          2|   16|         32|
    |ap_return_25  |   9|          2|   16|         32|
    |ap_return_26  |   9|          2|   16|         32|
    |ap_return_27  |   9|          2|   16|         32|
    |ap_return_28  |   9|          2|   16|         32|
    |ap_return_29  |   9|          2|   16|         32|
    |ap_return_3   |   9|          2|   16|         32|
    |ap_return_30  |   9|          2|   16|         32|
    |ap_return_31  |   9|          2|   16|         32|
    |ap_return_32  |   9|          2|   16|         32|
    |ap_return_33  |   9|          2|   16|         32|
    |ap_return_34  |   9|          2|   16|         32|
    |ap_return_35  |   9|          2|   16|         32|
    |ap_return_36  |   9|          2|   16|         32|
    |ap_return_37  |   9|          2|   16|         32|
    |ap_return_38  |   9|          2|   16|         32|
    |ap_return_39  |   9|          2|   16|         32|
    |ap_return_4   |   9|          2|   16|         32|
    |ap_return_40  |   9|          2|   16|         32|
    |ap_return_41  |   9|          2|   16|         32|
    |ap_return_42  |   9|          2|   16|         32|
    |ap_return_43  |   9|          2|   16|         32|
    |ap_return_44  |   9|          2|   16|         32|
    |ap_return_45  |   9|          2|   16|         32|
    |ap_return_46  |   9|          2|   16|         32|
    |ap_return_47  |   9|          2|   16|         32|
    |ap_return_48  |   9|          2|   16|         32|
    |ap_return_49  |   9|          2|   16|         32|
    |ap_return_5   |   9|          2|   16|         32|
    |ap_return_50  |   9|          2|   16|         32|
    |ap_return_51  |   9|          2|   16|         32|
    |ap_return_52  |   9|          2|   16|         32|
    |ap_return_53  |   9|          2|   16|         32|
    |ap_return_54  |   9|          2|   16|         32|
    |ap_return_55  |   9|          2|   16|         32|
    |ap_return_56  |   9|          2|   16|         32|
    |ap_return_57  |   9|          2|   16|         32|
    |ap_return_6   |   9|          2|   16|         32|
    |ap_return_7   |   9|          2|   16|         32|
    |ap_return_8   |   9|          2|   16|         32|
    |ap_return_9   |   9|          2|   16|         32|
    +--------------+----+-----------+-----+-----------+
    |Total         | 522|        116|  928|       1856|
    +--------------+----+-----------+-----+-----------+

    * Register: 
    +-----------------------------------------+-----+----+-----+-----------+
    |                   Name                  |  FF | LUT| Bits| Const Bits|
    +-----------------------------------------+-----+----+-----+-----------+
    |acc_29_V_reg_33154                       |   16|   0|   16|          0|
    |acc_30_V_reg_33159                       |   16|   0|   16|          0|
    |acc_35_V_reg_33189                       |   16|   0|   16|          0|
    |acc_3_V_reg_32984                        |   16|   0|   16|          0|
    |acc_48_V_reg_33254                       |   16|   0|   16|          0|
    |acc_5_V_reg_32994                        |   16|   0|   16|          0|
    |add_ln703_443_reg_32964                  |   16|   0|   16|          0|
    |add_ln703_445_reg_32969                  |   16|   0|   16|          0|
    |add_ln703_448_reg_32974                  |   16|   0|   16|          0|
    |add_ln703_451_reg_32979                  |   16|   0|   16|          0|
    |add_ln703_453_reg_32596                  |   16|   0|   16|          0|
    |add_ln703_456_reg_32060                  |   14|   0|   14|          0|
    |add_ln703_458_reg_32601                  |   16|   0|   16|          0|
    |add_ln703_458_reg_32601_pp0_iter3_reg    |   16|   0|   16|          0|
    |add_ln703_461_reg_32989                  |   16|   0|   16|          0|
    |add_ln703_465_reg_32999                  |   16|   0|   16|          0|
    |add_ln703_469_reg_33004                  |   16|   0|   16|          0|
    |add_ln703_473_reg_33009                  |   16|   0|   16|          0|
    |add_ln703_476_reg_33014                  |   16|   0|   16|          0|
    |add_ln703_479_reg_33019                  |   12|   0|   12|          0|
    |add_ln703_482_reg_33024                  |   16|   0|   16|          0|
    |add_ln703_484_reg_33029                  |   16|   0|   16|          0|
    |add_ln703_487_reg_32606                  |   16|   0|   16|          0|
    |add_ln703_488_reg_33034                  |   16|   0|   16|          0|
    |add_ln703_490_reg_33039                  |   16|   0|   16|          0|
    |add_ln703_493_reg_32065                  |   15|   0|   15|          0|
    |add_ln703_495_reg_33044                  |   16|   0|   16|          0|
    |add_ln703_496_reg_33049                  |   16|   0|   16|          0|
    |add_ln703_499_reg_32611                  |   12|   0|   12|          0|
    |add_ln703_500_reg_33054                  |   16|   0|   16|          0|
    |add_ln703_502_reg_33059                  |   16|   0|   16|          0|
    |add_ln703_504_reg_32616                  |   15|   0|   15|          0|
    |add_ln703_506_reg_33064                  |   16|   0|   16|          0|
    |add_ln703_508_reg_33069                  |   15|   0|   15|          0|
    |add_ln703_509_reg_33074                  |   16|   0|   16|          0|
    |add_ln703_513_reg_32621                  |   16|   0|   16|          0|
    |add_ln703_514_reg_33079                  |   16|   0|   16|          0|
    |add_ln703_516_reg_33084                  |   16|   0|   16|          0|
    |add_ln703_517_reg_33089                  |   16|   0|   16|          0|
    |add_ln703_520_reg_32626                  |   15|   0|   15|          0|
    |add_ln703_521_reg_33094                  |   16|   0|   16|          0|
    |add_ln703_524_reg_33099                  |   16|   0|   16|          0|
    |add_ln703_527_reg_33104                  |   16|   0|   16|          0|
    |add_ln703_532_reg_33109                  |   16|   0|   16|          0|
    |add_ln703_534_reg_33114                  |   16|   0|   16|          0|
    |add_ln703_537_reg_33119                  |   16|   0|   16|          0|
    |add_ln703_545_reg_33124                  |   16|   0|   16|          0|
    |add_ln703_547_reg_33129                  |   16|   0|   16|          0|
    |add_ln703_550_reg_32631                  |   16|   0|   16|          0|
    |add_ln703_551_reg_33134                  |   16|   0|   16|          0|
    |add_ln703_553_reg_33139                  |   16|   0|   16|          0|
    |add_ln703_556_reg_32636                  |   16|   0|   16|          0|
    |add_ln703_557_reg_33144                  |   16|   0|   16|          0|
    |add_ln703_561_reg_33149                  |   16|   0|   16|          0|
    |add_ln703_565_reg_32641                  |   14|   0|   14|          0|
    |add_ln703_568_reg_32646                  |   16|   0|   16|          0|
    |add_ln703_571_reg_33164                  |   16|   0|   16|          0|
    |add_ln703_573_reg_33169                  |   16|   0|   16|          0|
    |add_ln703_576_reg_33174                  |   13|   0|   13|          0|
    |add_ln703_578_reg_33179                  |   16|   0|   16|          0|
    |add_ln703_581_reg_32651                  |   15|   0|   15|          0|
    |add_ln703_582_reg_33184                  |   16|   0|   16|          0|
    |add_ln703_584_reg_32656                  |   14|   0|   14|          0|
    |add_ln703_585_reg_32661                  |   15|   0|   15|          0|
    |add_ln703_590_reg_33194                  |   16|   0|   16|          0|
    |add_ln703_594_reg_33199                  |   16|   0|   16|          0|
    |add_ln703_598_reg_33204                  |   16|   0|   16|          0|
    |add_ln703_600_reg_33209                  |   16|   0|   16|          0|
    |add_ln703_603_reg_32666                  |   12|   0|   12|          0|
    |add_ln703_604_reg_33214                  |   16|   0|   16|          0|
    |add_ln703_607_reg_33219                  |   13|   0|   13|          0|
    |add_ln703_609_reg_33224                  |   16|   0|   16|          0|
    |add_ln703_612_reg_33229                  |   16|   0|   16|          0|
    |add_ln703_614_reg_33234                  |   16|   0|   16|          0|
    |add_ln703_617_reg_32070                  |   14|   0|   14|          0|
    |add_ln703_619_reg_33239                  |   16|   0|   16|          0|
    |add_ln703_622_reg_33244                  |   15|   0|   15|          0|
    |add_ln703_626_reg_33249                  |   12|   0|   12|          0|
    |add_ln703_629_reg_32671                  |   13|   0|   13|          0|
    |add_ln703_634_reg_33259                  |   12|   0|   12|          0|
    |add_ln703_637_reg_33264                  |   16|   0|   16|          0|
    |add_ln703_640_reg_32676                  |   16|   0|   16|          0|
    |add_ln703_641_reg_33269                  |   16|   0|   16|          0|
    |add_ln703_643_reg_33274                  |   15|   0|   15|          0|
    |add_ln703_646_reg_33279                  |   16|   0|   16|          0|
    |add_ln703_648_reg_33284                  |   16|   0|   16|          0|
    |add_ln703_651_reg_33289                  |   16|   0|   16|          0|
    |add_ln703_654_reg_33294                  |   14|   0|   14|          0|
    |add_ln703_656_reg_33299                  |   16|   0|   16|          0|
    |add_ln703_659_reg_33304                  |   16|   0|   16|          0|
    |add_ln703_663_reg_32075                  |   14|   0|   14|          0|
    |add_ln703_667_reg_33309                  |   16|   0|   16|          0|
    |add_ln703_669_reg_33314                  |   15|   0|   15|          0|
    |add_ln703_672_reg_33319                  |   16|   0|   16|          0|
    |add_ln703_676_reg_33324                  |   14|   0|   14|          0|
    |ap_ce_reg                                |    1|   0|    1|          0|
    |ap_return_0_int_reg                      |   16|   0|   16|          0|
    |ap_return_10_int_reg                     |   16|   0|   16|          0|
    |ap_return_11_int_reg                     |   16|   0|   16|          0|
    |ap_return_12_int_reg                     |   16|   0|   16|          0|
    |ap_return_13_int_reg                     |   16|   0|   16|          0|
    |ap_return_14_int_reg                     |   16|   0|   16|          0|
    |ap_return_15_int_reg                     |   16|   0|   16|          0|
    |ap_return_16_int_reg                     |   16|   0|   16|          0|
    |ap_return_17_int_reg                     |   16|   0|   16|          0|
    |ap_return_18_int_reg                     |   16|   0|   16|          0|
    |ap_return_19_int_reg                     |   16|   0|   16|          0|
    |ap_return_1_int_reg                      |   16|   0|   16|          0|
    |ap_return_20_int_reg                     |   16|   0|   16|          0|
    |ap_return_21_int_reg                     |   16|   0|   16|          0|
    |ap_return_22_int_reg                     |   16|   0|   16|          0|
    |ap_return_23_int_reg                     |   16|   0|   16|          0|
    |ap_return_24_int_reg                     |   16|   0|   16|          0|
    |ap_return_25_int_reg                     |   16|   0|   16|          0|
    |ap_return_26_int_reg                     |   16|   0|   16|          0|
    |ap_return_27_int_reg                     |   16|   0|   16|          0|
    |ap_return_28_int_reg                     |   16|   0|   16|          0|
    |ap_return_29_int_reg                     |   16|   0|   16|          0|
    |ap_return_2_int_reg                      |   16|   0|   16|          0|
    |ap_return_30_int_reg                     |   16|   0|   16|          0|
    |ap_return_31_int_reg                     |   16|   0|   16|          0|
    |ap_return_32_int_reg                     |   16|   0|   16|          0|
    |ap_return_33_int_reg                     |   16|   0|   16|          0|
    |ap_return_34_int_reg                     |   16|   0|   16|          0|
    |ap_return_35_int_reg                     |   16|   0|   16|          0|
    |ap_return_36_int_reg                     |   16|   0|   16|          0|
    |ap_return_37_int_reg                     |   16|   0|   16|          0|
    |ap_return_38_int_reg                     |   16|   0|   16|          0|
    |ap_return_39_int_reg                     |   16|   0|   16|          0|
    |ap_return_3_int_reg                      |   16|   0|   16|          0|
    |ap_return_40_int_reg                     |   16|   0|   16|          0|
    |ap_return_41_int_reg                     |   16|   0|   16|          0|
    |ap_return_42_int_reg                     |   16|   0|   16|          0|
    |ap_return_43_int_reg                     |   16|   0|   16|          0|
    |ap_return_44_int_reg                     |   16|   0|   16|          0|
    |ap_return_45_int_reg                     |   16|   0|   16|          0|
    |ap_return_46_int_reg                     |   16|   0|   16|          0|
    |ap_return_47_int_reg                     |   16|   0|   16|          0|
    |ap_return_48_int_reg                     |   16|   0|   16|          0|
    |ap_return_49_int_reg                     |   16|   0|   16|          0|
    |ap_return_4_int_reg                      |   16|   0|   16|          0|
    |ap_return_50_int_reg                     |   16|   0|   16|          0|
    |ap_return_51_int_reg                     |   16|   0|   16|          0|
    |ap_return_52_int_reg                     |   16|   0|   16|          0|
    |ap_return_53_int_reg                     |   16|   0|   16|          0|
    |ap_return_54_int_reg                     |   16|   0|   16|          0|
    |ap_return_55_int_reg                     |   16|   0|   16|          0|
    |ap_return_56_int_reg                     |   16|   0|   16|          0|
    |ap_return_57_int_reg                     |   16|   0|   16|          0|
    |ap_return_5_int_reg                      |   16|   0|   16|          0|
    |ap_return_6_int_reg                      |   16|   0|   16|          0|
    |ap_return_7_int_reg                      |   16|   0|   16|          0|
    |ap_return_8_int_reg                      |   16|   0|   16|          0|
    |ap_return_9_int_reg                      |   16|   0|   16|          0|
    |data_V_read_int_reg                      |  256|   0|  256|          0|
    |mult_102_V_reg_32756                     |   16|   0|   16|          0|
    |mult_128_V_reg_32761                     |   16|   0|   16|          0|
    |mult_132_V_reg_32766                     |   16|   0|   16|          0|
    |mult_146_V_reg_32777                     |   16|   0|   16|          0|
    |mult_156_V_reg_32783                     |   16|   0|   16|          0|
    |mult_159_V_reg_32788                     |   16|   0|   16|          0|
    |mult_15_V_reg_32686                      |   16|   0|   16|          0|
    |mult_165_V_reg_32793                     |   16|   0|   16|          0|
    |mult_192_V_reg_32167                     |   16|   0|   16|          0|
    |mult_193_V_reg_32818                     |   16|   0|   16|          0|
    |mult_194_V_reg_32823                     |   16|   0|   16|          0|
    |mult_204_V_reg_32829                     |   16|   0|   16|          0|
    |mult_210_V_reg_32834                     |   16|   0|   16|          0|
    |mult_219_V_reg_32844                     |   16|   0|   16|          0|
    |mult_225_V_reg_32850                     |   16|   0|   16|          0|
    |mult_236_V_reg_32194                     |   16|   0|   16|          0|
    |mult_240_V_reg_32199                     |   16|   0|   16|          0|
    |mult_257_V_reg_32214                     |   16|   0|   16|          0|
    |mult_26_V_reg_32691                      |   16|   0|   16|          0|
    |mult_270_V_reg_32230                     |   16|   0|   16|          0|
    |mult_272_V_reg_32865                     |   16|   0|   16|          0|
    |mult_273_V_reg_32235                     |   16|   0|   16|          0|
    |mult_295_V_reg_32241                     |   16|   0|   16|          0|
    |mult_299_V_reg_32246                     |   16|   0|   16|          0|
    |mult_340_V_reg_32880                     |   16|   0|   16|          0|
    |mult_38_V_reg_32706                      |   16|   0|   16|          0|
    |mult_390_V_reg_32261                     |   16|   0|   16|          0|
    |mult_40_V_reg_32711                      |   16|   0|   16|          0|
    |mult_462_V_reg_32276                     |   16|   0|   16|          0|
    |mult_481_V_reg_32281                     |   16|   0|   16|          0|
    |mult_569_V_reg_32900                     |   16|   0|   16|          0|
    |mult_577_V_reg_32910                     |   16|   0|   16|          0|
    |mult_586_V_reg_32311                     |   16|   0|   16|          0|
    |mult_586_V_reg_32311_pp0_iter3_reg       |   16|   0|   16|          0|
    |mult_588_V_reg_32316                     |   16|   0|   16|          0|
    |mult_601_V_reg_32915                     |   16|   0|   16|          0|
    |mult_603_V_reg_32321                     |   16|   0|   16|          0|
    |mult_652_V_reg_32326                     |   16|   0|   16|          0|
    |mult_712_V_reg_32347                     |   16|   0|   16|          0|
    |mult_720_V_reg_32352                     |   16|   0|   16|          0|
    |mult_730_V_reg_32362                     |   16|   0|   16|          0|
    |mult_77_V_reg_32741                      |   16|   0|   16|          0|
    |mult_784_V_reg_32378                     |   16|   0|   16|          0|
    |mult_784_V_reg_32378_pp0_iter3_reg       |   16|   0|   16|          0|
    |mult_790_V_reg_32385                     |   16|   0|   16|          0|
    |mult_794_V_reg_32395                     |   16|   0|   16|          0|
    |mult_81_V_reg_32148                      |   16|   0|   16|          0|
    |mult_88_V_reg_32751                      |   16|   0|   16|          0|
    |mult_896_V_reg_32442                     |   16|   0|   16|          0|
    |mult_897_V_reg_32447                     |   16|   0|   16|          0|
    |mult_897_V_reg_32447_pp0_iter3_reg       |   16|   0|   16|          0|
    |mult_900_V_reg_32454                     |   16|   0|   16|          0|
    |mult_904_V_reg_32459                     |   16|   0|   16|          0|
    |mult_905_V_reg_32464                     |   16|   0|   16|          0|
    |mult_905_V_reg_32464_pp0_iter3_reg       |   16|   0|   16|          0|
    |mult_906_V_reg_32470                     |   16|   0|   16|          0|
    |mult_906_V_reg_32470_pp0_iter3_reg       |   16|   0|   16|          0|
    |mult_909_V_reg_32475                     |   16|   0|   16|          0|
    |mult_912_V_reg_32131                     |   16|   0|   16|          0|
    |mult_912_V_reg_32131_pp0_iter2_reg       |   16|   0|   16|          0|
    |mult_915_V_reg_32935                     |   16|   0|   16|          0|
    |mult_917_V_reg_32480                     |   16|   0|   16|          0|
    |mult_920_V_reg_32495                     |   16|   0|   16|          0|
    |mult_920_V_reg_32495_pp0_iter3_reg       |   16|   0|   16|          0|
    |mult_921_V_reg_32502                     |   16|   0|   16|          0|
    |mult_927_V_reg_32508                     |   16|   0|   16|          0|
    |mult_931_V_reg_32513                     |   16|   0|   16|          0|
    |mult_935_V_reg_32519                     |   16|   0|   16|          0|
    |mult_938_V_reg_32524                     |   16|   0|   16|          0|
    |mult_939_V_reg_32529                     |   16|   0|   16|          0|
    |mult_944_V_reg_32534                     |   16|   0|   16|          0|
    |mult_946_V_reg_32942                     |   16|   0|   16|          0|
    |mult_954_V_reg_32539                     |   16|   0|   16|          0|
    |mult_963_V_reg_32556                     |   16|   0|   16|          0|
    |mult_967_V_reg_32947                     |   16|   0|   16|          0|
    |mult_975_V_reg_32571                     |   16|   0|   16|          0|
    |mult_980_V_reg_32953                     |   16|   0|   16|          0|
    |mult_983_V_reg_32959                     |   16|   0|   16|          0|
    |mult_992_V_reg_32586                     |   16|   0|   16|          0|
    |sext_ln1118_144_reg_32020                |   21|   0|   21|          0|
    |sext_ln1118_144_reg_32020_pp0_iter1_reg  |   21|   0|   21|          0|
    |sext_ln1118_41_reg_32080                 |   21|   0|   21|          0|
    |sext_ln1118_41_reg_32080_pp0_iter2_reg   |   21|   0|   21|          0|
    |sext_ln1118_48_reg_32153                 |   21|   0|   21|          0|
    |sext_ln1118_60_reg_32086                 |   21|   0|   21|          0|
    |sext_ln1118_60_reg_32086_pp0_iter2_reg   |   21|   0|   21|          0|
    |sext_ln1118_64_reg_32179                 |   17|   0|   21|          4|
    |sext_ln1118_70_reg_32096                 |   21|   0|   21|          0|
    |sext_ln203_56_reg_32143                  |   12|   0|   12|          0|
    |sext_ln203_70_reg_32895                  |   12|   0|   12|          0|
    |sext_ln203_84_reg_32930                  |   13|   0|   13|          0|
    |shl_ln1118_120_reg_32435                 |   16|   0|   21|          5|
    |shl_ln1118_123_reg_32121                 |   16|   0|   18|          2|
    |shl_ln1118_124_reg_32485                 |   16|   0|   19|          3|
    |shl_ln1118_79_reg_32161                  |   16|   0|   21|          5|
    |shl_ln1118_80_reg_32174                  |   16|   0|   18|          2|
    |shl_ln1118_85_reg_32219                  |   16|   0|   17|          1|
    |sub_ln1118_174_reg_32188                 |   17|   0|   21|          4|
    |tmp_10_reg_31964                         |   16|   0|   16|          0|
    |tmp_10_reg_31964_pp0_iter1_reg           |   16|   0|   16|          0|
    |tmp_11_reg_31980                         |   16|   0|   16|          0|
    |tmp_11_reg_31980_pp0_iter1_reg           |   16|   0|   16|          0|
    |tmp_12_reg_32000                         |   16|   0|   16|          0|
    |tmp_12_reg_32000_pp0_iter1_reg           |   16|   0|   16|          0|
    |tmp_13_reg_32009                         |   16|   0|   16|          0|
    |tmp_13_reg_32009_pp0_iter1_reg           |   16|   0|   16|          0|
    |tmp_14_reg_32036                         |   16|   0|   16|          0|
    |tmp_14_reg_32036_pp0_iter1_reg           |   16|   0|   16|          0|
    |tmp_1_reg_31893                          |   16|   0|   16|          0|
    |tmp_1_reg_31893_pp0_iter1_reg            |   16|   0|   16|          0|
    |tmp_2_reg_31913                          |   16|   0|   16|          0|
    |tmp_3_reg_31929                          |   16|   0|   16|          0|
    |tmp_4_reg_31949                          |   16|   0|   16|          0|
    |tmp_568_reg_32209                        |   14|   0|   14|          0|
    |tmp_569_reg_32251                        |   14|   0|   14|          0|
    |tmp_572_reg_32286                        |   14|   0|   14|          0|
    |tmp_573_reg_32332                        |   13|   0|   13|          0|
    |tmp_575_reg_32342                        |   14|   0|   14|          0|
    |tmp_577_reg_32415                        |   14|   0|   14|          0|
    |tmp_578_reg_32126                        |   14|   0|   14|          0|
    |tmp_579_reg_32576                        |   12|   0|   12|          0|
    |tmp_5_reg_31798                          |   16|   0|   16|          0|
    |tmp_6_reg_31817                          |   16|   0|   16|          0|
    |tmp_7_reg_31828                          |   16|   0|   16|          0|
    |tmp_8_reg_31851                          |   16|   0|   16|          0|
    |tmp_9_reg_31862                          |   16|   0|   16|          0|
    |tmp_s_reg_31878                          |   16|   0|   16|          0|
    |trunc_ln203_reg_31776                    |   16|   0|   16|          0|
    |trunc_ln708_209_reg_32696                |   14|   0|   14|          0|
    |trunc_ln708_210_reg_32701                |   15|   0|   15|          0|
    |trunc_ln708_211_reg_32716                |   15|   0|   15|          0|
    |trunc_ln708_212_reg_32721                |   14|   0|   14|          0|
    |trunc_ln708_213_reg_31793                |   13|   0|   13|          0|
    |trunc_ln708_214_reg_32726                |   14|   0|   14|          0|
    |trunc_ln708_215_reg_32731                |   12|   0|   12|          0|
    |trunc_ln708_216_reg_32736                |   13|   0|   13|          0|
    |trunc_ln708_218_reg_31807                |   11|   0|   11|          0|
    |trunc_ln708_218_reg_31807_pp0_iter1_reg  |   11|   0|   11|          0|
    |trunc_ln708_220_reg_32746                |   14|   0|   14|          0|
    |trunc_ln708_221_reg_31812                |   15|   0|   15|          0|
    |trunc_ln708_221_reg_31812_pp0_iter1_reg  |   15|   0|   15|          0|
    |trunc_ln708_222_reg_32772                |   15|   0|   15|          0|
    |trunc_ln708_223_reg_32798                |   15|   0|   15|          0|
    |trunc_ln708_224_reg_32803                |   15|   0|   15|          0|
    |trunc_ln708_225_reg_32808                |   14|   0|   14|          0|
    |trunc_ln708_226_reg_32813                |   15|   0|   15|          0|
    |trunc_ln708_228_reg_31841                |   13|   0|   13|          0|
    |trunc_ln708_229_reg_32839                |   15|   0|   15|          0|
    |trunc_ln708_231_reg_32855                |   15|   0|   15|          0|
    |trunc_ln708_232_reg_32860                |   12|   0|   12|          0|
    |trunc_ln708_233_reg_32204                |   14|   0|   14|          0|
    |trunc_ln708_234_reg_31846                |   15|   0|   15|          0|
    |trunc_ln708_235_reg_32225                |   14|   0|   14|          0|
    |trunc_ln708_239_reg_32870                |   15|   0|   15|          0|
    |trunc_ln708_241_reg_32875                |   15|   0|   15|          0|
    |trunc_ln708_244_reg_31873                |   11|   0|   11|          0|
    |trunc_ln708_244_reg_31873_pp0_iter1_reg  |   11|   0|   11|          0|
    |trunc_ln708_245_reg_32885                |   14|   0|   14|          0|
    |trunc_ln708_246_reg_32890                |   14|   0|   14|          0|
    |trunc_ln708_249_reg_32266                |   15|   0|   15|          0|
    |trunc_ln708_250_reg_32271                |   15|   0|   15|          0|
    |trunc_ln708_251_reg_31887                |   11|   0|   11|          0|
    |trunc_ln708_253_reg_31903                |   12|   0|   12|          0|
    |trunc_ln708_253_reg_31903_pp0_iter1_reg  |   12|   0|   12|          0|
    |trunc_ln708_254_reg_31908                |   11|   0|   11|          0|
    |trunc_ln708_255_reg_32291                |   15|   0|   15|          0|
    |trunc_ln708_256_reg_31923                |   11|   0|   11|          0|
    |trunc_ln708_257_reg_32296                |   15|   0|   15|          0|
    |trunc_ln708_258_reg_32301                |   15|   0|   15|          0|
    |trunc_ln708_259_reg_32306                |   13|   0|   13|          0|
    |trunc_ln708_261_reg_32905                |   14|   0|   14|          0|
    |trunc_ln708_263_reg_31939                |   14|   0|   14|          0|
    |trunc_ln708_263_reg_31939_pp0_iter1_reg  |   14|   0|   14|          0|
    |trunc_ln708_264_reg_31944                |   11|   0|   11|          0|
    |trunc_ln708_265_reg_32920                |   15|   0|   15|          0|
    |trunc_ln708_267_reg_32925                |   15|   0|   15|          0|
    |trunc_ln708_269_reg_31959                |   13|   0|   13|          0|
    |trunc_ln708_269_reg_31959_pp0_iter1_reg  |   13|   0|   13|          0|
    |trunc_ln708_271_reg_32337                |   15|   0|   15|          0|
    |trunc_ln708_272_reg_32357                |   15|   0|   15|          0|
    |trunc_ln708_273_reg_31975                |   12|   0|   12|          0|
    |trunc_ln708_275_reg_32367                |   13|   0|   13|          0|
    |trunc_ln708_276_reg_32373                |   15|   0|   15|          0|
    |trunc_ln708_278_reg_32390                |   14|   0|   14|          0|
    |trunc_ln708_278_reg_32390_pp0_iter3_reg  |   14|   0|   14|          0|
    |trunc_ln708_279_reg_32400                |   15|   0|   15|          0|
    |trunc_ln708_279_reg_32400_pp0_iter3_reg  |   15|   0|   15|          0|
    |trunc_ln708_280_reg_31990                |   14|   0|   14|          0|
    |trunc_ln708_280_reg_31990_pp0_iter1_reg  |   14|   0|   14|          0|
    |trunc_ln708_281_reg_32405                |   15|   0|   15|          0|
    |trunc_ln708_282_reg_31995                |   12|   0|   12|          0|
    |trunc_ln708_282_reg_31995_pp0_iter1_reg  |   12|   0|   12|          0|
    |trunc_ln708_283_reg_32410                |   14|   0|   14|          0|
    |trunc_ln708_285_reg_32420                |   15|   0|   15|          0|
    |trunc_ln708_286_reg_32425                |   13|   0|   13|          0|
    |trunc_ln708_287_reg_32430                |   14|   0|   14|          0|
    |trunc_ln708_288_reg_32490                |   15|   0|   15|          0|
    |trunc_ln708_290_reg_32544                |   15|   0|   15|          0|
    |trunc_ln708_290_reg_32544_pp0_iter3_reg  |   15|   0|   15|          0|
    |trunc_ln708_291_reg_32049                |   15|   0|   15|          0|
    |trunc_ln708_291_reg_32049_pp0_iter1_reg  |   15|   0|   15|          0|
    |trunc_ln708_292_reg_32561                |   15|   0|   15|          0|
    |trunc_ln708_293_reg_32566                |   14|   0|   14|          0|
    |trunc_ln708_294_reg_32054                |   11|   0|   11|          0|
    |trunc_ln708_295_reg_32581                |   15|   0|   15|          0|
    |trunc_ln708_296_reg_32591                |   14|   0|   14|          0|
    |trunc_ln708_s_reg_31788                  |   11|   0|   11|          0|
    |trunc_ln_reg_32681                       |   15|   0|   15|          0|
    |add_ln703_456_reg_32060                  |   64|  32|   14|          0|
    |add_ln703_493_reg_32065                  |   64|  32|   15|          0|
    |add_ln703_617_reg_32070                  |   64|  32|   14|          0|
    |add_ln703_663_reg_32075                  |   64|  32|   14|          0|
    |tmp_2_reg_31913                          |   64|  32|   16|          0|
    |tmp_3_reg_31929                          |   64|  32|   16|          0|
    |tmp_4_reg_31949                          |   64|  32|   16|          0|
    |tmp_5_reg_31798                          |   64|  32|   16|          0|
    |tmp_6_reg_31817                          |   64|  32|   16|          0|
    |tmp_7_reg_31828                          |   64|  32|   16|          0|
    |tmp_8_reg_31851                          |   64|  32|   16|          0|
    |tmp_9_reg_31862                          |   64|  32|   16|          0|
    |tmp_s_reg_31878                          |   64|  32|   16|          0|
    |trunc_ln203_reg_31776                    |   64|  32|   16|          0|
    |trunc_ln708_213_reg_31793                |   64|  32|   13|          0|
    |trunc_ln708_228_reg_31841                |   64|  32|   13|          0|
    |trunc_ln708_234_reg_31846                |   64|  32|   15|          0|
    |trunc_ln708_251_reg_31887                |   64|  32|   11|          0|
    |trunc_ln708_254_reg_31908                |   64|  32|   11|          0|
    |trunc_ln708_256_reg_31923                |   64|  32|   11|          0|
    |trunc_ln708_264_reg_31944                |   64|  32|   11|          0|
    |trunc_ln708_273_reg_31975                |   64|  32|   12|          0|
    |trunc_ln708_294_reg_32054                |   64|  32|   11|          0|
    |trunc_ln708_s_reg_31788                  |   64|  32|   11|          0|
    +-----------------------------------------+-----+----+-----+-----------+
    |Total                                    | 7352| 768| 6178|         26|
    +-----------------------------------------+-----+----+-----+-----------+



================================================================
== Interface
================================================================
* Summary: 
+--------------+-----+-----+------------+----------------------------------------------------------------------------------+--------------+
|   RTL Ports  | Dir | Bits|  Protocol  |                                   Source Object                                  |    C Type    |
+--------------+-----+-----+------------+----------------------------------------------------------------------------------+--------------+
|ap_clk        |  in |    1| ap_ctrl_hs | dense_latency.0.0.0.0.0.0.0.0.0.0.0.0.0.0.0.0.0.0.0.0.0.0.0.0.0.0.0.0.0.0.0.0.0. | return value |
|ap_rst        |  in |    1| ap_ctrl_hs | dense_latency.0.0.0.0.0.0.0.0.0.0.0.0.0.0.0.0.0.0.0.0.0.0.0.0.0.0.0.0.0.0.0.0.0. | return value |
|ap_return_0   | out |   16| ap_ctrl_hs | dense_latency.0.0.0.0.0.0.0.0.0.0.0.0.0.0.0.0.0.0.0.0.0.0.0.0.0.0.0.0.0.0.0.0.0. | return value |
|ap_return_1   | out |   16| ap_ctrl_hs | dense_latency.0.0.0.0.0.0.0.0.0.0.0.0.0.0.0.0.0.0.0.0.0.0.0.0.0.0.0.0.0.0.0.0.0. | return value |
|ap_return_2   | out |   16| ap_ctrl_hs | dense_latency.0.0.0.0.0.0.0.0.0.0.0.0.0.0.0.0.0.0.0.0.0.0.0.0.0.0.0.0.0.0.0.0.0. | return value |
|ap_return_3   | out |   16| ap_ctrl_hs | dense_latency.0.0.0.0.0.0.0.0.0.0.0.0.0.0.0.0.0.0.0.0.0.0.0.0.0.0.0.0.0.0.0.0.0. | return value |
|ap_return_4   | out |   16| ap_ctrl_hs | dense_latency.0.0.0.0.0.0.0.0.0.0.0.0.0.0.0.0.0.0.0.0.0.0.0.0.0.0.0.0.0.0.0.0.0. | return value |
|ap_return_5   | out |   16| ap_ctrl_hs | dense_latency.0.0.0.0.0.0.0.0.0.0.0.0.0.0.0.0.0.0.0.0.0.0.0.0.0.0.0.0.0.0.0.0.0. | return value |
|ap_return_6   | out |   16| ap_ctrl_hs | dense_latency.0.0.0.0.0.0.0.0.0.0.0.0.0.0.0.0.0.0.0.0.0.0.0.0.0.0.0.0.0.0.0.0.0. | return value |
|ap_return_7   | out |   16| ap_ctrl_hs | dense_latency.0.0.0.0.0.0.0.0.0.0.0.0.0.0.0.0.0.0.0.0.0.0.0.0.0.0.0.0.0.0.0.0.0. | return value |
|ap_return_8   | out |   16| ap_ctrl_hs | dense_latency.0.0.0.0.0.0.0.0.0.0.0.0.0.0.0.0.0.0.0.0.0.0.0.0.0.0.0.0.0.0.0.0.0. | return value |
|ap_return_9   | out |   16| ap_ctrl_hs | dense_latency.0.0.0.0.0.0.0.0.0.0.0.0.0.0.0.0.0.0.0.0.0.0.0.0.0.0.0.0.0.0.0.0.0. | return value |
|ap_return_10  | out |   16| ap_ctrl_hs | dense_latency.0.0.0.0.0.0.0.0.0.0.0.0.0.0.0.0.0.0.0.0.0.0.0.0.0.0.0.0.0.0.0.0.0. | return value |
|ap_return_11  | out |   16| ap_ctrl_hs | dense_latency.0.0.0.0.0.0.0.0.0.0.0.0.0.0.0.0.0.0.0.0.0.0.0.0.0.0.0.0.0.0.0.0.0. | return value |
|ap_return_12  | out |   16| ap_ctrl_hs | dense_latency.0.0.0.0.0.0.0.0.0.0.0.0.0.0.0.0.0.0.0.0.0.0.0.0.0.0.0.0.0.0.0.0.0. | return value |
|ap_return_13  | out |   16| ap_ctrl_hs | dense_latency.0.0.0.0.0.0.0.0.0.0.0.0.0.0.0.0.0.0.0.0.0.0.0.0.0.0.0.0.0.0.0.0.0. | return value |
|ap_return_14  | out |   16| ap_ctrl_hs | dense_latency.0.0.0.0.0.0.0.0.0.0.0.0.0.0.0.0.0.0.0.0.0.0.0.0.0.0.0.0.0.0.0.0.0. | return value |
|ap_return_15  | out |   16| ap_ctrl_hs | dense_latency.0.0.0.0.0.0.0.0.0.0.0.0.0.0.0.0.0.0.0.0.0.0.0.0.0.0.0.0.0.0.0.0.0. | return value |
|ap_return_16  | out |   16| ap_ctrl_hs | dense_latency.0.0.0.0.0.0.0.0.0.0.0.0.0.0.0.0.0.0.0.0.0.0.0.0.0.0.0.0.0.0.0.0.0. | return value |
|ap_return_17  | out |   16| ap_ctrl_hs | dense_latency.0.0.0.0.0.0.0.0.0.0.0.0.0.0.0.0.0.0.0.0.0.0.0.0.0.0.0.0.0.0.0.0.0. | return value |
|ap_return_18  | out |   16| ap_ctrl_hs | dense_latency.0.0.0.0.0.0.0.0.0.0.0.0.0.0.0.0.0.0.0.0.0.0.0.0.0.0.0.0.0.0.0.0.0. | return value |
|ap_return_19  | out |   16| ap_ctrl_hs | dense_latency.0.0.0.0.0.0.0.0.0.0.0.0.0.0.0.0.0.0.0.0.0.0.0.0.0.0.0.0.0.0.0.0.0. | return value |
|ap_return_20  | out |   16| ap_ctrl_hs | dense_latency.0.0.0.0.0.0.0.0.0.0.0.0.0.0.0.0.0.0.0.0.0.0.0.0.0.0.0.0.0.0.0.0.0. | return value |
|ap_return_21  | out |   16| ap_ctrl_hs | dense_latency.0.0.0.0.0.0.0.0.0.0.0.0.0.0.0.0.0.0.0.0.0.0.0.0.0.0.0.0.0.0.0.0.0. | return value |
|ap_return_22  | out |   16| ap_ctrl_hs | dense_latency.0.0.0.0.0.0.0.0.0.0.0.0.0.0.0.0.0.0.0.0.0.0.0.0.0.0.0.0.0.0.0.0.0. | return value |
|ap_return_23  | out |   16| ap_ctrl_hs | dense_latency.0.0.0.0.0.0.0.0.0.0.0.0.0.0.0.0.0.0.0.0.0.0.0.0.0.0.0.0.0.0.0.0.0. | return value |
|ap_return_24  | out |   16| ap_ctrl_hs | dense_latency.0.0.0.0.0.0.0.0.0.0.0.0.0.0.0.0.0.0.0.0.0.0.0.0.0.0.0.0.0.0.0.0.0. | return value |
|ap_return_25  | out |   16| ap_ctrl_hs | dense_latency.0.0.0.0.0.0.0.0.0.0.0.0.0.0.0.0.0.0.0.0.0.0.0.0.0.0.0.0.0.0.0.0.0. | return value |
|ap_return_26  | out |   16| ap_ctrl_hs | dense_latency.0.0.0.0.0.0.0.0.0.0.0.0.0.0.0.0.0.0.0.0.0.0.0.0.0.0.0.0.0.0.0.0.0. | return value |
|ap_return_27  | out |   16| ap_ctrl_hs | dense_latency.0.0.0.0.0.0.0.0.0.0.0.0.0.0.0.0.0.0.0.0.0.0.0.0.0.0.0.0.0.0.0.0.0. | return value |
|ap_return_28  | out |   16| ap_ctrl_hs | dense_latency.0.0.0.0.0.0.0.0.0.0.0.0.0.0.0.0.0.0.0.0.0.0.0.0.0.0.0.0.0.0.0.0.0. | return value |
|ap_return_29  | out |   16| ap_ctrl_hs | dense_latency.0.0.0.0.0.0.0.0.0.0.0.0.0.0.0.0.0.0.0.0.0.0.0.0.0.0.0.0.0.0.0.0.0. | return value |
|ap_return_30  | out |   16| ap_ctrl_hs | dense_latency.0.0.0.0.0.0.0.0.0.0.0.0.0.0.0.0.0.0.0.0.0.0.0.0.0.0.0.0.0.0.0.0.0. | return value |
|ap_return_31  | out |   16| ap_ctrl_hs | dense_latency.0.0.0.0.0.0.0.0.0.0.0.0.0.0.0.0.0.0.0.0.0.0.0.0.0.0.0.0.0.0.0.0.0. | return value |
|ap_return_32  | out |   16| ap_ctrl_hs | dense_latency.0.0.0.0.0.0.0.0.0.0.0.0.0.0.0.0.0.0.0.0.0.0.0.0.0.0.0.0.0.0.0.0.0. | return value |
|ap_return_33  | out |   16| ap_ctrl_hs | dense_latency.0.0.0.0.0.0.0.0.0.0.0.0.0.0.0.0.0.0.0.0.0.0.0.0.0.0.0.0.0.0.0.0.0. | return value |
|ap_return_34  | out |   16| ap_ctrl_hs | dense_latency.0.0.0.0.0.0.0.0.0.0.0.0.0.0.0.0.0.0.0.0.0.0.0.0.0.0.0.0.0.0.0.0.0. | return value |
|ap_return_35  | out |   16| ap_ctrl_hs | dense_latency.0.0.0.0.0.0.0.0.0.0.0.0.0.0.0.0.0.0.0.0.0.0.0.0.0.0.0.0.0.0.0.0.0. | return value |
|ap_return_36  | out |   16| ap_ctrl_hs | dense_latency.0.0.0.0.0.0.0.0.0.0.0.0.0.0.0.0.0.0.0.0.0.0.0.0.0.0.0.0.0.0.0.0.0. | return value |
|ap_return_37  | out |   16| ap_ctrl_hs | dense_latency.0.0.0.0.0.0.0.0.0.0.0.0.0.0.0.0.0.0.0.0.0.0.0.0.0.0.0.0.0.0.0.0.0. | return value |
|ap_return_38  | out |   16| ap_ctrl_hs | dense_latency.0.0.0.0.0.0.0.0.0.0.0.0.0.0.0.0.0.0.0.0.0.0.0.0.0.0.0.0.0.0.0.0.0. | return value |
|ap_return_39  | out |   16| ap_ctrl_hs | dense_latency.0.0.0.0.0.0.0.0.0.0.0.0.0.0.0.0.0.0.0.0.0.0.0.0.0.0.0.0.0.0.0.0.0. | return value |
|ap_return_40  | out |   16| ap_ctrl_hs | dense_latency.0.0.0.0.0.0.0.0.0.0.0.0.0.0.0.0.0.0.0.0.0.0.0.0.0.0.0.0.0.0.0.0.0. | return value |
|ap_return_41  | out |   16| ap_ctrl_hs | dense_latency.0.0.0.0.0.0.0.0.0.0.0.0.0.0.0.0.0.0.0.0.0.0.0.0.0.0.0.0.0.0.0.0.0. | return value |
|ap_return_42  | out |   16| ap_ctrl_hs | dense_latency.0.0.0.0.0.0.0.0.0.0.0.0.0.0.0.0.0.0.0.0.0.0.0.0.0.0.0.0.0.0.0.0.0. | return value |
|ap_return_43  | out |   16| ap_ctrl_hs | dense_latency.0.0.0.0.0.0.0.0.0.0.0.0.0.0.0.0.0.0.0.0.0.0.0.0.0.0.0.0.0.0.0.0.0. | return value |
|ap_return_44  | out |   16| ap_ctrl_hs | dense_latency.0.0.0.0.0.0.0.0.0.0.0.0.0.0.0.0.0.0.0.0.0.0.0.0.0.0.0.0.0.0.0.0.0. | return value |
|ap_return_45  | out |   16| ap_ctrl_hs | dense_latency.0.0.0.0.0.0.0.0.0.0.0.0.0.0.0.0.0.0.0.0.0.0.0.0.0.0.0.0.0.0.0.0.0. | return value |
|ap_return_46  | out |   16| ap_ctrl_hs | dense_latency.0.0.0.0.0.0.0.0.0.0.0.0.0.0.0.0.0.0.0.0.0.0.0.0.0.0.0.0.0.0.0.0.0. | return value |
|ap_return_47  | out |   16| ap_ctrl_hs | dense_latency.0.0.0.0.0.0.0.0.0.0.0.0.0.0.0.0.0.0.0.0.0.0.0.0.0.0.0.0.0.0.0.0.0. | return value |
|ap_return_48  | out |   16| ap_ctrl_hs | dense_latency.0.0.0.0.0.0.0.0.0.0.0.0.0.0.0.0.0.0.0.0.0.0.0.0.0.0.0.0.0.0.0.0.0. | return value |
|ap_return_49  | out |   16| ap_ctrl_hs | dense_latency.0.0.0.0.0.0.0.0.0.0.0.0.0.0.0.0.0.0.0.0.0.0.0.0.0.0.0.0.0.0.0.0.0. | return value |
|ap_return_50  | out |   16| ap_ctrl_hs | dense_latency.0.0.0.0.0.0.0.0.0.0.0.0.0.0.0.0.0.0.0.0.0.0.0.0.0.0.0.0.0.0.0.0.0. | return value |
|ap_return_51  | out |   16| ap_ctrl_hs | dense_latency.0.0.0.0.0.0.0.0.0.0.0.0.0.0.0.0.0.0.0.0.0.0.0.0.0.0.0.0.0.0.0.0.0. | return value |
|ap_return_52  | out |   16| ap_ctrl_hs | dense_latency.0.0.0.0.0.0.0.0.0.0.0.0.0.0.0.0.0.0.0.0.0.0.0.0.0.0.0.0.0.0.0.0.0. | return value |
|ap_return_53  | out |   16| ap_ctrl_hs | dense_latency.0.0.0.0.0.0.0.0.0.0.0.0.0.0.0.0.0.0.0.0.0.0.0.0.0.0.0.0.0.0.0.0.0. | return value |
|ap_return_54  | out |   16| ap_ctrl_hs | dense_latency.0.0.0.0.0.0.0.0.0.0.0.0.0.0.0.0.0.0.0.0.0.0.0.0.0.0.0.0.0.0.0.0.0. | return value |
|ap_return_55  | out |   16| ap_ctrl_hs | dense_latency.0.0.0.0.0.0.0.0.0.0.0.0.0.0.0.0.0.0.0.0.0.0.0.0.0.0.0.0.0.0.0.0.0. | return value |
|ap_return_56  | out |   16| ap_ctrl_hs | dense_latency.0.0.0.0.0.0.0.0.0.0.0.0.0.0.0.0.0.0.0.0.0.0.0.0.0.0.0.0.0.0.0.0.0. | return value |
|ap_return_57  | out |   16| ap_ctrl_hs | dense_latency.0.0.0.0.0.0.0.0.0.0.0.0.0.0.0.0.0.0.0.0.0.0.0.0.0.0.0.0.0.0.0.0.0. | return value |
|ap_ce         |  in |    1| ap_ctrl_hs | dense_latency.0.0.0.0.0.0.0.0.0.0.0.0.0.0.0.0.0.0.0.0.0.0.0.0.0.0.0.0.0.0.0.0.0. | return value |
|data_V_read   |  in |  256|   ap_none  |                                    data_V_read                                   |    scalar    |
+--------------+-----+-----+------------+----------------------------------------------------------------------------------+--------------+

