

================================================================
== Vivado HLS Report for 'dense_latency_0_0_0_0_0_0_0_0_0_0_0_0_0_0_0_0_0_0_0_0_0_0_0_0_0_0_0_0_0_0_0_0_0'
================================================================
* Date:           Sat Apr  6 17:13:54 2024

* Version:        2019.1 (Build 2552052 on Fri May 24 15:28:33 MDT 2019)
* Project:        myproject_prj
* Solution:       solution1
* Product family: artix7
* Target device:  xc7a100t-fgg676-2L


================================================================
== Performance Estimates
================================================================
+ Timing (ns): 
    * Summary: 
    +--------+-------+----------+------------+
    |  Clock | Target| Estimated| Uncertainty|
    +--------+-------+----------+------------+
    |ap_clk  |   5.00|     3.604|        0.62|
    +--------+-------+----------+------------+

+ Latency (clock cycles): 
    * Summary: 
    +-----+-----+-----+-----+----------+
    |  Latency  |  Interval | Pipeline |
    | min | max | min | max |   Type   |
    +-----+-----+-----+-----+----------+
    |    3|    3|    1|    1| function |
    +-----+-----+-----+-----+----------+

    + Detail: 
        * Instance: 
        N/A

        * Loop: 
        N/A



================================================================
== Utilization Estimates
================================================================
* Summary: 
+-----------------+---------+-------+--------+-------+-----+
|       Name      | BRAM_18K| DSP48E|   FF   |  LUT  | URAM|
+-----------------+---------+-------+--------+-------+-----+
|DSP              |        -|      -|       -|      -|    -|
|Expression       |        -|      0|       0|   8293|    -|
|FIFO             |        -|      -|       -|      -|    -|
|Instance         |        -|      -|       -|      -|    -|
|Memory           |        -|      -|       -|      -|    -|
|Multiplexer      |        -|      -|       -|    216|    -|
|Register         |        -|      -|    3690|      -|    -|
+-----------------+---------+-------+--------+-------+-----+
|Total            |        0|      0|    3690|   8509|    0|
+-----------------+---------+-------+--------+-------+-----+
|Available        |      270|    240|  126800|  63400|    0|
+-----------------+---------+-------+--------+-------+-----+
|Utilization (%)  |        0|      0|       2|     13|    0|
+-----------------+---------+-------+--------+-------+-----+

+ Detail: 
    * Instance: 
    N/A

    * DSP48E: 
    N/A

    * Memory: 
    N/A

    * FIFO: 
    N/A

    * Expression: 
    +----------------------------+----------+-------+---+----+------------+------------+
    |        Variable Name       | Operation| DSP48E| FF| LUT| Bitwidth P0| Bitwidth P1|
    +----------------------------+----------+-------+---+----+------------+------------+
    |mul_ln1118_13_fu_518_p2     |     *    |      0|  0|  25|           6|           5|
    |mul_ln1118_14_fu_506_p2     |     *    |      0|  0|  25|           6|           5|
    |mul_ln1118_19_fu_501_p2     |     *    |      0|  0|  25|           6|           6|
    |mul_ln1118_22_fu_459_p2     |     *    |      0|  0|  25|           6|           6|
    |mul_ln1118_24_fu_463_p2     |     *    |      0|  0|  25|           6|           6|
    |mul_ln1118_25_fu_624_p2     |     *    |      0|  0|  25|           6|           6|
    |mul_ln1118_26_fu_487_p2     |     *    |      0|  0|  25|           6|           5|
    |mul_ln1118_28_fu_560_p2     |     *    |      0|  0|  25|           6|           6|
    |mul_ln1118_29_fu_527_p2     |     *    |      0|  0|  25|           6|           6|
    |mul_ln1118_32_fu_589_p2     |     *    |      0|  0|  25|           6|           6|
    |mul_ln1118_34_fu_440_p2     |     *    |      0|  0|  25|           6|           6|
    |mul_ln1118_35_fu_586_p2     |     *    |      0|  0|  25|           6|           6|
    |mul_ln1118_39_fu_553_p2     |     *    |      0|  0|  25|           6|           6|
    |mul_ln1118_40_fu_439_p2     |     *    |      0|  0|  25|           6|           5|
    |mul_ln1118_42_fu_610_p2     |     *    |      0|  0|  25|           6|           5|
    |mul_ln1118_43_fu_549_p2     |     *    |      0|  0|  25|           6|           6|
    |mul_ln1118_44_fu_604_p2     |     *    |      0|  0|  25|           6|           5|
    |mul_ln1118_6_fu_444_p2      |     *    |      0|  0|  25|           6|           6|
    |mul_ln1118_9_fu_481_p2      |     *    |      0|  0|  25|           6|           5|
    |mul_ln1118_fu_635_p2        |     *    |      0|  0|  25|           6|           6|
    |mul_ln708_10_fu_446_p2      |     *    |      0|  0|  25|           6|           5|
    |mul_ln708_11_fu_516_p2      |     *    |      0|  0|  25|           6|           4|
    |mul_ln708_12_fu_544_p2      |     *    |      0|  0|  25|           6|           5|
    |mul_ln708_13_fu_651_p2      |     *    |      0|  0|  25|           6|           5|
    |mul_ln708_14_fu_648_p2      |     *    |      0|  0|  25|           6|           5|
    |mul_ln708_15_fu_542_p2      |     *    |      0|  0|  25|           6|           5|
    |mul_ln708_16_fu_521_p2      |     *    |      0|  0|  25|           6|           4|
    |mul_ln708_17_fu_456_p2      |     *    |      0|  0|  25|           6|           4|
    |mul_ln708_18_fu_619_p2      |     *    |      0|  0|  25|           6|           5|
    |mul_ln708_19_fu_524_p2      |     *    |      0|  0|  25|           6|           4|
    |mul_ln708_1_fu_642_p2       |     *    |      0|  0|  25|           6|           4|
    |mul_ln708_20_fu_641_p2      |     *    |      0|  0|  25|           6|           5|
    |mul_ln708_21_fu_644_p2      |     *    |      0|  0|  25|           6|           5|
    |mul_ln708_22_fu_569_p2      |     *    |      0|  0|  25|           6|           5|
    |mul_ln708_23_fu_563_p2      |     *    |      0|  0|  25|           6|           4|
    |mul_ln708_24_fu_555_p2      |     *    |      0|  0|  25|           6|           5|
    |mul_ln708_25_fu_497_p2      |     *    |      0|  0|  25|           6|           4|
    |mul_ln708_26_fu_450_p2      |     *    |      0|  0|  25|           6|           5|
    |mul_ln708_27_fu_570_p2      |     *    |      0|  0|  25|           6|           5|
    |mul_ln708_28_fu_614_p2      |     *    |      0|  0|  25|           6|           4|
    |mul_ln708_29_fu_578_p2      |     *    |      0|  0|  25|           6|           4|
    |mul_ln708_2_fu_655_p2       |     *    |      0|  0|  25|           6|           5|
    |mul_ln708_30_fu_466_p2      |     *    |      0|  0|  25|           6|           4|
    |mul_ln708_31_fu_654_p2      |     *    |      0|  0|  25|           6|           5|
    |mul_ln708_32_fu_594_p2      |     *    |      0|  0|  25|           6|           5|
    |mul_ln708_33_fu_489_p2      |     *    |      0|  0|  25|           6|           5|
    |mul_ln708_34_fu_539_p2      |     *    |      0|  0|  25|           6|           4|
    |mul_ln708_35_fu_482_p2      |     *    |      0|  0|  25|           6|           4|
    |mul_ln708_36_fu_525_p2      |     *    |      0|  0|  25|           6|           5|
    |mul_ln708_37_fu_601_p2      |     *    |      0|  0|  25|           6|           4|
    |mul_ln708_3_fu_543_p2       |     *    |      0|  0|  25|           6|           5|
    |mul_ln708_4_fu_523_p2       |     *    |      0|  0|  25|           6|           4|
    |mul_ln708_5_fu_607_p2       |     *    |      0|  0|  25|           6|           5|
    |mul_ln708_6_fu_510_p2       |     *    |      0|  0|  25|           6|           5|
    |mul_ln708_7_fu_564_p2       |     *    |      0|  0|  25|           6|           4|
    |mul_ln708_8_fu_630_p2       |     *    |      0|  0|  25|           6|           4|
    |mul_ln708_9_fu_505_p2       |     *    |      0|  0|  25|           6|           5|
    |mul_ln708_fu_649_p2         |     *    |      0|  0|  25|           6|           5|
    |acc_10_V_fu_60493_p2        |     +    |      0|  0|  18|          13|          13|
    |acc_13_V_fu_59789_p2        |     +    |      0|  0|  18|          13|          13|
    |acc_14_V_fu_60512_p2        |     +    |      0|  0|  21|          14|          14|
    |acc_15_V_fu_60537_p2        |     +    |      0|  0|  18|          14|          14|
    |acc_19_V_fu_60553_p2        |     +    |      0|  0|  21|          14|          14|
    |acc_1_V_fu_59513_p2         |     +    |      0|  0|  21|          14|          14|
    |acc_20_V_fu_60569_p2        |     +    |      0|  0|  21|          14|          14|
    |acc_21_V_fu_59966_p2        |     +    |      0|  0|  20|          13|          13|
    |acc_22_V_fu_60588_p2        |     +    |      0|  0|  21|          14|          14|
    |acc_23_V_fu_60604_p2        |     +    |      0|  0|  21|          14|          14|
    |acc_24_V_fu_60633_p2        |     +    |      0|  0|  22|          15|          15|
    |acc_25_V_fu_60649_p2        |     +    |      0|  0|  21|          14|          14|
    |acc_26_V_fu_60691_p2        |     +    |      0|  0|  21|          14|          14|
    |acc_27_V_fu_60720_p2        |     +    |      0|  0|  21|          14|          14|
    |acc_28_V_fu_60736_p2        |     +    |      0|  0|  21|          14|          14|
    |acc_29_V_fu_60752_p2        |     +    |      0|  0|  21|          14|          14|
    |acc_2_V_fu_60347_p2         |     +    |      0|  0|  18|          16|          16|
    |acc_30_V_fu_60777_p2        |     +    |      0|  0|  18|          14|          14|
    |acc_3_V_fu_60359_p2         |     +    |      0|  0|  21|          14|          14|
    |acc_4_V_fu_60384_p2         |     +    |      0|  0|  18|          14|          14|
    |acc_7_V_fu_60426_p2         |     +    |      0|  0|  21|          14|          14|
    |acc_8_V_fu_60442_p2         |     +    |      0|  0|  21|          14|          14|
    |acc_9_V_fu_60471_p2         |     +    |      0|  0|  21|          14|          14|
    |add_ln703_100_fu_58752_p2   |     +    |      0|  0|  17|          10|          10|
    |add_ln703_101_fu_59826_p2   |     +    |      0|  0|  19|          12|          12|
    |add_ln703_103_fu_58758_p2   |     +    |      0|  0|  18|          11|          11|
    |add_ln703_104_fu_59835_p2   |     +    |      0|  0|  19|          12|          12|
    |add_ln703_105_fu_59841_p2   |     +    |      0|  0|  18|          11|          11|
    |add_ln703_106_fu_59851_p2   |     +    |      0|  0|  19|          12|          12|
    |add_ln703_107_fu_59861_p2   |     +    |      0|  0|  20|          13|          13|
    |add_ln703_108_fu_60528_p2   |     +    |      0|  0|  18|          14|          14|
    |add_ln703_109_fu_58764_p2   |     +    |      0|  0|  18|          11|          11|
    |add_ln703_10_fu_59469_p2    |     +    |      0|  0|  18|          11|          11|
    |add_ln703_110_fu_58770_p2   |     +    |      0|  0|  18|          11|          11|
    |add_ln703_111_fu_55231_p2   |     +    |      0|  0|  15|           8|           8|
    |add_ln703_112_fu_58779_p2   |     +    |      0|  0|  18|          10|           9|
    |add_ln703_113_fu_58785_p2   |     +    |      0|  0|  18|          10|          10|
    |add_ln703_114_fu_59873_p2   |     +    |      0|  0|  19|          12|          12|
    |add_ln703_116_fu_58791_p2   |     +    |      0|  0|  17|          10|          10|
    |add_ln703_117_fu_58797_p2   |     +    |      0|  0|  18|          11|          11|
    |add_ln703_118_fu_59885_p2   |     +    |      0|  0|  18|          13|          13|
    |add_ln703_119_fu_59891_p2   |     +    |      0|  0|  18|          13|          13|
    |add_ln703_11_fu_59475_p2    |     +    |      0|  0|  18|          11|          11|
    |add_ln703_120_fu_58803_p2   |     +    |      0|  0|  17|          10|          10|
    |add_ln703_121_fu_55237_p2   |     +    |      0|  0|  17|          10|           9|
    |add_ln703_122_fu_58815_p2   |     +    |      0|  0|  18|          11|          11|
    |add_ln703_123_fu_58825_p2   |     +    |      0|  0|  19|          12|          12|
    |add_ln703_125_fu_58831_p2   |     +    |      0|  0|  17|          10|          10|
    |add_ln703_126_fu_59900_p2   |     +    |      0|  0|  18|          11|          11|
    |add_ln703_127_fu_58837_p2   |     +    |      0|  0|  18|          12|          12|
    |add_ln703_128_fu_58843_p2   |     +    |      0|  0|  18|          12|          12|
    |add_ln703_129_fu_59913_p2   |     +    |      0|  0|  20|          13|          13|
    |add_ln703_130_fu_58849_p2   |     +    |      0|  0|  18|          11|          11|
    |add_ln703_131_fu_59922_p2   |     +    |      0|  0|  18|          12|          12|
    |add_ln703_132_fu_58855_p2   |     +    |      0|  0|  17|          10|           8|
    |add_ln703_133_fu_58865_p2   |     +    |      0|  0|  18|          11|          11|
    |add_ln703_134_fu_59931_p2   |     +    |      0|  0|  18|          12|          12|
    |add_ln703_137_fu_55243_p2   |     +    |      0|  0|  15|           8|           8|
    |add_ln703_138_fu_58874_p2   |     +    |      0|  0|  16|           9|           9|
    |add_ln703_139_fu_59940_p2   |     +    |      0|  0|  18|          11|          11|
    |add_ln703_13_fu_58495_p2    |     +    |      0|  0|  18|          11|          11|
    |add_ln703_140_fu_58880_p2   |     +    |      0|  0|  18|          10|          10|
    |add_ln703_141_fu_58886_p2   |     +    |      0|  0|  18|          10|          10|
    |add_ln703_142_fu_58903_p2   |     +    |      0|  0|  18|          11|          11|
    |add_ln703_143_fu_59956_p2   |     +    |      0|  0|  19|          12|          12|
    |add_ln703_145_fu_58909_p2   |     +    |      0|  0|  18|          11|          11|
    |add_ln703_146_fu_58915_p2   |     +    |      0|  0|  18|          11|          11|
    |add_ln703_147_fu_58921_p2   |     +    |      0|  0|  19|          12|          12|
    |add_ln703_148_fu_58927_p2   |     +    |      0|  0|  18|          11|          11|
    |add_ln703_149_fu_59981_p2   |     +    |      0|  0|  18|          13|          13|
    |add_ln703_14_fu_58501_p2    |     +    |      0|  0|  16|           9|           9|
    |add_ln703_150_fu_59987_p2   |     +    |      0|  0|  18|          13|          13|
    |add_ln703_151_fu_58933_p2   |     +    |      0|  0|  18|          11|          11|
    |add_ln703_152_fu_58943_p2   |     +    |      0|  0|  19|          12|          12|
    |add_ln703_153_fu_58949_p2   |     +    |      0|  0|  17|          10|          10|
    |add_ln703_154_fu_58967_p2   |     +    |      0|  0|  19|          12|          12|
    |add_ln703_155_fu_59999_p2   |     +    |      0|  0|  20|          13|          13|
    |add_ln703_157_fu_60005_p2   |     +    |      0|  0|  18|          12|          12|
    |add_ln703_158_fu_60011_p2   |     +    |      0|  0|  18|          12|          12|
    |add_ln703_159_fu_60017_p2   |     +    |      0|  0|  18|          11|           8|
    |add_ln703_15_fu_58510_p2    |     +    |      0|  0|  18|          11|          11|
    |add_ln703_160_fu_60027_p2   |     +    |      0|  0|  19|          12|          12|
    |add_ln703_162_fu_60033_p2   |     +    |      0|  0|  18|          11|          11|
    |add_ln703_163_fu_60043_p2   |     +    |      0|  0|  19|          12|          12|
    |add_ln703_164_fu_60049_p2   |     +    |      0|  0|  18|          11|          11|
    |add_ln703_165_fu_58973_p2   |     +    |      0|  0|  18|          11|          11|
    |add_ln703_166_fu_60062_p2   |     +    |      0|  0|  19|          12|          12|
    |add_ln703_167_fu_60620_p2   |     +    |      0|  0|  20|          13|          13|
    |add_ln703_168_fu_58979_p2   |     +    |      0|  0|  18|          11|          11|
    |add_ln703_169_fu_58989_p2   |     +    |      0|  0|  19|          12|          12|
    |add_ln703_16_fu_59487_p2    |     +    |      0|  0|  19|          12|          12|
    |add_ln703_170_fu_58995_p2   |     +    |      0|  0|  17|          10|          10|
    |add_ln703_171_fu_55249_p2   |     +    |      0|  0|  18|          11|          11|
    |add_ln703_172_fu_59007_p2   |     +    |      0|  0|  19|          12|          12|
    |add_ln703_173_fu_60074_p2   |     +    |      0|  0|  20|          13|          13|
    |add_ln703_175_fu_59013_p2   |     +    |      0|  0|  17|          10|          10|
    |add_ln703_176_fu_59019_p2   |     +    |      0|  0|  17|          10|          10|
    |add_ln703_177_fu_60086_p2   |     +    |      0|  0|  18|          12|          12|
    |add_ln703_178_fu_60092_p2   |     +    |      0|  0|  18|          12|          12|
    |add_ln703_179_fu_59025_p2   |     +    |      0|  0|  19|          12|          12|
    |add_ln703_17_fu_58516_p2    |     +    |      0|  0|  18|          11|          11|
    |add_ln703_180_fu_60101_p2   |     +    |      0|  0|  18|          13|          13|
    |add_ln703_181_fu_59031_p2   |     +    |      0|  0|  16|           9|           7|
    |add_ln703_182_fu_59040_p2   |     +    |      0|  0|  17|          10|          10|
    |add_ln703_183_fu_60110_p2   |     +    |      0|  0|  18|          13|          13|
    |add_ln703_185_fu_60116_p2   |     +    |      0|  0|  18|          12|          12|
    |add_ln703_186_fu_60122_p2   |     +    |      0|  0|  18|          12|          12|
    |add_ln703_187_fu_60128_p2   |     +    |      0|  0|  18|          12|          12|
    |add_ln703_188_fu_60134_p2   |     +    |      0|  0|  18|          12|          12|
    |add_ln703_189_fu_60665_p2   |     +    |      0|  0|  20|          13|          13|
    |add_ln703_18_fu_58522_p2    |     +    |      0|  0|  18|          11|           7|
    |add_ln703_190_fu_60140_p2   |     +    |      0|  0|  18|          11|          11|
    |add_ln703_191_fu_60146_p2   |     +    |      0|  0|  18|          11|          11|
    |add_ln703_192_fu_60152_p2   |     +    |      0|  0|  18|          11|          11|
    |add_ln703_193_fu_60158_p2   |     +    |      0|  0|  18|          11|           9|
    |add_ln703_194_fu_60681_p2   |     +    |      0|  0|  19|          12|          12|
    |add_ln703_196_fu_59046_p2   |     +    |      0|  0|  19|          12|          12|
    |add_ln703_197_fu_60167_p2   |     +    |      0|  0|  18|          13|          13|
    |add_ln703_198_fu_55255_p2   |     +    |      0|  0|  17|          10|          10|
    |add_ln703_199_fu_59055_p2   |     +    |      0|  0|  19|          12|          12|
    |add_ln703_19_fu_58532_p2    |     +    |      0|  0|  19|          12|          12|
    |add_ln703_200_fu_60176_p2   |     +    |      0|  0|  18|          13|          13|
    |add_ln703_201_fu_60182_p2   |     +    |      0|  0|  18|          11|          11|
    |add_ln703_202_fu_60192_p2   |     +    |      0|  0|  19|          12|          12|
    |add_ln703_203_fu_59061_p2   |     +    |      0|  0|  17|          10|          10|
    |add_ln703_204_fu_60201_p2   |     +    |      0|  0|  18|          11|           6|
    |add_ln703_205_fu_60207_p2   |     +    |      0|  0|  18|          11|          11|
    |add_ln703_206_fu_60710_p2   |     +    |      0|  0|  20|          13|          13|
    |add_ln703_208_fu_59066_p2   |     +    |      0|  0|  19|          12|          12|
    |add_ln703_209_fu_59072_p2   |     +    |      0|  0|  18|          11|          11|
    |add_ln703_20_fu_59503_p2    |     +    |      0|  0|  20|          13|          13|
    |add_ln703_210_fu_60219_p2   |     +    |      0|  0|  20|          13|          13|
    |add_ln703_211_fu_59078_p2   |     +    |      0|  0|  15|           8|           8|
    |add_ln703_212_fu_59083_p2   |     +    |      0|  0|  18|          11|          10|
    |add_ln703_213_fu_60228_p2   |     +    |      0|  0|  18|          11|          11|
    |add_ln703_214_fu_60233_p2   |     +    |      0|  0|  18|          11|          11|
    |add_ln703_216_fu_60239_p2   |     +    |      0|  0|  18|          11|          11|
    |add_ln703_217_fu_59089_p2   |     +    |      0|  0|  19|          12|          12|
    |add_ln703_218_fu_60252_p2   |     +    |      0|  0|  20|          13|          13|
    |add_ln703_219_fu_60258_p2   |     +    |      0|  0|  18|          11|          11|
    |add_ln703_220_fu_59095_p2   |     +    |      0|  0|  18|          11|           9|
    |add_ln703_221_fu_59101_p2   |     +    |      0|  0|  18|          11|          11|
    |add_ln703_222_fu_60271_p2   |     +    |      0|  0|  19|          12|          12|
    |add_ln703_224_fu_60277_p2   |     +    |      0|  0|  18|          11|          11|
    |add_ln703_225_fu_60287_p2   |     +    |      0|  0|  19|          12|          12|
    |add_ln703_226_fu_59107_p2   |     +    |      0|  0|  18|          11|          11|
    |add_ln703_227_fu_60296_p2   |     +    |      0|  0|  20|          13|          13|
    |add_ln703_228_fu_60768_p2   |     +    |      0|  0|  18|          14|          14|
    |add_ln703_229_fu_59113_p2   |     +    |      0|  0|  18|          11|          11|
    |add_ln703_22_fu_59519_p2    |     +    |      0|  0|  19|          12|          12|
    |add_ln703_230_fu_59119_p2   |     +    |      0|  0|  18|          11|          11|
    |add_ln703_231_fu_59125_p2   |     +    |      0|  0|  18|           9|           9|
    |add_ln703_232_fu_59131_p2   |     +    |      0|  0|  18|           9|           9|
    |add_ln703_233_fu_60308_p2   |     +    |      0|  0|  19|          12|          12|
    |add_ln703_23_fu_59529_p2    |     +    |      0|  0|  23|          16|          16|
    |add_ln703_24_fu_58538_p2    |     +    |      0|  0|  18|          11|          11|
    |add_ln703_25_fu_59538_p2    |     +    |      0|  0|  19|          12|          12|
    |add_ln703_26_fu_60339_p2    |     +    |      0|  0|  18|          16|          16|
    |add_ln703_27_fu_58544_p2    |     +    |      0|  0|  15|           8|           8|
    |add_ln703_28_fu_58554_p2    |     +    |      0|  0|  18|          11|          11|
    |add_ln703_29_fu_58560_p2    |     +    |      0|  0|  18|          11|          11|
    |add_ln703_30_fu_58566_p2    |     +    |      0|  0|  18|          11|          11|
    |add_ln703_31_fu_59550_p2    |     +    |      0|  0|  19|          12|          12|
    |add_ln703_33_fu_58572_p2    |     +    |      0|  0|  18|          11|          11|
    |add_ln703_34_fu_58578_p2    |     +    |      0|  0|  18|          11|          11|
    |add_ln703_35_fu_58584_p2    |     +    |      0|  0|  19|          12|          12|
    |add_ln703_36_fu_59562_p2    |     +    |      0|  0|  18|          13|          13|
    |add_ln703_37_fu_59568_p2    |     +    |      0|  0|  18|          13|          13|
    |add_ln703_38_fu_58590_p2    |     +    |      0|  0|  16|           9|           6|
    |add_ln703_39_fu_58600_p2    |     +    |      0|  0|  18|          11|          11|
    |add_ln703_40_fu_58606_p2    |     +    |      0|  0|  16|           9|           8|
    |add_ln703_41_fu_59580_p2    |     +    |      0|  0|  18|          11|          11|
    |add_ln703_42_fu_59590_p2    |     +    |      0|  0|  19|          12|          12|
    |add_ln703_44_fu_59596_p2    |     +    |      0|  0|  18|          12|          12|
    |add_ln703_45_fu_59602_p2    |     +    |      0|  0|  18|          12|          12|
    |add_ln703_46_fu_59608_p2    |     +    |      0|  0|  18|          11|          11|
    |add_ln703_47_fu_59618_p2    |     +    |      0|  0|  20|          13|          13|
    |add_ln703_48_fu_60375_p2    |     +    |      0|  0|  18|          14|          14|
    |add_ln703_49_fu_58612_p2    |     +    |      0|  0|  18|          11|          11|
    |add_ln703_4_fu_58471_p2     |     +    |      0|  0|  18|          11|          11|
    |add_ln703_50_fu_58618_p2    |     +    |      0|  0|  18|          11|          11|
    |add_ln703_51_fu_58624_p2    |     +    |      0|  0|  18|          10|           9|
    |add_ln703_52_fu_58630_p2    |     +    |      0|  0|  18|          10|          10|
    |add_ln703_53_fu_59630_p2    |     +    |      0|  0|  19|          12|          12|
    |add_ln703_55_fu_58636_p2    |     +    |      0|  0|  18|          11|          11|
    |add_ln703_56_fu_58646_p2    |     +    |      0|  0|  19|          12|          12|
    |add_ln703_57_fu_59636_p2    |     +    |      0|  0|  18|          11|          11|
    |add_ln703_58_fu_59646_p2    |     +    |      0|  0|  19|          12|          12|
    |add_ln703_59_fu_60400_p2    |     +    |      0|  0|  20|          13|          13|
    |add_ln703_5_fu_59451_p2     |     +    |      0|  0|  18|          13|          13|
    |add_ln703_60_fu_59652_p2    |     +    |      0|  0|  18|          11|          11|
    |add_ln703_61_fu_59662_p2    |     +    |      0|  0|  19|          12|          12|
    |add_ln703_62_fu_59668_p2    |     +    |      0|  0|  18|          11|          11|
    |add_ln703_63_fu_59678_p2    |     +    |      0|  0|  19|          12|          12|
    |add_ln703_64_fu_60416_p2    |     +    |      0|  0|  20|          13|          13|
    |add_ln703_66_fu_58652_p2    |     +    |      0|  0|  18|          11|          11|
    |add_ln703_678_fu_60323_p2   |     +    |      0|  0|  21|          14|          14|
    |add_ln703_67_fu_59687_p2    |     +    |      0|  0|  18|          11|          11|
    |add_ln703_68_fu_59697_p2    |     +    |      0|  0|  20|          13|          13|
    |add_ln703_69_fu_58658_p2    |     +    |      0|  0|  18|          11|          11|
    |add_ln703_6_fu_59457_p2     |     +    |      0|  0|  18|          13|          13|
    |add_ln703_70_fu_58664_p2    |     +    |      0|  0|  18|          11|          11|
    |add_ln703_71_fu_59709_p2    |     +    |      0|  0|  18|          12|          12|
    |add_ln703_72_fu_59715_p2    |     +    |      0|  0|  18|          12|          12|
    |add_ln703_74_fu_59721_p2    |     +    |      0|  0|  18|          11|          11|
    |add_ln703_75_fu_58670_p2    |     +    |      0|  0|  15|           6|           6|
    |add_ln703_76_fu_58680_p2    |     +    |      0|  0|  18|          11|          11|
    |add_ln703_77_fu_59734_p2    |     +    |      0|  0|  20|          13|          13|
    |add_ln703_78_fu_58686_p2    |     +    |      0|  0|  17|          10|          10|
    |add_ln703_79_fu_59740_p2    |     +    |      0|  0|  18|          11|           9|
    |add_ln703_7_fu_58477_p2     |     +    |      0|  0|  18|          10|          10|
    |add_ln703_80_fu_59746_p2    |     +    |      0|  0|  18|          11|          11|
    |add_ln703_81_fu_60461_p2    |     +    |      0|  0|  19|          12|          12|
    |add_ln703_83_fu_59752_p2    |     +    |      0|  0|  19|          12|          12|
    |add_ln703_84_fu_60484_p2    |     +    |      0|  0|  18|          13|          13|
    |add_ln703_85_fu_59758_p2    |     +    |      0|  0|  16|           9|           8|
    |add_ln703_86_fu_59768_p2    |     +    |      0|  0|  18|          11|          11|
    |add_ln703_88_fu_58691_p2    |     +    |      0|  0|  19|          12|          12|
    |add_ln703_89_fu_58697_p2    |     +    |      0|  0|  17|          10|          10|
    |add_ln703_8_fu_58483_p2     |     +    |      0|  0|  18|          10|          10|
    |add_ln703_90_fu_59780_p2    |     +    |      0|  0|  18|          13|          13|
    |add_ln703_91_fu_58714_p2    |     +    |      0|  0|  15|           7|           7|
    |add_ln703_92_fu_58724_p2    |     +    |      0|  0|  18|          11|          11|
    |add_ln703_94_fu_58730_p2    |     +    |      0|  0|  19|          12|          12|
    |add_ln703_95_fu_58736_p2    |     +    |      0|  0|  18|          11|          11|
    |add_ln703_96_fu_59801_p2    |     +    |      0|  0|  18|          13|          13|
    |add_ln703_97_fu_59807_p2    |     +    |      0|  0|  18|          13|          13|
    |add_ln703_98_fu_59813_p2    |     +    |      0|  0|  18|          11|          11|
    |add_ln703_99_fu_58742_p2    |     +    |      0|  0|  16|           9|           8|
    |add_ln703_9_fu_58489_p2     |     +    |      0|  0|  17|          10|           9|
    |add_ln703_fu_58465_p2       |     +    |      0|  0|  17|          10|          10|
    |add_ln708_10_fu_53969_p2    |     +    |      0|  0|  16|           9|           9|
    |add_ln708_11_fu_54075_p2    |     +    |      0|  0|  17|          10|          10|
    |add_ln708_12_fu_57266_p2    |     +    |      0|  0|  16|           9|           9|
    |add_ln708_13_fu_54197_p2    |     +    |      0|  0|  17|          10|          10|
    |add_ln708_14_fu_54238_p2    |     +    |      0|  0|  16|           9|           9|
    |add_ln708_15_fu_54426_p2    |     +    |      0|  0|  16|           9|           9|
    |add_ln708_16_fu_57536_p2    |     +    |      0|  0|  16|           9|           9|
    |add_ln708_17_fu_57575_p2    |     +    |      0|  0|  17|          10|          10|
    |add_ln708_18_fu_57774_p2    |     +    |      0|  0|  17|          10|          10|
    |add_ln708_19_fu_57805_p2    |     +    |      0|  0|  16|           9|           9|
    |add_ln708_1_fu_55855_p2     |     +    |      0|  0|  17|          10|          10|
    |add_ln708_20_fu_57842_p2    |     +    |      0|  0|  18|          11|          11|
    |add_ln708_21_fu_54663_p2    |     +    |      0|  0|  16|           9|           9|
    |add_ln708_22_fu_54806_p2    |     +    |      0|  0|  17|          10|          10|
    |add_ln708_23_fu_58004_p2    |     +    |      0|  0|  17|          10|          10|
    |add_ln708_24_fu_54885_p2    |     +    |      0|  0|  17|          10|          10|
    |add_ln708_25_fu_54997_p2    |     +    |      0|  0|  17|          10|          10|
    |add_ln708_26_fu_55075_p2    |     +    |      0|  0|  17|          10|          10|
    |add_ln708_2_fu_56071_p2     |     +    |      0|  0|  16|           9|           9|
    |add_ln708_3_fu_53557_p2     |     +    |      0|  0|  16|           9|           9|
    |add_ln708_4_fu_56204_p2     |     +    |      0|  0|  17|          10|          10|
    |add_ln708_6_fu_53750_p2     |     +    |      0|  0|  16|           9|           9|
    |add_ln708_7_fu_56779_p2     |     +    |      0|  0|  18|          11|          11|
    |add_ln708_8_fu_57096_p2     |     +    |      0|  0|  16|           9|           9|
    |add_ln708_9_fu_53879_p2     |     +    |      0|  0|  17|          10|          10|
    |add_ln708_fu_55600_p2       |     +    |      0|  0|  17|          10|          10|
    |sub_ln1118_10_fu_55727_p2   |     -    |      0|  0|  16|           1|           9|
    |sub_ln1118_11_fu_55737_p2   |     -    |      0|  0|  17|          10|          10|
    |sub_ln1118_12_fu_55898_p2   |     -    |      0|  0|  17|          10|          10|
    |sub_ln1118_13_fu_55944_p2   |     -    |      0|  0|  18|           1|          11|
    |sub_ln1118_14_fu_55954_p2   |     -    |      0|  0|  19|          12|          12|
    |sub_ln1118_15_fu_55984_p2   |     -    |      0|  0|  18|           1|          11|
    |sub_ln1118_16_fu_56005_p2   |     -    |      0|  0|  19|          12|          12|
    |sub_ln1118_17_fu_56133_p2   |     -    |      0|  0|  17|          10|          10|
    |sub_ln1118_18_fu_53573_p2   |     -    |      0|  0|  16|           1|           9|
    |sub_ln1118_19_fu_56338_p2   |     -    |      0|  0|  17|          10|          10|
    |sub_ln1118_1_fu_58288_p2    |     -    |      0|  0|  15|           1|           7|
    |sub_ln1118_20_fu_53613_p2   |     -    |      0|  0|  18|          11|          11|
    |sub_ln1118_21_fu_53641_p2   |     -    |      0|  0|  17|           1|          10|
    |sub_ln1118_22_fu_53663_p2   |     -    |      0|  0|  18|          11|          11|
    |sub_ln1118_23_fu_56502_p2   |     -    |      0|  0|  18|           1|          11|
    |sub_ln1118_24_fu_56523_p2   |     -    |      0|  0|  19|          12|          12|
    |sub_ln1118_25_fu_56550_p2   |     -    |      0|  0|  18|          11|          11|
    |sub_ln1118_26_fu_56717_p2   |     -    |      0|  0|  17|           1|          10|
    |sub_ln1118_272_fu_55580_p2  |     -    |      0|  0|  17|          10|          10|
    |sub_ln1118_273_fu_53510_p2  |     -    |      0|  0|  16|           9|           9|
    |sub_ln1118_274_fu_55878_p2  |     -    |      0|  0|  18|          11|          11|
    |sub_ln1118_275_fu_56279_p2  |     -    |      0|  0|  18|          11|          11|
    |sub_ln1118_276_fu_56299_p2  |     -    |      0|  0|  17|          10|          10|
    |sub_ln1118_277_fu_56577_p2  |     -    |      0|  0|  17|          10|          10|
    |sub_ln1118_278_fu_56742_p2  |     -    |      0|  0|  17|          10|          10|
    |sub_ln1118_279_fu_56820_p2  |     -    |      0|  0|  16|           9|           9|
    |sub_ln1118_27_fu_56727_p2   |     -    |      0|  0|  18|          11|          11|
    |sub_ln1118_280_fu_56917_p2  |     -    |      0|  0|  19|          12|          12|
    |sub_ln1118_281_fu_56974_p2  |     -    |      0|  0|  17|          10|          10|
    |sub_ln1118_282_fu_53941_p2  |     -    |      0|  0|  18|          11|          11|
    |sub_ln1118_283_fu_54021_p2  |     -    |      0|  0|  17|          10|          10|
    |sub_ln1118_284_fu_54101_p2  |     -    |      0|  0|  17|          10|          10|
    |sub_ln1118_285_fu_54144_p2  |     -    |      0|  0|  18|          11|          11|
    |sub_ln1118_286_fu_54302_p2  |     -    |      0|  0|  16|           9|           9|
    |sub_ln1118_287_fu_57472_p2  |     -    |      0|  0|  19|          12|          12|
    |sub_ln1118_288_fu_54394_p2  |     -    |      0|  0|  18|          11|          11|
    |sub_ln1118_289_fu_58027_p2  |     -    |      0|  0|  17|          10|          10|
    |sub_ln1118_28_fu_56862_p2   |     -    |      0|  0|  17|          10|          10|
    |sub_ln1118_290_fu_58054_p2  |     -    |      0|  0|  16|           9|           9|
    |sub_ln1118_291_fu_58158_p2  |     -    |      0|  0|  16|           9|           9|
    |sub_ln1118_292_fu_54969_p2  |     -    |      0|  0|  17|          10|          10|
    |sub_ln1118_29_fu_56933_p2   |     -    |      0|  0|  19|           1|          12|
    |sub_ln1118_2_fu_55290_p2    |     -    |      0|  0|  17|          10|          10|
    |sub_ln1118_30_fu_57011_p2   |     -    |      0|  0|  17|          10|          10|
    |sub_ln1118_31_fu_53895_p2   |     -    |      0|  0|  17|           1|          10|
    |sub_ln1118_32_fu_53913_p2   |     -    |      0|  0|  18|          11|          11|
    |sub_ln1118_33_fu_53985_p2   |     -    |      0|  0|  16|           1|           9|
    |sub_ln1118_34_fu_54005_p2   |     -    |      0|  0|  15|           1|           8|
    |sub_ln1118_35_fu_54037_p2   |     -    |      0|  0|  17|          10|          10|
    |sub_ln1118_36_fu_57222_p2   |     -    |      0|  0|  19|           1|          12|
    |sub_ln1118_37_fu_54266_p2   |     -    |      0|  0|  17|           1|          10|
    |sub_ln1118_38_fu_54276_p2   |     -    |      0|  0|  18|          11|          11|
    |sub_ln1118_39_fu_57421_p2   |     -    |      0|  0|  18|           1|          11|
    |sub_ln1118_3_fu_55321_p2    |     -    |      0|  0|  16|           1|           9|
    |sub_ln1118_40_fu_54442_p2   |     -    |      0|  0|  16|           1|           9|
    |sub_ln1118_41_fu_57606_p2   |     -    |      0|  0|  18|           1|          11|
    |sub_ln1118_42_fu_54496_p2   |     -    |      0|  0|  16|           1|           9|
    |sub_ln1118_43_fu_57625_p2   |     -    |      0|  0|  17|          10|          10|
    |sub_ln1118_44_fu_57691_p2   |     -    |      0|  0|  17|           1|          10|
    |sub_ln1118_45_fu_54529_p2   |     -    |      0|  0|  18|           1|          11|
    |sub_ln1118_46_fu_57721_p2   |     -    |      0|  0|  19|          12|          12|
    |sub_ln1118_47_fu_59331_p2   |     -    |      0|  0|  15|           1|           8|
    |sub_ln1118_48_fu_54689_p2   |     -    |      0|  0|  18|           1|          11|
    |sub_ln1118_49_fu_57917_p2   |     -    |      0|  0|  19|          12|          12|
    |sub_ln1118_4_fu_55341_p2    |     -    |      0|  0|  17|           1|          10|
    |sub_ln1118_50_fu_54705_p2   |     -    |      0|  0|  16|           1|           9|
    |sub_ln1118_51_fu_54715_p2   |     -    |      0|  0|  17|          10|          10|
    |sub_ln1118_52_fu_54786_p2   |     -    |      0|  0|  15|           1|           8|
    |sub_ln1118_53_fu_57963_p2   |     -    |      0|  0|  17|           1|          10|
    |sub_ln1118_54_fu_57984_p2   |     -    |      0|  0|  18|          11|          11|
    |sub_ln1118_55_fu_58188_p2   |     -    |      0|  0|  16|           1|           9|
    |sub_ln1118_56_fu_58315_p2   |     -    |      0|  0|  19|           1|          12|
    |sub_ln1118_57_fu_55107_p2   |     -    |      0|  0|  17|          10|          10|
    |sub_ln1118_58_fu_55154_p2   |     -    |      0|  0|  17|           1|          10|
    |sub_ln1118_59_fu_58354_p2   |     -    |      0|  0|  18|          11|          11|
    |sub_ln1118_5_fu_55351_p2    |     -    |      0|  0|  18|          11|          11|
    |sub_ln1118_60_fu_59394_p2   |     -    |      0|  0|  15|           1|           8|
    |sub_ln1118_61_fu_58374_p2   |     -    |      0|  0|  18|          11|          11|
    |sub_ln1118_6_fu_55398_p2    |     -    |      0|  0|  15|           1|           8|
    |sub_ln1118_7_fu_53410_p2    |     -    |      0|  0|  16|           1|           9|
    |sub_ln1118_8_fu_55557_p2    |     -    |      0|  0|  19|          12|          12|
    |sub_ln1118_9_fu_53448_p2    |     -    |      0|  0|  15|           1|           8|
    |sub_ln1118_fu_57374_p2      |     -    |      0|  0|  15|           1|           7|
    |sub_ln708_10_fu_55924_p2    |     -    |      0|  0|  18|          11|          11|
    |sub_ln708_11_fu_56036_p2    |     -    |      0|  0|  18|          11|          11|
    |sub_ln708_12_fu_56091_p2    |     -    |      0|  0|  18|          11|          11|
    |sub_ln708_13_fu_56220_p2    |     -    |      0|  0|  17|          10|          10|
    |sub_ln708_14_fu_56244_p2    |     -    |      0|  0|  17|          10|          10|
    |sub_ln708_15_fu_56319_p2    |     -    |      0|  0|  18|          11|          11|
    |sub_ln708_16_fu_56376_p2    |     -    |      0|  0|  17|          10|          10|
    |sub_ln708_17_fu_56454_p2    |     -    |      0|  0|  18|          11|          11|
    |sub_ln708_18_fu_53683_p2    |     -    |      0|  0|  17|          10|          10|
    |sub_ln708_19_fu_56630_p2    |     -    |      0|  0|  18|          11|          11|
    |sub_ln708_1_fu_55425_p2     |     -    |      0|  0|  18|          11|          11|
    |sub_ln708_20_fu_56670_p2    |     -    |      0|  0|  18|          11|          11|
    |sub_ln708_21_fu_56886_p2    |     -    |      0|  0|  18|          11|          11|
    |sub_ln708_22_fu_57065_p2    |     -    |      0|  0|  18|          11|          11|
    |sub_ln708_23_fu_57116_p2    |     -    |      0|  0|  18|          11|          11|
    |sub_ln708_24_fu_57143_p2    |     -    |      0|  0|  18|          11|          11|
    |sub_ln708_25_fu_53827_p2    |     -    |      0|  0|  17|          10|          10|
    |sub_ln708_26_fu_57310_p2    |     -    |      0|  0|  18|          11|          11|
    |sub_ln708_27_fu_57444_p2    |     -    |      0|  0|  18|          11|          11|
    |sub_ln708_28_fu_54330_p2    |     -    |      0|  0|  18|          11|          11|
    |sub_ln708_29_fu_54366_p2    |     -    |      0|  0|  16|           9|           9|
    |sub_ln708_2_fu_55441_p2     |     -    |      0|  0|  17|          10|          10|
    |sub_ln708_30_fu_57645_p2    |     -    |      0|  0|  16|           9|           9|
    |sub_ln708_31_fu_57744_p2    |     -    |      0|  0|  17|          10|          10|
    |sub_ln708_32_fu_54603_p2    |     -    |      0|  0|  18|          11|          11|
    |sub_ln708_33_fu_57857_p2    |     -    |      0|  0|  18|          11|          11|
    |sub_ln708_34_fu_57883_p2    |     -    |      0|  0|  18|          11|          11|
    |sub_ln708_35_fu_54748_p2    |     -    |      0|  0|  17|          10|          10|
    |sub_ln708_36_fu_58104_p2    |     -    |      0|  0|  18|          11|          11|
    |sub_ln708_37_fu_58138_p2    |     -    |      0|  0|  18|          11|          11|
    |sub_ln708_38_fu_55047_p2    |     -    |      0|  0|  16|           9|           9|
    |sub_ln708_39_fu_58268_p2    |     -    |      0|  0|  18|          11|          11|
    |sub_ln708_3_fu_55510_p2     |     -    |      0|  0|  18|          11|          11|
    |sub_ln708_40_fu_55172_p2    |     -    |      0|  0|  17|          10|          10|
    |sub_ln708_41_fu_58432_p2    |     -    |      0|  0|  18|          11|          11|
    |sub_ln708_4_fu_55526_p2     |     -    |      0|  0|  18|          11|          11|
    |sub_ln708_5_fu_55646_p2     |     -    |      0|  0|  17|          10|          10|
    |sub_ln708_6_fu_55673_p2     |     -    |      0|  0|  18|          11|          11|
    |sub_ln708_7_fu_55696_p2     |     -    |      0|  0|  18|          11|          11|
    |sub_ln708_8_fu_53480_p2     |     -    |      0|  0|  16|           9|           9|
    |sub_ln708_9_fu_55787_p2     |     -    |      0|  0|  18|          11|          11|
    |sub_ln708_fu_55382_p2       |     -    |      0|  0|  18|          11|          11|
    |xor_ln703_fu_58958_p2       |    xor   |      0|  0|   7|           6|           7|
    +----------------------------+----------+-------+---+----+------------+------------+
    |Total                       |          |      0|  0|8293|        4278|        4486|
    +----------------------------+----------+-------+---+----+------------+------------+

    * Multiplexer: 
    +--------------+----+-----------+-----+-----------+
    |     Name     | LUT| Input Size| Bits| Total Bits|
    +--------------+----+-----------+-----+-----------+
    |ap_return_0   |   9|          2|   16|         32|
    |ap_return_1   |   9|          2|   16|         32|
    |ap_return_10  |   9|          2|   16|         32|
    |ap_return_11  |   9|          2|   16|         32|
    |ap_return_12  |   9|          2|   16|         32|
    |ap_return_13  |   9|          2|   16|         32|
    |ap_return_14  |   9|          2|   16|         32|
    |ap_return_15  |   9|          2|   16|         32|
    |ap_return_16  |   9|          2|   16|         32|
    |ap_return_17  |   9|          2|   16|         32|
    |ap_return_18  |   9|          2|   16|         32|
    |ap_return_19  |   9|          2|   16|         32|
    |ap_return_2   |   9|          2|   16|         32|
    |ap_return_20  |   9|          2|   16|         32|
    |ap_return_21  |   9|          2|   16|         32|
    |ap_return_22  |   9|          2|   16|         32|
    |ap_return_23  |   9|          2|   16|         32|
    |ap_return_3   |   9|          2|   16|         32|
    |ap_return_4   |   9|          2|   16|         32|
    |ap_return_5   |   9|          2|   16|         32|
    |ap_return_6   |   9|          2|   16|         32|
    |ap_return_7   |   9|          2|   16|         32|
    |ap_return_8   |   9|          2|   16|         32|
    |ap_return_9   |   9|          2|   16|         32|
    +--------------+----+-----------+-----+-----------+
    |Total         | 216|         48|  384|        768|
    +--------------+----+-----------+-----+-----------+

    * Register: 
    +-----------------------------------------+----+----+-----+-----------+
    |                   Name                  | FF | LUT| Bits| Const Bits|
    +-----------------------------------------+----+----+-----+-----------+
    |acc_13_V_reg_62442                       |  13|   0|   13|          0|
    |acc_1_V_reg_62352                        |  14|   0|   14|          0|
    |acc_21_V_reg_62487                       |  13|   0|   13|          0|
    |add_ln703_100_reg_62152                  |  10|   0|   10|          0|
    |add_ln703_101_reg_62452                  |  12|   0|   12|          0|
    |add_ln703_103_reg_62157                  |  11|   0|   11|          0|
    |add_ln703_104_reg_62457                  |  12|   0|   12|          0|
    |add_ln703_107_reg_62462                  |  13|   0|   13|          0|
    |add_ln703_110_reg_62162                  |  11|   0|   11|          0|
    |add_ln703_111_reg_61646                  |   8|   0|    8|          0|
    |add_ln703_113_reg_62167                  |  10|   0|   10|          0|
    |add_ln703_114_reg_62467                  |  12|   0|   12|          0|
    |add_ln703_116_reg_62172                  |  10|   0|   10|          0|
    |add_ln703_117_reg_62177                  |  11|   0|   11|          0|
    |add_ln703_119_reg_62472                  |  13|   0|   13|          0|
    |add_ln703_11_reg_62347                   |  11|   0|   11|          0|
    |add_ln703_121_reg_61651                  |  10|   0|   10|          0|
    |add_ln703_123_reg_62182                  |  12|   0|   12|          0|
    |add_ln703_123_reg_62182_pp0_iter2_reg    |  12|   0|   12|          0|
    |add_ln703_125_reg_62187                  |  10|   0|   10|          0|
    |add_ln703_128_reg_62192                  |  12|   0|   12|          0|
    |add_ln703_129_reg_62477                  |  13|   0|   13|          0|
    |add_ln703_130_reg_62197                  |  11|   0|   11|          0|
    |add_ln703_133_reg_62202                  |  11|   0|   11|          0|
    |add_ln703_134_reg_62482                  |  12|   0|   12|          0|
    |add_ln703_137_reg_61656                  |   8|   0|    8|          0|
    |add_ln703_138_reg_62207                  |   9|   0|    9|          0|
    |add_ln703_13_reg_62032                   |  11|   0|   11|          0|
    |add_ln703_141_reg_62212                  |  10|   0|   10|          0|
    |add_ln703_142_reg_62217                  |  11|   0|   11|          0|
    |add_ln703_146_reg_62222                  |  11|   0|   11|          0|
    |add_ln703_147_reg_62227                  |  12|   0|   12|          0|
    |add_ln703_148_reg_62232                  |  11|   0|   11|          0|
    |add_ln703_150_reg_62492                  |  13|   0|   13|          0|
    |add_ln703_152_reg_62237                  |  12|   0|   12|          0|
    |add_ln703_154_reg_62242                  |  12|   0|   12|          0|
    |add_ln703_155_reg_62497                  |  13|   0|   13|          0|
    |add_ln703_158_reg_62502                  |  12|   0|   12|          0|
    |add_ln703_15_reg_62037                   |  11|   0|   11|          0|
    |add_ln703_160_reg_62507                  |  12|   0|   12|          0|
    |add_ln703_163_reg_62512                  |  12|   0|   12|          0|
    |add_ln703_165_reg_62247                  |  11|   0|   11|          0|
    |add_ln703_166_reg_62517                  |  12|   0|   12|          0|
    |add_ln703_169_reg_62252                  |  12|   0|   12|          0|
    |add_ln703_171_reg_61661                  |  11|   0|   11|          0|
    |add_ln703_172_reg_62257                  |  12|   0|   12|          0|
    |add_ln703_173_reg_62522                  |  13|   0|   13|          0|
    |add_ln703_175_reg_62262                  |  10|   0|   10|          0|
    |add_ln703_176_reg_62267                  |  10|   0|   10|          0|
    |add_ln703_178_reg_62527                  |  12|   0|   12|          0|
    |add_ln703_179_reg_62272                  |  12|   0|   12|          0|
    |add_ln703_17_reg_62042                   |  11|   0|   11|          0|
    |add_ln703_182_reg_62277                  |  10|   0|   10|          0|
    |add_ln703_183_reg_62532                  |  13|   0|   13|          0|
    |add_ln703_186_reg_62537                  |  12|   0|   12|          0|
    |add_ln703_188_reg_62542                  |  12|   0|   12|          0|
    |add_ln703_191_reg_62547                  |  11|   0|   11|          0|
    |add_ln703_193_reg_62552                  |  11|   0|   11|          0|
    |add_ln703_196_reg_62282                  |  12|   0|   12|          0|
    |add_ln703_198_reg_61666                  |  10|   0|   10|          0|
    |add_ln703_199_reg_62287                  |  12|   0|   12|          0|
    |add_ln703_19_reg_62047                   |  12|   0|   12|          0|
    |add_ln703_200_reg_62557                  |  13|   0|   13|          0|
    |add_ln703_202_reg_62562                  |  12|   0|   12|          0|
    |add_ln703_203_reg_62292                  |  10|   0|   10|          0|
    |add_ln703_205_reg_62567                  |  11|   0|   11|          0|
    |add_ln703_208_reg_62297                  |  12|   0|   12|          0|
    |add_ln703_209_reg_62302                  |  11|   0|   11|          0|
    |add_ln703_210_reg_62572                  |  13|   0|   13|          0|
    |add_ln703_211_reg_62307                  |   8|   0|    8|          0|
    |add_ln703_212_reg_62312                  |  11|   0|   11|          0|
    |add_ln703_214_reg_62577                  |  11|   0|   11|          0|
    |add_ln703_217_reg_62317                  |  12|   0|   12|          0|
    |add_ln703_218_reg_62582                  |  13|   0|   13|          0|
    |add_ln703_221_reg_62322                  |  10|   0|   11|          1|
    |add_ln703_222_reg_62587                  |  12|   0|   12|          0|
    |add_ln703_225_reg_62592                  |  12|   0|   12|          0|
    |add_ln703_226_reg_62327                  |  11|   0|   11|          0|
    |add_ln703_227_reg_62597                  |  13|   0|   13|          0|
    |add_ln703_230_reg_62332                  |  11|   0|   11|          0|
    |add_ln703_232_reg_62337                  |   9|   0|    9|          0|
    |add_ln703_233_reg_62602                  |  12|   0|   12|          0|
    |add_ln703_23_reg_62357                   |  16|   0|   16|          0|
    |add_ln703_24_reg_62052                   |  11|   0|   11|          0|
    |add_ln703_25_reg_62362                   |  12|   0|   12|          0|
    |add_ln703_28_reg_62057                   |  11|   0|   11|          0|
    |add_ln703_30_reg_62062                   |  11|   0|   11|          0|
    |add_ln703_31_reg_62367                   |  12|   0|   12|          0|
    |add_ln703_34_reg_62067                   |  11|   0|   11|          0|
    |add_ln703_35_reg_62072                   |  12|   0|   12|          0|
    |add_ln703_37_reg_62372                   |  13|   0|   13|          0|
    |add_ln703_39_reg_62077                   |  11|   0|   11|          0|
    |add_ln703_40_reg_62082                   |   7|   0|    9|          2|
    |add_ln703_42_reg_62377                   |  12|   0|   12|          0|
    |add_ln703_45_reg_62382                   |  12|   0|   12|          0|
    |add_ln703_47_reg_62387                   |  13|   0|   13|          0|
    |add_ln703_4_reg_62017                    |  11|   0|   11|          0|
    |add_ln703_50_reg_62087                   |  11|   0|   11|          0|
    |add_ln703_52_reg_62092                   |  10|   0|   10|          0|
    |add_ln703_53_reg_62392                   |  12|   0|   12|          0|
    |add_ln703_56_reg_62097                   |  12|   0|   12|          0|
    |add_ln703_56_reg_62097_pp0_iter2_reg     |  12|   0|   12|          0|
    |add_ln703_58_reg_62397                   |  12|   0|   12|          0|
    |add_ln703_61_reg_62402                   |  12|   0|   12|          0|
    |add_ln703_63_reg_62407                   |  12|   0|   12|          0|
    |add_ln703_66_reg_62102                   |  11|   0|   11|          0|
    |add_ln703_68_reg_62412                   |  13|   0|   13|          0|
    |add_ln703_69_reg_62107                   |  11|   0|   11|          0|
    |add_ln703_6_reg_62342                    |  13|   0|   13|          0|
    |add_ln703_70_reg_62112                   |  11|   0|   11|          0|
    |add_ln703_72_reg_62417                   |  12|   0|   12|          0|
    |add_ln703_76_reg_62117                   |  11|   0|   11|          0|
    |add_ln703_77_reg_62422                   |  13|   0|   13|          0|
    |add_ln703_78_reg_62122                   |  10|   0|   10|          0|
    |add_ln703_78_reg_62122_pp0_iter2_reg     |  10|   0|   10|          0|
    |add_ln703_80_reg_62427                   |  11|   0|   11|          0|
    |add_ln703_83_reg_62432                   |  12|   0|   12|          0|
    |add_ln703_86_reg_62437                   |  11|   0|   11|          0|
    |add_ln703_88_reg_62127                   |  12|   0|   12|          0|
    |add_ln703_89_reg_62132                   |  10|   0|   10|          0|
    |add_ln703_8_reg_62022                    |  10|   0|   10|          0|
    |add_ln703_92_reg_62137                   |  11|   0|   11|          0|
    |add_ln703_94_reg_62142                   |  12|   0|   12|          0|
    |add_ln703_95_reg_62147                   |  11|   0|   11|          0|
    |add_ln703_97_reg_62447                   |  13|   0|   13|          0|
    |add_ln703_9_reg_62027                    |  10|   0|   10|          0|
    |add_ln703_reg_62011                      |  10|   0|   10|          0|
    |ap_ce_reg                                |   1|   0|    1|          0|
    |ap_return_0_int_reg                      |  16|   0|   16|          0|
    |ap_return_10_int_reg                     |  16|   0|   16|          0|
    |ap_return_11_int_reg                     |  16|   0|   16|          0|
    |ap_return_12_int_reg                     |  16|   0|   16|          0|
    |ap_return_13_int_reg                     |  16|   0|   16|          0|
    |ap_return_14_int_reg                     |  16|   0|   16|          0|
    |ap_return_15_int_reg                     |  16|   0|   16|          0|
    |ap_return_16_int_reg                     |  16|   0|   16|          0|
    |ap_return_17_int_reg                     |  16|   0|   16|          0|
    |ap_return_18_int_reg                     |  16|   0|   16|          0|
    |ap_return_19_int_reg                     |  16|   0|   16|          0|
    |ap_return_1_int_reg                      |  16|   0|   16|          0|
    |ap_return_20_int_reg                     |  16|   0|   16|          0|
    |ap_return_21_int_reg                     |  16|   0|   16|          0|
    |ap_return_22_int_reg                     |  16|   0|   16|          0|
    |ap_return_23_int_reg                     |  16|   0|   16|          0|
    |ap_return_2_int_reg                      |  16|   0|   16|          0|
    |ap_return_3_int_reg                      |  16|   0|   16|          0|
    |ap_return_4_int_reg                      |  16|   0|   16|          0|
    |ap_return_5_int_reg                      |  16|   0|   16|          0|
    |ap_return_6_int_reg                      |  16|   0|   16|          0|
    |ap_return_7_int_reg                      |  16|   0|   16|          0|
    |ap_return_8_int_reg                      |  16|   0|   16|          0|
    |ap_return_9_int_reg                      |  16|   0|   16|          0|
    |data_0_V_read_6_reg_61139                |   6|   0|    6|          0|
    |data_0_V_read_int_reg                    |   6|   0|    6|          0|
    |data_10_V_read_5_reg_61064               |   6|   0|    6|          0|
    |data_10_V_read_int_reg                   |   6|   0|    6|          0|
    |data_11_V_read11_reg_61055               |   6|   0|    6|          0|
    |data_11_V_read_int_reg                   |   6|   0|    6|          0|
    |data_12_V_read12_reg_61048               |   6|   0|    6|          0|
    |data_12_V_read_int_reg                   |   6|   0|    6|          0|
    |data_13_V_read13_reg_61036               |   6|   0|    6|          0|
    |data_13_V_read_int_reg                   |   6|   0|    6|          0|
    |data_14_V_read_3_reg_61023               |   6|   0|    6|          0|
    |data_14_V_read_int_reg                   |   6|   0|    6|          0|
    |data_15_V_read_int_reg                   |   6|   0|    6|          0|
    |data_16_V_read_int_reg                   |   6|   0|    6|          0|
    |data_17_V_read_4_reg_61012               |   6|   0|    6|          0|
    |data_17_V_read_int_reg                   |   6|   0|    6|          0|
    |data_18_V_read_int_reg                   |   6|   0|    6|          0|
    |data_19_V_read_5_reg_61005               |   6|   0|    6|          0|
    |data_19_V_read_int_reg                   |   6|   0|    6|          0|
    |data_1_V_read_7_reg_61129                |   6|   0|    6|          0|
    |data_1_V_read_7_reg_61129_pp0_iter1_reg  |   6|   0|    6|          0|
    |data_1_V_read_int_reg                    |   6|   0|    6|          0|
    |data_20_V_read_6_reg_61000               |   6|   0|    6|          0|
    |data_20_V_read_int_reg                   |   6|   0|    6|          0|
    |data_21_V_read_int_reg                   |   6|   0|    6|          0|
    |data_22_V_read22_reg_60992               |   6|   0|    6|          0|
    |data_22_V_read_int_reg                   |   6|   0|    6|          0|
    |data_23_V_read23_reg_60983               |   6|   0|    6|          0|
    |data_23_V_read_int_reg                   |   6|   0|    6|          0|
    |data_24_V_read24_reg_60976               |   6|   0|    6|          0|
    |data_24_V_read_int_reg                   |   6|   0|    6|          0|
    |data_25_V_read_5_reg_60971               |   6|   0|    6|          0|
    |data_25_V_read_int_reg                   |   6|   0|    6|          0|
    |data_26_V_read_5_reg_60962               |   6|   0|    6|          0|
    |data_26_V_read_int_reg                   |   6|   0|    6|          0|
    |data_27_V_read_4_reg_60953               |   6|   0|    6|          0|
    |data_27_V_read_int_reg                   |   6|   0|    6|          0|
    |data_28_V_read_4_reg_60946               |   6|   0|    6|          0|
    |data_28_V_read_int_reg                   |   6|   0|    6|          0|
    |data_29_V_read_5_reg_60939               |   6|   0|    6|          0|
    |data_29_V_read_int_reg                   |   6|   0|    6|          0|
    |data_2_V_read_7_reg_61119                |   6|   0|    6|          0|
    |data_2_V_read_int_reg                    |   6|   0|    6|          0|
    |data_30_V_read_int_reg                   |   6|   0|    6|          0|
    |data_31_V_read31_reg_60931               |   6|   0|    6|          0|
    |data_31_V_read_int_reg                   |   6|   0|    6|          0|
    |data_3_V_read_6_reg_61109                |   6|   0|    6|          0|
    |data_3_V_read_int_reg                    |   6|   0|    6|          0|
    |data_4_V_read_6_reg_61102                |   6|   0|    6|          0|
    |data_4_V_read_int_reg                    |   6|   0|    6|          0|
    |data_5_V_read_4_reg_61092                |   6|   0|    6|          0|
    |data_5_V_read_int_reg                    |   6|   0|    6|          0|
    |data_6_V_read_4_reg_61083                |   6|   0|    6|          0|
    |data_6_V_read_int_reg                    |   6|   0|    6|          0|
    |data_8_V_read_6_reg_61076                |   6|   0|    6|          0|
    |data_8_V_read_int_reg                    |   6|   0|    6|          0|
    |data_9_V_read_6_reg_61071                |   6|   0|    6|          0|
    |data_9_V_read_int_reg                    |   6|   0|    6|          0|
    |lshr_ln708_100_reg_61196                 |   8|   0|    8|          0|
    |lshr_ln708_101_reg_61781                 |   9|   0|    9|          0|
    |lshr_ln708_106_reg_61786                 |  10|   0|   10|          0|
    |lshr_ln708_110_reg_61791                 |  10|   0|   10|          0|
    |lshr_ln708_111_reg_61206                 |   5|   0|    5|          0|
    |lshr_ln708_113_reg_61796                 |   9|   0|    9|          0|
    |lshr_ln708_116_reg_61801                 |   9|   0|    9|          0|
    |lshr_ln708_122_reg_61821                 |  10|   0|   10|          0|
    |lshr_ln708_123_reg_61826                 |   8|   0|   10|          2|
    |lshr_ln708_124_reg_61255                 |   8|   0|    8|          0|
    |lshr_ln708_126_reg_61836                 |  10|   0|   10|          0|
    |lshr_ln708_127_reg_61260                 |   5|   0|    5|          0|
    |lshr_ln708_127_reg_61260_pp0_iter1_reg   |   5|   0|    5|          0|
    |lshr_ln708_129_reg_61851                 |  10|   0|   10|          0|
    |lshr_ln708_131_reg_61276                 |   5|   0|    5|          0|
    |lshr_ln708_132_reg_61861                 |  10|   0|   10|          0|
    |lshr_ln708_133_reg_61281                 |   9|   0|    9|          0|
    |lshr_ln708_135_reg_61871                 |  10|   0|   10|          0|
    |lshr_ln708_137_reg_61291                 |   9|   0|    9|          0|
    |lshr_ln708_138_reg_61307                 |   8|   0|    8|          0|
    |lshr_ln708_138_reg_61307_pp0_iter1_reg   |   8|   0|    8|          0|
    |lshr_ln708_139_reg_61339                 |   9|   0|    9|          0|
    |lshr_ln708_140_reg_61344                 |   9|   0|    9|          0|
    |lshr_ln708_141_reg_61876                 |  10|   0|   10|          0|
    |lshr_ln708_144_reg_61364                 |   9|   0|    9|          0|
    |lshr_ln708_145_reg_61369                 |  10|   0|   10|          0|
    |lshr_ln708_146_reg_61374                 |   9|   0|    9|          0|
    |lshr_ln708_147_reg_61384                 |   8|   0|    8|          0|
    |lshr_ln708_148_reg_61394                 |  10|   0|   10|          0|
    |lshr_ln708_149_reg_61901                 |  10|   0|   10|          0|
    |lshr_ln708_150_reg_61405                 |   9|   0|   10|          1|
    |lshr_ln708_151_reg_61916                 |   8|   0|    8|          0|
    |lshr_ln708_152_reg_61431                 |  10|   0|   10|          0|
    |lshr_ln708_153_reg_61921                 |   9|   0|    9|          0|
    |lshr_ln708_155_reg_61446                 |   5|   0|    5|          0|
    |lshr_ln708_156_reg_61461                 |   9|   0|    9|          0|
    |lshr_ln708_160_reg_61481                 |  10|   0|   10|          0|
    |lshr_ln708_162_reg_61951                 |  10|   0|   10|          0|
    |lshr_ln708_163_reg_61492                 |   9|   0|    9|          0|
    |lshr_ln708_164_reg_61503                 |   8|   0|    8|          0|
    |lshr_ln708_165_reg_61509                 |   9|   0|    9|          0|
    |lshr_ln708_166_reg_61534                 |   9|   0|    9|          0|
    |lshr_ln708_168_reg_61549                 |   5|   0|    5|          0|
    |lshr_ln708_169_reg_61554                 |  10|   0|   10|          0|
    |lshr_ln708_170_reg_61559                 |   9|   0|    9|          0|
    |lshr_ln708_171_reg_61971                 |  10|   0|   10|          0|
    |lshr_ln708_172_reg_61976                 |   9|   0|   10|          1|
    |lshr_ln708_173_reg_61564                 |  10|   0|   10|          0|
    |lshr_ln708_174_reg_61574                 |  10|   0|   10|          0|
    |lshr_ln708_174_reg_61574_pp0_iter1_reg   |  10|   0|   10|          0|
    |lshr_ln708_175_reg_61579                 |   5|   0|    5|          0|
    |lshr_ln708_176_reg_61584                 |   9|   0|    9|          0|
    |lshr_ln708_178_reg_61594                 |   9|   0|    9|          0|
    |lshr_ln708_181_reg_61615                 |  10|   0|   10|          0|
    |lshr_ln708_182_reg_61631                 |   5|   0|    5|          0|
    |lshr_ln708_184_reg_61636                 |   9|   0|    9|          0|
    |lshr_ln708_185_reg_61641                 |   5|   0|    5|          0|
    |lshr_ln708_185_reg_61641_pp0_iter1_reg   |   5|   0|    5|          0|
    |lshr_ln708_61_reg_61676                  |  10|   0|   10|          0|
    |lshr_ln708_63_reg_61681                  |  10|   0|   10|          0|
    |lshr_ln708_65_reg_61149                  |   5|   0|    5|          0|
    |lshr_ln708_65_reg_61149_pp0_iter1_reg    |   5|   0|    5|          0|
    |lshr_ln708_67_reg_61686                  |  10|   0|   10|          0|
    |lshr_ln708_68_reg_61691                  |   8|   0|   10|          2|
    |lshr_ln708_69_reg_61696                  |  10|   0|   10|          0|
    |lshr_ln708_76_reg_61706                  |  10|   0|   10|          0|
    |lshr_ln708_80_reg_61716                  |   9|   0|   10|          1|
    |lshr_ln708_82_reg_61726                  |  10|   0|   10|          0|
    |lshr_ln708_89_reg_61746                  |  10|   0|   10|          0|
    |lshr_ln708_99_reg_61771                  |  10|   0|   10|          0|
    |lshr_ln708_s_reg_61243                   |   9|   0|    9|          0|
    |shl_ln1118_40_reg_61946                  |   6|   0|    7|          1|
    |shl_ln1118_51_reg_61625                  |   6|   0|    7|          1|
    |shl_ln1118_51_reg_61625_pp0_iter1_reg    |   6|   0|    7|          1|
    |shl_ln1118_6_reg_61165                   |   6|   0|    7|          1|
    |shl_ln708_15_reg_61176                   |   6|   0|    8|          2|
    |shl_ln708_21_reg_61776                   |   6|   0|    9|          3|
    |shl_ln708_62_reg_61497                   |   6|   0|    8|          2|
    |shl_ln708_73_reg_61599                   |   6|   0|    8|          2|
    |sub_ln1118_18_reg_61201                  |   7|   0|    9|          2|
    |sub_ln1118_42_reg_61441                  |   7|   0|    9|          2|
    |sub_ln1118_45_reg_61456                  |   7|   0|   11|          4|
    |sub_ln1118_48_reg_61514                  |   7|   0|   11|          4|
    |sub_ln1118_58_reg_61620                  |   7|   0|   10|          3|
    |tmp_23_reg_61400                         |   6|   0|   11|          5|
    |tmp_582_reg_61155                        |   7|   0|    8|          1|
    |tmp_584_reg_61171                        |   7|   0|    7|          0|
    |tmp_585_reg_61711                        |   9|   0|    9|          0|
    |tmp_586_reg_61721                        |   9|   0|    9|          0|
    |tmp_587_reg_61731                        |  11|   0|   11|          0|
    |tmp_589_reg_61186                        |   8|   0|    8|          0|
    |tmp_590_reg_61736                        |  10|   0|   10|          0|
    |tmp_591_reg_61741                        |   9|   0|    9|          0|
    |tmp_592_reg_61751                        |  11|   0|   11|          0|
    |tmp_593_reg_61761                        |   9|   0|    9|          0|
    |tmp_594_reg_61766                        |  10|   0|   10|          0|
    |tmp_598_reg_61212                        |   9|   0|   10|          1|
    |tmp_599_reg_61811                        |   9|   0|   10|          1|
    |tmp_601_reg_61816                        |  10|   0|   10|          0|
    |tmp_602_reg_61841                        |  10|   0|   10|          0|
    |tmp_603_reg_61846                        |   9|   0|    9|          0|
    |tmp_609_reg_61302                        |  10|   0|   10|          0|
    |tmp_610_reg_61312                        |   7|   0|    8|          1|
    |tmp_611_reg_61323                        |   9|   0|    9|          0|
    |tmp_611_reg_61323_pp0_iter1_reg          |   9|   0|    9|          0|
    |tmp_612_reg_61349                        |   9|   0|    9|          0|
    |tmp_613_reg_61886                        |  11|   0|   11|          0|
    |tmp_614_reg_61354                        |  11|   0|   11|          0|
    |tmp_615_reg_61891                        |  10|   0|   10|          0|
    |tmp_616_reg_61359                        |  10|   0|   10|          0|
    |tmp_618_reg_61389                        |  10|   0|   10|          0|
    |tmp_621_reg_61420                        |   7|   0|    8|          1|
    |tmp_622_reg_61926                        |   7|   0|   10|          3|
    |tmp_625_reg_61471                        |   7|   0|   10|          3|
    |tmp_626_reg_61519                        |   7|   0|   10|          3|
    |tmp_627_reg_61524                        |   9|   0|    9|          0|
    |tmp_629_reg_61966                        |   8|   0|    8|          0|
    |tmp_630_reg_61986                        |  10|   0|   10|          0|
    |tmp_631_reg_61589                        |   9|   0|    9|          0|
    |tmp_632_reg_61991                        |   6|   0|    6|          0|
    |tmp_634_reg_61996                        |  10|   0|   10|          0|
    |trunc_ln203_10_reg_61539                 |   9|   0|    9|          0|
    |trunc_ln203_1_reg_61238                  |  10|   0|   10|          0|
    |trunc_ln203_2_reg_61266                  |  10|   0|   10|          0|
    |trunc_ln203_5_reg_61436                  |  10|   0|   10|          0|
    |trunc_ln203_6_reg_61466                  |  10|   0|   10|          0|
    |trunc_ln203_7_reg_61476                  |  10|   0|   10|          0|
    |trunc_ln708_117_reg_61671                |  10|   0|   10|          0|
    |trunc_ln708_117_reg_61671_pp0_iter2_reg  |  10|   0|   10|          0|
    |trunc_ln708_121_reg_61160                |  11|   0|   11|          0|
    |trunc_ln708_126_reg_61701                |   9|   0|    9|          0|
    |trunc_ln708_128_reg_61181                |   8|   0|    8|          0|
    |trunc_ln708_130_reg_61756                |  11|   0|   11|          0|
    |trunc_ln708_138_reg_61806                |  11|   0|   11|          0|
    |trunc_ln708_144_reg_61217                |  10|   0|   10|          0|
    |trunc_ln708_145_reg_61222                |   9|   0|    9|          0|
    |trunc_ln708_147_reg_61856                |  11|   0|   11|          0|
    |trunc_ln708_151_reg_61866                |  11|   0|   11|          0|
    |trunc_ln708_152_reg_61831                |  10|   0|   10|          0|
    |trunc_ln708_159_reg_61881                |  11|   0|   11|          0|
    |trunc_ln708_163_reg_61286                |   9|   0|    9|          0|
    |trunc_ln708_164_reg_61296                |  10|   0|   10|          0|
    |trunc_ln708_164_reg_61296_pp0_iter1_reg  |  10|   0|   10|          0|
    |trunc_ln708_166_reg_61896                |  11|   0|   11|          0|
    |trunc_ln708_168_reg_61317                |   7|   0|    7|          0|
    |trunc_ln708_168_reg_61317_pp0_iter1_reg  |   7|   0|    7|          0|
    |trunc_ln708_169_reg_61906                |  11|   0|   11|          0|
    |trunc_ln708_172_reg_61911                |  11|   0|   11|          0|
    |trunc_ln708_173_reg_61328                |   9|   0|    9|          0|
    |trunc_ln708_177_reg_61936                |  11|   0|   11|          0|
    |trunc_ln708_184_reg_61410                |   8|   0|    8|          0|
    |trunc_ln708_185_reg_61415                |  10|   0|   10|          0|
    |trunc_ln708_187_reg_61544                |  11|   0|   11|          0|
    |trunc_ln708_190_reg_61931                |   8|   0|    8|          0|
    |trunc_ln708_191_reg_61569                |  11|   0|   11|          0|
    |trunc_ln708_192_reg_61941                |   7|   0|    9|          2|
    |trunc_ln708_199_reg_61529                |   9|   0|    9|          0|
    |trunc_ln708_199_reg_61529_pp0_iter1_reg  |   9|   0|    9|          0|
    |trunc_ln708_201_reg_61956                |  10|   0|   10|          0|
    |trunc_ln708_202_reg_62001                |  11|   0|   11|          0|
    |trunc_ln708_203_reg_61961                |   9|   0|    9|          0|
    |trunc_ln708_206_reg_61981                |   7|   0|    8|          1|
    |trunc_ln708_209_reg_61604                |   8|   0|    8|          0|
    |trunc_ln708_217_reg_62006                |  10|   0|   10|          0|
    |trunc_ln8_reg_61191                      |   9|   0|    9|          0|
    |zext_ln1116_4_reg_61333                  |   6|   0|   12|          6|
    |zext_ln1118_112_reg_61451                |   6|   0|   10|          4|
    |zext_ln1118_142_reg_61609                |   6|   0|   11|          5|
    |zext_ln1118_62_reg_61227                 |   6|   0|   11|          5|
    |zext_ln1118_64_reg_61233                 |   6|   0|   10|          4|
    |zext_ln1118_70_reg_61248                 |   6|   0|   11|          5|
    |zext_ln1118_79_reg_61271                 |   6|   0|   10|          4|
    |zext_ln1118_97_reg_61379                 |   6|   0|   11|          5|
    |zext_ln708_141_reg_61425                 |   6|   0|    9|          3|
    |zext_ln708_162_reg_61486                 |   6|   0|   11|          5|
    +-----------------------------------------+----+----+-----+-----------+
    |Total                                    |3690|   0| 3796|        106|
    +-----------------------------------------+----+----+-----+-----------+



================================================================
== Interface
================================================================
* Summary: 
+----------------+-----+-----+------------+---------------------------------------------------------------------------------+--------------+
|    RTL Ports   | Dir | Bits|  Protocol  |                                  Source Object                                  |    C Type    |
+----------------+-----+-----+------------+---------------------------------------------------------------------------------+--------------+
|ap_clk          |  in |    1| ap_ctrl_hs | dense_latency.0.0.0.0.0.0.0.0.0.0.0.0.0.0.0.0.0.0.0.0.0.0.0.0.0.0.0.0.0.0.0.0.0 | return value |
|ap_rst          |  in |    1| ap_ctrl_hs | dense_latency.0.0.0.0.0.0.0.0.0.0.0.0.0.0.0.0.0.0.0.0.0.0.0.0.0.0.0.0.0.0.0.0.0 | return value |
|ap_return_0     | out |   16| ap_ctrl_hs | dense_latency.0.0.0.0.0.0.0.0.0.0.0.0.0.0.0.0.0.0.0.0.0.0.0.0.0.0.0.0.0.0.0.0.0 | return value |
|ap_return_1     | out |   16| ap_ctrl_hs | dense_latency.0.0.0.0.0.0.0.0.0.0.0.0.0.0.0.0.0.0.0.0.0.0.0.0.0.0.0.0.0.0.0.0.0 | return value |
|ap_return_2     | out |   16| ap_ctrl_hs | dense_latency.0.0.0.0.0.0.0.0.0.0.0.0.0.0.0.0.0.0.0.0.0.0.0.0.0.0.0.0.0.0.0.0.0 | return value |
|ap_return_3     | out |   16| ap_ctrl_hs | dense_latency.0.0.0.0.0.0.0.0.0.0.0.0.0.0.0.0.0.0.0.0.0.0.0.0.0.0.0.0.0.0.0.0.0 | return value |
|ap_return_4     | out |   16| ap_ctrl_hs | dense_latency.0.0.0.0.0.0.0.0.0.0.0.0.0.0.0.0.0.0.0.0.0.0.0.0.0.0.0.0.0.0.0.0.0 | return value |
|ap_return_5     | out |   16| ap_ctrl_hs | dense_latency.0.0.0.0.0.0.0.0.0.0.0.0.0.0.0.0.0.0.0.0.0.0.0.0.0.0.0.0.0.0.0.0.0 | return value |
|ap_return_6     | out |   16| ap_ctrl_hs | dense_latency.0.0.0.0.0.0.0.0.0.0.0.0.0.0.0.0.0.0.0.0.0.0.0.0.0.0.0.0.0.0.0.0.0 | return value |
|ap_return_7     | out |   16| ap_ctrl_hs | dense_latency.0.0.0.0.0.0.0.0.0.0.0.0.0.0.0.0.0.0.0.0.0.0.0.0.0.0.0.0.0.0.0.0.0 | return value |
|ap_return_8     | out |   16| ap_ctrl_hs | dense_latency.0.0.0.0.0.0.0.0.0.0.0.0.0.0.0.0.0.0.0.0.0.0.0.0.0.0.0.0.0.0.0.0.0 | return value |
|ap_return_9     | out |   16| ap_ctrl_hs | dense_latency.0.0.0.0.0.0.0.0.0.0.0.0.0.0.0.0.0.0.0.0.0.0.0.0.0.0.0.0.0.0.0.0.0 | return value |
|ap_return_10    | out |   16| ap_ctrl_hs | dense_latency.0.0.0.0.0.0.0.0.0.0.0.0.0.0.0.0.0.0.0.0.0.0.0.0.0.0.0.0.0.0.0.0.0 | return value |
|ap_return_11    | out |   16| ap_ctrl_hs | dense_latency.0.0.0.0.0.0.0.0.0.0.0.0.0.0.0.0.0.0.0.0.0.0.0.0.0.0.0.0.0.0.0.0.0 | return value |
|ap_return_12    | out |   16| ap_ctrl_hs | dense_latency.0.0.0.0.0.0.0.0.0.0.0.0.0.0.0.0.0.0.0.0.0.0.0.0.0.0.0.0.0.0.0.0.0 | return value |
|ap_return_13    | out |   16| ap_ctrl_hs | dense_latency.0.0.0.0.0.0.0.0.0.0.0.0.0.0.0.0.0.0.0.0.0.0.0.0.0.0.0.0.0.0.0.0.0 | return value |
|ap_return_14    | out |   16| ap_ctrl_hs | dense_latency.0.0.0.0.0.0.0.0.0.0.0.0.0.0.0.0.0.0.0.0.0.0.0.0.0.0.0.0.0.0.0.0.0 | return value |
|ap_return_15    | out |   16| ap_ctrl_hs | dense_latency.0.0.0.0.0.0.0.0.0.0.0.0.0.0.0.0.0.0.0.0.0.0.0.0.0.0.0.0.0.0.0.0.0 | return value |
|ap_return_16    | out |   16| ap_ctrl_hs | dense_latency.0.0.0.0.0.0.0.0.0.0.0.0.0.0.0.0.0.0.0.0.0.0.0.0.0.0.0.0.0.0.0.0.0 | return value |
|ap_return_17    | out |   16| ap_ctrl_hs | dense_latency.0.0.0.0.0.0.0.0.0.0.0.0.0.0.0.0.0.0.0.0.0.0.0.0.0.0.0.0.0.0.0.0.0 | return value |
|ap_return_18    | out |   16| ap_ctrl_hs | dense_latency.0.0.0.0.0.0.0.0.0.0.0.0.0.0.0.0.0.0.0.0.0.0.0.0.0.0.0.0.0.0.0.0.0 | return value |
|ap_return_19    | out |   16| ap_ctrl_hs | dense_latency.0.0.0.0.0.0.0.0.0.0.0.0.0.0.0.0.0.0.0.0.0.0.0.0.0.0.0.0.0.0.0.0.0 | return value |
|ap_return_20    | out |   16| ap_ctrl_hs | dense_latency.0.0.0.0.0.0.0.0.0.0.0.0.0.0.0.0.0.0.0.0.0.0.0.0.0.0.0.0.0.0.0.0.0 | return value |
|ap_return_21    | out |   16| ap_ctrl_hs | dense_latency.0.0.0.0.0.0.0.0.0.0.0.0.0.0.0.0.0.0.0.0.0.0.0.0.0.0.0.0.0.0.0.0.0 | return value |
|ap_return_22    | out |   16| ap_ctrl_hs | dense_latency.0.0.0.0.0.0.0.0.0.0.0.0.0.0.0.0.0.0.0.0.0.0.0.0.0.0.0.0.0.0.0.0.0 | return value |
|ap_return_23    | out |   16| ap_ctrl_hs | dense_latency.0.0.0.0.0.0.0.0.0.0.0.0.0.0.0.0.0.0.0.0.0.0.0.0.0.0.0.0.0.0.0.0.0 | return value |
|ap_ce           |  in |    1| ap_ctrl_hs | dense_latency.0.0.0.0.0.0.0.0.0.0.0.0.0.0.0.0.0.0.0.0.0.0.0.0.0.0.0.0.0.0.0.0.0 | return value |
|data_0_V_read   |  in |    6|   ap_none  |                                  data_0_V_read                                  |    scalar    |
|data_1_V_read   |  in |    6|   ap_none  |                                  data_1_V_read                                  |    scalar    |
|data_2_V_read   |  in |    6|   ap_none  |                                  data_2_V_read                                  |    scalar    |
|data_3_V_read   |  in |    6|   ap_none  |                                  data_3_V_read                                  |    scalar    |
|data_4_V_read   |  in |    6|   ap_none  |                                  data_4_V_read                                  |    scalar    |
|data_5_V_read   |  in |    6|   ap_none  |                                  data_5_V_read                                  |    scalar    |
|data_6_V_read   |  in |    6|   ap_none  |                                  data_6_V_read                                  |    scalar    |
|data_8_V_read   |  in |    6|   ap_none  |                                  data_8_V_read                                  |    scalar    |
|data_9_V_read   |  in |    6|   ap_none  |                                  data_9_V_read                                  |    scalar    |
|data_10_V_read  |  in |    6|   ap_none  |                                  data_10_V_read                                 |    scalar    |
|data_11_V_read  |  in |    6|   ap_none  |                                  data_11_V_read                                 |    scalar    |
|data_12_V_read  |  in |    6|   ap_none  |                                  data_12_V_read                                 |    scalar    |
|data_13_V_read  |  in |    6|   ap_none  |                                  data_13_V_read                                 |    scalar    |
|data_14_V_read  |  in |    6|   ap_none  |                                  data_14_V_read                                 |    scalar    |
|data_15_V_read  |  in |    6|   ap_none  |                                  data_15_V_read                                 |    scalar    |
|data_16_V_read  |  in |    6|   ap_none  |                                  data_16_V_read                                 |    scalar    |
|data_17_V_read  |  in |    6|   ap_none  |                                  data_17_V_read                                 |    scalar    |
|data_18_V_read  |  in |    6|   ap_none  |                                  data_18_V_read                                 |    scalar    |
|data_19_V_read  |  in |    6|   ap_none  |                                  data_19_V_read                                 |    scalar    |
|data_20_V_read  |  in |    6|   ap_none  |                                  data_20_V_read                                 |    scalar    |
|data_21_V_read  |  in |    6|   ap_none  |                                  data_21_V_read                                 |    scalar    |
|data_22_V_read  |  in |    6|   ap_none  |                                  data_22_V_read                                 |    scalar    |
|data_23_V_read  |  in |    6|   ap_none  |                                  data_23_V_read                                 |    scalar    |
|data_24_V_read  |  in |    6|   ap_none  |                                  data_24_V_read                                 |    scalar    |
|data_25_V_read  |  in |    6|   ap_none  |                                  data_25_V_read                                 |    scalar    |
|data_26_V_read  |  in |    6|   ap_none  |                                  data_26_V_read                                 |    scalar    |
|data_27_V_read  |  in |    6|   ap_none  |                                  data_27_V_read                                 |    scalar    |
|data_28_V_read  |  in |    6|   ap_none  |                                  data_28_V_read                                 |    scalar    |
|data_29_V_read  |  in |    6|   ap_none  |                                  data_29_V_read                                 |    scalar    |
|data_30_V_read  |  in |    6|   ap_none  |                                  data_30_V_read                                 |    scalar    |
|data_31_V_read  |  in |    6|   ap_none  |                                  data_31_V_read                                 |    scalar    |
+----------------+-----+-----+------------+---------------------------------------------------------------------------------+--------------+

