

================================================================
== Vivado HLS Report for 'dense_latency_ap_ufixed_ap_fixed_16_6_5_3_0_config11_0_0_0_0_0_0'
================================================================
* Date:           Sat Apr  6 17:13:59 2024

* Version:        2019.1 (Build 2552052 on Fri May 24 15:28:33 MDT 2019)
* Project:        myproject_prj
* Solution:       solution1
* Product family: artix7
* Target device:  xc7a100t-fgg676-2L


================================================================
== Performance Estimates
================================================================
+ Timing (ns): 
    * Summary: 
    +--------+-------+----------+------------+
    |  Clock | Target| Estimated| Uncertainty|
    +--------+-------+----------+------------+
    |ap_clk  |   5.00|     3.604|        0.62|
    +--------+-------+----------+------------+

+ Latency (clock cycles): 
    * Summary: 
    +-----+-----+-----+-----+----------+
    |  Latency  |  Interval | Pipeline |
    | min | max | min | max |   Type   |
    +-----+-----+-----+-----+----------+
    |    2|    2|    1|    1| function |
    +-----+-----+-----+-----+----------+

    + Detail: 
        * Instance: 
        N/A

        * Loop: 
        N/A



================================================================
== Utilization Estimates
================================================================
* Summary: 
+-----------------+---------+-------+--------+-------+-----+
|       Name      | BRAM_18K| DSP48E|   FF   |  LUT  | URAM|
+-----------------+---------+-------+--------+-------+-----+
|DSP              |        -|      -|       -|      -|    -|
|Expression       |        -|      0|       0|   1439|    -|
|FIFO             |        -|      -|       -|      -|    -|
|Instance         |        -|      -|       -|      -|    -|
|Memory           |        -|      -|       -|      -|    -|
|Multiplexer      |        -|      -|       -|     45|    -|
|Register         |        -|      -|     616|      -|    -|
+-----------------+---------+-------+--------+-------+-----+
|Total            |        0|      0|     616|   1484|    0|
+-----------------+---------+-------+--------+-------+-----+
|Available        |      270|    240|  126800|  63400|    0|
+-----------------+---------+-------+--------+-------+-----+
|Utilization (%)  |        0|      0|   ~0   |      2|    0|
+-----------------+---------+-------+--------+-------+-----+

+ Detail: 
    * Instance: 
    N/A

    * DSP48E: 
    N/A

    * Memory: 
    N/A

    * FIFO: 
    N/A

    * Expression: 
    +--------------------------+----------+-------+---+----+------------+------------+
    |       Variable Name      | Operation| DSP48E| FF| LUT| Bitwidth P0| Bitwidth P1|
    +--------------------------+----------+-------+---+----+------------+------------+
    |mul_ln708_1_fu_272_p2     |     *    |      0|  0|  25|           6|           5|
    |mul_ln708_fu_244_p2       |     *    |      0|  0|  25|           6|           5|
    |acc_1_V_fu_1740_p2        |     +    |      0|  0|  20|          13|          13|
    |acc_2_V_fu_1940_p2        |     +    |      0|  0|  18|          16|          16|
    |acc_3_V_fu_1965_p2        |     +    |      0|  0|  22|          15|          15|
    |acc_4_V_fu_1994_p2        |     +    |      0|  0|  22|          15|          15|
    |add_ln703_10_fu_1905_p2   |     +    |      0|  0|  19|          12|          12|
    |add_ln703_11_fu_1915_p2   |     +    |      0|  0|  22|          15|          15|
    |add_ln703_12_fu_1481_p2   |     +    |      0|  0|  19|          12|          12|
    |add_ln703_13_fu_1730_p2   |     +    |      0|  0|  19|          12|          10|
    |add_ln703_15_fu_1746_p2   |     +    |      0|  0|  19|          12|          12|
    |add_ln703_16_fu_1931_p2   |     +    |      0|  0|  18|          16|          16|
    |add_ln703_17_fu_1752_p2   |     +    |      0|  0|  18|          11|          11|
    |add_ln703_18_fu_1762_p2   |     +    |      0|  0|  19|          12|          12|
    |add_ln703_20_fu_1487_p2   |     +    |      0|  0|  19|          12|          12|
    |add_ln703_21_fu_1771_p2   |     +    |      0|  0|  20|          13|          13|
    |add_ln703_22_fu_1493_p2   |     +    |      0|  0|  19|          12|          12|
    |add_ln703_23_fu_1784_p2   |     +    |      0|  0|  20|          13|          13|
    |add_ln703_24_fu_1794_p2   |     +    |      0|  0|  21|          14|          14|
    |add_ln703_25_fu_1800_p2   |     +    |      0|  0|  18|          11|          11|
    |add_ln703_26_fu_1810_p2   |     +    |      0|  0|  19|          12|          12|
    |add_ln703_27_fu_1816_p2   |     +    |      0|  0|  18|          11|          10|
    |add_ln703_28_fu_1826_p2   |     +    |      0|  0|  19|          12|          12|
    |add_ln703_29_fu_1955_p2   |     +    |      0|  0|  21|          14|          14|
    |add_ln703_31_fu_1499_p2   |     +    |      0|  0|  19|          12|          12|
    |add_ln703_32_fu_1835_p2   |     +    |      0|  0|  20|          13|          13|
    |add_ln703_33_fu_1505_p2   |     +    |      0|  0|  19|          12|          12|
    |add_ln703_34_fu_1848_p2   |     +    |      0|  0|  20|          13|          13|
    |add_ln703_35_fu_1858_p2   |     +    |      0|  0|  21|          14|          14|
    |add_ln703_36_fu_1511_p2   |     +    |      0|  0|  18|          11|          11|
    |add_ln703_37_fu_1867_p2   |     +    |      0|  0|  20|          13|          13|
    |add_ln703_38_fu_1873_p2   |     +    |      0|  0|  18|          11|          10|
    |add_ln703_39_fu_1883_p2   |     +    |      0|  0|  19|          12|          12|
    |add_ln703_40_fu_1984_p2   |     +    |      0|  0|  21|          14|          14|
    |add_ln703_4_fu_1475_p2    |     +    |      0|  0|  19|          12|          12|
    |add_ln703_5_fu_1690_p2    |     +    |      0|  0|  20|          13|          13|
    |add_ln703_6_fu_1700_p2    |     +    |      0|  0|  21|          14|          14|
    |add_ln703_7_fu_1706_p2    |     +    |      0|  0|  18|          11|          11|
    |add_ln703_8_fu_1712_p2    |     +    |      0|  0|  17|          10|           8|
    |add_ln703_9_fu_1721_p2    |     +    |      0|  0|  18|          11|          11|
    |add_ln703_fu_1469_p2      |     +    |      0|  0|  19|          12|          12|
    |sub_ln1118_10_fu_1023_p2  |     -    |      0|  0|  19|          12|          12|
    |sub_ln1118_11_fu_1071_p2  |     -    |      0|  0|  19|           1|          12|
    |sub_ln1118_12_fu_1107_p2  |     -    |      0|  0|  19|           1|          12|
    |sub_ln1118_13_fu_1609_p2  |     -    |      0|  0|  19|           1|          12|
    |sub_ln1118_14_fu_1175_p2  |     -    |      0|  0|  19|           1|          12|
    |sub_ln1118_15_fu_1208_p2  |     -    |      0|  0|  19|           1|          12|
    |sub_ln1118_16_fu_1282_p2  |     -    |      0|  0|  19|           1|          12|
    |sub_ln1118_17_fu_1330_p2  |     -    |      0|  0|  19|           1|          12|
    |sub_ln1118_18_fu_1389_p2  |     -    |      0|  0|  19|           1|          12|
    |sub_ln1118_19_fu_1661_p2  |     -    |      0|  0|  19|           1|          12|
    |sub_ln1118_1_fu_655_p2    |     -    |      0|  0|  19|           1|          12|
    |sub_ln1118_20_fu_1421_p2  |     -    |      0|  0|  19|           1|          12|
    |sub_ln1118_2_fu_703_p2    |     -    |      0|  0|  19|           1|          12|
    |sub_ln1118_3_fu_739_p2    |     -    |      0|  0|  19|           1|          12|
    |sub_ln1118_4_fu_811_p2    |     -    |      0|  0|  19|           1|          12|
    |sub_ln1118_5_fu_863_p2    |     -    |      0|  0|  19|           1|          12|
    |sub_ln1118_6_fu_895_p2    |     -    |      0|  0|  19|           1|          12|
    |sub_ln1118_7_fu_923_p2    |     -    |      0|  0|  19|           1|          12|
    |sub_ln1118_8_fu_955_p2    |     -    |      0|  0|  19|           1|          12|
    |sub_ln1118_9_fu_1543_p2   |     -    |      0|  0|  19|           1|          12|
    |sub_ln1118_fu_627_p2      |     -    |      0|  0|  19|           1|          12|
    |sub_ln708_10_fu_1302_p2   |     -    |      0|  0|  18|          11|          11|
    |sub_ln708_11_fu_1369_p2   |     -    |      0|  0|  18|          11|          11|
    |sub_ln708_12_fu_1453_p2   |     -    |      0|  0|  18|          11|          11|
    |sub_ln708_1_fu_759_p2     |     -    |      0|  0|  18|          11|          11|
    |sub_ln708_2_fu_791_p2     |     -    |      0|  0|  18|          11|          11|
    |sub_ln708_3_fu_843_p2     |     -    |      0|  0|  18|          11|          11|
    |sub_ln708_4_fu_987_p2     |     -    |      0|  0|  18|          11|          11|
    |sub_ln708_5_fu_1043_p2    |     -    |      0|  0|  18|          11|          11|
    |sub_ln708_6_fu_1127_p2    |     -    |      0|  0|  18|          11|          11|
    |sub_ln708_7_fu_1585_p2    |     -    |      0|  0|  18|          11|          11|
    |sub_ln708_8_fu_1155_p2    |     -    |      0|  0|  18|          11|          11|
    |sub_ln708_9_fu_1250_p2    |     -    |      0|  0|  18|          11|          11|
    |sub_ln708_fu_683_p2       |     -    |      0|  0|  18|          11|          11|
    +--------------------------+----------+-------+---+----+------------+------------+
    |Total                     |          |      0|  0|1439|         680|         892|
    +--------------------------+----------+-------+---+----+------------+------------+

    * Multiplexer: 
    +-------------+----+-----------+-----+-----------+
    |     Name    | LUT| Input Size| Bits| Total Bits|
    +-------------+----+-----------+-----+-----------+
    |ap_return_0  |   9|          2|   16|         32|
    |ap_return_1  |   9|          2|   12|         24|
    |ap_return_2  |   9|          2|   16|         32|
    |ap_return_3  |   9|          2|   16|         32|
    |ap_return_4  |   9|          2|   16|         32|
    +-------------+----+-----------+-----+-----------+
    |Total        |  45|         10|   76|        152|
    +-------------+----+-----------+-----+-----------+

    * Register: 
    +-------------------------------------+----+----+-----+-----------+
    |                 Name                | FF | LUT| Bits| Const Bits|
    +-------------------------------------+----+----+-----+-----------+
    |acc_1_V_reg_2196                     |   9|   0|   13|          4|
    |add_ln703_12_reg_2151                |   8|   0|   12|          4|
    |add_ln703_15_reg_2201                |   8|   0|   12|          4|
    |add_ln703_18_reg_2206                |  12|   0|   12|          0|
    |add_ln703_20_reg_2156                |   8|   0|   12|          4|
    |add_ln703_22_reg_2161                |   8|   0|   12|          4|
    |add_ln703_24_reg_2211                |  10|   0|   14|          4|
    |add_ln703_26_reg_2216                |  12|   0|   12|          0|
    |add_ln703_28_reg_2221                |  12|   0|   12|          0|
    |add_ln703_31_reg_2166                |   8|   0|   12|          4|
    |add_ln703_33_reg_2171                |   8|   0|   12|          4|
    |add_ln703_35_reg_2226                |  10|   0|   14|          4|
    |add_ln703_36_reg_2176                |  11|   0|   11|          0|
    |add_ln703_37_reg_2231                |  13|   0|   13|          0|
    |add_ln703_39_reg_2236                |  12|   0|   12|          0|
    |add_ln703_4_reg_2146                 |   8|   0|   12|          4|
    |add_ln703_6_reg_2181                 |  14|   0|   14|          0|
    |add_ln703_7_reg_2186                 |  11|   0|   11|          0|
    |add_ln703_9_reg_2191                 |  11|   0|   11|          0|
    |add_ln703_reg_2141                   |   8|   0|   12|          4|
    |ap_ce_reg                            |   1|   0|    1|          0|
    |ap_return_0_int_reg                  |  16|   0|   16|          0|
    |ap_return_1_int_reg                  |  12|   0|   16|          4|
    |ap_return_2_int_reg                  |  16|   0|   16|          0|
    |ap_return_3_int_reg                  |  16|   0|   16|          0|
    |ap_return_4_int_reg                  |  16|   0|   16|          0|
    |data_0_V_read_int_reg                |   6|   0|    6|          0|
    |data_10_V_read_int_reg               |   6|   0|    6|          0|
    |data_13_V_read_int_reg               |   6|   0|    6|          0|
    |data_14_V_read11_reg_2045            |   6|   0|    6|          0|
    |data_14_V_read_int_reg               |   6|   0|    6|          0|
    |data_15_V_read_int_reg               |   6|   0|    6|          0|
    |data_19_V_read_int_reg               |   6|   0|    6|          0|
    |data_1_V_read_int_reg                |   6|   0|    6|          0|
    |data_20_V_read_int_reg               |   6|   0|    6|          0|
    |data_21_V_read_3_reg_2039            |   6|   0|    6|          0|
    |data_21_V_read_int_reg               |   6|   0|    6|          0|
    |data_22_V_read_int_reg               |   6|   0|    6|          0|
    |data_23_V_read_int_reg               |   6|   0|    6|          0|
    |data_24_V_read_int_reg               |   6|   0|    6|          0|
    |data_25_V_read_int_reg               |   6|   0|    6|          0|
    |data_26_V_read_int_reg               |   6|   0|    6|          0|
    |data_27_V_read_int_reg               |   6|   0|    6|          0|
    |data_28_V_read22_reg_2034            |   6|   0|    6|          0|
    |data_28_V_read_int_reg               |   6|   0|    6|          0|
    |data_29_V_read_int_reg               |   6|   0|    6|          0|
    |data_2_V_read_int_reg                |   6|   0|    6|          0|
    |data_30_V_read_int_reg               |   6|   0|    6|          0|
    |data_3_V_read_int_reg                |   6|   0|    6|          0|
    |data_4_V_read_int_reg                |   6|   0|    6|          0|
    |data_7_V_read_int_reg                |   6|   0|    6|          0|
    |data_8_V_read_int_reg                |   6|   0|    6|          0|
    |data_9_V_read_int_reg                |   6|   0|    6|          0|
    |lshr_ln708_10_reg_2111               |  10|   0|   10|          0|
    |lshr_ln708_11_reg_2116               |  10|   0|   10|          0|
    |lshr_ln708_12_reg_2131               |  10|   0|   10|          0|
    |lshr_ln708_13_reg_2136               |  10|   0|   10|          0|
    |lshr_ln708_2_reg_2065                |  10|   0|   10|          0|
    |lshr_ln708_3_reg_2070                |  10|   0|   10|          0|
    |lshr_ln708_5_reg_2085                |  10|   0|   10|          0|
    |lshr_ln708_6_reg_2091                |  10|   0|   10|          0|
    |lshr_ln708_8_reg_2096                |  10|   0|   10|          0|
    |lshr_ln708_9_reg_2106                |  10|   0|   10|          0|
    |lshr_ln708_s_reg_2060                |  10|   0|   10|          0|
    |lshr_ln708_s_reg_2060_pp0_iter1_reg  |  10|   0|   10|          0|
    |trunc_ln708_112_reg_2075             |   7|   0|   11|          4|
    |trunc_ln708_116_reg_2080             |  11|   0|   11|          0|
    |trunc_ln708_120_reg_2101             |   7|   0|   11|          4|
    |trunc_ln708_123_reg_2121             |   7|   0|   11|          4|
    |trunc_ln708_124_reg_2126             |  10|   0|   10|          0|
    |trunc_ln708_s_reg_2055               |   7|   0|   11|          4|
    |trunc_ln_reg_2050                    |   7|   0|   11|          4|
    +-------------------------------------+----+----+-----+-----------+
    |Total                                | 616|   0|  684|         68|
    +-------------------------------------+----+----+-----+-----------+



================================================================
== Interface
================================================================
* Summary: 
+----------------+-----+-----+------------+--------------------------------------------------------------------+--------------+
|    RTL Ports   | Dir | Bits|  Protocol  |                            Source Object                           |    C Type    |
+----------------+-----+-----+------------+--------------------------------------------------------------------+--------------+
|ap_clk          |  in |    1| ap_ctrl_hs | dense_latency<ap_ufixed,ap_fixed<16,6,5,3,0>,config11>.0.0.0.0.0.0 | return value |
|ap_rst          |  in |    1| ap_ctrl_hs | dense_latency<ap_ufixed,ap_fixed<16,6,5,3,0>,config11>.0.0.0.0.0.0 | return value |
|ap_return_0     | out |   16| ap_ctrl_hs | dense_latency<ap_ufixed,ap_fixed<16,6,5,3,0>,config11>.0.0.0.0.0.0 | return value |
|ap_return_1     | out |   16| ap_ctrl_hs | dense_latency<ap_ufixed,ap_fixed<16,6,5,3,0>,config11>.0.0.0.0.0.0 | return value |
|ap_return_2     | out |   16| ap_ctrl_hs | dense_latency<ap_ufixed,ap_fixed<16,6,5,3,0>,config11>.0.0.0.0.0.0 | return value |
|ap_return_3     | out |   16| ap_ctrl_hs | dense_latency<ap_ufixed,ap_fixed<16,6,5,3,0>,config11>.0.0.0.0.0.0 | return value |
|ap_return_4     | out |   16| ap_ctrl_hs | dense_latency<ap_ufixed,ap_fixed<16,6,5,3,0>,config11>.0.0.0.0.0.0 | return value |
|ap_ce           |  in |    1| ap_ctrl_hs | dense_latency<ap_ufixed,ap_fixed<16,6,5,3,0>,config11>.0.0.0.0.0.0 | return value |
|data_0_V_read   |  in |    6|   ap_none  |                            data_0_V_read                           |    scalar    |
|data_1_V_read   |  in |    6|   ap_none  |                            data_1_V_read                           |    scalar    |
|data_2_V_read   |  in |    6|   ap_none  |                            data_2_V_read                           |    scalar    |
|data_3_V_read   |  in |    6|   ap_none  |                            data_3_V_read                           |    scalar    |
|data_4_V_read   |  in |    6|   ap_none  |                            data_4_V_read                           |    scalar    |
|data_7_V_read   |  in |    6|   ap_none  |                            data_7_V_read                           |    scalar    |
|data_8_V_read   |  in |    6|   ap_none  |                            data_8_V_read                           |    scalar    |
|data_9_V_read   |  in |    6|   ap_none  |                            data_9_V_read                           |    scalar    |
|data_10_V_read  |  in |    6|   ap_none  |                           data_10_V_read                           |    scalar    |
|data_13_V_read  |  in |    6|   ap_none  |                           data_13_V_read                           |    scalar    |
|data_14_V_read  |  in |    6|   ap_none  |                           data_14_V_read                           |    scalar    |
|data_15_V_read  |  in |    6|   ap_none  |                           data_15_V_read                           |    scalar    |
|data_19_V_read  |  in |    6|   ap_none  |                           data_19_V_read                           |    scalar    |
|data_20_V_read  |  in |    6|   ap_none  |                           data_20_V_read                           |    scalar    |
|data_21_V_read  |  in |    6|   ap_none  |                           data_21_V_read                           |    scalar    |
|data_22_V_read  |  in |    6|   ap_none  |                           data_22_V_read                           |    scalar    |
|data_23_V_read  |  in |    6|   ap_none  |                           data_23_V_read                           |    scalar    |
|data_24_V_read  |  in |    6|   ap_none  |                           data_24_V_read                           |    scalar    |
|data_25_V_read  |  in |    6|   ap_none  |                           data_25_V_read                           |    scalar    |
|data_26_V_read  |  in |    6|   ap_none  |                           data_26_V_read                           |    scalar    |
|data_27_V_read  |  in |    6|   ap_none  |                           data_27_V_read                           |    scalar    |
|data_28_V_read  |  in |    6|   ap_none  |                           data_28_V_read                           |    scalar    |
|data_29_V_read  |  in |    6|   ap_none  |                           data_29_V_read                           |    scalar    |
|data_30_V_read  |  in |    6|   ap_none  |                           data_30_V_read                           |    scalar    |
+----------------+-----+-----+------------+--------------------------------------------------------------------+--------------+

