

================================================================
== Vivado HLS Report for 'softmax_stable_ap_fixed_ap_fixed_16_6_5_3_0_softmax_config13_s'
================================================================
* Date:           Sat Apr  6 17:14:01 2024

* Version:        2019.1 (Build 2552052 on Fri May 24 15:28:33 MDT 2019)
* Project:        myproject_prj
* Solution:       solution1
* Product family: artix7
* Target device:  xc7a100t-fgg676-2L


================================================================
== Performance Estimates
================================================================
+ Timing (ns): 
    * Summary: 
    +--------+-------+----------+------------+
    |  Clock | Target| Estimated| Uncertainty|
    +--------+-------+----------+------------+
    |ap_clk  |   5.00|     4.105|        0.62|
    +--------+-------+----------+------------+

+ Latency (clock cycles): 
    * Summary: 
    +-----+-----+-----+-----+----------+
    |  Latency  |  Interval | Pipeline |
    | min | max | min | max |   Type   |
    +-----+-----+-----+-----+----------+
    |   13|   13|    1|    1| function |
    +-----+-----+-----+-----+----------+

    + Detail: 
        * Instance: 
        N/A

        * Loop: 
        N/A



================================================================
== Utilization Estimates
================================================================
* Summary: 
+-----------------+---------+-------+--------+-------+-----+
|       Name      | BRAM_18K| DSP48E|   FF   |  LUT  | URAM|
+-----------------+---------+-------+--------+-------+-----+
|DSP              |        -|      5|       -|      -|    -|
|Expression       |        -|      -|       0|    533|    -|
|FIFO             |        -|      -|       -|      -|    -|
|Instance         |        -|      -|       -|      -|    -|
|Memory           |        4|      -|       0|      0|    -|
|Multiplexer      |        -|      -|       -|      -|    -|
|Register         |        0|      -|    1132|    320|    -|
+-----------------+---------+-------+--------+-------+-----+
|Total            |        4|      5|    1132|    853|    0|
+-----------------+---------+-------+--------+-------+-----+
|Available        |      270|    240|  126800|  63400|    0|
+-----------------+---------+-------+--------+-------+-----+
|Utilization (%)  |        1|      2|   ~0   |      1|    0|
+-----------------+---------+-------+--------+-------+-----+

+ Detail: 
    * Instance: 
    N/A

    * DSP48E: 
    +---------------------------------------+----------------------------------+-----------+
    |                Instance               |              Module              | Expression|
    +---------------------------------------+----------------------------------+-----------+
    |myproject_mul_mul_18s_18s_30_3_1_U259  |myproject_mul_mul_18s_18s_30_3_1  |  i0 * i1  |
    |myproject_mul_mul_18s_18s_30_3_1_U260  |myproject_mul_mul_18s_18s_30_3_1  |  i0 * i1  |
    |myproject_mul_mul_18s_18s_30_3_1_U261  |myproject_mul_mul_18s_18s_30_3_1  |  i0 * i1  |
    |myproject_mul_mul_18s_18s_30_3_1_U262  |myproject_mul_mul_18s_18s_30_3_1  |  i0 * i1  |
    |myproject_mul_mul_18s_18s_30_3_1_U263  |myproject_mul_mul_18s_18s_30_3_1  |  i0 * i1  |
    +---------------------------------------+----------------------------------+-----------+

    * Memory: 
    +-----------------+------------------------------------------------------------------------------+---------+---+----+-----+------+-----+------+-------------+
    |      Memory     |                                    Module                                    | BRAM_18K| FF| LUT| URAM| Words| Bits| Banks| W*Bits*Banks|
    +-----------------+------------------------------------------------------------------------------+---------+---+----+-----+------+-----+------+-------------+
    |exp_table1_U     |softmax_stable_ap_fixed_ap_fixed_16_6_5_3_0_softmax_config13_s_exp_table1     |        3|  0|   0|    0|  1024|   18|     1|        18432|
    |invert_table2_U  |softmax_stable_ap_fixed_ap_fixed_16_6_5_3_0_softmax_config13_s_invert_table2  |        1|  0|   0|    0|  1024|   18|     1|        18432|
    +-----------------+------------------------------------------------------------------------------+---------+---+----+-----+------+-----+------+-------------+
    |Total            |                                                                              |        4|  0|   0|    0|  2048|   36|     2|        36864|
    +-----------------+------------------------------------------------------------------------------+---------+---+----+-----+------+-----+------+-------------+

    * FIFO: 
    N/A

    * Expression: 
    +-----------------------------+----------+-------+---+----+------------+------------+
    |        Variable Name        | Operation| DSP48E| FF| LUT| Bitwidth P0| Bitwidth P1|
    +-----------------------------+----------+-------+---+----+------------+------------+
    |add_ln703_1_fu_680_p2        |     +    |      0|  0|  25|          18|          18|
    |add_ln703_2_fu_684_p2        |     +    |      0|  0|  18|          18|          18|
    |add_ln703_fu_676_p2          |     +    |      0|  0|  25|          18|          18|
    |exp_sum_V_fu_688_p2          |     +    |      0|  0|  18|          18|          18|
    |sub_ln1193_1_fu_269_p2       |     -    |      0|  0|  24|          17|          17|
    |sub_ln1193_2_fu_324_p2       |     -    |      0|  0|  24|          17|          17|
    |sub_ln1193_3_fu_379_p2       |     -    |      0|  0|  24|          17|          17|
    |sub_ln1193_4_fu_434_p2       |     -    |      0|  0|  24|          17|          17|
    |sub_ln1193_fu_214_p2         |     -    |      0|  0|  24|          17|          17|
    |and_ln786_1_fu_297_p2        |    and   |      0|  0|   2|           1|           1|
    |and_ln786_2_fu_352_p2        |    and   |      0|  0|   2|           1|           1|
    |and_ln786_3_fu_407_p2        |    and   |      0|  0|   2|           1|           1|
    |and_ln786_4_fu_462_p2        |    and   |      0|  0|   2|           1|           1|
    |and_ln786_fu_242_p2          |    and   |      0|  0|   2|           1|           1|
    |ap_block_pp0_stage0_11001    |    and   |      0|  0|   2|           1|           1|
    |icmp_ln1496_1_fu_168_p2      |   icmp   |      0|  0|  13|          16|          16|
    |icmp_ln1496_2_fu_184_p2      |   icmp   |      0|  0|  13|          16|          16|
    |icmp_ln1496_3_fu_198_p2      |   icmp   |      0|  0|  13|          16|          16|
    |icmp_ln1496_fu_162_p2        |   icmp   |      0|  0|  13|          16|          16|
    |ap_block_pp0_stage0_subdone  |    or    |      0|  0|   2|           1|           1|
    |or_ln340_1_fu_315_p2         |    or    |      0|  0|   2|           1|           1|
    |or_ln340_2_fu_370_p2         |    or    |      0|  0|   2|           1|           1|
    |or_ln340_3_fu_425_p2         |    or    |      0|  0|   2|           1|           1|
    |or_ln340_4_fu_480_p2         |    or    |      0|  0|   2|           1|           1|
    |or_ln340_fu_260_p2           |    or    |      0|  0|   2|           1|           1|
    |select_ln340_2_fu_530_p3     |  select  |      0|  0|  10|           1|           9|
    |select_ln340_4_fu_564_p3     |  select  |      0|  0|  10|           1|           9|
    |select_ln340_6_fu_598_p3     |  select  |      0|  0|  10|           1|           9|
    |select_ln340_8_fu_632_p3     |  select  |      0|  0|  10|           1|           9|
    |select_ln340_fu_496_p3       |  select  |      0|  0|  10|           1|           9|
    |select_ln388_1_fu_538_p3     |  select  |      0|  0|  11|           1|          11|
    |select_ln388_2_fu_572_p3     |  select  |      0|  0|  11|           1|          11|
    |select_ln388_3_fu_606_p3     |  select  |      0|  0|  11|           1|          11|
    |select_ln388_4_fu_640_p3     |  select  |      0|  0|  11|           1|          11|
    |select_ln388_fu_504_p3       |  select  |      0|  0|  11|           1|          11|
    |select_ln65_1_fu_179_p3      |  select  |      0|  0|  16|           1|          16|
    |select_ln65_2_fu_190_p3      |  select  |      0|  0|  16|           1|          16|
    |select_ln65_fu_174_p3        |  select  |      0|  0|  16|           1|          16|
    |x_max_V_fu_202_p3            |  select  |      0|  0|  16|           1|          16|
    |y_V_1_fu_546_p3              |  select  |      0|  0|  10|           1|          10|
    |y_V_2_fu_580_p3              |  select  |      0|  0|  10|           1|          10|
    |y_V_3_fu_614_p3              |  select  |      0|  0|  10|           1|          10|
    |y_V_4_fu_648_p3              |  select  |      0|  0|  10|           1|          10|
    |y_V_fu_512_p3                |  select  |      0|  0|  10|           1|          10|
    |ap_enable_pp0                |    xor   |      0|  0|   2|           1|           2|
    |xor_ln340_1_fu_309_p2        |    xor   |      0|  0|   2|           1|           2|
    |xor_ln340_2_fu_364_p2        |    xor   |      0|  0|   2|           1|           2|
    |xor_ln340_3_fu_419_p2        |    xor   |      0|  0|   2|           1|           2|
    |xor_ln340_4_fu_474_p2        |    xor   |      0|  0|   2|           1|           2|
    |xor_ln340_5_fu_248_p2        |    xor   |      0|  0|   2|           1|           1|
    |xor_ln340_6_fu_303_p2        |    xor   |      0|  0|   2|           1|           1|
    |xor_ln340_7_fu_358_p2        |    xor   |      0|  0|   2|           1|           1|
    |xor_ln340_8_fu_413_p2        |    xor   |      0|  0|   2|           1|           1|
    |xor_ln340_9_fu_468_p2        |    xor   |      0|  0|   2|           1|           1|
    |xor_ln340_fu_254_p2          |    xor   |      0|  0|   2|           1|           2|
    |xor_ln786_1_fu_291_p2        |    xor   |      0|  0|   2|           1|           2|
    |xor_ln786_2_fu_346_p2        |    xor   |      0|  0|   2|           1|           2|
    |xor_ln786_3_fu_401_p2        |    xor   |      0|  0|   2|           1|           2|
    |xor_ln786_4_fu_456_p2        |    xor   |      0|  0|   2|           1|           2|
    |xor_ln786_fu_236_p2          |    xor   |      0|  0|   2|           1|           2|
    +-----------------------------+----------+-------+---+----+------------+------------+
    |Total                        |          |      0|  0| 533|         268|         474|
    +-----------------------------+----------+-------+---+----+------------+------------+

    * Multiplexer: 
    N/A

    * Register: 
    +-----------------------------+----+----+-----+-----------+
    |             Name            | FF | LUT| Bits| Const Bits|
    +-----------------------------+----+----+-----+-----------+
    |add_ln703_1_reg_967          |  18|   0|   18|          0|
    |add_ln703_reg_962            |  18|   0|   18|          0|
    |ap_CS_fsm                    |   1|   0|    1|          0|
    |ap_enable_reg_pp0_iter1      |   1|   0|    1|          0|
    |ap_enable_reg_pp0_iter10     |   1|   0|    1|          0|
    |ap_enable_reg_pp0_iter11     |   1|   0|    1|          0|
    |ap_enable_reg_pp0_iter12     |   1|   0|    1|          0|
    |ap_enable_reg_pp0_iter13     |   1|   0|    1|          0|
    |ap_enable_reg_pp0_iter2      |   1|   0|    1|          0|
    |ap_enable_reg_pp0_iter3      |   1|   0|    1|          0|
    |ap_enable_reg_pp0_iter4      |   1|   0|    1|          0|
    |ap_enable_reg_pp0_iter5      |   1|   0|    1|          0|
    |ap_enable_reg_pp0_iter6      |   1|   0|    1|          0|
    |ap_enable_reg_pp0_iter7      |   1|   0|    1|          0|
    |ap_enable_reg_pp0_iter8      |   1|   0|    1|          0|
    |ap_enable_reg_pp0_iter9      |   1|   0|    1|          0|
    |data_0_V_read_1_reg_855      |  16|   0|   16|          0|
    |data_1_V_read_1_reg_849      |  16|   0|   16|          0|
    |data_2_V_read_1_reg_843      |  16|   0|   16|          0|
    |data_3_V_read_1_reg_837      |  16|   0|   16|          0|
    |data_4_V_read_1_reg_830      |  16|   0|   16|          0|
    |exp_res_0_V_reg_927          |  18|   0|   18|          0|
    |exp_res_1_V_reg_933          |  18|   0|   18|          0|
    |exp_res_2_V_reg_939          |  18|   0|   18|          0|
    |exp_res_3_V_reg_956          |  18|   0|   18|          0|
    |exp_res_4_V_reg_950          |  18|   0|   18|          0|
    |icmp_ln1496_1_reg_866        |   1|   0|    1|          0|
    |icmp_ln1496_reg_861          |   1|   0|    1|          0|
    |inv_exp_sum_V_reg_982        |  18|   0|   18|          0|
    |mul_ln1118_1_reg_1026        |  30|   0|   30|          0|
    |mul_ln1118_2_reg_1031        |  30|   0|   30|          0|
    |mul_ln1118_3_reg_1036        |  30|   0|   30|          0|
    |mul_ln1118_4_reg_1041        |  30|   0|   30|          0|
    |mul_ln1118_reg_1021          |  30|   0|   30|          0|
    |select_ln65_2_reg_871        |  16|   0|   16|          0|
    |x_max_V_reg_877              |  16|   0|   16|          0|
    |y_V_1_reg_887                |  10|   0|   10|          0|
    |y_V_2_reg_892                |  10|   0|   10|          0|
    |y_V_3_reg_897                |  10|   0|   10|          0|
    |y_V_3_reg_897_pp0_iter4_reg  |  10|   0|   10|          0|
    |y_V_4_reg_902                |  10|   0|   10|          0|
    |y_V_5_reg_972                |  10|   0|   10|          0|
    |y_V_reg_882                  |  10|   0|   10|          0|
    |data_0_V_read_1_reg_855      |  64|  32|   16|          0|
    |data_1_V_read_1_reg_849      |  64|  32|   16|          0|
    |data_2_V_read_1_reg_843      |  64|  32|   16|          0|
    |data_3_V_read_1_reg_837      |  64|  32|   16|          0|
    |data_4_V_read_1_reg_830      |  64|  32|   16|          0|
    |exp_res_0_V_reg_927          |  64|  32|   18|          0|
    |exp_res_1_V_reg_933          |  64|  32|   18|          0|
    |exp_res_2_V_reg_939          |  64|  32|   18|          0|
    |exp_res_3_V_reg_956          |  64|  32|   18|          0|
    |exp_res_4_V_reg_950          |  64|  32|   18|          0|
    +-----------------------------+----+----+-----+-----------+
    |Total                        |1132| 320|  662|          0|
    +-----------------------------+----+----+-----+-----------+



================================================================
== Interface
================================================================
* Summary: 
+---------------+-----+-----+------------+----------------------------------------------------------------+--------------+
|   RTL Ports   | Dir | Bits|  Protocol  |                          Source Object                         |    C Type    |
+---------------+-----+-----+------------+----------------------------------------------------------------+--------------+
|ap_clk         |  in |    1| ap_ctrl_hs | softmax_stable<ap_fixed,ap_fixed<16,6,5,3,0>,softmax_config13> | return value |
|ap_rst         |  in |    1| ap_ctrl_hs | softmax_stable<ap_fixed,ap_fixed<16,6,5,3,0>,softmax_config13> | return value |
|ap_start       |  in |    1| ap_ctrl_hs | softmax_stable<ap_fixed,ap_fixed<16,6,5,3,0>,softmax_config13> | return value |
|ap_done        | out |    1| ap_ctrl_hs | softmax_stable<ap_fixed,ap_fixed<16,6,5,3,0>,softmax_config13> | return value |
|ap_idle        | out |    1| ap_ctrl_hs | softmax_stable<ap_fixed,ap_fixed<16,6,5,3,0>,softmax_config13> | return value |
|ap_ready       | out |    1| ap_ctrl_hs | softmax_stable<ap_fixed,ap_fixed<16,6,5,3,0>,softmax_config13> | return value |
|ap_ce          |  in |    1| ap_ctrl_hs | softmax_stable<ap_fixed,ap_fixed<16,6,5,3,0>,softmax_config13> | return value |
|ap_return_0    | out |   16| ap_ctrl_hs | softmax_stable<ap_fixed,ap_fixed<16,6,5,3,0>,softmax_config13> | return value |
|ap_return_1    | out |   16| ap_ctrl_hs | softmax_stable<ap_fixed,ap_fixed<16,6,5,3,0>,softmax_config13> | return value |
|ap_return_2    | out |   16| ap_ctrl_hs | softmax_stable<ap_fixed,ap_fixed<16,6,5,3,0>,softmax_config13> | return value |
|ap_return_3    | out |   16| ap_ctrl_hs | softmax_stable<ap_fixed,ap_fixed<16,6,5,3,0>,softmax_config13> | return value |
|ap_return_4    | out |   16| ap_ctrl_hs | softmax_stable<ap_fixed,ap_fixed<16,6,5,3,0>,softmax_config13> | return value |
|data_0_V_read  |  in |   16|   ap_none  |                          data_0_V_read                         |    scalar    |
|data_1_V_read  |  in |   16|   ap_none  |                          data_1_V_read                         |    scalar    |
|data_2_V_read  |  in |   16|   ap_none  |                          data_2_V_read                         |    scalar    |
|data_3_V_read  |  in |   16|   ap_none  |                          data_3_V_read                         |    scalar    |
|data_4_V_read  |  in |   16|   ap_none  |                          data_4_V_read                         |    scalar    |
+---------------+-----+-----+------------+----------------------------------------------------------------+--------------+

