2.3363916873931885 2.3276357650756836
2.326672315597534 2.3103442192077637
2.3120603561401367 2.3069968223571777
2.1633706092834473 1.8407111167907715
1.7032296657562256 1.550636887550354
1.4993308782577515 1.4235491752624512
1.380122184753418 1.3110246658325195
1.2797752618789673 1.1938133239746094
1.1130400896072388 0.9698646068572998
0.920876145362854 0.8148483037948608
0.7928464412689209 0.7167729735374451
0.7062877416610718 0.6418570280075073
0.6350000500679016 0.5830853581428528
0.5878875851631165 0.5433488488197327
0.5529698133468628 0.5159870386123657
0.5215985774993896 0.4823925793170929
0.4910159707069397 0.4608410894870758
0.46604523062705994 0.4349738359451294
0.4401813745498657 0.4107312560081482
0.4176037907600403 0.3906661570072174
0.3985733091831207 0.37207257747650146
0.3819725811481476 0.35912880301475525
0.3680127263069153 0.3456322252750397
0.35324525833129883 0.33284661173820496
0.34126511216163635 0.31876233220100403
0.3309447765350342 0.31455370783805847
0.3242555856704712 0.3037199079990387
0.31110137701034546 0.29277023673057556
0.3039790391921997 0.2869311273097992
0.2957506477832794 0.2768367826938629
0.2835954427719116 0.2699372470378876
0.2798926532268524 0.2657310664653778
0.2718685269355774 0.26067912578582764
0.2656724154949188 0.25142329931259155
0.2581126093864441 0.24597980082035065
0.2528090476989746 0.24284490942955017
0.2465496063232422 0.23528437316417694
0.24137428402900696 0.23009780049324036
0.2360885888338089 0.22695229947566986
0.2988329529762268 0.7699130773544312
0.7147547602653503 0.6054425835609436
0.5842153429985046 0.5301690101623535
0.5191120505332947 0.48626330494880676
0.4765050411224365 0.4475669860839844
0.4490657150745392 0.43365341424942017
0.4323611557483673 0.41148918867111206
0.4099504351615906 0.3923661410808563
0.3962675929069519 0.3842882215976715
0.382893830537796 0.37058478593826294
0.37053072452545166 0.35691797733306885
