0.9724662899971008 0.8110733032226562
0.781787097454071 0.7708044052124023
0.7545881271362305 0.7490499019622803
0.740216076374054 0.7403572797775269
0.80058354139328 0.752133846282959
0.7385531067848206 0.7349061965942383
0.7262020707130432 0.7271325588226318
0.7202847599983215 0.7235283851623535
0.7158608436584473 0.7188026309013367
0.7131801247596741 0.7165725827217102
0.7108360528945923 0.713634192943573
0.7087465524673462 0.7138674855232239
0.707255482673645 0.7100392580032349
0.7058220505714417 0.7097654342651367
0.7044698596000671 0.708807110786438
0.7034529447555542 0.7071840763092041
0.7027527093887329 0.7062494158744812
0.7015591859817505 0.7058208584785461
0.7010354995727539 0.70681232213974
0.6999434232711792 0.7047355771064758
0.6993620991706848 0.7058281302452087
0.6988428235054016 0.702890932559967
0.697961151599884 0.702839732170105
0.696779727935791 0.7005808353424072
0.6964467167854309 0.7034092545509338
0.6963931918144226 0.7004629969596863
0.6952788233757019 0.6995531916618347
0.6948193311691284 0.6998608708381653
0.6948371529579163 0.698830783367157
0.694586455821991 0.7022680640220642
