

================================================================
== Vivado HLS Report for 'compute_output_buffer_2d_array_array_ap_fixed_16_6_5_3_0_8u_config6_s'
================================================================
* Date:           Tue Apr 23 17:30:53 2024

* Version:        2019.1 (Build 2552052 on Fri May 24 15:28:33 MDT 2019)
* Project:        myproject_prj
* Solution:       solution1
* Product family: zynq
* Target device:  xc7z020-clg400-1


================================================================
== Performance Estimates
================================================================
+ Timing (ns): 
    * Summary: 
    +--------+-------+----------+------------+
    |  Clock | Target| Estimated| Uncertainty|
    +--------+-------+----------+------------+
    |ap_clk  |   5.00|     4.429|        0.62|
    +--------+-------+----------+------------+

+ Latency (clock cycles): 
    * Summary: 
    +-----+-----+-----+-----+----------+
    |  Latency  |  Interval | Pipeline |
    | min | max | min | max |   Type   |
    +-----+-----+-----+-----+----------+
    |    7|    7|    8|    8| function |
    +-----+-----+-----+-----+----------+

    + Detail: 
        * Instance: 
        +----------------------------------------------------------------------------+----------------------------------------------------------------+-----+-----+-----+-----+----------+
        |                                                                            |                                                                |  Latency  |  Interval | Pipeline |
        |                                  Instance                                  |                             Module                             | min | max | min | max |   Type   |
        +----------------------------------------------------------------------------+----------------------------------------------------------------+-----+-----+-----+-----+----------+
        |grp_dense_latency_ap_fixed_ap_fixed_config6_mult_0_0_0_0_0_0_0_0_0_fu_469   |dense_latency_ap_fixed_ap_fixed_config6_mult_0_0_0_0_0_0_0_0_0  |    5|    5|    6|    6| function |
        |call_ret2_shift_line_buffer_array_ap_fixed_16_6_5_3_0_16u_config6_s_fu_603  |shift_line_buffer_array_ap_fixed_16_6_5_3_0_16u_config6_s       |    0|    0|    1|    1| function |
        +----------------------------------------------------------------------------+----------------------------------------------------------------+-----+-----+-----+-----+----------+

        * Loop: 
        N/A



================================================================
== Utilization Estimates
================================================================
* Summary: 
+-----------------+---------+-------+--------+-------+-----+
|       Name      | BRAM_18K| DSP48E|   FF   |  LUT  | URAM|
+-----------------+---------+-------+--------+-------+-----+
|DSP              |        -|      -|       -|      -|    -|
|Expression       |        -|      -|       0|    348|    -|
|FIFO             |        -|      -|       -|      -|    -|
|Instance         |        0|      -|    7165|   9232|    -|
|Memory           |        -|      -|       -|      -|    -|
|Multiplexer      |        -|      -|       -|    152|    -|
|Register         |        -|      -|    3916|      -|    -|
+-----------------+---------+-------+--------+-------+-----+
|Total            |        0|      0|   11081|   9732|    0|
+-----------------+---------+-------+--------+-------+-----+
|Available        |      280|    220|  106400|  53200|    0|
+-----------------+---------+-------+--------+-------+-----+
|Utilization (%)  |        0|      0|      10|     18|    0|
+-----------------+---------+-------+--------+-------+-----+

+ Detail: 
    * Instance: 
    +----------------------------------------------------------------------------+----------------------------------------------------------------+---------+-------+------+------+-----+
    |                                  Instance                                  |                             Module                             | BRAM_18K| DSP48E|  FF  |  LUT | URAM|
    +----------------------------------------------------------------------------+----------------------------------------------------------------+---------+-------+------+------+-----+
    |grp_dense_latency_ap_fixed_ap_fixed_config6_mult_0_0_0_0_0_0_0_0_0_fu_469   |dense_latency_ap_fixed_ap_fixed_config6_mult_0_0_0_0_0_0_0_0_0  |        0|      0|  5116|  8208|    0|
    |call_ret2_shift_line_buffer_array_ap_fixed_16_6_5_3_0_16u_config6_s_fu_603  |shift_line_buffer_array_ap_fixed_16_6_5_3_0_16u_config6_s       |        0|      0|  2049|  1024|    0|
    +----------------------------------------------------------------------------+----------------------------------------------------------------+---------+-------+------+------+-----+
    |Total                                                                       |                                                                |        0|      0|  7165|  9232|    0|
    +----------------------------------------------------------------------------+----------------------------------------------------------------+---------+-------+------+------+-----+

    * DSP48E: 
    N/A

    * Memory: 
    N/A

    * FIFO: 
    N/A

    * Expression: 
    +---------------------------+----------+-------+---+----+------------+------------+
    |       Variable Name       | Operation| DSP48E| FF| LUT| Bitwidth P0| Bitwidth P1|
    +---------------------------+----------+-------+---+----+------------+------------+
    |add_ln321_fu_2495_p2       |     +    |      0|  0|  39|          32|           1|
    |add_ln323_fu_2507_p2       |     +    |      0|  0|  39|          32|           1|
    |add_ln326_fu_2451_p2       |     +    |      0|  0|  39|          32|           1|
    |add_ln328_fu_2463_p2       |     +    |      0|  0|  39|          32|           1|
    |and_ln289_1_fu_2433_p2     |    and   |      0|  0|   2|           1|           1|
    |and_ln289_2_fu_2439_p2     |    and   |      0|  0|   2|           1|           1|
    |and_ln289_fu_2427_p2       |    and   |      0|  0|   2|           1|           1|
    |ap_block_state8            |    and   |      0|  0|   2|           1|           1|
    |ap_condition_198           |    and   |      0|  0|   2|           1|           1|
    |ap_condition_21091         |    and   |      0|  0|   2|           1|           1|
    |ap_condition_21092         |    and   |      0|  0|   2|           1|           1|
    |ap_condition_21096         |    and   |      0|  0|   2|           1|           1|
    |ap_condition_21102         |    and   |      0|  0|   2|           1|           1|
    |io_acc_block_signal_op406  |    and   |      0|  0|   2|           1|           1|
    |icmp_ln289_1_fu_2381_p2    |   icmp   |      0|  0|  18|          32|           2|
    |icmp_ln289_2_fu_2401_p2    |   icmp   |      0|  0|  18|          31|           1|
    |icmp_ln289_3_fu_2421_p2    |   icmp   |      0|  0|  18|          31|           1|
    |icmp_ln289_fu_2371_p2      |   icmp   |      0|  0|  18|          32|           2|
    |icmp_ln313_fu_2445_p2      |   icmp   |      0|  0|  18|          32|           4|
    |icmp_ln317_fu_2489_p2      |   icmp   |      0|  0|  18|          32|           4|
    |select_ln323_fu_2513_p3    |  select  |      0|  0|  32|           1|           2|
    |select_ln328_fu_2469_p3    |  select  |      0|  0|  32|           1|           2|
    +---------------------------+----------+-------+---+----+------------+------------+
    |Total                      |          |      0|  0| 348|         330|          32|
    +---------------------------+----------+-------+---+----+------------+------------+

    * Multiplexer: 
    +-----------------------------+----+-----------+-----+-----------+
    |             Name            | LUT| Input Size| Bits| Total Bits|
    +-----------------------------+----+-----------+-----+-----------+
    |ap_NS_fsm                    |  44|          9|    1|          9|
    |pX_3                         |   9|          2|   32|         64|
    |pY_3                         |   9|          2|   32|         64|
    |res_stream_V_data_0_V_blk_n  |   9|          2|    1|          2|
    |res_stream_V_data_1_V_blk_n  |   9|          2|    1|          2|
    |res_stream_V_data_2_V_blk_n  |   9|          2|    1|          2|
    |res_stream_V_data_3_V_blk_n  |   9|          2|    1|          2|
    |res_stream_V_data_4_V_blk_n  |   9|          2|    1|          2|
    |res_stream_V_data_5_V_blk_n  |   9|          2|    1|          2|
    |res_stream_V_data_6_V_blk_n  |   9|          2|    1|          2|
    |res_stream_V_data_7_V_blk_n  |   9|          2|    1|          2|
    |sX_3                         |   9|          2|   32|         64|
    |storemerge_reg_458           |   9|          2|   32|         64|
    +-----------------------------+----+-----------+-----+-----------+
    |Total                        | 152|         33|  137|        281|
    +-----------------------------+----+-----------+-----+-----------+

    * Register: 
    +----------------------------------------------------------------------------------------+----+----+-----+-----------+
    |                                          Name                                          | FF | LUT| Bits| Const Bits|
    +----------------------------------------------------------------------------------------+----+----+-----+-----------+
    |and_ln289_2_reg_3220                                                                    |   1|   0|    1|          0|
    |ap_CS_fsm                                                                               |   8|   0|    8|          0|
    |grp_dense_latency_ap_fixed_ap_fixed_config6_mult_0_0_0_0_0_0_0_0_0_fu_469_ap_start_reg  |   1|   0|    1|          0|
    |icmp_ln313_reg_3224                                                                     |   1|   0|    1|          0|
    |icmp_ln317_reg_3233                                                                     |   1|   0|    1|          0|
    |kernel_data_V_112                                                                       |  16|   0|   16|          0|
    |kernel_data_V_113                                                                       |  16|   0|   16|          0|
    |kernel_data_V_114                                                                       |  16|   0|   16|          0|
    |kernel_data_V_115                                                                       |  16|   0|   16|          0|
    |kernel_data_V_116                                                                       |  16|   0|   16|          0|
    |kernel_data_V_117                                                                       |  16|   0|   16|          0|
    |kernel_data_V_118                                                                       |  16|   0|   16|          0|
    |kernel_data_V_119                                                                       |  16|   0|   16|          0|
    |kernel_data_V_120                                                                       |  16|   0|   16|          0|
    |kernel_data_V_121                                                                       |  16|   0|   16|          0|
    |kernel_data_V_122                                                                       |  16|   0|   16|          0|
    |kernel_data_V_124                                                                       |  16|   0|   16|          0|
    |kernel_data_V_125                                                                       |  16|   0|   16|          0|
    |kernel_data_V_126                                                                       |  16|   0|   16|          0|
    |kernel_data_V_128                                                                       |  16|   0|   16|          0|
    |kernel_data_V_129                                                                       |  16|   0|   16|          0|
    |kernel_data_V_130                                                                       |  16|   0|   16|          0|
    |kernel_data_V_131                                                                       |  16|   0|   16|          0|
    |kernel_data_V_132                                                                       |  16|   0|   16|          0|
    |kernel_data_V_133                                                                       |  16|   0|   16|          0|
    |kernel_data_V_134                                                                       |  16|   0|   16|          0|
    |kernel_data_V_135                                                                       |  16|   0|   16|          0|
    |kernel_data_V_136                                                                       |  16|   0|   16|          0|
    |kernel_data_V_137                                                                       |  16|   0|   16|          0|
    |kernel_data_V_138                                                                       |  16|   0|   16|          0|
    |kernel_data_V_139                                                                       |  16|   0|   16|          0|
    |kernel_data_V_140                                                                       |  16|   0|   16|          0|
    |kernel_data_V_141                                                                       |  16|   0|   16|          0|
    |kernel_data_V_142                                                                       |  16|   0|   16|          0|
    |kernel_data_V_143                                                                       |  16|   0|   16|          0|
    |kernel_data_V_17                                                                        |  16|   0|   16|          0|
    |kernel_data_V_18                                                                        |  16|   0|   16|          0|
    |kernel_data_V_19                                                                        |  16|   0|   16|          0|
    |kernel_data_V_20                                                                        |  16|   0|   16|          0|
    |kernel_data_V_21                                                                        |  16|   0|   16|          0|
    |kernel_data_V_22                                                                        |  16|   0|   16|          0|
    |kernel_data_V_23                                                                        |  16|   0|   16|          0|
    |kernel_data_V_24                                                                        |  16|   0|   16|          0|
    |kernel_data_V_26                                                                        |  16|   0|   16|          0|
    |kernel_data_V_27                                                                        |  16|   0|   16|          0|
    |kernel_data_V_28                                                                        |  16|   0|   16|          0|
    |kernel_data_V_29                                                                        |  16|   0|   16|          0|
    |kernel_data_V_30                                                                        |  16|   0|   16|          0|
    |kernel_data_V_31                                                                        |  16|   0|   16|          0|
    |kernel_data_V_32                                                                        |  16|   0|   16|          0|
    |kernel_data_V_33                                                                        |  16|   0|   16|          0|
    |kernel_data_V_34                                                                        |  16|   0|   16|          0|
    |kernel_data_V_35                                                                        |  16|   0|   16|          0|
    |kernel_data_V_36                                                                        |  16|   0|   16|          0|
    |kernel_data_V_37                                                                        |  16|   0|   16|          0|
    |kernel_data_V_38                                                                        |  16|   0|   16|          0|
    |kernel_data_V_39                                                                        |  16|   0|   16|          0|
    |kernel_data_V_40                                                                        |  16|   0|   16|          0|
    |kernel_data_V_41                                                                        |  16|   0|   16|          0|
    |kernel_data_V_42                                                                        |  16|   0|   16|          0|
    |kernel_data_V_43                                                                        |  16|   0|   16|          0|
    |kernel_data_V_44                                                                        |  16|   0|   16|          0|
    |kernel_data_V_45                                                                        |  16|   0|   16|          0|
    |kernel_data_V_46                                                                        |  16|   0|   16|          0|
    |kernel_data_V_47                                                                        |  16|   0|   16|          0|
    |kernel_data_V_64                                                                        |  16|   0|   16|          0|
    |kernel_data_V_65                                                                        |  16|   0|   16|          0|
    |kernel_data_V_66                                                                        |  16|   0|   16|          0|
    |kernel_data_V_67                                                                        |  16|   0|   16|          0|
    |kernel_data_V_68                                                                        |  16|   0|   16|          0|
    |kernel_data_V_69                                                                        |  16|   0|   16|          0|
    |kernel_data_V_70                                                                        |  16|   0|   16|          0|
    |kernel_data_V_71                                                                        |  16|   0|   16|          0|
    |kernel_data_V_72                                                                        |  16|   0|   16|          0|
    |kernel_data_V_73                                                                        |  16|   0|   16|          0|
    |kernel_data_V_74                                                                        |  16|   0|   16|          0|
    |kernel_data_V_75                                                                        |  16|   0|   16|          0|
    |kernel_data_V_76                                                                        |  16|   0|   16|          0|
    |kernel_data_V_77                                                                        |  16|   0|   16|          0|
    |kernel_data_V_78                                                                        |  16|   0|   16|          0|
    |kernel_data_V_79                                                                        |  16|   0|   16|          0|
    |kernel_data_V_80                                                                        |  16|   0|   16|          0|
    |kernel_data_V_81                                                                        |  16|   0|   16|          0|
    |kernel_data_V_82                                                                        |  16|   0|   16|          0|
    |kernel_data_V_83                                                                        |  16|   0|   16|          0|
    |kernel_data_V_84                                                                        |  16|   0|   16|          0|
    |kernel_data_V_85                                                                        |  16|   0|   16|          0|
    |kernel_data_V_86                                                                        |  16|   0|   16|          0|
    |kernel_data_V_87                                                                        |  16|   0|   16|          0|
    |kernel_data_V_88                                                                        |  16|   0|   16|          0|
    |kernel_data_V_89                                                                        |  16|   0|   16|          0|
    |kernel_data_V_90                                                                        |  16|   0|   16|          0|
    |kernel_data_V_91                                                                        |  16|   0|   16|          0|
    |kernel_data_V_92                                                                        |  16|   0|   16|          0|
    |kernel_data_V_93                                                                        |  16|   0|   16|          0|
    |kernel_data_V_94                                                                        |  16|   0|   16|          0|
    |kernel_data_V_95                                                                        |  16|   0|   16|          0|
    |newret101_reg_2820                                                                      |  16|   0|   16|          0|
    |newret103_reg_2825                                                                      |  16|   0|   16|          0|
    |newret105_reg_2830                                                                      |  16|   0|   16|          0|
    |newret107_reg_2835                                                                      |  16|   0|   16|          0|
    |newret109_reg_2840                                                                      |  16|   0|   16|          0|
    |newret111_reg_2845                                                                      |  16|   0|   16|          0|
    |newret113_reg_2850                                                                      |  16|   0|   16|          0|
    |newret117_reg_2855                                                                      |  16|   0|   16|          0|
    |newret119_reg_2860                                                                      |  16|   0|   16|          0|
    |newret11_reg_2600                                                                       |  16|   0|   16|          0|
    |newret121_reg_2865                                                                      |  16|   0|   16|          0|
    |newret123_reg_2870                                                                      |  16|   0|   16|          0|
    |newret125_reg_2875                                                                      |  16|   0|   16|          0|
    |newret127_reg_2880                                                                      |  16|   0|   16|          0|
    |newret129_reg_2885                                                                      |  16|   0|   16|          0|
    |newret131_reg_2890                                                                      |  16|   0|   16|          0|
    |newret133_reg_2895                                                                      |  16|   0|   16|          0|
    |newret137_reg_2900                                                                      |  16|   0|   16|          0|
    |newret13_reg_2605                                                                       |  16|   0|   16|          0|
    |newret140_reg_2905                                                                      |  16|   0|   16|          0|
    |newret141_reg_2910                                                                      |  16|   0|   16|          0|
    |newret143_reg_2915                                                                      |  16|   0|   16|          0|
    |newret146_reg_2920                                                                      |  16|   0|   16|          0|
    |newret147_reg_2925                                                                      |  16|   0|   16|          0|
    |newret148_reg_2930                                                                      |  16|   0|   16|          0|
    |newret149_reg_2935                                                                      |  16|   0|   16|          0|
    |newret150_reg_2940                                                                      |  16|   0|   16|          0|
    |newret151_reg_2945                                                                      |  16|   0|   16|          0|
    |newret152_reg_2950                                                                      |  16|   0|   16|          0|
    |newret153_reg_2955                                                                      |  16|   0|   16|          0|
    |newret154_reg_2960                                                                      |  16|   0|   16|          0|
    |newret155_reg_2965                                                                      |  16|   0|   16|          0|
    |newret156_reg_2970                                                                      |  16|   0|   16|          0|
    |newret157_reg_2975                                                                      |  16|   0|   16|          0|
    |newret158_reg_2980                                                                      |  16|   0|   16|          0|
    |newret15_reg_2610                                                                       |  16|   0|   16|          0|
    |newret160_reg_2985                                                                      |  16|   0|   16|          0|
    |newret161_reg_2990                                                                      |  16|   0|   16|          0|
    |newret162_reg_2995                                                                      |  16|   0|   16|          0|
    |newret163_reg_3000                                                                      |  16|   0|   16|          0|
    |newret164_reg_3005                                                                      |  16|   0|   16|          0|
    |newret165_reg_3010                                                                      |  16|   0|   16|          0|
    |newret166_reg_3015                                                                      |  16|   0|   16|          0|
    |newret167_reg_3020                                                                      |  16|   0|   16|          0|
    |newret168_reg_3025                                                                      |  16|   0|   16|          0|
    |newret169_reg_3030                                                                      |  16|   0|   16|          0|
    |newret170_reg_3035                                                                      |  16|   0|   16|          0|
    |newret171_reg_3040                                                                      |  16|   0|   16|          0|
    |newret172_reg_3045                                                                      |  16|   0|   16|          0|
    |newret173_reg_3050                                                                      |  16|   0|   16|          0|
    |newret176_reg_3055                                                                      |  16|   0|   16|          0|
    |newret177_reg_3060                                                                      |  16|   0|   16|          0|
    |newret178_reg_3065                                                                      |  16|   0|   16|          0|
    |newret179_reg_3070                                                                      |  16|   0|   16|          0|
    |newret17_reg_2615                                                                       |  16|   0|   16|          0|
    |newret180_reg_3075                                                                      |  16|   0|   16|          0|
    |newret181_reg_3080                                                                      |  16|   0|   16|          0|
    |newret182_reg_3085                                                                      |  16|   0|   16|          0|
    |newret183_reg_3090                                                                      |  16|   0|   16|          0|
    |newret184_reg_3095                                                                      |  16|   0|   16|          0|
    |newret185_reg_3100                                                                      |  16|   0|   16|          0|
    |newret186_reg_3105                                                                      |  16|   0|   16|          0|
    |newret187_reg_3110                                                                      |  16|   0|   16|          0|
    |newret188_reg_3115                                                                      |  16|   0|   16|          0|
    |newret189_reg_3120                                                                      |  16|   0|   16|          0|
    |newret190_reg_3125                                                                      |  16|   0|   16|          0|
    |newret191_reg_3130                                                                      |  16|   0|   16|          0|
    |newret192_reg_3135                                                                      |  16|   0|   16|          0|
    |newret193_reg_3140                                                                      |  16|   0|   16|          0|
    |newret194_reg_3145                                                                      |  16|   0|   16|          0|
    |newret195_reg_3150                                                                      |  16|   0|   16|          0|
    |newret196_reg_3155                                                                      |  16|   0|   16|          0|
    |newret197_reg_3160                                                                      |  16|   0|   16|          0|
    |newret198_reg_3165                                                                      |  16|   0|   16|          0|
    |newret199_reg_3170                                                                      |  16|   0|   16|          0|
    |newret19_reg_2620                                                                       |  16|   0|   16|          0|
    |newret1_reg_2575                                                                        |  16|   0|   16|          0|
    |newret200_reg_3175                                                                      |  16|   0|   16|          0|
    |newret201_reg_3180                                                                      |  16|   0|   16|          0|
    |newret202_reg_3185                                                                      |  16|   0|   16|          0|
    |newret203_reg_3190                                                                      |  16|   0|   16|          0|
    |newret204_reg_3195                                                                      |  16|   0|   16|          0|
    |newret205_reg_3200                                                                      |  16|   0|   16|          0|
    |newret206_reg_3205                                                                      |  16|   0|   16|          0|
    |newret207_reg_3210                                                                      |  16|   0|   16|          0|
    |newret208_reg_3215                                                                      |  16|   0|   16|          0|
    |newret21_reg_2625                                                                       |  16|   0|   16|          0|
    |newret23_reg_2630                                                                       |  16|   0|   16|          0|
    |newret25_reg_2635                                                                       |  16|   0|   16|          0|
    |newret27_reg_2640                                                                       |  16|   0|   16|          0|
    |newret29_reg_2645                                                                       |  16|   0|   16|          0|
    |newret31_reg_2650                                                                       |  16|   0|   16|          0|
    |newret33_reg_2655                                                                       |  16|   0|   16|          0|
    |newret35_reg_2660                                                                       |  16|   0|   16|          0|
    |newret37_reg_2665                                                                       |  16|   0|   16|          0|
    |newret39_reg_2670                                                                       |  16|   0|   16|          0|
    |newret3_reg_2580                                                                        |  16|   0|   16|          0|
    |newret41_reg_2675                                                                       |  16|   0|   16|          0|
    |newret43_reg_2680                                                                       |  16|   0|   16|          0|
    |newret45_reg_2685                                                                       |  16|   0|   16|          0|
    |newret47_reg_2690                                                                       |  16|   0|   16|          0|
    |newret49_reg_2695                                                                       |  16|   0|   16|          0|
    |newret51_reg_2700                                                                       |  16|   0|   16|          0|
    |newret53_reg_2705                                                                       |  16|   0|   16|          0|
    |newret55_reg_2710                                                                       |  16|   0|   16|          0|
    |newret57_reg_2715                                                                       |  16|   0|   16|          0|
    |newret59_reg_2720                                                                       |  16|   0|   16|          0|
    |newret5_reg_2585                                                                        |  16|   0|   16|          0|
    |newret61_reg_2725                                                                       |  16|   0|   16|          0|
    |newret63_reg_2730                                                                       |  16|   0|   16|          0|
    |newret65_reg_2735                                                                       |  16|   0|   16|          0|
    |newret67_reg_2740                                                                       |  16|   0|   16|          0|
    |newret69_reg_2745                                                                       |  16|   0|   16|          0|
    |newret71_reg_2750                                                                       |  16|   0|   16|          0|
    |newret73_reg_2755                                                                       |  16|   0|   16|          0|
    |newret75_reg_2760                                                                       |  16|   0|   16|          0|
    |newret77_reg_2765                                                                       |  16|   0|   16|          0|
    |newret79_reg_2770                                                                       |  16|   0|   16|          0|
    |newret7_reg_2590                                                                        |  16|   0|   16|          0|
    |newret81_reg_2775                                                                       |  16|   0|   16|          0|
    |newret83_reg_2780                                                                       |  16|   0|   16|          0|
    |newret85_reg_2785                                                                       |  16|   0|   16|          0|
    |newret87_reg_2790                                                                       |  16|   0|   16|          0|
    |newret89_reg_2795                                                                       |  16|   0|   16|          0|
    |newret93_reg_2800                                                                       |  16|   0|   16|          0|
    |newret95_reg_2805                                                                       |  16|   0|   16|          0|
    |newret97_reg_2810                                                                       |  16|   0|   16|          0|
    |newret99_reg_2815                                                                       |  16|   0|   16|          0|
    |newret9_reg_2595                                                                        |  16|   0|   16|          0|
    |newret_reg_2570                                                                         |  16|   0|   16|          0|
    |pX_3                                                                                    |  32|   0|   32|          0|
    |pY_3                                                                                    |  32|   0|   32|          0|
    |sX_3                                                                                    |  32|   0|   32|          0|
    |sY_3                                                                                    |  32|   0|   32|          0|
    |select_ln323_reg_3237                                                                   |  32|   0|   32|          0|
    |select_ln328_reg_3228                                                                   |  32|   0|   32|          0|
    |storemerge_reg_458                                                                      |  32|   0|   32|          0|
    |tmp_data_0_V_reg_3242                                                                   |  16|   0|   16|          0|
    |tmp_data_1_V_reg_3247                                                                   |  16|   0|   16|          0|
    |tmp_data_2_V_reg_3252                                                                   |  16|   0|   16|          0|
    |tmp_data_3_V_reg_3257                                                                   |  16|   0|   16|          0|
    |tmp_data_4_V_reg_3262                                                                   |  16|   0|   16|          0|
    |tmp_data_5_V_reg_3267                                                                   |  16|   0|   16|          0|
    |tmp_data_6_V_reg_3272                                                                   |  16|   0|   16|          0|
    |tmp_data_7_V_reg_3277                                                                   |  16|   0|   16|          0|
    +----------------------------------------------------------------------------------------+----+----+-----+-----------+
    |Total                                                                                   |3916|   0| 3916|          0|
    +----------------------------------------------------------------------------------------+----+----+-----+-----------+



================================================================
== Interface
================================================================
* Summary: 
+------------------------------+-----+-----+------------+------------------------------------------------------------------------+--------------+
|           RTL Ports          | Dir | Bits|  Protocol  |                              Source Object                             |    C Type    |
+------------------------------+-----+-----+------------+------------------------------------------------------------------------+--------------+
|ap_clk                        |  in |    1| ap_ctrl_hs | compute_output_buffer_2d<array,array<ap_fixed<16,6,5,3,0>,8u>,config6> | return value |
|ap_rst                        |  in |    1| ap_ctrl_hs | compute_output_buffer_2d<array,array<ap_fixed<16,6,5,3,0>,8u>,config6> | return value |
|ap_start                      |  in |    1| ap_ctrl_hs | compute_output_buffer_2d<array,array<ap_fixed<16,6,5,3,0>,8u>,config6> | return value |
|ap_done                       | out |    1| ap_ctrl_hs | compute_output_buffer_2d<array,array<ap_fixed<16,6,5,3,0>,8u>,config6> | return value |
|ap_idle                       | out |    1| ap_ctrl_hs | compute_output_buffer_2d<array,array<ap_fixed<16,6,5,3,0>,8u>,config6> | return value |
|ap_ready                      | out |    1| ap_ctrl_hs | compute_output_buffer_2d<array,array<ap_fixed<16,6,5,3,0>,8u>,config6> | return value |
|res_stream_V_data_0_V_blk_n   | out |    1| ap_ctrl_hs | compute_output_buffer_2d<array,array<ap_fixed<16,6,5,3,0>,8u>,config6> | return value |
|res_stream_V_data_1_V_blk_n   | out |    1| ap_ctrl_hs | compute_output_buffer_2d<array,array<ap_fixed<16,6,5,3,0>,8u>,config6> | return value |
|res_stream_V_data_2_V_blk_n   | out |    1| ap_ctrl_hs | compute_output_buffer_2d<array,array<ap_fixed<16,6,5,3,0>,8u>,config6> | return value |
|res_stream_V_data_3_V_blk_n   | out |    1| ap_ctrl_hs | compute_output_buffer_2d<array,array<ap_fixed<16,6,5,3,0>,8u>,config6> | return value |
|res_stream_V_data_4_V_blk_n   | out |    1| ap_ctrl_hs | compute_output_buffer_2d<array,array<ap_fixed<16,6,5,3,0>,8u>,config6> | return value |
|res_stream_V_data_5_V_blk_n   | out |    1| ap_ctrl_hs | compute_output_buffer_2d<array,array<ap_fixed<16,6,5,3,0>,8u>,config6> | return value |
|res_stream_V_data_6_V_blk_n   | out |    1| ap_ctrl_hs | compute_output_buffer_2d<array,array<ap_fixed<16,6,5,3,0>,8u>,config6> | return value |
|res_stream_V_data_7_V_blk_n   | out |    1| ap_ctrl_hs | compute_output_buffer_2d<array,array<ap_fixed<16,6,5,3,0>,8u>,config6> | return value |
|ap_ce                         |  in |    1| ap_ctrl_hs | compute_output_buffer_2d<array,array<ap_fixed<16,6,5,3,0>,8u>,config6> | return value |
|p_read                        |  in |   16|   ap_none  |                                 p_read                                 |    scalar    |
|p_read1                       |  in |   16|   ap_none  |                                 p_read1                                |    scalar    |
|p_read2                       |  in |   16|   ap_none  |                                 p_read2                                |    scalar    |
|p_read3                       |  in |   16|   ap_none  |                                 p_read3                                |    scalar    |
|p_read4                       |  in |   16|   ap_none  |                                 p_read4                                |    scalar    |
|p_read5                       |  in |   16|   ap_none  |                                 p_read5                                |    scalar    |
|p_read6                       |  in |   16|   ap_none  |                                 p_read6                                |    scalar    |
|p_read7                       |  in |   16|   ap_none  |                                 p_read7                                |    scalar    |
|p_read8                       |  in |   16|   ap_none  |                                 p_read8                                |    scalar    |
|p_read9                       |  in |   16|   ap_none  |                                 p_read9                                |    scalar    |
|p_read10                      |  in |   16|   ap_none  |                                p_read10                                |    scalar    |
|p_read11                      |  in |   16|   ap_none  |                                p_read11                                |    scalar    |
|p_read12                      |  in |   16|   ap_none  |                                p_read12                                |    scalar    |
|p_read13                      |  in |   16|   ap_none  |                                p_read13                                |    scalar    |
|p_read14                      |  in |   16|   ap_none  |                                p_read14                                |    scalar    |
|p_read15                      |  in |   16|   ap_none  |                                p_read15                                |    scalar    |
|res_stream_V_data_0_V_din     | out |   16|   ap_fifo  |                          res_stream_V_data_0_V                         |    pointer   |
|res_stream_V_data_0_V_full_n  |  in |    1|   ap_fifo  |                          res_stream_V_data_0_V                         |    pointer   |
|res_stream_V_data_0_V_write   | out |    1|   ap_fifo  |                          res_stream_V_data_0_V                         |    pointer   |
|res_stream_V_data_1_V_din     | out |   16|   ap_fifo  |                          res_stream_V_data_1_V                         |    pointer   |
|res_stream_V_data_1_V_full_n  |  in |    1|   ap_fifo  |                          res_stream_V_data_1_V                         |    pointer   |
|res_stream_V_data_1_V_write   | out |    1|   ap_fifo  |                          res_stream_V_data_1_V                         |    pointer   |
|res_stream_V_data_2_V_din     | out |   16|   ap_fifo  |                          res_stream_V_data_2_V                         |    pointer   |
|res_stream_V_data_2_V_full_n  |  in |    1|   ap_fifo  |                          res_stream_V_data_2_V                         |    pointer   |
|res_stream_V_data_2_V_write   | out |    1|   ap_fifo  |                          res_stream_V_data_2_V                         |    pointer   |
|res_stream_V_data_3_V_din     | out |   16|   ap_fifo  |                          res_stream_V_data_3_V                         |    pointer   |
|res_stream_V_data_3_V_full_n  |  in |    1|   ap_fifo  |                          res_stream_V_data_3_V                         |    pointer   |
|res_stream_V_data_3_V_write   | out |    1|   ap_fifo  |                          res_stream_V_data_3_V                         |    pointer   |
|res_stream_V_data_4_V_din     | out |   16|   ap_fifo  |                          res_stream_V_data_4_V                         |    pointer   |
|res_stream_V_data_4_V_full_n  |  in |    1|   ap_fifo  |                          res_stream_V_data_4_V                         |    pointer   |
|res_stream_V_data_4_V_write   | out |    1|   ap_fifo  |                          res_stream_V_data_4_V                         |    pointer   |
|res_stream_V_data_5_V_din     | out |   16|   ap_fifo  |                          res_stream_V_data_5_V                         |    pointer   |
|res_stream_V_data_5_V_full_n  |  in |    1|   ap_fifo  |                          res_stream_V_data_5_V                         |    pointer   |
|res_stream_V_data_5_V_write   | out |    1|   ap_fifo  |                          res_stream_V_data_5_V                         |    pointer   |
|res_stream_V_data_6_V_din     | out |   16|   ap_fifo  |                          res_stream_V_data_6_V                         |    pointer   |
|res_stream_V_data_6_V_full_n  |  in |    1|   ap_fifo  |                          res_stream_V_data_6_V                         |    pointer   |
|res_stream_V_data_6_V_write   | out |    1|   ap_fifo  |                          res_stream_V_data_6_V                         |    pointer   |
|res_stream_V_data_7_V_din     | out |   16|   ap_fifo  |                          res_stream_V_data_7_V                         |    pointer   |
|res_stream_V_data_7_V_full_n  |  in |    1|   ap_fifo  |                          res_stream_V_data_7_V                         |    pointer   |
|res_stream_V_data_7_V_write   | out |    1|   ap_fifo  |                          res_stream_V_data_7_V                         |    pointer   |
+------------------------------+-----+-----+------------+------------------------------------------------------------------------+--------------+

