

================================================================
== Vivado HLS Report for 'conv_2d_cl_array_ap_fixed_16u_array_ap_fixed_16_6_5_3_0_8u_config6_s'
================================================================
* Date:           Tue Apr 23 17:30:54 2024

* Version:        2019.1 (Build 2552052 on Fri May 24 15:28:33 MDT 2019)
* Project:        myproject_prj
* Solution:       solution1
* Product family: zynq
* Target device:  xc7z020-clg400-1


================================================================
== Performance Estimates
================================================================
+ Timing (ns): 
    * Summary: 
    +--------+-------+----------+------------+
    |  Clock | Target| Estimated| Uncertainty|
    +--------+-------+----------+------------+
    |ap_clk  |   5.00|     5.421|        0.62|
    +--------+-------+----------+------------+

+ Latency (clock cycles): 
    * Summary: 
    +------+------+------+------+---------+
    |   Latency   |   Interval  | Pipeline|
    |  min |  max |  min |  max |   Type  |
    +------+------+------+------+---------+
    |  1523|  1523|  1523|  1523|   none  |
    +------+------+------+------+---------+

    + Detail: 
        * Instance: 
        +----------------------------------------------------------------------------------+-----------------------------------------------------------------------+-----+-----+-----+-----+----------+
        |                                                                                  |                                                                       |  Latency  |  Interval | Pipeline |
        |                                     Instance                                     |                                 Module                                | min | max | min | max |   Type   |
        +----------------------------------------------------------------------------------+-----------------------------------------------------------------------+-----+-----+-----+-----+----------+
        |grp_compute_output_buffer_2d_array_array_ap_fixed_16_6_5_3_0_8u_config6_s_fu_397  |compute_output_buffer_2d_array_array_ap_fixed_16_6_5_3_0_8u_config6_s  |    7|    7|    8|    8| function |
        +----------------------------------------------------------------------------------+-----------------------------------------------------------------------+-----+-----+-----+-----+----------+

        * Loop: 
        +----------------------------------+------+------+----------+-----------+-----------+------+----------+
        |                                  |   Latency   | Iteration|  Initiation Interval  | Trip |          |
        |             Loop Name            |  min |  max |  Latency |  achieved |   target  | Count| Pipelined|
        +----------------------------------+------+------+----------+-----------+-----------+------+----------+
        |- ReadInputHeight_ReadInputWidth  |  1521|  1521|         9|          9|         72|   169|    yes   |
        +----------------------------------+------+------+----------+-----------+-----------+------+----------+



================================================================
== Utilization Estimates
================================================================
* Summary: 
+-----------------+---------+-------+--------+-------+-----+
|       Name      | BRAM_18K| DSP48E|   FF   |  LUT  | URAM|
+-----------------+---------+-------+--------+-------+-----+
|DSP              |        -|      -|       -|      -|    -|
|Expression       |        -|      -|       0|     32|    -|
|FIFO             |        -|      -|       -|      -|    -|
|Instance         |        0|      -|   11081|   9732|    -|
|Memory           |        -|      -|       -|      -|    -|
|Multiplexer      |        -|      -|       -|    368|    -|
|Register         |        -|      -|      30|      -|    -|
+-----------------+---------+-------+--------+-------+-----+
|Total            |        0|      0|   11111|  10132|    0|
+-----------------+---------+-------+--------+-------+-----+
|Available        |      280|    220|  106400|  53200|    0|
+-----------------+---------+-------+--------+-------+-----+
|Utilization (%)  |        0|      0|      10|     19|    0|
+-----------------+---------+-------+--------+-------+-----+

+ Detail: 
    * Instance: 
    +----------------------------------------------------------------------------------+-----------------------------------------------------------------------+---------+-------+-------+------+-----+
    |                                     Instance                                     |                                 Module                                | BRAM_18K| DSP48E|   FF  |  LUT | URAM|
    +----------------------------------------------------------------------------------+-----------------------------------------------------------------------+---------+-------+-------+------+-----+
    |grp_compute_output_buffer_2d_array_array_ap_fixed_16_6_5_3_0_8u_config6_s_fu_397  |compute_output_buffer_2d_array_array_ap_fixed_16_6_5_3_0_8u_config6_s  |        0|      0|  11081|  9732|    0|
    +----------------------------------------------------------------------------------+-----------------------------------------------------------------------+---------+-------+-------+------+-----+
    |Total                                                                             |                                                                       |        0|      0|  11081|  9732|    0|
    +----------------------------------------------------------------------------------+-----------------------------------------------------------------------+---------+-------+-------+------+-----+

    * DSP48E: 
    N/A

    * Memory: 
    N/A

    * FIFO: 
    N/A

    * Expression: 
    +--------------------------+----------+-------+---+----+------------+------------+
    |       Variable Name      | Operation| DSP48E| FF| LUT| Bitwidth P0| Bitwidth P1|
    +--------------------------+----------+-------+---+----+------------+------------+
    |add_ln79_fu_695_p2        |     +    |      0|  0|  15|           8|           1|
    |io_acc_block_signal_op41  |    and   |      0|  0|   2|           1|           1|
    |icmp_ln79_fu_689_p2       |   icmp   |      0|  0|  11|           8|           8|
    |ap_block_state1           |    or    |      0|  0|   2|           1|           1|
    |ap_block_state10          |    or    |      0|  0|   2|           1|           1|
    +--------------------------+----------+-------+---+----+------------+------------+
    |Total                     |          |      0|  0|  32|          19|          12|
    +--------------------------+----------+-------+---+----+------------+------------+

    * Multiplexer: 
    +------------------------+----+-----------+-----+-----------+
    |          Name          | LUT| Input Size| Bits| Total Bits|
    +------------------------+----+-----------+-----+-----------+
    |ap_NS_fsm               |  53|         12|    1|         12|
    |ap_done                 |   9|          2|    1|          2|
    |data_V_data_0_V_blk_n   |   9|          2|    1|          2|
    |data_V_data_10_V_blk_n  |   9|          2|    1|          2|
    |data_V_data_11_V_blk_n  |   9|          2|    1|          2|
    |data_V_data_12_V_blk_n  |   9|          2|    1|          2|
    |data_V_data_13_V_blk_n  |   9|          2|    1|          2|
    |data_V_data_14_V_blk_n  |   9|          2|    1|          2|
    |data_V_data_15_V_blk_n  |   9|          2|    1|          2|
    |data_V_data_1_V_blk_n   |   9|          2|    1|          2|
    |data_V_data_2_V_blk_n   |   9|          2|    1|          2|
    |data_V_data_3_V_blk_n   |   9|          2|    1|          2|
    |data_V_data_4_V_blk_n   |   9|          2|    1|          2|
    |data_V_data_5_V_blk_n   |   9|          2|    1|          2|
    |data_V_data_6_V_blk_n   |   9|          2|    1|          2|
    |data_V_data_7_V_blk_n   |   9|          2|    1|          2|
    |data_V_data_8_V_blk_n   |   9|          2|    1|          2|
    |data_V_data_9_V_blk_n   |   9|          2|    1|          2|
    |indvar_flatten_reg_386  |   9|          2|    8|         16|
    |real_start              |   9|          2|    1|          2|
    |res_V_data_0_V_blk_n    |   9|          2|    1|          2|
    |res_V_data_0_V_write    |   9|          2|    1|          2|
    |res_V_data_1_V_blk_n    |   9|          2|    1|          2|
    |res_V_data_1_V_write    |   9|          2|    1|          2|
    |res_V_data_2_V_blk_n    |   9|          2|    1|          2|
    |res_V_data_2_V_write    |   9|          2|    1|          2|
    |res_V_data_3_V_blk_n    |   9|          2|    1|          2|
    |res_V_data_3_V_write    |   9|          2|    1|          2|
    |res_V_data_4_V_blk_n    |   9|          2|    1|          2|
    |res_V_data_4_V_write    |   9|          2|    1|          2|
    |res_V_data_5_V_blk_n    |   9|          2|    1|          2|
    |res_V_data_5_V_write    |   9|          2|    1|          2|
    |res_V_data_6_V_blk_n    |   9|          2|    1|          2|
    |res_V_data_6_V_write    |   9|          2|    1|          2|
    |res_V_data_7_V_blk_n    |   9|          2|    1|          2|
    |res_V_data_7_V_write    |   9|          2|    1|          2|
    +------------------------+----+-----------+-----+-----------+
    |Total                   | 368|         82|   43|         96|
    +------------------------+----+-----------+-----+-----------+

    * Register: 
    +-----------------------------------------------------------------------------------------------+----+----+-----+-----------+
    |                                              Name                                             | FF | LUT| Bits| Const Bits|
    +-----------------------------------------------------------------------------------------------+----+----+-----+-----------+
    |add_ln79_reg_784                                                                               |   8|   0|    8|          0|
    |ap_CS_fsm                                                                                      |  11|   0|   11|          0|
    |ap_done_reg                                                                                    |   1|   0|    1|          0|
    |grp_compute_output_buffer_2d_array_array_ap_fixed_16_6_5_3_0_8u_config6_s_fu_397_ap_start_reg  |   1|   0|    1|          0|
    |indvar_flatten_reg_386                                                                         |   8|   0|    8|          0|
    |start_once_reg                                                                                 |   1|   0|    1|          0|
    +-----------------------------------------------------------------------------------------------+----+----+-----+-----------+
    |Total                                                                                          |  30|   0|   30|          0|
    +-----------------------------------------------------------------------------------------------+----+----+-----+-----------+



================================================================
== Interface
================================================================
* Summary: 
+--------------------------+-----+-----+------------+------------------------------------------------------------------------+--------------+
|         RTL Ports        | Dir | Bits|  Protocol  |                              Source Object                             |    C Type    |
+--------------------------+-----+-----+------------+------------------------------------------------------------------------+--------------+
|ap_clk                    |  in |    1| ap_ctrl_hs | conv_2d_cl<array<ap_fixed,16u>,array<ap_fixed<16,6,5,3,0>,8u>,config6> | return value |
|ap_rst                    |  in |    1| ap_ctrl_hs | conv_2d_cl<array<ap_fixed,16u>,array<ap_fixed<16,6,5,3,0>,8u>,config6> | return value |
|ap_start                  |  in |    1| ap_ctrl_hs | conv_2d_cl<array<ap_fixed,16u>,array<ap_fixed<16,6,5,3,0>,8u>,config6> | return value |
|start_full_n              |  in |    1| ap_ctrl_hs | conv_2d_cl<array<ap_fixed,16u>,array<ap_fixed<16,6,5,3,0>,8u>,config6> | return value |
|ap_done                   | out |    1| ap_ctrl_hs | conv_2d_cl<array<ap_fixed,16u>,array<ap_fixed<16,6,5,3,0>,8u>,config6> | return value |
|ap_continue               |  in |    1| ap_ctrl_hs | conv_2d_cl<array<ap_fixed,16u>,array<ap_fixed<16,6,5,3,0>,8u>,config6> | return value |
|ap_idle                   | out |    1| ap_ctrl_hs | conv_2d_cl<array<ap_fixed,16u>,array<ap_fixed<16,6,5,3,0>,8u>,config6> | return value |
|ap_ready                  | out |    1| ap_ctrl_hs | conv_2d_cl<array<ap_fixed,16u>,array<ap_fixed<16,6,5,3,0>,8u>,config6> | return value |
|start_out                 | out |    1| ap_ctrl_hs | conv_2d_cl<array<ap_fixed,16u>,array<ap_fixed<16,6,5,3,0>,8u>,config6> | return value |
|start_write               | out |    1| ap_ctrl_hs | conv_2d_cl<array<ap_fixed,16u>,array<ap_fixed<16,6,5,3,0>,8u>,config6> | return value |
|data_V_data_0_V_dout      |  in |   16|   ap_fifo  |                             data_V_data_0_V                            |    pointer   |
|data_V_data_0_V_empty_n   |  in |    1|   ap_fifo  |                             data_V_data_0_V                            |    pointer   |
|data_V_data_0_V_read      | out |    1|   ap_fifo  |                             data_V_data_0_V                            |    pointer   |
|data_V_data_1_V_dout      |  in |   16|   ap_fifo  |                             data_V_data_1_V                            |    pointer   |
|data_V_data_1_V_empty_n   |  in |    1|   ap_fifo  |                             data_V_data_1_V                            |    pointer   |
|data_V_data_1_V_read      | out |    1|   ap_fifo  |                             data_V_data_1_V                            |    pointer   |
|data_V_data_2_V_dout      |  in |   16|   ap_fifo  |                             data_V_data_2_V                            |    pointer   |
|data_V_data_2_V_empty_n   |  in |    1|   ap_fifo  |                             data_V_data_2_V                            |    pointer   |
|data_V_data_2_V_read      | out |    1|   ap_fifo  |                             data_V_data_2_V                            |    pointer   |
|data_V_data_3_V_dout      |  in |   16|   ap_fifo  |                             data_V_data_3_V                            |    pointer   |
|data_V_data_3_V_empty_n   |  in |    1|   ap_fifo  |                             data_V_data_3_V                            |    pointer   |
|data_V_data_3_V_read      | out |    1|   ap_fifo  |                             data_V_data_3_V                            |    pointer   |
|data_V_data_4_V_dout      |  in |   16|   ap_fifo  |                             data_V_data_4_V                            |    pointer   |
|data_V_data_4_V_empty_n   |  in |    1|   ap_fifo  |                             data_V_data_4_V                            |    pointer   |
|data_V_data_4_V_read      | out |    1|   ap_fifo  |                             data_V_data_4_V                            |    pointer   |
|data_V_data_5_V_dout      |  in |   16|   ap_fifo  |                             data_V_data_5_V                            |    pointer   |
|data_V_data_5_V_empty_n   |  in |    1|   ap_fifo  |                             data_V_data_5_V                            |    pointer   |
|data_V_data_5_V_read      | out |    1|   ap_fifo  |                             data_V_data_5_V                            |    pointer   |
|data_V_data_6_V_dout      |  in |   16|   ap_fifo  |                             data_V_data_6_V                            |    pointer   |
|data_V_data_6_V_empty_n   |  in |    1|   ap_fifo  |                             data_V_data_6_V                            |    pointer   |
|data_V_data_6_V_read      | out |    1|   ap_fifo  |                             data_V_data_6_V                            |    pointer   |
|data_V_data_7_V_dout      |  in |   16|   ap_fifo  |                             data_V_data_7_V                            |    pointer   |
|data_V_data_7_V_empty_n   |  in |    1|   ap_fifo  |                             data_V_data_7_V                            |    pointer   |
|data_V_data_7_V_read      | out |    1|   ap_fifo  |                             data_V_data_7_V                            |    pointer   |
|data_V_data_8_V_dout      |  in |   16|   ap_fifo  |                             data_V_data_8_V                            |    pointer   |
|data_V_data_8_V_empty_n   |  in |    1|   ap_fifo  |                             data_V_data_8_V                            |    pointer   |
|data_V_data_8_V_read      | out |    1|   ap_fifo  |                             data_V_data_8_V                            |    pointer   |
|data_V_data_9_V_dout      |  in |   16|   ap_fifo  |                             data_V_data_9_V                            |    pointer   |
|data_V_data_9_V_empty_n   |  in |    1|   ap_fifo  |                             data_V_data_9_V                            |    pointer   |
|data_V_data_9_V_read      | out |    1|   ap_fifo  |                             data_V_data_9_V                            |    pointer   |
|data_V_data_10_V_dout     |  in |   16|   ap_fifo  |                            data_V_data_10_V                            |    pointer   |
|data_V_data_10_V_empty_n  |  in |    1|   ap_fifo  |                            data_V_data_10_V                            |    pointer   |
|data_V_data_10_V_read     | out |    1|   ap_fifo  |                            data_V_data_10_V                            |    pointer   |
|data_V_data_11_V_dout     |  in |   16|   ap_fifo  |                            data_V_data_11_V                            |    pointer   |
|data_V_data_11_V_empty_n  |  in |    1|   ap_fifo  |                            data_V_data_11_V                            |    pointer   |
|data_V_data_11_V_read     | out |    1|   ap_fifo  |                            data_V_data_11_V                            |    pointer   |
|data_V_data_12_V_dout     |  in |   16|   ap_fifo  |                            data_V_data_12_V                            |    pointer   |
|data_V_data_12_V_empty_n  |  in |    1|   ap_fifo  |                            data_V_data_12_V                            |    pointer   |
|data_V_data_12_V_read     | out |    1|   ap_fifo  |                            data_V_data_12_V                            |    pointer   |
|data_V_data_13_V_dout     |  in |   16|   ap_fifo  |                            data_V_data_13_V                            |    pointer   |
|data_V_data_13_V_empty_n  |  in |    1|   ap_fifo  |                            data_V_data_13_V                            |    pointer   |
|data_V_data_13_V_read     | out |    1|   ap_fifo  |                            data_V_data_13_V                            |    pointer   |
|data_V_data_14_V_dout     |  in |   16|   ap_fifo  |                            data_V_data_14_V                            |    pointer   |
|data_V_data_14_V_empty_n  |  in |    1|   ap_fifo  |                            data_V_data_14_V                            |    pointer   |
|data_V_data_14_V_read     | out |    1|   ap_fifo  |                            data_V_data_14_V                            |    pointer   |
|data_V_data_15_V_dout     |  in |   16|   ap_fifo  |                            data_V_data_15_V                            |    pointer   |
|data_V_data_15_V_empty_n  |  in |    1|   ap_fifo  |                            data_V_data_15_V                            |    pointer   |
|data_V_data_15_V_read     | out |    1|   ap_fifo  |                            data_V_data_15_V                            |    pointer   |
|res_V_data_0_V_din        | out |   16|   ap_fifo  |                             res_V_data_0_V                             |    pointer   |
|res_V_data_0_V_full_n     |  in |    1|   ap_fifo  |                             res_V_data_0_V                             |    pointer   |
|res_V_data_0_V_write      | out |    1|   ap_fifo  |                             res_V_data_0_V                             |    pointer   |
|res_V_data_1_V_din        | out |   16|   ap_fifo  |                             res_V_data_1_V                             |    pointer   |
|res_V_data_1_V_full_n     |  in |    1|   ap_fifo  |                             res_V_data_1_V                             |    pointer   |
|res_V_data_1_V_write      | out |    1|   ap_fifo  |                             res_V_data_1_V                             |    pointer   |
|res_V_data_2_V_din        | out |   16|   ap_fifo  |                             res_V_data_2_V                             |    pointer   |
|res_V_data_2_V_full_n     |  in |    1|   ap_fifo  |                             res_V_data_2_V                             |    pointer   |
|res_V_data_2_V_write      | out |    1|   ap_fifo  |                             res_V_data_2_V                             |    pointer   |
|res_V_data_3_V_din        | out |   16|   ap_fifo  |                             res_V_data_3_V                             |    pointer   |
|res_V_data_3_V_full_n     |  in |    1|   ap_fifo  |                             res_V_data_3_V                             |    pointer   |
|res_V_data_3_V_write      | out |    1|   ap_fifo  |                             res_V_data_3_V                             |    pointer   |
|res_V_data_4_V_din        | out |   16|   ap_fifo  |                             res_V_data_4_V                             |    pointer   |
|res_V_data_4_V_full_n     |  in |    1|   ap_fifo  |                             res_V_data_4_V                             |    pointer   |
|res_V_data_4_V_write      | out |    1|   ap_fifo  |                             res_V_data_4_V                             |    pointer   |
|res_V_data_5_V_din        | out |   16|   ap_fifo  |                             res_V_data_5_V                             |    pointer   |
|res_V_data_5_V_full_n     |  in |    1|   ap_fifo  |                             res_V_data_5_V                             |    pointer   |
|res_V_data_5_V_write      | out |    1|   ap_fifo  |                             res_V_data_5_V                             |    pointer   |
|res_V_data_6_V_din        | out |   16|   ap_fifo  |                             res_V_data_6_V                             |    pointer   |
|res_V_data_6_V_full_n     |  in |    1|   ap_fifo  |                             res_V_data_6_V                             |    pointer   |
|res_V_data_6_V_write      | out |    1|   ap_fifo  |                             res_V_data_6_V                             |    pointer   |
|res_V_data_7_V_din        | out |   16|   ap_fifo  |                             res_V_data_7_V                             |    pointer   |
|res_V_data_7_V_full_n     |  in |    1|   ap_fifo  |                             res_V_data_7_V                             |    pointer   |
|res_V_data_7_V_write      | out |    1|   ap_fifo  |                             res_V_data_7_V                             |    pointer   |
+--------------------------+-----+-----+------------+------------------------------------------------------------------------+--------------+

