

================================================================
== Vivado HLS Report for 'dense_array_ap_fixed_8u_array_ap_fixed_16_6_5_3_0_10u_config11_s'
================================================================
* Date:           Tue Apr 23 17:31:04 2024

* Version:        2019.1 (Build 2552052 on Fri May 24 15:28:33 MDT 2019)
* Project:        myproject_prj
* Solution:       solution1
* Product family: zynq
* Target device:  xc7z020-clg400-1


================================================================
== Performance Estimates
================================================================
+ Timing (ns): 
    * Summary: 
    +--------+-------+----------+------------+
    |  Clock | Target| Estimated| Uncertainty|
    +--------+-------+----------+------------+
    |ap_clk  |   5.00|     3.728|        0.62|
    +--------+-------+----------+------------+

+ Latency (clock cycles): 
    * Summary: 
    +-----+-----+-----+-----+---------+
    |  Latency  |  Interval | Pipeline|
    | min | max | min | max |   Type  |
    +-----+-----+-----+-----+---------+
    |   55|   56|   55|   56|   none  |
    +-----+-----+-----+-----+---------+

    + Detail: 
        * Instance: 
        +-----------------------------------------------------------------------------+------------------------------------------------------------------+-----+-----+-----+-----+---------------------------------------------+
        |                                                                             |                                                                  |  Latency  |  Interval |                   Pipeline                  |
        |                                   Instance                                  |                              Module                              | min | max | min | max |                     Type                    |
        +-----------------------------------------------------------------------------+------------------------------------------------------------------+-----+-----+-----+-----+---------------------------------------------+
        |grp_dense_wrapper_ap_fixed_16_6_5_3_0_ap_fixed_16_6_5_3_0_config11_s_fu_996  |dense_wrapper_ap_fixed_16_6_5_3_0_ap_fixed_16_6_5_3_0_config11_s  |   26|   27|   20|   20| loop rewind(delay=0 initiation interval(s)) |
        +-----------------------------------------------------------------------------+------------------------------------------------------------------+-----+-----+-----+-----+---------------------------------------------+

        * Loop: 
        +---------------+-----+-----+----------+-----------+-----------+------+----------+
        |               |  Latency  | Iteration|  Initiation Interval  | Trip |          |
        |   Loop Name   | min | max |  Latency |  achieved |   target  | Count| Pipelined|
        +---------------+-----+-----+----------+-----------+-----------+------+----------+
        |- DataPrepare  |   25|   25|         2|          1|          1|    25|    yes   |
        +---------------+-----+-----+----------+-----------+-----------+------+----------+



================================================================
== Utilization Estimates
================================================================
* Summary: 
+-----------------+---------+-------+--------+-------+-----+
|       Name      | BRAM_18K| DSP48E|   FF   |  LUT  | URAM|
+-----------------+---------+-------+--------+-------+-----+
|DSP              |        -|      -|       -|      -|    -|
|Expression       |        -|      -|       0|     38|    -|
|FIFO             |        -|      -|       -|      -|    -|
|Instance         |       14|     99|   17298|  11616|    -|
|Memory           |        -|      -|       -|      -|    -|
|Multiplexer      |        -|      -|       -|    246|    -|
|Register         |        -|      -|    3381|      -|    -|
+-----------------+---------+-------+--------+-------+-----+
|Total            |       14|     99|   20679|  11900|    0|
+-----------------+---------+-------+--------+-------+-----+
|Available        |      280|    220|  106400|  53200|    0|
+-----------------+---------+-------+--------+-------+-----+
|Utilization (%)  |        5|     45|      19|     22|    0|
+-----------------+---------+-------+--------+-------+-----+

+ Detail: 
    * Instance: 
    +-----------------------------------------------------------------------------+------------------------------------------------------------------+---------+-------+-------+-------+-----+
    |                                   Instance                                  |                              Module                              | BRAM_18K| DSP48E|   FF  |  LUT  | URAM|
    +-----------------------------------------------------------------------------+------------------------------------------------------------------+---------+-------+-------+-------+-----+
    |grp_dense_wrapper_ap_fixed_16_6_5_3_0_ap_fixed_16_6_5_3_0_config11_s_fu_996  |dense_wrapper_ap_fixed_16_6_5_3_0_ap_fixed_16_6_5_3_0_config11_s  |       14|     99|  17298|  11616|    0|
    +-----------------------------------------------------------------------------+------------------------------------------------------------------+---------+-------+-------+-------+-----+
    |Total                                                                        |                                                                  |       14|     99|  17298|  11616|    0|
    +-----------------------------------------------------------------------------+------------------------------------------------------------------+---------+-------+-------+-------+-----+

    * DSP48E: 
    N/A

    * Memory: 
    N/A

    * FIFO: 
    N/A

    * Expression: 
    +---------------------------+----------+-------+---+----+------------+------------+
    |       Variable Name       | Operation| DSP48E| FF| LUT| Bitwidth P0| Bitwidth P1|
    +---------------------------+----------+-------+---+----+------------+------------+
    |i_in_fu_1208_p2            |     +    |      0|  0|  15|           5|           1|
    |ap_block_pp0_stage0_11001  |    and   |      0|  0|   2|           1|           1|
    |io_acc_block_signal_op435  |    and   |      0|  0|   2|           1|           1|
    |io_acc_block_signal_op866  |    and   |      0|  0|   2|           1|           1|
    |icmp_ln36_fu_1202_p2       |   icmp   |      0|  0|  11|           5|           4|
    |ap_block_state1            |    or    |      0|  0|   2|           1|           1|
    |ap_enable_pp0              |    xor   |      0|  0|   2|           1|           2|
    |ap_enable_reg_pp0_iter1    |    xor   |      0|  0|   2|           2|           1|
    +---------------------------+----------+-------+---+----+------------+------------+
    |Total                      |          |      0|  0|  38|          17|          12|
    +---------------------------+----------+-------+---+----+------------+------------+

    * Multiplexer: 
    +---------------------------------+----+-----------+-----+-----------+
    |               Name              | LUT| Input Size| Bits| Total Bits|
    +---------------------------------+----+-----------+-----+-----------+
    |ap_NS_fsm                        |  33|          6|    1|          6|
    |ap_done                          |   9|          2|    1|          2|
    |ap_enable_reg_pp0_iter1          |  15|          3|    1|          3|
    |ap_phi_mux_i_in_0_phi_fu_988_p4  |   9|          2|    5|         10|
    |data_stream_V_data_0_V_blk_n     |   9|          2|    1|          2|
    |data_stream_V_data_1_V_blk_n     |   9|          2|    1|          2|
    |data_stream_V_data_2_V_blk_n     |   9|          2|    1|          2|
    |data_stream_V_data_3_V_blk_n     |   9|          2|    1|          2|
    |data_stream_V_data_4_V_blk_n     |   9|          2|    1|          2|
    |data_stream_V_data_5_V_blk_n     |   9|          2|    1|          2|
    |data_stream_V_data_6_V_blk_n     |   9|          2|    1|          2|
    |data_stream_V_data_7_V_blk_n     |   9|          2|    1|          2|
    |i_in_0_reg_984                   |   9|          2|    5|         10|
    |real_start                       |   9|          2|    1|          2|
    |res_stream_V_data_0_V_blk_n      |   9|          2|    1|          2|
    |res_stream_V_data_1_V_blk_n      |   9|          2|    1|          2|
    |res_stream_V_data_2_V_blk_n      |   9|          2|    1|          2|
    |res_stream_V_data_3_V_blk_n      |   9|          2|    1|          2|
    |res_stream_V_data_4_V_blk_n      |   9|          2|    1|          2|
    |res_stream_V_data_5_V_blk_n      |   9|          2|    1|          2|
    |res_stream_V_data_6_V_blk_n      |   9|          2|    1|          2|
    |res_stream_V_data_7_V_blk_n      |   9|          2|    1|          2|
    |res_stream_V_data_8_V_blk_n      |   9|          2|    1|          2|
    |res_stream_V_data_9_V_blk_n      |   9|          2|    1|          2|
    +---------------------------------+----+-----------+-----+-----------+
    |Total                            | 246|         53|   32|         69|
    +---------------------------------+----+-----------+-----+-----------+

    * Register: 
    +------------------------------------------------------------------------------------------+----+----+-----+-----------+
    |                                           Name                                           | FF | LUT| Bits| Const Bits|
    +------------------------------------------------------------------------------------------+----+----+-----+-----------+
    |ap_CS_fsm                                                                                 |   5|   0|    5|          0|
    |ap_done_reg                                                                               |   1|   0|    1|          0|
    |ap_enable_reg_pp0_iter0                                                                   |   1|   0|    1|          0|
    |ap_enable_reg_pp0_iter1                                                                   |   1|   0|    1|          0|
    |data_192_V_10_fu_450                                                                      |  16|   0|   16|          0|
    |data_192_V_11_fu_482                                                                      |  16|   0|   16|          0|
    |data_192_V_12_fu_514                                                                      |  16|   0|   16|          0|
    |data_192_V_13_fu_546                                                                      |  16|   0|   16|          0|
    |data_192_V_14_fu_578                                                                      |  16|   0|   16|          0|
    |data_192_V_15_fu_610                                                                      |  16|   0|   16|          0|
    |data_192_V_16_fu_642                                                                      |  16|   0|   16|          0|
    |data_192_V_17_fu_674                                                                      |  16|   0|   16|          0|
    |data_192_V_18_fu_706                                                                      |  16|   0|   16|          0|
    |data_192_V_19_fu_738                                                                      |  16|   0|   16|          0|
    |data_192_V_1_fu_162                                                                       |  16|   0|   16|          0|
    |data_192_V_20_fu_770                                                                      |  16|   0|   16|          0|
    |data_192_V_21_fu_802                                                                      |  16|   0|   16|          0|
    |data_192_V_22_fu_834                                                                      |  16|   0|   16|          0|
    |data_192_V_23_fu_866                                                                      |  16|   0|   16|          0|
    |data_192_V_24_fu_898                                                                      |  16|   0|   16|          0|
    |data_192_V_2_fu_194                                                                       |  16|   0|   16|          0|
    |data_192_V_3_fu_226                                                                       |  16|   0|   16|          0|
    |data_192_V_4_fu_258                                                                       |  16|   0|   16|          0|
    |data_192_V_5_fu_290                                                                       |  16|   0|   16|          0|
    |data_192_V_6_fu_322                                                                       |  16|   0|   16|          0|
    |data_192_V_7_fu_354                                                                       |  16|   0|   16|          0|
    |data_192_V_8_fu_386                                                                       |  16|   0|   16|          0|
    |data_192_V_9_fu_418                                                                       |  16|   0|   16|          0|
    |data_192_V_fu_130                                                                         |  16|   0|   16|          0|
    |data_193_V_10_fu_454                                                                      |  16|   0|   16|          0|
    |data_193_V_11_fu_486                                                                      |  16|   0|   16|          0|
    |data_193_V_12_fu_518                                                                      |  16|   0|   16|          0|
    |data_193_V_13_fu_550                                                                      |  16|   0|   16|          0|
    |data_193_V_14_fu_582                                                                      |  16|   0|   16|          0|
    |data_193_V_15_fu_614                                                                      |  16|   0|   16|          0|
    |data_193_V_16_fu_646                                                                      |  16|   0|   16|          0|
    |data_193_V_17_fu_678                                                                      |  16|   0|   16|          0|
    |data_193_V_18_fu_710                                                                      |  16|   0|   16|          0|
    |data_193_V_19_fu_742                                                                      |  16|   0|   16|          0|
    |data_193_V_1_fu_166                                                                       |  16|   0|   16|          0|
    |data_193_V_20_fu_774                                                                      |  16|   0|   16|          0|
    |data_193_V_21_fu_806                                                                      |  16|   0|   16|          0|
    |data_193_V_22_fu_838                                                                      |  16|   0|   16|          0|
    |data_193_V_23_fu_870                                                                      |  16|   0|   16|          0|
    |data_193_V_24_fu_902                                                                      |  16|   0|   16|          0|
    |data_193_V_2_fu_198                                                                       |  16|   0|   16|          0|
    |data_193_V_3_fu_230                                                                       |  16|   0|   16|          0|
    |data_193_V_4_fu_262                                                                       |  16|   0|   16|          0|
    |data_193_V_5_fu_294                                                                       |  16|   0|   16|          0|
    |data_193_V_6_fu_326                                                                       |  16|   0|   16|          0|
    |data_193_V_7_fu_358                                                                       |  16|   0|   16|          0|
    |data_193_V_8_fu_390                                                                       |  16|   0|   16|          0|
    |data_193_V_9_fu_422                                                                       |  16|   0|   16|          0|
    |data_193_V_fu_134                                                                         |  16|   0|   16|          0|
    |data_194_V_10_fu_458                                                                      |  16|   0|   16|          0|
    |data_194_V_11_fu_490                                                                      |  16|   0|   16|          0|
    |data_194_V_12_fu_522                                                                      |  16|   0|   16|          0|
    |data_194_V_13_fu_554                                                                      |  16|   0|   16|          0|
    |data_194_V_14_fu_586                                                                      |  16|   0|   16|          0|
    |data_194_V_15_fu_618                                                                      |  16|   0|   16|          0|
    |data_194_V_16_fu_650                                                                      |  16|   0|   16|          0|
    |data_194_V_17_fu_682                                                                      |  16|   0|   16|          0|
    |data_194_V_18_fu_714                                                                      |  16|   0|   16|          0|
    |data_194_V_19_fu_746                                                                      |  16|   0|   16|          0|
    |data_194_V_1_fu_170                                                                       |  16|   0|   16|          0|
    |data_194_V_20_fu_778                                                                      |  16|   0|   16|          0|
    |data_194_V_21_fu_810                                                                      |  16|   0|   16|          0|
    |data_194_V_22_fu_842                                                                      |  16|   0|   16|          0|
    |data_194_V_23_fu_874                                                                      |  16|   0|   16|          0|
    |data_194_V_24_fu_906                                                                      |  16|   0|   16|          0|
    |data_194_V_2_fu_202                                                                       |  16|   0|   16|          0|
    |data_194_V_3_fu_234                                                                       |  16|   0|   16|          0|
    |data_194_V_4_fu_266                                                                       |  16|   0|   16|          0|
    |data_194_V_5_fu_298                                                                       |  16|   0|   16|          0|
    |data_194_V_6_fu_330                                                                       |  16|   0|   16|          0|
    |data_194_V_7_fu_362                                                                       |  16|   0|   16|          0|
    |data_194_V_8_fu_394                                                                       |  16|   0|   16|          0|
    |data_194_V_9_fu_426                                                                       |  16|   0|   16|          0|
    |data_194_V_fu_138                                                                         |  16|   0|   16|          0|
    |data_195_V_10_fu_462                                                                      |  16|   0|   16|          0|
    |data_195_V_11_fu_494                                                                      |  16|   0|   16|          0|
    |data_195_V_12_fu_526                                                                      |  16|   0|   16|          0|
    |data_195_V_13_fu_558                                                                      |  16|   0|   16|          0|
    |data_195_V_14_fu_590                                                                      |  16|   0|   16|          0|
    |data_195_V_15_fu_622                                                                      |  16|   0|   16|          0|
    |data_195_V_16_fu_654                                                                      |  16|   0|   16|          0|
    |data_195_V_17_fu_686                                                                      |  16|   0|   16|          0|
    |data_195_V_18_fu_718                                                                      |  16|   0|   16|          0|
    |data_195_V_19_fu_750                                                                      |  16|   0|   16|          0|
    |data_195_V_1_fu_174                                                                       |  16|   0|   16|          0|
    |data_195_V_20_fu_782                                                                      |  16|   0|   16|          0|
    |data_195_V_21_fu_814                                                                      |  16|   0|   16|          0|
    |data_195_V_22_fu_846                                                                      |  16|   0|   16|          0|
    |data_195_V_23_fu_878                                                                      |  16|   0|   16|          0|
    |data_195_V_24_fu_910                                                                      |  16|   0|   16|          0|
    |data_195_V_2_fu_206                                                                       |  16|   0|   16|          0|
    |data_195_V_3_fu_238                                                                       |  16|   0|   16|          0|
    |data_195_V_4_fu_270                                                                       |  16|   0|   16|          0|
    |data_195_V_5_fu_302                                                                       |  16|   0|   16|          0|
    |data_195_V_6_fu_334                                                                       |  16|   0|   16|          0|
    |data_195_V_7_fu_366                                                                       |  16|   0|   16|          0|
    |data_195_V_8_fu_398                                                                       |  16|   0|   16|          0|
    |data_195_V_9_fu_430                                                                       |  16|   0|   16|          0|
    |data_195_V_fu_142                                                                         |  16|   0|   16|          0|
    |data_196_V_10_fu_466                                                                      |  16|   0|   16|          0|
    |data_196_V_11_fu_498                                                                      |  16|   0|   16|          0|
    |data_196_V_12_fu_530                                                                      |  16|   0|   16|          0|
    |data_196_V_13_fu_562                                                                      |  16|   0|   16|          0|
    |data_196_V_14_fu_594                                                                      |  16|   0|   16|          0|
    |data_196_V_15_fu_626                                                                      |  16|   0|   16|          0|
    |data_196_V_16_fu_658                                                                      |  16|   0|   16|          0|
    |data_196_V_17_fu_690                                                                      |  16|   0|   16|          0|
    |data_196_V_18_fu_722                                                                      |  16|   0|   16|          0|
    |data_196_V_19_fu_754                                                                      |  16|   0|   16|          0|
    |data_196_V_1_fu_178                                                                       |  16|   0|   16|          0|
    |data_196_V_20_fu_786                                                                      |  16|   0|   16|          0|
    |data_196_V_21_fu_818                                                                      |  16|   0|   16|          0|
    |data_196_V_22_fu_850                                                                      |  16|   0|   16|          0|
    |data_196_V_23_fu_882                                                                      |  16|   0|   16|          0|
    |data_196_V_24_fu_914                                                                      |  16|   0|   16|          0|
    |data_196_V_2_fu_210                                                                       |  16|   0|   16|          0|
    |data_196_V_3_fu_242                                                                       |  16|   0|   16|          0|
    |data_196_V_4_fu_274                                                                       |  16|   0|   16|          0|
    |data_196_V_5_fu_306                                                                       |  16|   0|   16|          0|
    |data_196_V_6_fu_338                                                                       |  16|   0|   16|          0|
    |data_196_V_7_fu_370                                                                       |  16|   0|   16|          0|
    |data_196_V_8_fu_402                                                                       |  16|   0|   16|          0|
    |data_196_V_9_fu_434                                                                       |  16|   0|   16|          0|
    |data_196_V_fu_146                                                                         |  16|   0|   16|          0|
    |data_197_V_10_fu_470                                                                      |  16|   0|   16|          0|
    |data_197_V_11_fu_502                                                                      |  16|   0|   16|          0|
    |data_197_V_12_fu_534                                                                      |  16|   0|   16|          0|
    |data_197_V_13_fu_566                                                                      |  16|   0|   16|          0|
    |data_197_V_14_fu_598                                                                      |  16|   0|   16|          0|
    |data_197_V_15_fu_630                                                                      |  16|   0|   16|          0|
    |data_197_V_16_fu_662                                                                      |  16|   0|   16|          0|
    |data_197_V_17_fu_694                                                                      |  16|   0|   16|          0|
    |data_197_V_18_fu_726                                                                      |  16|   0|   16|          0|
    |data_197_V_19_fu_758                                                                      |  16|   0|   16|          0|
    |data_197_V_1_fu_182                                                                       |  16|   0|   16|          0|
    |data_197_V_20_fu_790                                                                      |  16|   0|   16|          0|
    |data_197_V_21_fu_822                                                                      |  16|   0|   16|          0|
    |data_197_V_22_fu_854                                                                      |  16|   0|   16|          0|
    |data_197_V_23_fu_886                                                                      |  16|   0|   16|          0|
    |data_197_V_24_fu_918                                                                      |  16|   0|   16|          0|
    |data_197_V_2_fu_214                                                                       |  16|   0|   16|          0|
    |data_197_V_3_fu_246                                                                       |  16|   0|   16|          0|
    |data_197_V_4_fu_278                                                                       |  16|   0|   16|          0|
    |data_197_V_5_fu_310                                                                       |  16|   0|   16|          0|
    |data_197_V_6_fu_342                                                                       |  16|   0|   16|          0|
    |data_197_V_7_fu_374                                                                       |  16|   0|   16|          0|
    |data_197_V_8_fu_406                                                                       |  16|   0|   16|          0|
    |data_197_V_9_fu_438                                                                       |  16|   0|   16|          0|
    |data_197_V_fu_150                                                                         |  16|   0|   16|          0|
    |data_198_V_10_fu_474                                                                      |  16|   0|   16|          0|
    |data_198_V_11_fu_506                                                                      |  16|   0|   16|          0|
    |data_198_V_12_fu_538                                                                      |  16|   0|   16|          0|
    |data_198_V_13_fu_570                                                                      |  16|   0|   16|          0|
    |data_198_V_14_fu_602                                                                      |  16|   0|   16|          0|
    |data_198_V_15_fu_634                                                                      |  16|   0|   16|          0|
    |data_198_V_16_fu_666                                                                      |  16|   0|   16|          0|
    |data_198_V_17_fu_698                                                                      |  16|   0|   16|          0|
    |data_198_V_18_fu_730                                                                      |  16|   0|   16|          0|
    |data_198_V_19_fu_762                                                                      |  16|   0|   16|          0|
    |data_198_V_1_fu_186                                                                       |  16|   0|   16|          0|
    |data_198_V_20_fu_794                                                                      |  16|   0|   16|          0|
    |data_198_V_21_fu_826                                                                      |  16|   0|   16|          0|
    |data_198_V_22_fu_858                                                                      |  16|   0|   16|          0|
    |data_198_V_23_fu_890                                                                      |  16|   0|   16|          0|
    |data_198_V_24_fu_922                                                                      |  16|   0|   16|          0|
    |data_198_V_2_fu_218                                                                       |  16|   0|   16|          0|
    |data_198_V_3_fu_250                                                                       |  16|   0|   16|          0|
    |data_198_V_4_fu_282                                                                       |  16|   0|   16|          0|
    |data_198_V_5_fu_314                                                                       |  16|   0|   16|          0|
    |data_198_V_6_fu_346                                                                       |  16|   0|   16|          0|
    |data_198_V_7_fu_378                                                                       |  16|   0|   16|          0|
    |data_198_V_8_fu_410                                                                       |  16|   0|   16|          0|
    |data_198_V_9_fu_442                                                                       |  16|   0|   16|          0|
    |data_198_V_fu_154                                                                         |  16|   0|   16|          0|
    |data_199_V_10_fu_478                                                                      |  16|   0|   16|          0|
    |data_199_V_11_fu_510                                                                      |  16|   0|   16|          0|
    |data_199_V_12_fu_542                                                                      |  16|   0|   16|          0|
    |data_199_V_13_fu_574                                                                      |  16|   0|   16|          0|
    |data_199_V_14_fu_606                                                                      |  16|   0|   16|          0|
    |data_199_V_15_fu_638                                                                      |  16|   0|   16|          0|
    |data_199_V_16_fu_670                                                                      |  16|   0|   16|          0|
    |data_199_V_17_fu_702                                                                      |  16|   0|   16|          0|
    |data_199_V_18_fu_734                                                                      |  16|   0|   16|          0|
    |data_199_V_19_fu_766                                                                      |  16|   0|   16|          0|
    |data_199_V_1_fu_190                                                                       |  16|   0|   16|          0|
    |data_199_V_20_fu_798                                                                      |  16|   0|   16|          0|
    |data_199_V_21_fu_830                                                                      |  16|   0|   16|          0|
    |data_199_V_22_fu_862                                                                      |  16|   0|   16|          0|
    |data_199_V_23_fu_894                                                                      |  16|   0|   16|          0|
    |data_199_V_24_fu_926                                                                      |  16|   0|   16|          0|
    |data_199_V_2_fu_222                                                                       |  16|   0|   16|          0|
    |data_199_V_3_fu_254                                                                       |  16|   0|   16|          0|
    |data_199_V_4_fu_286                                                                       |  16|   0|   16|          0|
    |data_199_V_5_fu_318                                                                       |  16|   0|   16|          0|
    |data_199_V_6_fu_350                                                                       |  16|   0|   16|          0|
    |data_199_V_7_fu_382                                                                       |  16|   0|   16|          0|
    |data_199_V_8_fu_414                                                                       |  16|   0|   16|          0|
    |data_199_V_9_fu_446                                                                       |  16|   0|   16|          0|
    |data_199_V_fu_158                                                                         |  16|   0|   16|          0|
    |grp_dense_wrapper_ap_fixed_16_6_5_3_0_ap_fixed_16_6_5_3_0_config11_s_fu_996_ap_start_reg  |   1|   0|    1|          0|
    |i_in_0_reg_984                                                                            |   5|   0|    5|          0|
    |i_in_reg_4290                                                                             |   5|   0|    5|          0|
    |icmp_ln36_reg_4286                                                                        |   1|   0|    1|          0|
    |start_once_reg                                                                            |   1|   0|    1|          0|
    |tmp_data_0_V_reg_5295                                                                     |  16|   0|   16|          0|
    |tmp_data_1_V_reg_5300                                                                     |  16|   0|   16|          0|
    |tmp_data_2_V_reg_5305                                                                     |  16|   0|   16|          0|
    |tmp_data_3_V_reg_5310                                                                     |  16|   0|   16|          0|
    |tmp_data_4_V_reg_5315                                                                     |  16|   0|   16|          0|
    |tmp_data_5_V_reg_5320                                                                     |  16|   0|   16|          0|
    |tmp_data_6_V_reg_5325                                                                     |  16|   0|   16|          0|
    |tmp_data_7_V_reg_5330                                                                     |  16|   0|   16|          0|
    |tmp_data_8_V_reg_5335                                                                     |  16|   0|   16|          0|
    |tmp_data_9_V_reg_5340                                                                     |  16|   0|   16|          0|
    +------------------------------------------------------------------------------------------+----+----+-----+-----------+
    |Total                                                                                     |3381|   0| 3381|          0|
    +------------------------------------------------------------------------------------------+----+----+-----+-----------+



================================================================
== Interface
================================================================
* Summary: 
+--------------------------------+-----+-----+------------+--------------------------------------------------------------------+--------------+
|            RTL Ports           | Dir | Bits|  Protocol  |                            Source Object                           |    C Type    |
+--------------------------------+-----+-----+------------+--------------------------------------------------------------------+--------------+
|ap_clk                          |  in |    1| ap_ctrl_hs | dense<array<ap_fixed,8u>,array<ap_fixed<16,6,5,3,0>,10u>,config11> | return value |
|ap_rst                          |  in |    1| ap_ctrl_hs | dense<array<ap_fixed,8u>,array<ap_fixed<16,6,5,3,0>,10u>,config11> | return value |
|ap_start                        |  in |    1| ap_ctrl_hs | dense<array<ap_fixed,8u>,array<ap_fixed<16,6,5,3,0>,10u>,config11> | return value |
|start_full_n                    |  in |    1| ap_ctrl_hs | dense<array<ap_fixed,8u>,array<ap_fixed<16,6,5,3,0>,10u>,config11> | return value |
|ap_done                         | out |    1| ap_ctrl_hs | dense<array<ap_fixed,8u>,array<ap_fixed<16,6,5,3,0>,10u>,config11> | return value |
|ap_continue                     |  in |    1| ap_ctrl_hs | dense<array<ap_fixed,8u>,array<ap_fixed<16,6,5,3,0>,10u>,config11> | return value |
|ap_idle                         | out |    1| ap_ctrl_hs | dense<array<ap_fixed,8u>,array<ap_fixed<16,6,5,3,0>,10u>,config11> | return value |
|ap_ready                        | out |    1| ap_ctrl_hs | dense<array<ap_fixed,8u>,array<ap_fixed<16,6,5,3,0>,10u>,config11> | return value |
|start_out                       | out |    1| ap_ctrl_hs | dense<array<ap_fixed,8u>,array<ap_fixed<16,6,5,3,0>,10u>,config11> | return value |
|start_write                     | out |    1| ap_ctrl_hs | dense<array<ap_fixed,8u>,array<ap_fixed<16,6,5,3,0>,10u>,config11> | return value |
|data_stream_V_data_0_V_dout     |  in |   16|   ap_fifo  |                       data_stream_V_data_0_V                       |    pointer   |
|data_stream_V_data_0_V_empty_n  |  in |    1|   ap_fifo  |                       data_stream_V_data_0_V                       |    pointer   |
|data_stream_V_data_0_V_read     | out |    1|   ap_fifo  |                       data_stream_V_data_0_V                       |    pointer   |
|data_stream_V_data_1_V_dout     |  in |   16|   ap_fifo  |                       data_stream_V_data_1_V                       |    pointer   |
|data_stream_V_data_1_V_empty_n  |  in |    1|   ap_fifo  |                       data_stream_V_data_1_V                       |    pointer   |
|data_stream_V_data_1_V_read     | out |    1|   ap_fifo  |                       data_stream_V_data_1_V                       |    pointer   |
|data_stream_V_data_2_V_dout     |  in |   16|   ap_fifo  |                       data_stream_V_data_2_V                       |    pointer   |
|data_stream_V_data_2_V_empty_n  |  in |    1|   ap_fifo  |                       data_stream_V_data_2_V                       |    pointer   |
|data_stream_V_data_2_V_read     | out |    1|   ap_fifo  |                       data_stream_V_data_2_V                       |    pointer   |
|data_stream_V_data_3_V_dout     |  in |   16|   ap_fifo  |                       data_stream_V_data_3_V                       |    pointer   |
|data_stream_V_data_3_V_empty_n  |  in |    1|   ap_fifo  |                       data_stream_V_data_3_V                       |    pointer   |
|data_stream_V_data_3_V_read     | out |    1|   ap_fifo  |                       data_stream_V_data_3_V                       |    pointer   |
|data_stream_V_data_4_V_dout     |  in |   16|   ap_fifo  |                       data_stream_V_data_4_V                       |    pointer   |
|data_stream_V_data_4_V_empty_n  |  in |    1|   ap_fifo  |                       data_stream_V_data_4_V                       |    pointer   |
|data_stream_V_data_4_V_read     | out |    1|   ap_fifo  |                       data_stream_V_data_4_V                       |    pointer   |
|data_stream_V_data_5_V_dout     |  in |   16|   ap_fifo  |                       data_stream_V_data_5_V                       |    pointer   |
|data_stream_V_data_5_V_empty_n  |  in |    1|   ap_fifo  |                       data_stream_V_data_5_V                       |    pointer   |
|data_stream_V_data_5_V_read     | out |    1|   ap_fifo  |                       data_stream_V_data_5_V                       |    pointer   |
|data_stream_V_data_6_V_dout     |  in |   16|   ap_fifo  |                       data_stream_V_data_6_V                       |    pointer   |
|data_stream_V_data_6_V_empty_n  |  in |    1|   ap_fifo  |                       data_stream_V_data_6_V                       |    pointer   |
|data_stream_V_data_6_V_read     | out |    1|   ap_fifo  |                       data_stream_V_data_6_V                       |    pointer   |
|data_stream_V_data_7_V_dout     |  in |   16|   ap_fifo  |                       data_stream_V_data_7_V                       |    pointer   |
|data_stream_V_data_7_V_empty_n  |  in |    1|   ap_fifo  |                       data_stream_V_data_7_V                       |    pointer   |
|data_stream_V_data_7_V_read     | out |    1|   ap_fifo  |                       data_stream_V_data_7_V                       |    pointer   |
|res_stream_V_data_0_V_din       | out |   16|   ap_fifo  |                        res_stream_V_data_0_V                       |    pointer   |
|res_stream_V_data_0_V_full_n    |  in |    1|   ap_fifo  |                        res_stream_V_data_0_V                       |    pointer   |
|res_stream_V_data_0_V_write     | out |    1|   ap_fifo  |                        res_stream_V_data_0_V                       |    pointer   |
|res_stream_V_data_1_V_din       | out |   16|   ap_fifo  |                        res_stream_V_data_1_V                       |    pointer   |
|res_stream_V_data_1_V_full_n    |  in |    1|   ap_fifo  |                        res_stream_V_data_1_V                       |    pointer   |
|res_stream_V_data_1_V_write     | out |    1|   ap_fifo  |                        res_stream_V_data_1_V                       |    pointer   |
|res_stream_V_data_2_V_din       | out |   16|   ap_fifo  |                        res_stream_V_data_2_V                       |    pointer   |
|res_stream_V_data_2_V_full_n    |  in |    1|   ap_fifo  |                        res_stream_V_data_2_V                       |    pointer   |
|res_stream_V_data_2_V_write     | out |    1|   ap_fifo  |                        res_stream_V_data_2_V                       |    pointer   |
|res_stream_V_data_3_V_din       | out |   16|   ap_fifo  |                        res_stream_V_data_3_V                       |    pointer   |
|res_stream_V_data_3_V_full_n    |  in |    1|   ap_fifo  |                        res_stream_V_data_3_V                       |    pointer   |
|res_stream_V_data_3_V_write     | out |    1|   ap_fifo  |                        res_stream_V_data_3_V                       |    pointer   |
|res_stream_V_data_4_V_din       | out |   16|   ap_fifo  |                        res_stream_V_data_4_V                       |    pointer   |
|res_stream_V_data_4_V_full_n    |  in |    1|   ap_fifo  |                        res_stream_V_data_4_V                       |    pointer   |
|res_stream_V_data_4_V_write     | out |    1|   ap_fifo  |                        res_stream_V_data_4_V                       |    pointer   |
|res_stream_V_data_5_V_din       | out |   16|   ap_fifo  |                        res_stream_V_data_5_V                       |    pointer   |
|res_stream_V_data_5_V_full_n    |  in |    1|   ap_fifo  |                        res_stream_V_data_5_V                       |    pointer   |
|res_stream_V_data_5_V_write     | out |    1|   ap_fifo  |                        res_stream_V_data_5_V                       |    pointer   |
|res_stream_V_data_6_V_din       | out |   16|   ap_fifo  |                        res_stream_V_data_6_V                       |    pointer   |
|res_stream_V_data_6_V_full_n    |  in |    1|   ap_fifo  |                        res_stream_V_data_6_V                       |    pointer   |
|res_stream_V_data_6_V_write     | out |    1|   ap_fifo  |                        res_stream_V_data_6_V                       |    pointer   |
|res_stream_V_data_7_V_din       | out |   16|   ap_fifo  |                        res_stream_V_data_7_V                       |    pointer   |
|res_stream_V_data_7_V_full_n    |  in |    1|   ap_fifo  |                        res_stream_V_data_7_V                       |    pointer   |
|res_stream_V_data_7_V_write     | out |    1|   ap_fifo  |                        res_stream_V_data_7_V                       |    pointer   |
|res_stream_V_data_8_V_din       | out |   16|   ap_fifo  |                        res_stream_V_data_8_V                       |    pointer   |
|res_stream_V_data_8_V_full_n    |  in |    1|   ap_fifo  |                        res_stream_V_data_8_V                       |    pointer   |
|res_stream_V_data_8_V_write     | out |    1|   ap_fifo  |                        res_stream_V_data_8_V                       |    pointer   |
|res_stream_V_data_9_V_din       | out |   16|   ap_fifo  |                        res_stream_V_data_9_V                       |    pointer   |
|res_stream_V_data_9_V_full_n    |  in |    1|   ap_fifo  |                        res_stream_V_data_9_V                       |    pointer   |
|res_stream_V_data_9_V_write     | out |    1|   ap_fifo  |                        res_stream_V_data_9_V                       |    pointer   |
+--------------------------------+-----+-----+------------+--------------------------------------------------------------------+--------------+

