

================================================================
== Vivado HLS Report for 'dense_latency_ap_fixed_ap_fixed_config6_mult_0_0_0_0_0_0_0_0_0'
================================================================
* Date:           Tue Apr 23 17:30:50 2024

* Version:        2019.1 (Build 2552052 on Fri May 24 15:28:33 MDT 2019)
* Project:        myproject_prj
* Solution:       solution1
* Product family: zynq
* Target device:  xc7z020-clg400-1


================================================================
== Performance Estimates
================================================================
+ Timing (ns): 
    * Summary: 
    +--------+-------+----------+------------+
    |  Clock | Target| Estimated| Uncertainty|
    +--------+-------+----------+------------+
    |ap_clk  |   5.00|     4.302|        0.62|
    +--------+-------+----------+------------+

+ Latency (clock cycles): 
    * Summary: 
    +-----+-----+-----+-----+----------+
    |  Latency  |  Interval | Pipeline |
    | min | max | min | max |   Type   |
    +-----+-----+-----+-----+----------+
    |    5|    5|    6|    6| function |
    +-----+-----+-----+-----+----------+

    + Detail: 
        * Instance: 
        N/A

        * Loop: 
        N/A



================================================================
== Utilization Estimates
================================================================
* Summary: 
+-----------------+---------+-------+--------+-------+-----+
|       Name      | BRAM_18K| DSP48E|   FF   |  LUT  | URAM|
+-----------------+---------+-------+--------+-------+-----+
|DSP              |        -|      -|       -|      -|    -|
|Expression       |        -|      -|       0|   8170|    -|
|FIFO             |        -|      -|       -|      -|    -|
|Instance         |        -|      -|       -|      -|    -|
|Memory           |        -|      -|       -|      -|    -|
|Multiplexer      |        -|      -|       -|     38|    -|
|Register         |        -|      -|    5116|      -|    -|
+-----------------+---------+-------+--------+-------+-----+
|Total            |        0|      0|    5116|   8208|    0|
+-----------------+---------+-------+--------+-------+-----+
|Available        |      280|    220|  106400|  53200|    0|
+-----------------+---------+-------+--------+-------+-----+
|Utilization (%)  |        0|      0|       4|     15|    0|
+-----------------+---------+-------+--------+-------+-----+

+ Detail: 
    * Instance: 
    N/A

    * DSP48E: 
    N/A

    * Memory: 
    N/A

    * FIFO: 
    N/A

    * Expression: 
    +---------------------------+----------+-------+---+----+------------+------------+
    |       Variable Name       | Operation| DSP48E| FF| LUT| Bitwidth P0| Bitwidth P1|
    +---------------------------+----------+-------+---+----+------------+------------+
    |acc_1_V_fu_9967_p2         |     +    |      0|  0|   8|          10|          10|
    |acc_2_V_fu_10093_p2        |     +    |      0|  0|   8|          10|          10|
    |acc_3_V_fu_9994_p2         |     +    |      0|  0|   8|          10|          10|
    |acc_4_V_fu_10102_p2        |     +    |      0|  0|   8|          10|          10|
    |acc_5_V_fu_10111_p2        |     +    |      0|  0|   8|          10|          10|
    |acc_6_V_fu_10120_p2        |     +    |      0|  0|   8|          10|          10|
    |acc_7_V_fu_10075_p2        |     +    |      0|  0|   8|          10|          10|
    |add_ln1118_10_fu_2595_p2   |     +    |      0|  0|  26|          19|          19|
    |add_ln1118_11_fu_2627_p2   |     +    |      0|  0|  26|          19|          19|
    |add_ln1118_12_fu_2709_p2   |     +    |      0|  0|  26|          19|          19|
    |add_ln1118_13_fu_2755_p2   |     +    |      0|  0|  26|          19|          19|
    |add_ln1118_14_fu_3412_p2   |     +    |      0|  0|  26|          19|          19|
    |add_ln1118_15_fu_3542_p2   |     +    |      0|  0|  26|          19|          19|
    |add_ln1118_16_fu_3938_p2   |     +    |      0|  0|  26|          19|          19|
    |add_ln1118_17_fu_1348_p2   |     +    |      0|  0|  26|          19|          19|
    |add_ln1118_18_fu_5047_p2   |     +    |      0|  0|  27|          20|          20|
    |add_ln1118_19_fu_1480_p2   |     +    |      0|  0|  26|          19|          19|
    |add_ln1118_1_fu_6855_p2    |     +    |      0|  0|  26|          19|          19|
    |add_ln1118_20_fu_5251_p2   |     +    |      0|  0|  26|          19|          19|
    |add_ln1118_21_fu_5455_p2   |     +    |      0|  0|  26|          19|          19|
    |add_ln1118_22_fu_5529_p2   |     +    |      0|  0|  26|          19|          19|
    |add_ln1118_23_fu_5793_p2   |     +    |      0|  0|  26|          19|          19|
    |add_ln1118_24_fu_5951_p2   |     +    |      0|  0|  26|          19|          19|
    |add_ln1118_25_fu_8349_p2   |     +    |      0|  0|  26|          19|          19|
    |add_ln1118_26_fu_6264_p2   |     +    |      0|  0|  26|          19|          19|
    |add_ln1118_27_fu_6296_p2   |     +    |      0|  0|  26|          19|          19|
    |add_ln1118_2_fu_6985_p2    |     +    |      0|  0|  26|          19|          19|
    |add_ln1118_3_fu_7073_p2    |     +    |      0|  0|  26|          19|          19|
    |add_ln1118_4_fu_9349_p2    |     +    |      0|  0|  26|          19|          19|
    |add_ln1118_5_fu_7335_p2    |     +    |      0|  0|  26|          19|          19|
    |add_ln1118_6_fu_9428_p2    |     +    |      0|  0|  26|          19|          19|
    |add_ln1118_7_fu_2275_p2    |     +    |      0|  0|  26|          19|          19|
    |add_ln1118_8_fu_2311_p2    |     +    |      0|  0|  26|          19|          19|
    |add_ln1118_9_fu_2411_p2    |     +    |      0|  0|  26|          19|          19|
    |add_ln1118_fu_6790_p2      |     +    |      0|  0|  26|          19|          19|
    |add_ln703_100_fu_8514_p2   |     +    |      0|  0|   8|          10|          10|
    |add_ln703_101_fu_8519_p2   |     +    |      0|  0|   8|          10|          10|
    |add_ln703_102_fu_9936_p2   |     +    |      0|  0|   8|          10|          10|
    |add_ln703_103_fu_8525_p2   |     +    |      0|  0|   8|          10|          10|
    |add_ln703_104_fu_6464_p2   |     +    |      0|  0|   8|          10|          10|
    |add_ln703_105_fu_6469_p2   |     +    |      0|  0|   8|          10|          10|
    |add_ln703_106_fu_8531_p2   |     +    |      0|  0|   8|          10|          10|
    |add_ln703_107_fu_9940_p2   |     +    |      0|  0|   8|          10|          10|
    |add_ln703_108_fu_9591_p2   |     +    |      0|  0|  14|          10|          10|
    |add_ln703_109_fu_8536_p2   |     +    |      0|  0|   8|          10|          10|
    |add_ln703_110_fu_8542_p2   |     +    |      0|  0|   8|          10|          10|
    |add_ln703_111_fu_9945_p2   |     +    |      0|  0|   8|          10|          10|
    |add_ln703_112_fu_8548_p2   |     +    |      0|  0|  14|          10|          10|
    |add_ln703_113_fu_9596_p2   |     +    |      0|  0|   8|          10|          10|
    |add_ln703_114_fu_8554_p2   |     +    |      0|  0|   8|          10|          10|
    |add_ln703_115_fu_8560_p2   |     +    |      0|  0|   8|          10|          10|
    |add_ln703_116_fu_9601_p2   |     +    |      0|  0|   8|          10|          10|
    |add_ln703_117_fu_9949_p2   |     +    |      0|  0|   8|          10|          10|
    |add_ln703_118_fu_10080_p2  |     +    |      0|  0|   8|          10|          10|
    |add_ln703_119_fu_9606_p2   |     +    |      0|  0|   8|          10|          10|
    |add_ln703_120_fu_8566_p2   |     +    |      0|  0|   8|          10|          10|
    |add_ln703_121_fu_8572_p2   |     +    |      0|  0|   8|          10|          10|
    |add_ln703_122_fu_9611_p2   |     +    |      0|  0|   8|          10|          10|
    |add_ln703_123_fu_8578_p2   |     +    |      0|  0|  14|          10|          10|
    |add_ln703_124_fu_9616_p2   |     +    |      0|  0|   8|          10|          10|
    |add_ln703_125_fu_8584_p2   |     +    |      0|  0|   8|          10|          10|
    |add_ln703_126_fu_8590_p2   |     +    |      0|  0|   8|          10|          10|
    |add_ln703_127_fu_9621_p2   |     +    |      0|  0|   8|          10|          10|
    |add_ln703_128_fu_9954_p2   |     +    |      0|  0|   8|          10|          10|
    |add_ln703_129_fu_6475_p2   |     +    |      0|  0|  14|          10|          10|
    |add_ln703_130_fu_8596_p2   |     +    |      0|  0|   8|          10|          10|
    |add_ln703_131_fu_8602_p2   |     +    |      0|  0|   8|          10|          10|
    |add_ln703_132_fu_9626_p2   |     +    |      0|  0|   8|          10|          10|
    |add_ln703_133_fu_6481_p2   |     +    |      0|  0|  15|           9|           9|
    |add_ln703_134_fu_8611_p2   |     +    |      0|  0|   8|          10|          10|
    |add_ln703_135_fu_6487_p2   |     +    |      0|  0|  15|           9|           9|
    |add_ln703_136_fu_6497_p2   |     +    |      0|  0|  14|          10|          10|
    |add_ln703_137_fu_8617_p2   |     +    |      0|  0|   8|          10|          10|
    |add_ln703_138_fu_9630_p2   |     +    |      0|  0|   8|          10|          10|
    |add_ln703_139_fu_9958_p2   |     +    |      0|  0|   8|          10|          10|
    |add_ln703_141_fu_9635_p2   |     +    |      0|  0|   8|          10|          10|
    |add_ln703_142_fu_9641_p2   |     +    |      0|  0|   8|          10|          10|
    |add_ln703_143_fu_9647_p2   |     +    |      0|  0|   8|          10|          10|
    |add_ln703_144_fu_8622_p2   |     +    |      0|  0|  14|          10|          10|
    |add_ln703_145_fu_9653_p2   |     +    |      0|  0|   8|          10|          10|
    |add_ln703_146_fu_9963_p2   |     +    |      0|  0|   8|          10|          10|
    |add_ln703_147_fu_6503_p2   |     +    |      0|  0|  14|          10|          10|
    |add_ln703_148_fu_8627_p2   |     +    |      0|  0|  14|          10|          10|
    |add_ln703_149_fu_9658_p2   |     +    |      0|  0|   8|          10|          10|
    |add_ln703_150_fu_8633_p2   |     +    |      0|  0|  15|           9|           9|
    |add_ln703_151_fu_8643_p2   |     +    |      0|  0|  15|           9|           2|
    |add_ln703_152_fu_8653_p2   |     +    |      0|  0|  14|          10|          10|
    |add_ln703_153_fu_9662_p2   |     +    |      0|  0|   8|          10|          10|
    |add_ln703_155_fu_9667_p2   |     +    |      0|  0|  14|          10|          10|
    |add_ln703_156_fu_8659_p2   |     +    |      0|  0|   8|          10|          10|
    |add_ln703_157_fu_8664_p2   |     +    |      0|  0|   8|          10|          10|
    |add_ln703_158_fu_9972_p2   |     +    |      0|  0|   8|          10|          10|
    |add_ln703_159_fu_9673_p2   |     +    |      0|  0|   8|          10|          10|
    |add_ln703_160_fu_8670_p2   |     +    |      0|  0|   8|          10|          10|
    |add_ln703_161_fu_8674_p2   |     +    |      0|  0|   8|          10|          10|
    |add_ln703_162_fu_9679_p2   |     +    |      0|  0|   8|          10|          10|
    |add_ln703_163_fu_9976_p2   |     +    |      0|  0|   8|          10|          10|
    |add_ln703_164_fu_8679_p2   |     +    |      0|  0|  14|          10|          10|
    |add_ln703_165_fu_8685_p2   |     +    |      0|  0|   8|          10|          10|
    |add_ln703_166_fu_8690_p2   |     +    |      0|  0|   8|          10|          10|
    |add_ln703_167_fu_9684_p2   |     +    |      0|  0|   8|          10|          10|
    |add_ln703_168_fu_8696_p2   |     +    |      0|  0|   8|          10|          10|
    |add_ln703_169_fu_6509_p2   |     +    |      0|  0|   8|          10|          10|
    |add_ln703_170_fu_6515_p2   |     +    |      0|  0|   8|          10|          10|
    |add_ln703_171_fu_8701_p2   |     +    |      0|  0|   8|          10|          10|
    |add_ln703_172_fu_9688_p2   |     +    |      0|  0|   8|          10|          10|
    |add_ln703_173_fu_10089_p2  |     +    |      0|  0|   8|          10|          10|
    |add_ln703_174_fu_9693_p2   |     +    |      0|  0|   8|          10|          10|
    |add_ln703_175_fu_8706_p2   |     +    |      0|  0|   8|          10|          10|
    |add_ln703_176_fu_8712_p2   |     +    |      0|  0|   8|          10|          10|
    |add_ln703_177_fu_9698_p2   |     +    |      0|  0|   8|          10|          10|
    |add_ln703_178_fu_9703_p2   |     +    |      0|  0|   8|          10|          10|
    |add_ln703_179_fu_8718_p2   |     +    |      0|  0|  15|           9|           9|
    |add_ln703_180_fu_8728_p2   |     +    |      0|  0|  14|          10|          10|
    |add_ln703_181_fu_9709_p2   |     +    |      0|  0|   8|          10|          10|
    |add_ln703_182_fu_9981_p2   |     +    |      0|  0|   8|          10|          10|
    |add_ln703_183_fu_8734_p2   |     +    |      0|  0|  15|           9|           9|
    |add_ln703_184_fu_6521_p2   |     +    |      0|  0|  15|           9|           9|
    |add_ln703_185_fu_8743_p2   |     +    |      0|  0|  14|          10|          10|
    |add_ln703_186_fu_9717_p2   |     +    |      0|  0|   8|          10|          10|
    |add_ln703_187_fu_6527_p2   |     +    |      0|  0|  15|           9|           9|
    |add_ln703_188_fu_8752_p2   |     +    |      0|  0|   8|          10|          10|
    |add_ln703_189_fu_6533_p2   |     +    |      0|  0|  15|           8|           8|
    |add_ln703_190_fu_6543_p2   |     +    |      0|  0|  15|           9|           9|
    |add_ln703_191_fu_8761_p2   |     +    |      0|  0|   8|          10|          10|
    |add_ln703_192_fu_9722_p2   |     +    |      0|  0|   8|          10|          10|
    |add_ln703_193_fu_9985_p2   |     +    |      0|  0|   8|          10|          10|
    |add_ln703_195_fu_8767_p2   |     +    |      0|  0|  14|          10|          10|
    |add_ln703_196_fu_8773_p2   |     +    |      0|  0|  14|          10|          10|
    |add_ln703_197_fu_9727_p2   |     +    |      0|  0|   8|          10|          10|
    |add_ln703_198_fu_8778_p2   |     +    |      0|  0|   8|          10|          10|
    |add_ln703_199_fu_6549_p2   |     +    |      0|  0|  14|          10|          10|
    |add_ln703_200_fu_8782_p2   |     +    |      0|  0|   8|          10|          10|
    |add_ln703_201_fu_9731_p2   |     +    |      0|  0|   8|          10|          10|
    |add_ln703_202_fu_8787_p2   |     +    |      0|  0|  14|          10|          10|
    |add_ln703_203_fu_8793_p2   |     +    |      0|  0|  14|          10|          10|
    |add_ln703_204_fu_9736_p2   |     +    |      0|  0|   8|          10|          10|
    |add_ln703_205_fu_8799_p2   |     +    |      0|  0|   8|          10|          10|
    |add_ln703_206_fu_6555_p2   |     +    |      0|  0|  14|          10|          10|
    |add_ln703_207_fu_8805_p2   |     +    |      0|  0|   8|          10|          10|
    |add_ln703_208_fu_9740_p2   |     +    |      0|  0|   8|          10|          10|
    |add_ln703_209_fu_9990_p2   |     +    |      0|  0|   8|          10|          10|
    |add_ln703_210_fu_8810_p2   |     +    |      0|  0|   8|          10|          10|
    |add_ln703_211_fu_6561_p2   |     +    |      0|  0|  14|          10|          10|
    |add_ln703_212_fu_8816_p2   |     +    |      0|  0|   8|          10|          10|
    |add_ln703_213_fu_8821_p2   |     +    |      0|  0|   8|          10|          10|
    |add_ln703_214_fu_6567_p2   |     +    |      0|  0|  15|           9|           9|
    |add_ln703_215_fu_8829_p2   |     +    |      0|  0|   8|          10|          10|
    |add_ln703_216_fu_9745_p2   |     +    |      0|  0|   8|          10|          10|
    |add_ln703_217_fu_6573_p2   |     +    |      0|  0|  15|           9|           9|
    |add_ln703_218_fu_6579_p2   |     +    |      0|  0|  15|           9|           9|
    |add_ln703_219_fu_8841_p2   |     +    |      0|  0|   8|          10|          10|
    |add_ln703_220_fu_6585_p2   |     +    |      0|  0|   8|           9|           9|
    |add_ln703_221_fu_1610_p2   |     +    |      0|  0|  15|           8|           1|
    |add_ln703_222_fu_6594_p2   |     +    |      0|  0|   8|           9|           9|
    |add_ln703_223_fu_8850_p2   |     +    |      0|  0|   8|          10|          10|
    |add_ln703_224_fu_9749_p2   |     +    |      0|  0|   8|          10|          10|
    |add_ln703_226_fu_9754_p2   |     +    |      0|  0|  14|          10|          10|
    |add_ln703_227_fu_8856_p2   |     +    |      0|  0|   8|          10|          10|
    |add_ln703_228_fu_8862_p2   |     +    |      0|  0|   8|          10|          10|
    |add_ln703_229_fu_9999_p2   |     +    |      0|  0|   8|          10|          10|
    |add_ln703_230_fu_8867_p2   |     +    |      0|  0|  14|          10|          10|
    |add_ln703_231_fu_9760_p2   |     +    |      0|  0|   8|          10|          10|
    |add_ln703_232_fu_8873_p2   |     +    |      0|  0|   8|          10|          10|
    |add_ln703_233_fu_8879_p2   |     +    |      0|  0|   8|          10|          10|
    |add_ln703_234_fu_9764_p2   |     +    |      0|  0|   8|          10|          10|
    |add_ln703_235_fu_10003_p2  |     +    |      0|  0|   8|          10|          10|
    |add_ln703_236_fu_8884_p2   |     +    |      0|  0|   8|          10|          10|
    |add_ln703_237_fu_8889_p2   |     +    |      0|  0|   8|          10|          10|
    |add_ln703_238_fu_8894_p2   |     +    |      0|  0|   8|          10|          10|
    |add_ln703_239_fu_8899_p2   |     +    |      0|  0|   8|          10|          10|
    |add_ln703_240_fu_10008_p2  |     +    |      0|  0|   8|          10|          10|
    |add_ln703_241_fu_6600_p2   |     +    |      0|  0|  14|          10|          10|
    |add_ln703_242_fu_9769_p2   |     +    |      0|  0|   8|          10|          10|
    |add_ln703_243_fu_8904_p2   |     +    |      0|  0|   8|          10|          10|
    |add_ln703_244_fu_8910_p2   |     +    |      0|  0|   8|          10|          10|
    |add_ln703_245_fu_9773_p2   |     +    |      0|  0|   8|          10|          10|
    |add_ln703_246_fu_10012_p2  |     +    |      0|  0|   8|          10|          10|
    |add_ln703_247_fu_10098_p2  |     +    |      0|  0|   8|          10|          10|
    |add_ln703_248_fu_9778_p2   |     +    |      0|  0|   8|          10|          10|
    |add_ln703_249_fu_8916_p2   |     +    |      0|  0|   8|          10|          10|
    |add_ln703_250_fu_8921_p2   |     +    |      0|  0|   8|          10|          10|
    |add_ln703_251_fu_9784_p2   |     +    |      0|  0|   8|          10|          10|
    |add_ln703_252_fu_8927_p2   |     +    |      0|  0|  14|          10|          10|
    |add_ln703_253_fu_9789_p2   |     +    |      0|  0|   8|          10|          10|
    |add_ln703_254_fu_8933_p2   |     +    |      0|  0|   8|          10|          10|
    |add_ln703_255_fu_8939_p2   |     +    |      0|  0|   8|          10|          10|
    |add_ln703_256_fu_9794_p2   |     +    |      0|  0|   8|          10|          10|
    |add_ln703_257_fu_10017_p2  |     +    |      0|  0|   8|          10|          10|
    |add_ln703_258_fu_8945_p2   |     +    |      0|  0|   8|          10|          10|
    |add_ln703_259_fu_8951_p2   |     +    |      0|  0|   8|          10|          10|
    |add_ln703_260_fu_8957_p2   |     +    |      0|  0|   8|          10|          10|
    |add_ln703_261_fu_8963_p2   |     +    |      0|  0|   8|          10|          10|
    |add_ln703_262_fu_9799_p2   |     +    |      0|  0|   8|          10|          10|
    |add_ln703_263_fu_6606_p2   |     +    |      0|  0|  15|           9|           9|
    |add_ln703_264_fu_8972_p2   |     +    |      0|  0|   8|          10|          10|
    |add_ln703_265_fu_6612_p2   |     +    |      0|  0|  15|           9|           9|
    |add_ln703_266_fu_6622_p2   |     +    |      0|  0|  14|          10|          10|
    |add_ln703_267_fu_8978_p2   |     +    |      0|  0|   8|          10|          10|
    |add_ln703_268_fu_9803_p2   |     +    |      0|  0|   8|          10|          10|
    |add_ln703_269_fu_10021_p2  |     +    |      0|  0|   8|          10|          10|
    |add_ln703_271_fu_8983_p2   |     +    |      0|  0|  14|          10|          10|
    |add_ln703_272_fu_8988_p2   |     +    |      0|  0|  14|          10|          10|
    |add_ln703_273_fu_9808_p2   |     +    |      0|  0|   8|          10|          10|
    |add_ln703_274_fu_8994_p2   |     +    |      0|  0|   8|          10|          10|
    |add_ln703_275_fu_6628_p2   |     +    |      0|  0|  14|          10|          10|
    |add_ln703_276_fu_9000_p2   |     +    |      0|  0|   8|          10|          10|
    |add_ln703_277_fu_9812_p2   |     +    |      0|  0|   8|          10|          10|
    |add_ln703_278_fu_9817_p2   |     +    |      0|  0|  14|          10|          10|
    |add_ln703_279_fu_6634_p2   |     +    |      0|  0|  14|          10|          10|
    |add_ln703_280_fu_10026_p2  |     +    |      0|  0|   8|          10|          10|
    |add_ln703_281_fu_9822_p2   |     +    |      0|  0|   8|          10|          10|
    |add_ln703_282_fu_9005_p2   |     +    |      0|  0|   8|          10|          10|
    |add_ln703_283_fu_9011_p2   |     +    |      0|  0|   8|          10|          10|
    |add_ln703_284_fu_9826_p2   |     +    |      0|  0|   8|          10|          10|
    |add_ln703_285_fu_10030_p2  |     +    |      0|  0|   8|          10|          10|
    |add_ln703_286_fu_10107_p2  |     +    |      0|  0|   8|          10|          10|
    |add_ln703_287_fu_9016_p2   |     +    |      0|  0|   8|          10|          10|
    |add_ln703_288_fu_6640_p2   |     +    |      0|  0|  14|          10|          10|
    |add_ln703_289_fu_9022_p2   |     +    |      0|  0|   8|          10|          10|
    |add_ln703_290_fu_9831_p2   |     +    |      0|  0|   8|          10|          10|
    |add_ln703_291_fu_9027_p2   |     +    |      0|  0|   8|          10|          10|
    |add_ln703_292_fu_9032_p2   |     +    |      0|  0|   8|          10|          10|
    |add_ln703_293_fu_9836_p2   |     +    |      0|  0|   8|          10|          10|
    |add_ln703_294_fu_10035_p2  |     +    |      0|  0|   8|          10|          10|
    |add_ln703_295_fu_9038_p2   |     +    |      0|  0|  14|          10|          10|
    |add_ln703_296_fu_9044_p2   |     +    |      0|  0|  14|          10|          10|
    |add_ln703_297_fu_9841_p2   |     +    |      0|  0|   8|          10|          10|
    |add_ln703_298_fu_9050_p2   |     +    |      0|  0|  15|           9|           9|
    |add_ln703_299_fu_6646_p2   |     +    |      0|  0|   8|           9|           1|
    |add_ln703_300_fu_6652_p2   |     +    |      0|  0|   8|           9|           9|
    |add_ln703_301_fu_9063_p2   |     +    |      0|  0|  14|          10|          10|
    |add_ln703_302_fu_9845_p2   |     +    |      0|  0|   8|          10|          10|
    |add_ln703_303_fu_10039_p2  |     +    |      0|  0|   8|          10|          10|
    |add_ln703_305_fu_9069_p2   |     +    |      0|  0|  14|          10|          10|
    |add_ln703_306_fu_9075_p2   |     +    |      0|  0|   8|          10|          10|
    |add_ln703_307_fu_9080_p2   |     +    |      0|  0|   8|          10|          10|
    |add_ln703_308_fu_10044_p2  |     +    |      0|  0|   8|          10|          10|
    |add_ln703_309_fu_9086_p2   |     +    |      0|  0|  14|          10|          10|
    |add_ln703_310_fu_9850_p2   |     +    |      0|  0|   8|          10|          10|
    |add_ln703_311_fu_9092_p2   |     +    |      0|  0|   8|          10|          10|
    |add_ln703_312_fu_9097_p2   |     +    |      0|  0|   8|          10|          10|
    |add_ln703_313_fu_9854_p2   |     +    |      0|  0|   8|          10|          10|
    |add_ln703_314_fu_10048_p2  |     +    |      0|  0|   8|          10|          10|
    |add_ln703_315_fu_9102_p2   |     +    |      0|  0|   8|          10|          10|
    |add_ln703_316_fu_9106_p2   |     +    |      0|  0|   8|          10|          10|
    |add_ln703_317_fu_9859_p2   |     +    |      0|  0|   8|          10|          10|
    |add_ln703_318_fu_9864_p2   |     +    |      0|  0|   8|          10|          10|
    |add_ln703_319_fu_10053_p2  |     +    |      0|  0|   8|          10|          10|
    |add_ln703_320_fu_9112_p2   |     +    |      0|  0|  14|          10|          10|
    |add_ln703_321_fu_9869_p2   |     +    |      0|  0|   8|          10|          10|
    |add_ln703_322_fu_9117_p2   |     +    |      0|  0|   8|          10|          10|
    |add_ln703_323_fu_9123_p2   |     +    |      0|  0|   8|          10|          10|
    |add_ln703_324_fu_9874_p2   |     +    |      0|  0|   8|          10|          10|
    |add_ln703_325_fu_10057_p2  |     +    |      0|  0|   8|          10|          10|
    |add_ln703_326_fu_10116_p2  |     +    |      0|  0|   8|          10|          10|
    |add_ln703_327_fu_9879_p2   |     +    |      0|  0|   8|          10|          10|
    |add_ln703_328_fu_9129_p2   |     +    |      0|  0|   8|          10|          10|
    |add_ln703_329_fu_9135_p2   |     +    |      0|  0|   8|          10|          10|
    |add_ln703_330_fu_9885_p2   |     +    |      0|  0|   8|          10|          10|
    |add_ln703_331_fu_9141_p2   |     +    |      0|  0|  14|          10|          10|
    |add_ln703_332_fu_9890_p2   |     +    |      0|  0|   8|          10|          10|
    |add_ln703_333_fu_9147_p2   |     +    |      0|  0|   8|          10|          10|
    |add_ln703_334_fu_9153_p2   |     +    |      0|  0|   8|          10|          10|
    |add_ln703_335_fu_9895_p2   |     +    |      0|  0|   8|          10|          10|
    |add_ln703_336_fu_10062_p2  |     +    |      0|  0|   8|          10|          10|
    |add_ln703_337_fu_9159_p2   |     +    |      0|  0|   8|          10|          10|
    |add_ln703_338_fu_9164_p2   |     +    |      0|  0|   8|          10|          10|
    |add_ln703_339_fu_9169_p2   |     +    |      0|  0|  15|           9|           9|
    |add_ln703_340_fu_9179_p2   |     +    |      0|  0|  14|          10|          10|
    |add_ln703_341_fu_9900_p2   |     +    |      0|  0|   8|          10|          10|
    |add_ln703_342_fu_6658_p2   |     +    |      0|  0|  15|           9|           9|
    |add_ln703_343_fu_9188_p2   |     +    |      0|  0|   8|          10|          10|
    |add_ln703_344_fu_6664_p2   |     +    |      0|  0|  15|           8|           2|
    |add_ln703_345_fu_6674_p2   |     +    |      0|  0|  15|           9|           9|
    |add_ln703_346_fu_9197_p2   |     +    |      0|  0|   8|          10|          10|
    |add_ln703_347_fu_9904_p2   |     +    |      0|  0|   8|          10|          10|
    |add_ln703_348_fu_10066_p2  |     +    |      0|  0|   8|          10|          10|
    |add_ln703_350_fu_9203_p2   |     +    |      0|  0|  14|          10|          10|
    |add_ln703_351_fu_9209_p2   |     +    |      0|  0|  14|          10|          10|
    |add_ln703_352_fu_9909_p2   |     +    |      0|  0|   8|          10|          10|
    |add_ln703_353_fu_9215_p2   |     +    |      0|  0|   8|          10|          10|
    |add_ln703_354_fu_6680_p2   |     +    |      0|  0|  14|          10|          10|
    |add_ln703_355_fu_9220_p2   |     +    |      0|  0|   8|          10|          10|
    |add_ln703_356_fu_9913_p2   |     +    |      0|  0|   8|          10|          10|
    |add_ln703_357_fu_6686_p2   |     +    |      0|  0|  14|          10|          10|
    |add_ln703_358_fu_9225_p2   |     +    |      0|  0|  14|          10|          10|
    |add_ln703_359_fu_9918_p2   |     +    |      0|  0|   8|          10|          10|
    |add_ln703_360_fu_9231_p2   |     +    |      0|  0|   8|          10|          10|
    |add_ln703_361_fu_6692_p2   |     +    |      0|  0|  14|          10|          10|
    |add_ln703_362_fu_9237_p2   |     +    |      0|  0|   8|          10|          10|
    |add_ln703_363_fu_9922_p2   |     +    |      0|  0|   8|          10|          10|
    |add_ln703_364_fu_10071_p2  |     +    |      0|  0|   8|          10|          10|
    |add_ln703_365_fu_9242_p2   |     +    |      0|  0|   8|          10|          10|
    |add_ln703_366_fu_6698_p2   |     +    |      0|  0|  14|          10|          10|
    |add_ln703_367_fu_9248_p2   |     +    |      0|  0|   8|          10|          10|
    |add_ln703_368_fu_9253_p2   |     +    |      0|  0|   8|          10|          10|
    |add_ln703_369_fu_6704_p2   |     +    |      0|  0|  14|          10|          10|
    |add_ln703_370_fu_9259_p2   |     +    |      0|  0|   8|          10|          10|
    |add_ln703_371_fu_9927_p2   |     +    |      0|  0|   8|          10|          10|
    |add_ln703_372_fu_6710_p2   |     +    |      0|  0|  15|           9|           9|
    |add_ln703_373_fu_6716_p2   |     +    |      0|  0|  15|           9|           9|
    |add_ln703_374_fu_9270_p2   |     +    |      0|  0|   8|          10|          10|
    |add_ln703_375_fu_6722_p2   |     +    |      0|  0|  15|           9|           9|
    |add_ln703_376_fu_1616_p2   |     +    |      0|  0|  15|           8|           8|
    |add_ln703_377_fu_6735_p2   |     +    |      0|  0|  15|           9|           9|
    |add_ln703_378_fu_6745_p2   |     +    |      0|  0|  14|          10|          10|
    |add_ln703_379_fu_9276_p2   |     +    |      0|  0|   8|          10|          10|
    |add_ln703_380_fu_9931_p2   |     +    |      0|  0|   8|          10|          10|
    |add_ln703_fu_9585_p2       |     +    |      0|  0|  14|          10|          10|
    |p_Val2_s_fu_10084_p2       |     +    |      0|  0|   8|          10|          10|
    |sub_ln1118_100_fu_4076_p2  |     -    |      0|  0|   8|           1|          19|
    |sub_ln1118_101_fu_4082_p2  |     -    |      0|  0|   8|          19|          19|
    |sub_ln1118_102_fu_8021_p2  |     -    |      0|  0|  27|          20|          20|
    |sub_ln1118_103_fu_8049_p2  |     -    |      0|  0|   8|           1|          19|
    |sub_ln1118_104_fu_8055_p2  |     -    |      0|  0|   8|          19|          19|
    |sub_ln1118_105_fu_4114_p2  |     -    |      0|  0|  25|           1|          18|
    |sub_ln1118_106_fu_4222_p2  |     -    |      0|  0|  27|          20|          20|
    |sub_ln1118_107_fu_4300_p2  |     -    |      0|  0|  26|           1|          19|
    |sub_ln1118_108_fu_7445_p2  |     -    |      0|  0|  26|          19|          19|
    |sub_ln1118_109_fu_4320_p2  |     -    |      0|  0|  26|          19|          19|
    |sub_ln1118_10_fu_1858_p2   |     -    |      0|  0|  25|           1|          18|
    |sub_ln1118_110_fu_4352_p2  |     -    |      0|  0|   8|           1|          19|
    |sub_ln1118_111_fu_4358_p2  |     -    |      0|  0|   8|          19|          19|
    |sub_ln1118_112_fu_4374_p2  |     -    |      0|  0|  26|          19|          19|
    |sub_ln1118_113_fu_4418_p2  |     -    |      0|  0|  26|           1|          19|
    |sub_ln1118_114_fu_4464_p2  |     -    |      0|  0|  26|           1|          19|
    |sub_ln1118_115_fu_4470_p2  |     -    |      0|  0|  26|          19|          19|
    |sub_ln1118_116_fu_2563_p2  |     -    |      0|  0|  26|          19|          19|
    |sub_ln1118_117_fu_4508_p2  |     -    |      0|  0|  26|           1|          19|
    |sub_ln1118_118_fu_4568_p2  |     -    |      0|  0|  26|          19|          19|
    |sub_ln1118_119_fu_1406_p2  |     -    |      0|  0|   8|           1|          19|
    |sub_ln1118_11_fu_1886_p2   |     -    |      0|  0|  26|           1|          19|
    |sub_ln1118_120_fu_1412_p2  |     -    |      0|  0|   8|          19|          19|
    |sub_ln1118_121_fu_4619_p2  |     -    |      0|  0|  26|           1|          19|
    |sub_ln1118_122_fu_4647_p2  |     -    |      0|  0|  25|           1|          18|
    |sub_ln1118_123_fu_4683_p2  |     -    |      0|  0|  26|           1|          19|
    |sub_ln1118_124_fu_4715_p2  |     -    |      0|  0|  27|          20|          20|
    |sub_ln1118_125_fu_4791_p2  |     -    |      0|  0|  27|          20|          20|
    |sub_ln1118_126_fu_4819_p2  |     -    |      0|  0|   8|           1|          19|
    |sub_ln1118_127_fu_4825_p2  |     -    |      0|  0|   8|          19|          19|
    |sub_ln1118_128_fu_4841_p2  |     -    |      0|  0|  26|          19|          19|
    |sub_ln1118_129_fu_9551_p2  |     -    |      0|  0|  27|          20|          20|
    |sub_ln1118_12_fu_6905_p2   |     -    |      0|  0|  25|           1|          18|
    |sub_ln1118_130_fu_4917_p2  |     -    |      0|  0|  27|          20|          20|
    |sub_ln1118_131_fu_4945_p2  |     -    |      0|  0|  26|          19|          19|
    |sub_ln1118_132_fu_4993_p2  |     -    |      0|  0|   8|           1|          19|
    |sub_ln1118_133_fu_4999_p2  |     -    |      0|  0|   8|          19|          19|
    |sub_ln1118_134_fu_5015_p2  |     -    |      0|  0|  26|          19|          19|
    |sub_ln1118_135_fu_5089_p2  |     -    |      0|  0|  26|           1|          19|
    |sub_ln1118_136_fu_8182_p2  |     -    |      0|  0|  26|           1|          19|
    |sub_ln1118_137_fu_5125_p2  |     -    |      0|  0|  26|           1|          19|
    |sub_ln1118_138_fu_5157_p2  |     -    |      0|  0|  26|          19|          19|
    |sub_ln1118_139_fu_1458_p2  |     -    |      0|  0|   8|           1|          19|
    |sub_ln1118_13_fu_6937_p2   |     -    |      0|  0|  27|          20|          20|
    |sub_ln1118_140_fu_1464_p2  |     -    |      0|  0|   8|          19|          19|
    |sub_ln1118_141_fu_5195_p2  |     -    |      0|  0|  26|           1|          19|
    |sub_ln1118_142_fu_5235_p2  |     -    |      0|  0|  27|          20|          20|
    |sub_ln1118_143_fu_5271_p2  |     -    |      0|  0|  27|          20|          20|
    |sub_ln1118_144_fu_5299_p2  |     -    |      0|  0|  26|           1|          19|
    |sub_ln1118_145_fu_5353_p2  |     -    |      0|  0|  27|          20|          20|
    |sub_ln1118_146_fu_5385_p2  |     -    |      0|  0|  26|          19|          19|
    |sub_ln1118_147_fu_5435_p2  |     -    |      0|  0|  26|           1|          19|
    |sub_ln1118_148_fu_5507_p2  |     -    |      0|  0|   8|           1|          19|
    |sub_ln1118_149_fu_5513_p2  |     -    |      0|  0|   8|          19|          19|
    |sub_ln1118_14_fu_1928_p2   |     -    |      0|  0|  26|           1|          19|
    |sub_ln1118_150_fu_5579_p2  |     -    |      0|  0|   8|           1|          19|
    |sub_ln1118_151_fu_5585_p2  |     -    |      0|  0|   8|          19|          19|
    |sub_ln1118_152_fu_5639_p2  |     -    |      0|  0|  27|          20|          20|
    |sub_ln1118_153_fu_5667_p2  |     -    |      0|  0|  26|           1|          19|
    |sub_ln1118_154_fu_5709_p2  |     -    |      0|  0|  26|           1|          19|
    |sub_ln1118_155_fu_5741_p2  |     -    |      0|  0|  26|           1|          19|
    |sub_ln1118_156_fu_5773_p2  |     -    |      0|  0|  25|           1|          18|
    |sub_ln1118_157_fu_5825_p2  |     -    |      0|  0|  27|          20|          20|
    |sub_ln1118_158_fu_8267_p2  |     -    |      0|  0|  26|           1|          19|
    |sub_ln1118_159_fu_8307_p2  |     -    |      0|  0|  27|          20|          20|
    |sub_ln1118_15_fu_1138_p2   |     -    |      0|  0|  26|          19|          19|
    |sub_ln1118_160_fu_5857_p2  |     -    |      0|  0|  26|           1|          19|
    |sub_ln1118_161_fu_1170_p2  |     -    |      0|  0|  26|          19|          19|
    |sub_ln1118_162_fu_5877_p2  |     -    |      0|  0|  26|          19|          19|
    |sub_ln1118_163_fu_5919_p2  |     -    |      0|  0|  26|           1|          19|
    |sub_ln1118_164_fu_6011_p2  |     -    |      0|  0|  27|          20|          20|
    |sub_ln1118_165_fu_8369_p2  |     -    |      0|  0|  26|           1|          19|
    |sub_ln1118_166_fu_6055_p2  |     -    |      0|  0|  27|          20|          20|
    |sub_ln1118_167_fu_6083_p2  |     -    |      0|  0|   8|           1|          19|
    |sub_ln1118_168_fu_6089_p2  |     -    |      0|  0|   8|          19|          19|
    |sub_ln1118_169_fu_8436_p2  |     -    |      0|  0|   8|           1|          19|
    |sub_ln1118_16_fu_6969_p2   |     -    |      0|  0|  26|          19|          19|
    |sub_ln1118_170_fu_8442_p2  |     -    |      0|  0|   8|          19|          19|
    |sub_ln1118_171_fu_1588_p2  |     -    |      0|  0|   8|           1|          19|
    |sub_ln1118_172_fu_1594_p2  |     -    |      0|  0|   8|          19|          19|
    |sub_ln1118_173_fu_6164_p2  |     -    |      0|  0|  27|          20|          20|
    |sub_ln1118_174_fu_6196_p2  |     -    |      0|  0|   8|           1|          19|
    |sub_ln1118_175_fu_6202_p2  |     -    |      0|  0|   8|          19|          19|
    |sub_ln1118_176_fu_6248_p2  |     -    |      0|  0|  26|          19|          19|
    |sub_ln1118_177_fu_6312_p2  |     -    |      0|  0|  26|           1|          19|
    |sub_ln1118_178_fu_6348_p2  |     -    |      0|  0|   8|           1|          19|
    |sub_ln1118_179_fu_6354_p2  |     -    |      0|  0|   8|          19|          19|
    |sub_ln1118_17_fu_7043_p2   |     -    |      0|  0|  27|          20|          20|
    |sub_ln1118_180_fu_6394_p2  |     -    |      0|  0|  27|          20|          20|
    |sub_ln1118_181_fu_8488_p2  |     -    |      0|  0|  26|           1|          19|
    |sub_ln1118_182_fu_6442_p2  |     -    |      0|  0|   8|           1|          19|
    |sub_ln1118_183_fu_6448_p2  |     -    |      0|  0|   8|          19|          19|
    |sub_ln1118_184_fu_7713_p2  |     -    |      0|  0|  26|          19|          19|
    |sub_ln1118_185_fu_3012_p2  |     -    |      0|  0|  26|          19|          19|
    |sub_ln1118_186_fu_7785_p2  |     -    |      0|  0|  27|          20|          20|
    |sub_ln1118_187_fu_1270_p2  |     -    |      0|  0|  26|          19|          19|
    |sub_ln1118_188_fu_3216_p2  |     -    |      0|  0|  26|          19|          19|
    |sub_ln1118_189_fu_3428_p2  |     -    |      0|  0|  26|          19|          19|
    |sub_ln1118_18_fu_7089_p2   |     -    |      0|  0|  26|           1|          19|
    |sub_ln1118_190_fu_1302_p2  |     -    |      0|  0|  27|          20|          20|
    |sub_ln1118_191_fu_3558_p2  |     -    |      0|  0|  26|          19|          19|
    |sub_ln1118_192_fu_3878_p2  |     -    |      0|  0|  26|          19|          19|
    |sub_ln1118_193_fu_4146_p2  |     -    |      0|  0|  26|          19|          19|
    |sub_ln1118_194_fu_4178_p2  |     -    |      0|  0|  26|          19|          19|
    |sub_ln1118_195_fu_4254_p2  |     -    |      0|  0|  27|          20|          20|
    |sub_ln1118_196_fu_8096_p2  |     -    |      0|  0|  27|          20|          20|
    |sub_ln1118_197_fu_4390_p2  |     -    |      0|  0|  26|          19|          19|
    |sub_ln1118_198_fu_4603_p2  |     -    |      0|  0|  26|          19|          19|
    |sub_ln1118_199_fu_4747_p2  |     -    |      0|  0|  26|          19|          19|
    |sub_ln1118_19_fu_7131_p2   |     -    |      0|  0|  27|          20|          20|
    |sub_ln1118_1_fu_1504_p2    |     -    |      0|  0|  24|           1|          17|
    |sub_ln1118_200_fu_4873_p2  |     -    |      0|  0|  26|          19|          19|
    |sub_ln1118_201_fu_4961_p2  |     -    |      0|  0|  26|          19|          19|
    |sub_ln1118_202_fu_8202_p2  |     -    |      0|  0|  26|          19|          19|
    |sub_ln1118_203_fu_5141_p2  |     -    |      0|  0|  26|          19|          19|
    |sub_ln1118_204_fu_5475_p2  |     -    |      0|  0|  26|          19|          19|
    |sub_ln1118_205_fu_1536_p2  |     -    |      0|  0|  27|          20|          20|
    |sub_ln1118_206_fu_5967_p2  |     -    |      0|  0|  26|          19|          19|
    |sub_ln1118_207_fu_8401_p2  |     -    |      0|  0|  27|          20|          20|
    |sub_ln1118_208_fu_6121_p2  |     -    |      0|  0|  26|          19|          19|
    |sub_ln1118_209_fu_6426_p2  |     -    |      0|  0|  26|          19|          19|
    |sub_ln1118_20_fu_1977_p2   |     -    |      0|  0|  26|          19|          19|
    |sub_ln1118_21_fu_2019_p2   |     -    |      0|  0|  26|           1|          19|
    |sub_ln1118_22_fu_7197_p2   |     -    |      0|  0|  25|           1|          18|
    |sub_ln1118_23_fu_7229_p2   |     -    |      0|  0|  26|           1|          19|
    |sub_ln1118_24_fu_7265_p2   |     -    |      0|  0|  27|          20|          20|
    |sub_ln1118_25_fu_7281_p2   |     -    |      0|  0|  27|          20|          20|
    |sub_ln1118_26_fu_9393_p2   |     -    |      0|  0|  27|          20|          20|
    |sub_ln1118_27_fu_2051_p2   |     -    |      0|  0|  26|          19|          19|
    |sub_ln1118_28_fu_2067_p2   |     -    |      0|  0|  26|           1|          19|
    |sub_ln1118_29_fu_2127_p2   |     -    |      0|  0|  25|           1|          18|
    |sub_ln1118_2_fu_1560_p2    |     -    |      0|  0|  24|           1|          17|
    |sub_ln1118_30_fu_7319_p2   |     -    |      0|  0|  26|           1|          19|
    |sub_ln1118_31_fu_9472_p2   |     -    |      0|  0|  27|          20|          20|
    |sub_ln1118_32_fu_2163_p2   |     -    |      0|  0|  26|          19|          19|
    |sub_ln1118_33_fu_2191_p2   |     -    |      0|  0|  25|           1|          18|
    |sub_ln1118_34_fu_2211_p2   |     -    |      0|  0|  26|           1|          19|
    |sub_ln1118_35_fu_7394_p2   |     -    |      0|  0|  26|          19|          19|
    |sub_ln1118_36_fu_2259_p2   |     -    |      0|  0|  26|          19|          19|
    |sub_ln1118_37_fu_2339_p2   |     -    |      0|  0|  27|          20|          20|
    |sub_ln1118_38_fu_2383_p2   |     -    |      0|  0|  27|          20|          20|
    |sub_ln1118_39_fu_2427_p2   |     -    |      0|  0|  26|          19|          19|
    |sub_ln1118_3_fu_1634_p2    |     -    |      0|  0|  25|           1|          18|
    |sub_ln1118_40_fu_2463_p2   |     -    |      0|  0|   8|           1|          19|
    |sub_ln1118_41_fu_2469_p2   |     -    |      0|  0|   8|          19|          19|
    |sub_ln1118_42_fu_2497_p2   |     -    |      0|  0|  27|          20|          20|
    |sub_ln1118_43_fu_2513_p2   |     -    |      0|  0|  26|          19|          19|
    |sub_ln1118_44_fu_7499_p2   |     -    |      0|  0|  26|           1|          19|
    |sub_ln1118_45_fu_2659_p2   |     -    |      0|  0|  26|           1|          19|
    |sub_ln1118_46_fu_2665_p2   |     -    |      0|  0|  26|          19|          19|
    |sub_ln1118_47_fu_2693_p2   |     -    |      0|  0|  25|           1|          18|
    |sub_ln1118_48_fu_1686_p2   |     -    |      0|  0|  26|          19|          19|
    |sub_ln1118_49_fu_7540_p2   |     -    |      0|  0|  26|          19|          19|
    |sub_ln1118_4_fu_1670_p2    |     -    |      0|  0|  26|          19|          19|
    |sub_ln1118_50_fu_2796_p2   |     -    |      0|  0|  27|          20|          20|
    |sub_ln1118_51_fu_7575_p2   |     -    |      0|  0|  26|           1|          19|
    |sub_ln1118_52_fu_7619_p2   |     -    |      0|  0|  27|          20|          20|
    |sub_ln1118_53_fu_7635_p2   |     -    |      0|  0|   8|           1|          20|
    |sub_ln1118_54_fu_7641_p2   |     -    |      0|  0|   8|          20|          20|
    |sub_ln1118_55_fu_7685_p2   |     -    |      0|  0|  27|          20|          20|
    |sub_ln1118_56_fu_2828_p2   |     -    |      0|  0|   8|           1|          19|
    |sub_ln1118_57_fu_2834_p2   |     -    |      0|  0|   8|          19|          19|
    |sub_ln1118_58_fu_2874_p2   |     -    |      0|  0|  27|          20|          20|
    |sub_ln1118_59_fu_2894_p2   |     -    |      0|  0|  25|           1|          18|
    |sub_ln1118_5_fu_1714_p2    |     -    |      0|  0|  27|          20|          20|
    |sub_ln1118_60_fu_2930_p2   |     -    |      0|  0|  26|           1|          19|
    |sub_ln1118_61_fu_2936_p2   |     -    |      0|  0|  26|          19|          19|
    |sub_ln1118_62_fu_2952_p2   |     -    |      0|  0|  26|          19|          19|
    |sub_ln1118_63_fu_7166_p2   |     -    |      0|  0|  26|          19|          19|
    |sub_ln1118_64_fu_7757_p2   |     -    |      0|  0|  26|           1|          19|
    |sub_ln1118_65_fu_7813_p2   |     -    |      0|  0|  27|          20|          20|
    |sub_ln1118_66_fu_3044_p2   |     -    |      0|  0|  26|          19|          19|
    |sub_ln1118_67_fu_3060_p2   |     -    |      0|  0|  26|           1|          19|
    |sub_ln1118_68_fu_3102_p2   |     -    |      0|  0|  26|           1|          19|
    |sub_ln1118_69_fu_1232_p2   |     -    |      0|  0|   8|           1|          19|
    |sub_ln1118_6_fu_1752_p2    |     -    |      0|  0|  26|           1|          19|
    |sub_ln1118_70_fu_1238_p2   |     -    |      0|  0|   8|          19|          19|
    |sub_ln1118_71_fu_7862_p2   |     -    |      0|  0|  27|          20|          20|
    |sub_ln1118_72_fu_3148_p2   |     -    |      0|  0|  27|          20|          20|
    |sub_ln1118_73_fu_3180_p2   |     -    |      0|  0|  26|          19|          19|
    |sub_ln1118_74_fu_3254_p2   |     -    |      0|  0|  27|          20|          20|
    |sub_ln1118_75_fu_3286_p2   |     -    |      0|  0|   8|           1|          19|
    |sub_ln1118_76_fu_3292_p2   |     -    |      0|  0|   8|          19|          19|
    |sub_ln1118_77_fu_3332_p2   |     -    |      0|  0|  27|          20|          20|
    |sub_ln1118_78_fu_3360_p2   |     -    |      0|  0|  26|           1|          19|
    |sub_ln1118_79_fu_7913_p2   |     -    |      0|  0|  26|           1|          19|
    |sub_ln1118_7_fu_1784_p2    |     -    |      0|  0|  26|          19|          19|
    |sub_ln1118_80_fu_7941_p2   |     -    |      0|  0|  26|           1|          19|
    |sub_ln1118_81_fu_3396_p2   |     -    |      0|  0|  26|           1|          19|
    |sub_ln1118_82_fu_3472_p2   |     -    |      0|  0|  27|          20|          20|
    |sub_ln1118_83_fu_3504_p2   |     -    |      0|  0|   8|           1|          19|
    |sub_ln1118_84_fu_3510_p2   |     -    |      0|  0|   8|          19|          19|
    |sub_ln1118_85_fu_3574_p2   |     -    |      0|  0|   8|           1|          19|
    |sub_ln1118_86_fu_3580_p2   |     -    |      0|  0|   8|          19|          19|
    |sub_ln1118_87_fu_3620_p2   |     -    |      0|  0|  27|          20|          20|
    |sub_ln1118_88_fu_3660_p2   |     -    |      0|  0|  27|          20|          20|
    |sub_ln1118_89_fu_3714_p2   |     -    |      0|  0|  27|          20|          20|
    |sub_ln1118_8_fu_1816_p2    |     -    |      0|  0|  25|           1|          18|
    |sub_ln1118_90_fu_3742_p2   |     -    |      0|  0|  26|           1|          19|
    |sub_ln1118_91_fu_3774_p2   |     -    |      0|  0|  26|           1|          19|
    |sub_ln1118_92_fu_3814_p2   |     -    |      0|  0|  27|          20|          20|
    |sub_ln1118_93_fu_2227_p2   |     -    |      0|  0|  26|          19|          19|
    |sub_ln1118_94_fu_3830_p2   |     -    |      0|  0|  26|          19|          19|
    |sub_ln1118_95_fu_3846_p2   |     -    |      0|  0|  27|          20|          20|
    |sub_ln1118_96_fu_3966_p2   |     -    |      0|  0|  26|           1|          19|
    |sub_ln1118_97_fu_3998_p2   |     -    |      0|  0|  27|          20|          20|
    |sub_ln1118_98_fu_1374_p2   |     -    |      0|  0|  26|           1|          19|
    |sub_ln1118_99_fu_4048_p2   |     -    |      0|  0|  27|          20|          20|
    |sub_ln1118_9_fu_9305_p2    |     -    |      0|  0|  27|          20|          20|
    |sub_ln1118_fu_1200_p2      |     -    |      0|  0|  24|           1|          17|
    +---------------------------+----------+-------+---+----+------------+------------+
    |Total                      |          |      0|  0|8170|        5895|        7326|
    +---------------------------+----------+-------+---+----+------------+------------+

    * Multiplexer: 
    +-----------+----+-----------+-----+-----------+
    |    Name   | LUT| Input Size| Bits| Total Bits|
    +-----------+----+-----------+-----+-----------+
    |ap_NS_fsm  |  38|          7|    1|          7|
    +-----------+----+-----------+-----+-----------+
    |Total      |  38|          7|    1|          7|
    +-----------+----+-----------+-----+-----------+

    * Register: 
    +-----------------------------+----+----+-----+-----------+
    |             Name            | FF | LUT| Bits| Const Bits|
    +-----------------------------+----+----+-----+-----------+
    |acc_1_V_reg_11857            |  10|   0|   10|          0|
    |acc_3_V_reg_11872            |  10|   0|   10|          0|
    |acc_7_V_reg_11917            |  10|   0|   10|          0|
    |add_ln703_101_reg_11282      |  10|   0|   10|          0|
    |add_ln703_105_reg_11007      |  10|   0|   10|          0|
    |add_ln703_106_reg_11287      |  10|   0|   10|          0|
    |add_ln703_107_reg_11842      |  10|   0|   10|          0|
    |add_ln703_108_reg_11657      |  10|   0|   10|          0|
    |add_ln703_110_reg_11292      |  10|   0|   10|          0|
    |add_ln703_112_reg_11297      |  10|   0|   10|          0|
    |add_ln703_115_reg_11302      |  10|   0|   10|          0|
    |add_ln703_116_reg_11662      |  10|   0|   10|          0|
    |add_ln703_117_reg_11847      |  10|   0|   10|          0|
    |add_ln703_121_reg_11307      |  10|   0|   10|          0|
    |add_ln703_122_reg_11667      |  10|   0|   10|          0|
    |add_ln703_123_reg_11312      |  10|   0|   10|          0|
    |add_ln703_126_reg_11317      |  10|   0|   10|          0|
    |add_ln703_127_reg_11672      |  10|   0|   10|          0|
    |add_ln703_129_reg_11012      |  10|   0|   10|          0|
    |add_ln703_131_reg_11322      |  10|   0|   10|          0|
    |add_ln703_133_reg_11017      |   9|   0|    9|          0|
    |add_ln703_136_reg_11022      |  10|   0|   10|          0|
    |add_ln703_137_reg_11327      |  10|   0|   10|          0|
    |add_ln703_138_reg_11677      |  10|   0|   10|          0|
    |add_ln703_139_reg_11852      |  10|   0|   10|          0|
    |add_ln703_142_reg_11682      |  10|   0|   10|          0|
    |add_ln703_144_reg_11332      |  10|   0|   10|          0|
    |add_ln703_145_reg_11687      |  10|   0|   10|          0|
    |add_ln703_147_reg_11027      |  10|   0|   10|          0|
    |add_ln703_148_reg_11337      |  10|   0|   10|          0|
    |add_ln703_152_reg_11342      |  10|   0|   10|          0|
    |add_ln703_153_reg_11692      |  10|   0|   10|          0|
    |add_ln703_155_reg_11697      |  10|   0|   10|          0|
    |add_ln703_157_reg_11347      |  10|   0|   10|          0|
    |add_ln703_161_reg_11352      |  10|   0|   10|          0|
    |add_ln703_162_reg_11702      |  10|   0|   10|          0|
    |add_ln703_163_reg_11862      |  10|   0|   10|          0|
    |add_ln703_164_reg_11357      |  10|   0|   10|          0|
    |add_ln703_166_reg_11362      |  10|   0|   10|          0|
    |add_ln703_170_reg_11032      |  10|   0|   10|          0|
    |add_ln703_171_reg_11367      |  10|   0|   10|          0|
    |add_ln703_172_reg_11707      |  10|   0|   10|          0|
    |add_ln703_176_reg_11372      |  10|   0|   10|          0|
    |add_ln703_177_reg_11712      |  10|   0|   10|          0|
    |add_ln703_180_reg_11377      |  10|   0|   10|          0|
    |add_ln703_181_reg_11717      |  10|   0|   10|          0|
    |add_ln703_183_reg_11382      |   9|   0|    9|          0|
    |add_ln703_184_reg_11037      |   9|   0|    9|          0|
    |add_ln703_185_reg_11387      |  10|   0|   10|          0|
    |add_ln703_187_reg_11042      |   9|   0|    9|          0|
    |add_ln703_190_reg_11047      |   9|   0|    9|          0|
    |add_ln703_191_reg_11392      |  10|   0|   10|          0|
    |add_ln703_192_reg_11722      |  10|   0|   10|          0|
    |add_ln703_193_reg_11867      |  10|   0|   10|          0|
    |add_ln703_195_reg_11397      |  10|   0|   10|          0|
    |add_ln703_196_reg_11402      |  10|   0|   10|          0|
    |add_ln703_199_reg_11052      |  10|   0|   10|          0|
    |add_ln703_200_reg_11407      |  10|   0|   10|          0|
    |add_ln703_201_reg_11727      |  10|   0|   10|          0|
    |add_ln703_202_reg_11412      |  10|   0|   10|          0|
    |add_ln703_203_reg_11417      |  10|   0|   10|          0|
    |add_ln703_206_reg_11057      |  10|   0|   10|          0|
    |add_ln703_207_reg_11422      |  10|   0|   10|          0|
    |add_ln703_208_reg_11732      |  10|   0|   10|          0|
    |add_ln703_211_reg_11062      |  10|   0|   10|          0|
    |add_ln703_212_reg_11427      |  10|   0|   10|          0|
    |add_ln703_214_reg_11067      |   9|   0|    9|          0|
    |add_ln703_215_reg_11432      |  10|   0|   10|          0|
    |add_ln703_217_reg_11072      |   9|   0|    9|          0|
    |add_ln703_218_reg_11077      |   9|   0|    9|          0|
    |add_ln703_221_reg_10327      |   8|   0|    8|          0|
    |add_ln703_222_reg_11082      |   9|   0|    9|          0|
    |add_ln703_223_reg_11437      |  10|   0|   10|          0|
    |add_ln703_224_reg_11737      |  10|   0|   10|          0|
    |add_ln703_226_reg_11742      |  10|   0|   10|          0|
    |add_ln703_228_reg_11442      |  10|   0|   10|          0|
    |add_ln703_230_reg_11447      |  10|   0|   10|          0|
    |add_ln703_233_reg_11452      |  10|   0|   10|          0|
    |add_ln703_234_reg_11747      |  10|   0|   10|          0|
    |add_ln703_235_reg_11877      |  10|   0|   10|          0|
    |add_ln703_237_reg_11457      |  10|   0|   10|          0|
    |add_ln703_239_reg_11462      |  10|   0|   10|          0|
    |add_ln703_241_reg_11087      |  10|   0|   10|          0|
    |add_ln703_244_reg_11467      |  10|   0|   10|          0|
    |add_ln703_245_reg_11752      |  10|   0|   10|          0|
    |add_ln703_246_reg_11882      |  10|   0|   10|          0|
    |add_ln703_250_reg_11472      |  10|   0|   10|          0|
    |add_ln703_251_reg_11757      |  10|   0|   10|          0|
    |add_ln703_252_reg_11477      |  10|   0|   10|          0|
    |add_ln703_255_reg_11482      |  10|   0|   10|          0|
    |add_ln703_256_reg_11762      |  10|   0|   10|          0|
    |add_ln703_259_reg_11487      |  10|   0|   10|          0|
    |add_ln703_261_reg_11492      |  10|   0|   10|          0|
    |add_ln703_263_reg_11092      |   9|   0|    9|          0|
    |add_ln703_266_reg_11097      |  10|   0|   10|          0|
    |add_ln703_267_reg_11497      |  10|   0|   10|          0|
    |add_ln703_268_reg_11767      |  10|   0|   10|          0|
    |add_ln703_269_reg_11887      |  10|   0|   10|          0|
    |add_ln703_271_reg_11502      |  10|   0|   10|          0|
    |add_ln703_272_reg_11507      |  10|   0|   10|          0|
    |add_ln703_275_reg_11102      |  10|   0|   10|          0|
    |add_ln703_276_reg_11512      |  10|   0|   10|          0|
    |add_ln703_277_reg_11772      |  10|   0|   10|          0|
    |add_ln703_278_reg_11777      |  10|   0|   10|          0|
    |add_ln703_279_reg_11107      |  10|   0|   10|          0|
    |add_ln703_283_reg_11517      |  10|   0|   10|          0|
    |add_ln703_284_reg_11782      |  10|   0|   10|          0|
    |add_ln703_285_reg_11892      |  10|   0|   10|          0|
    |add_ln703_288_reg_11112      |  10|   0|   10|          0|
    |add_ln703_289_reg_11522      |  10|   0|   10|          0|
    |add_ln703_292_reg_11527      |  10|   0|   10|          0|
    |add_ln703_293_reg_11787      |  10|   0|   10|          0|
    |add_ln703_295_reg_11532      |  10|   0|   10|          0|
    |add_ln703_296_reg_11537      |  10|   0|   10|          0|
    |add_ln703_300_reg_11117      |   9|   0|    9|          0|
    |add_ln703_301_reg_11542      |  10|   0|   10|          0|
    |add_ln703_302_reg_11792      |  10|   0|   10|          0|
    |add_ln703_303_reg_11897      |  10|   0|   10|          0|
    |add_ln703_305_reg_11547      |  10|   0|   10|          0|
    |add_ln703_307_reg_11552      |  10|   0|   10|          0|
    |add_ln703_309_reg_11557      |  10|   0|   10|          0|
    |add_ln703_312_reg_11562      |  10|   0|   10|          0|
    |add_ln703_313_reg_11797      |  10|   0|   10|          0|
    |add_ln703_314_reg_11902      |  10|   0|   10|          0|
    |add_ln703_316_reg_11567      |  10|   0|   10|          0|
    |add_ln703_318_reg_11802      |  10|   0|   10|          0|
    |add_ln703_320_reg_11572      |  10|   0|   10|          0|
    |add_ln703_323_reg_11577      |  10|   0|   10|          0|
    |add_ln703_324_reg_11807      |  10|   0|   10|          0|
    |add_ln703_325_reg_11907      |  10|   0|   10|          0|
    |add_ln703_329_reg_11582      |  10|   0|   10|          0|
    |add_ln703_330_reg_11812      |  10|   0|   10|          0|
    |add_ln703_331_reg_11587      |  10|   0|   10|          0|
    |add_ln703_334_reg_11592      |  10|   0|   10|          0|
    |add_ln703_335_reg_11817      |  10|   0|   10|          0|
    |add_ln703_338_reg_11597      |  10|   0|   10|          0|
    |add_ln703_340_reg_11602      |  10|   0|   10|          0|
    |add_ln703_342_reg_11122      |   9|   0|    9|          0|
    |add_ln703_345_reg_11127      |   9|   0|    9|          0|
    |add_ln703_346_reg_11607      |  10|   0|   10|          0|
    |add_ln703_347_reg_11822      |  10|   0|   10|          0|
    |add_ln703_348_reg_11912      |  10|   0|   10|          0|
    |add_ln703_350_reg_11612      |  10|   0|   10|          0|
    |add_ln703_351_reg_11617      |  10|   0|   10|          0|
    |add_ln703_354_reg_11132      |  10|   0|   10|          0|
    |add_ln703_355_reg_11622      |  10|   0|   10|          0|
    |add_ln703_356_reg_11827      |  10|   0|   10|          0|
    |add_ln703_357_reg_11137      |  10|   0|   10|          0|
    |add_ln703_358_reg_11627      |  10|   0|   10|          0|
    |add_ln703_361_reg_11142      |  10|   0|   10|          0|
    |add_ln703_362_reg_11632      |  10|   0|   10|          0|
    |add_ln703_363_reg_11832      |  10|   0|   10|          0|
    |add_ln703_366_reg_11147      |  10|   0|   10|          0|
    |add_ln703_367_reg_11637      |  10|   0|   10|          0|
    |add_ln703_369_reg_11152      |  10|   0|   10|          0|
    |add_ln703_370_reg_11642      |  10|   0|   10|          0|
    |add_ln703_372_reg_11157      |   9|   0|    9|          0|
    |add_ln703_373_reg_11162      |   9|   0|    9|          0|
    |add_ln703_376_reg_10332      |   8|   0|    8|          0|
    |add_ln703_378_reg_11167      |  10|   0|   10|          0|
    |add_ln703_379_reg_11647      |  10|   0|   10|          0|
    |add_ln703_380_reg_11837      |  10|   0|   10|          0|
    |add_ln703_reg_11652          |  10|   0|   10|          0|
    |ap_CS_fsm                    |   6|   0|    6|          0|
    |ap_port_reg_data_100_V_read  |  16|   0|   16|          0|
    |ap_port_reg_data_102_V_read  |  16|   0|   16|          0|
    |ap_port_reg_data_103_V_read  |  16|   0|   16|          0|
    |ap_port_reg_data_104_V_read  |  16|   0|   16|          0|
    |ap_port_reg_data_105_V_read  |  16|   0|   16|          0|
    |ap_port_reg_data_106_V_read  |  16|   0|   16|          0|
    |ap_port_reg_data_108_V_read  |  16|   0|   16|          0|
    |ap_port_reg_data_109_V_read  |  16|   0|   16|          0|
    |ap_port_reg_data_10_V_read   |  16|   0|   16|          0|
    |ap_port_reg_data_110_V_read  |  16|   0|   16|          0|
    |ap_port_reg_data_112_V_read  |  16|   0|   16|          0|
    |ap_port_reg_data_113_V_read  |  16|   0|   16|          0|
    |ap_port_reg_data_114_V_read  |  16|   0|   16|          0|
    |ap_port_reg_data_115_V_read  |  16|   0|   16|          0|
    |ap_port_reg_data_117_V_read  |  16|   0|   16|          0|
    |ap_port_reg_data_118_V_read  |  16|   0|   16|          0|
    |ap_port_reg_data_119_V_read  |  16|   0|   16|          0|
    |ap_port_reg_data_11_V_read   |  16|   0|   16|          0|
    |ap_port_reg_data_120_V_read  |  16|   0|   16|          0|
    |ap_port_reg_data_121_V_read  |  16|   0|   16|          0|
    |ap_port_reg_data_122_V_read  |  16|   0|   16|          0|
    |ap_port_reg_data_123_V_read  |  16|   0|   16|          0|
    |ap_port_reg_data_124_V_read  |  16|   0|   16|          0|
    |ap_port_reg_data_125_V_read  |  16|   0|   16|          0|
    |ap_port_reg_data_126_V_read  |  16|   0|   16|          0|
    |ap_port_reg_data_127_V_read  |  16|   0|   16|          0|
    |ap_port_reg_data_129_V_read  |  16|   0|   16|          0|
    |ap_port_reg_data_12_V_read   |  16|   0|   16|          0|
    |ap_port_reg_data_130_V_read  |  16|   0|   16|          0|
    |ap_port_reg_data_131_V_read  |  16|   0|   16|          0|
    |ap_port_reg_data_132_V_read  |  16|   0|   16|          0|
    |ap_port_reg_data_133_V_read  |  16|   0|   16|          0|
    |ap_port_reg_data_134_V_read  |  16|   0|   16|          0|
    |ap_port_reg_data_135_V_read  |  16|   0|   16|          0|
    |ap_port_reg_data_137_V_read  |  16|   0|   16|          0|
    |ap_port_reg_data_138_V_read  |  16|   0|   16|          0|
    |ap_port_reg_data_139_V_read  |  16|   0|   16|          0|
    |ap_port_reg_data_13_V_read   |  16|   0|   16|          0|
    |ap_port_reg_data_140_V_read  |  16|   0|   16|          0|
    |ap_port_reg_data_141_V_read  |  16|   0|   16|          0|
    |ap_port_reg_data_142_V_read  |  16|   0|   16|          0|
    |ap_port_reg_data_143_V_read  |  16|   0|   16|          0|
    |ap_port_reg_data_14_V_read   |  16|   0|   16|          0|
    |ap_port_reg_data_15_V_read   |  16|   0|   16|          0|
    |ap_port_reg_data_16_V_read   |  16|   0|   16|          0|
    |ap_port_reg_data_19_V_read   |  16|   0|   16|          0|
    |ap_port_reg_data_1_V_read    |  16|   0|   16|          0|
    |ap_port_reg_data_20_V_read   |  16|   0|   16|          0|
    |ap_port_reg_data_21_V_read   |  16|   0|   16|          0|
    |ap_port_reg_data_22_V_read   |  16|   0|   16|          0|
    |ap_port_reg_data_23_V_read   |  16|   0|   16|          0|
    |ap_port_reg_data_24_V_read   |  16|   0|   16|          0|
    |ap_port_reg_data_25_V_read   |  16|   0|   16|          0|
    |ap_port_reg_data_26_V_read   |  16|   0|   16|          0|
    |ap_port_reg_data_27_V_read   |  16|   0|   16|          0|
    |ap_port_reg_data_28_V_read   |  16|   0|   16|          0|
    |ap_port_reg_data_29_V_read   |  16|   0|   16|          0|
    |ap_port_reg_data_2_V_read    |  16|   0|   16|          0|
    |ap_port_reg_data_31_V_read   |  16|   0|   16|          0|
    |ap_port_reg_data_32_V_read   |  16|   0|   16|          0|
    |ap_port_reg_data_33_V_read   |  16|   0|   16|          0|
    |ap_port_reg_data_34_V_read   |  16|   0|   16|          0|
    |ap_port_reg_data_35_V_read   |  16|   0|   16|          0|
    |ap_port_reg_data_36_V_read   |  16|   0|   16|          0|
    |ap_port_reg_data_37_V_read   |  16|   0|   16|          0|
    |ap_port_reg_data_38_V_read   |  16|   0|   16|          0|
    |ap_port_reg_data_39_V_read   |  16|   0|   16|          0|
    |ap_port_reg_data_3_V_read    |  16|   0|   16|          0|
    |ap_port_reg_data_41_V_read   |  16|   0|   16|          0|
    |ap_port_reg_data_43_V_read   |  16|   0|   16|          0|
    |ap_port_reg_data_44_V_read   |  16|   0|   16|          0|
    |ap_port_reg_data_46_V_read   |  16|   0|   16|          0|
    |ap_port_reg_data_48_V_read   |  16|   0|   16|          0|
    |ap_port_reg_data_49_V_read   |  16|   0|   16|          0|
    |ap_port_reg_data_4_V_read    |  16|   0|   16|          0|
    |ap_port_reg_data_51_V_read   |  16|   0|   16|          0|
    |ap_port_reg_data_53_V_read   |  16|   0|   16|          0|
    |ap_port_reg_data_54_V_read   |  16|   0|   16|          0|
    |ap_port_reg_data_55_V_read   |  16|   0|   16|          0|
    |ap_port_reg_data_56_V_read   |  16|   0|   16|          0|
    |ap_port_reg_data_57_V_read   |  16|   0|   16|          0|
    |ap_port_reg_data_58_V_read   |  16|   0|   16|          0|
    |ap_port_reg_data_59_V_read   |  16|   0|   16|          0|
    |ap_port_reg_data_5_V_read    |  16|   0|   16|          0|
    |ap_port_reg_data_60_V_read   |  16|   0|   16|          0|
    |ap_port_reg_data_63_V_read   |  16|   0|   16|          0|
    |ap_port_reg_data_65_V_read   |  16|   0|   16|          0|
    |ap_port_reg_data_66_V_read   |  16|   0|   16|          0|
    |ap_port_reg_data_67_V_read   |  16|   0|   16|          0|
    |ap_port_reg_data_68_V_read   |  16|   0|   16|          0|
    |ap_port_reg_data_69_V_read   |  16|   0|   16|          0|
    |ap_port_reg_data_6_V_read    |  16|   0|   16|          0|
    |ap_port_reg_data_70_V_read   |  16|   0|   16|          0|
    |ap_port_reg_data_71_V_read   |  16|   0|   16|          0|
    |ap_port_reg_data_72_V_read   |  16|   0|   16|          0|
    |ap_port_reg_data_73_V_read   |  16|   0|   16|          0|
    |ap_port_reg_data_75_V_read   |  16|   0|   16|          0|
    |ap_port_reg_data_76_V_read   |  16|   0|   16|          0|
    |ap_port_reg_data_77_V_read   |  16|   0|   16|          0|
    |ap_port_reg_data_79_V_read   |  16|   0|   16|          0|
    |ap_port_reg_data_7_V_read    |  16|   0|   16|          0|
    |ap_port_reg_data_80_V_read   |  16|   0|   16|          0|
    |ap_port_reg_data_81_V_read   |  16|   0|   16|          0|
    |ap_port_reg_data_82_V_read   |  16|   0|   16|          0|
    |ap_port_reg_data_83_V_read   |  16|   0|   16|          0|
    |ap_port_reg_data_84_V_read   |  16|   0|   16|          0|
    |ap_port_reg_data_85_V_read   |  16|   0|   16|          0|
    |ap_port_reg_data_87_V_read   |  16|   0|   16|          0|
    |ap_port_reg_data_88_V_read   |  16|   0|   16|          0|
    |ap_port_reg_data_89_V_read   |  16|   0|   16|          0|
    |ap_port_reg_data_8_V_read    |  16|   0|   16|          0|
    |ap_port_reg_data_90_V_read   |  16|   0|   16|          0|
    |ap_port_reg_data_91_V_read   |  16|   0|   16|          0|
    |ap_port_reg_data_92_V_read   |  16|   0|   16|          0|
    |ap_port_reg_data_95_V_read   |  16|   0|   16|          0|
    |ap_port_reg_data_96_V_read   |  16|   0|   16|          0|
    |ap_port_reg_data_97_V_read   |  16|   0|   16|          0|
    |ap_port_reg_data_98_V_read   |  16|   0|   16|          0|
    |ap_port_reg_data_99_V_read   |  16|   0|   16|          0|
    |data_21_V_read81_reg_10337   |  16|   0|   16|          0|
    |data_52_V_read_2_reg_10234   |  16|   0|   16|          0|
    |mult_1014_V_reg_10916        |  10|   0|   10|          0|
    |mult_1021_V_reg_11267        |  10|   0|   10|          0|
    |mult_1030_V_reg_10312        |  10|   0|   10|          0|
    |mult_1051_V_reg_10936        |  10|   0|   10|          0|
    |mult_1053_V_reg_10942        |  10|   0|   10|          0|
    |mult_1062_V_reg_11272        |  10|   0|   10|          0|
    |mult_1101_V_reg_10957        |  10|   0|   10|          0|
    |mult_1126_V_reg_10982        |  10|   0|   10|          0|
    |mult_1134_V_reg_10992        |  10|   0|   10|          0|
    |mult_292_V_reg_10450         |  10|   0|   10|          0|
    |mult_296_V_reg_10455         |  10|   0|   10|          0|
    |mult_29_V_reg_10360          |  10|   0|   10|          0|
    |mult_334_V_reg_10475         |  10|   0|   10|          0|
    |mult_428_V_reg_11207         |  10|   0|   10|          0|
    |mult_430_V_reg_11212         |  10|   0|   10|          0|
    |mult_469_V_reg_11227         |  10|   0|   10|          0|
    |mult_48_V_reg_10375          |  10|   0|   10|          0|
    |mult_522_V_reg_10555         |  10|   0|   10|          0|
    |mult_550_V_reg_10575         |  10|   0|   10|          0|
    |mult_556_V_reg_10585         |  10|   0|   10|          0|
    |mult_563_V_reg_10590         |  10|   0|   10|          0|
    |mult_584_V_reg_11242         |  10|   0|   10|          0|
    |mult_591_V_reg_10605         |  10|   0|   10|          0|
    |mult_592_V_reg_10272         |  10|   0|   10|          0|
    |mult_622_V_reg_10630         |  10|   0|   10|          0|
    |mult_636_V_reg_10635         |  10|   0|   10|          0|
    |mult_642_V_reg_10640         |  10|   0|   10|          0|
    |mult_650_V_reg_10655         |  10|   0|   10|          0|
    |mult_684_V_reg_10685         |  10|   0|   10|          0|
    |mult_698_V_reg_10690         |  10|   0|   10|          0|
    |mult_724_V_reg_10705         |  10|   0|   10|          0|
    |mult_732_V_reg_10710         |  10|   0|   10|          0|
    |mult_764_V_reg_11252         |  10|   0|   10|          0|
    |mult_778_V_reg_11257         |  10|   0|   10|          0|
    |mult_810_V_reg_10770         |  10|   0|   10|          0|
    |mult_833_V_reg_10785         |  10|   0|   10|          0|
    |mult_835_V_reg_10791         |  10|   0|   10|          0|
    |mult_848_V_reg_10801         |  10|   0|   10|          0|
    |mult_882_V_reg_10821         |  10|   0|   10|          0|
    |mult_907_V_reg_10846         |  10|   0|   10|          0|
    |mult_939_V_reg_10871         |  10|   0|   10|          0|
    |mult_958_V_reg_10881         |  10|   0|   10|          0|
    |trunc_ln708_113_reg_10350    |   9|   0|    9|          0|
    |trunc_ln708_114_reg_10355    |   9|   0|    9|          0|
    |trunc_ln708_116_reg_10365    |   8|   0|    8|          0|
    |trunc_ln708_117_reg_10370    |   9|   0|    9|          0|
    |trunc_ln708_119_reg_10380    |   8|   0|    8|          0|
    |trunc_ln708_122_reg_10385    |   8|   0|    8|          0|
    |trunc_ln708_123_reg_10390    |   9|   0|    9|          0|
    |trunc_ln708_128_reg_10395    |   9|   0|    9|          0|
    |trunc_ln708_129_reg_10242    |   9|   0|    9|          0|
    |trunc_ln708_130_reg_11172    |   9|   0|    9|          0|
    |trunc_ln708_133_reg_11177    |   9|   0|    9|          0|
    |trunc_ln708_136_reg_10400    |   9|   0|    9|          0|
    |trunc_ln708_138_reg_11182    |   9|   0|    9|          0|
    |trunc_ln708_139_reg_10405    |   9|   0|    9|          0|
    |trunc_ln708_143_reg_10410    |   9|   0|    9|          0|
    |trunc_ln708_145_reg_10415    |   8|   0|    8|          0|
    |trunc_ln708_148_reg_11187    |   9|   0|    9|          0|
    |trunc_ln708_151_reg_10420    |   9|   0|    9|          0|
    |trunc_ln708_153_reg_10425    |   9|   0|    9|          0|
    |trunc_ln708_154_reg_10430    |   9|   0|    9|          0|
    |trunc_ln708_157_reg_10435    |   9|   0|    9|          0|
    |trunc_ln708_158_reg_10440    |   9|   0|    9|          0|
    |trunc_ln708_159_reg_10445    |   9|   0|    9|          0|
    |trunc_ln708_160_reg_10460    |   9|   0|    9|          0|
    |trunc_ln708_161_reg_10465    |   9|   0|    9|          0|
    |trunc_ln708_162_reg_11192    |   9|   0|    9|          0|
    |trunc_ln708_164_reg_10470    |   9|   0|    9|          0|
    |trunc_ln708_167_reg_10480    |   9|   0|    9|          0|
    |trunc_ln708_168_reg_10485    |   9|   0|    9|          0|
    |trunc_ln708_169_reg_10490    |   9|   0|    9|          0|
    |trunc_ln708_170_reg_11197    |   9|   0|    9|          0|
    |trunc_ln708_171_reg_10495    |   9|   0|    9|          0|
    |trunc_ln708_172_reg_10500    |   8|   0|    8|          0|
    |trunc_ln708_173_reg_10505    |   9|   0|    9|          0|
    |trunc_ln708_174_reg_10510    |   9|   0|    9|          0|
    |trunc_ln708_175_reg_10247    |   9|   0|    9|          0|
    |trunc_ln708_176_reg_10252    |   8|   0|    8|          0|
    |trunc_ln708_177_reg_11202    |   9|   0|    9|          0|
    |trunc_ln708_178_reg_10515    |   9|   0|    9|          0|
    |trunc_ln708_179_reg_10257    |   7|   0|    7|          0|
    |trunc_ln708_181_reg_11217    |   9|   0|    9|          0|
    |trunc_ln708_182_reg_10520    |   9|   0|    9|          0|
    |trunc_ln708_184_reg_10525    |   9|   0|    9|          0|
    |trunc_ln708_186_reg_10530    |   9|   0|    9|          0|
    |trunc_ln708_188_reg_10535    |   9|   0|    9|          0|
    |trunc_ln708_189_reg_11222    |   9|   0|    9|          0|
    |trunc_ln708_190_reg_10540    |   9|   0|    9|          0|
    |trunc_ln708_191_reg_10545    |   9|   0|    9|          0|
    |trunc_ln708_193_reg_10550    |   9|   0|    9|          0|
    |trunc_ln708_194_reg_10262    |   9|   0|    9|          0|
    |trunc_ln708_195_reg_10267    |   9|   0|    9|          0|
    |trunc_ln708_196_reg_10560    |   9|   0|    9|          0|
    |trunc_ln708_198_reg_10565    |   9|   0|    9|          0|
    |trunc_ln708_199_reg_10570    |   8|   0|    8|          0|
    |trunc_ln708_200_reg_10580    |   9|   0|    9|          0|
    |trunc_ln708_202_reg_11232    |   9|   0|    9|          0|
    |trunc_ln708_203_reg_11237    |   9|   0|    9|          0|
    |trunc_ln708_204_reg_10595    |   9|   0|    9|          0|
    |trunc_ln708_205_reg_10600    |   9|   0|    9|          0|
    |trunc_ln708_208_reg_10610    |   9|   0|    9|          0|
    |trunc_ln708_209_reg_10615    |   9|   0|    9|          0|
    |trunc_ln708_210_reg_10620    |   9|   0|    9|          0|
    |trunc_ln708_211_reg_10625    |   9|   0|    9|          0|
    |trunc_ln708_213_reg_10645    |   9|   0|    9|          0|
    |trunc_ln708_214_reg_10650    |   9|   0|    9|          0|
    |trunc_ln708_215_reg_10660    |   9|   0|    9|          0|
    |trunc_ln708_216_reg_10665    |   9|   0|    9|          0|
    |trunc_ln708_218_reg_10670    |   8|   0|    8|          0|
    |trunc_ln708_219_reg_10675    |   9|   0|    9|          0|
    |trunc_ln708_220_reg_10680    |   9|   0|    9|          0|
    |trunc_ln708_221_reg_10277    |   9|   0|    9|          0|
    |trunc_ln708_222_reg_10282    |   8|   0|    8|          0|
    |trunc_ln708_223_reg_10287    |   9|   0|    9|          0|
    |trunc_ln708_224_reg_10695    |   9|   0|    9|          0|
    |trunc_ln708_225_reg_11247    |   9|   0|    9|          0|
    |trunc_ln708_227_reg_10700    |   9|   0|    9|          0|
    |trunc_ln708_229_reg_10715    |   8|   0|    8|          0|
    |trunc_ln708_231_reg_10720    |   9|   0|    9|          0|
    |trunc_ln708_232_reg_10725    |   9|   0|    9|          0|
    |trunc_ln708_233_reg_10730    |   9|   0|    9|          0|
    |trunc_ln708_234_reg_10735    |   9|   0|    9|          0|
    |trunc_ln708_235_reg_10740    |   9|   0|    9|          0|
    |trunc_ln708_237_reg_10745    |   9|   0|    9|          0|
    |trunc_ln708_238_reg_10750    |   9|   0|    9|          0|
    |trunc_ln708_239_reg_10755    |   9|   0|    9|          0|
    |trunc_ln708_240_reg_10760    |   8|   0|    8|          0|
    |trunc_ln708_242_reg_10765    |   9|   0|    9|          0|
    |trunc_ln708_243_reg_10292    |   9|   0|    9|          0|
    |trunc_ln708_244_reg_10775    |   9|   0|    9|          0|
    |trunc_ln708_245_reg_10780    |   9|   0|    9|          0|
    |trunc_ln708_248_reg_10796    |   9|   0|    9|          0|
    |trunc_ln708_249_reg_10806    |   9|   0|    9|          0|
    |trunc_ln708_250_reg_10811    |   9|   0|    9|          0|
    |trunc_ln708_251_reg_10816    |   9|   0|    9|          0|
    |trunc_ln708_252_reg_10826    |   9|   0|    9|          0|
    |trunc_ln708_253_reg_10831    |   9|   0|    9|          0|
    |trunc_ln708_254_reg_10836    |   9|   0|    9|          0|
    |trunc_ln708_255_reg_10841    |   9|   0|    9|          0|
    |trunc_ln708_260_reg_10851    |   9|   0|    9|          0|
    |trunc_ln708_261_reg_10856    |   9|   0|    9|          0|
    |trunc_ln708_262_reg_10861    |   9|   0|    9|          0|
    |trunc_ln708_263_reg_10297    |   7|   0|    7|          0|
    |trunc_ln708_264_reg_10302    |   9|   0|    9|          0|
    |trunc_ln708_265_reg_10307    |   9|   0|    9|          0|
    |trunc_ln708_266_reg_10866    |   9|   0|    9|          0|
    |trunc_ln708_268_reg_10876    |   9|   0|    9|          0|
    |trunc_ln708_274_reg_10886    |   9|   0|    9|          0|
    |trunc_ln708_275_reg_10891    |   9|   0|    9|          0|
    |trunc_ln708_278_reg_10896    |   9|   0|    9|          0|
    |trunc_ln708_280_reg_10901    |   9|   0|    9|          0|
    |trunc_ln708_282_reg_10906    |   9|   0|    9|          0|
    |trunc_ln708_285_reg_10911    |   9|   0|    9|          0|
    |trunc_ln708_286_reg_11262    |   9|   0|    9|          0|
    |trunc_ln708_289_reg_10921    |   9|   0|    9|          0|
    |trunc_ln708_291_reg_10926    |   9|   0|    9|          0|
    |trunc_ln708_292_reg_10931    |   9|   0|    9|          0|
    |trunc_ln708_296_reg_10947    |   9|   0|    9|          0|
    |trunc_ln708_297_reg_10952    |   9|   0|    9|          0|
    |trunc_ln708_298_reg_11277    |   9|   0|    9|          0|
    |trunc_ln708_299_reg_10317    |   7|   0|    7|          0|
    |trunc_ln708_300_reg_10322    |   9|   0|    9|          0|
    |trunc_ln708_301_reg_10962    |   9|   0|    9|          0|
    |trunc_ln708_303_reg_10967    |   9|   0|    9|          0|
    |trunc_ln708_304_reg_10972    |   9|   0|    9|          0|
    |trunc_ln708_305_reg_10977    |   9|   0|    9|          0|
    |trunc_ln708_307_reg_10987    |   9|   0|    9|          0|
    |trunc_ln708_309_reg_10997    |   9|   0|    9|          0|
    |trunc_ln708_310_reg_11002    |   9|   0|    9|          0|
    |trunc_ln_reg_10345           |   8|   0|    8|          0|
    +-----------------------------+----+----+-----+-----------+
    |Total                        |5116|   0| 5116|          0|
    +-----------------------------+----+----+-----+-----------+



================================================================
== Interface
================================================================
* Summary: 
+-----------------+-----+-----+------------+-----------------------------------------------------------------+--------------+
|    RTL Ports    | Dir | Bits|  Protocol  |                          Source Object                          |    C Type    |
+-----------------+-----+-----+------------+-----------------------------------------------------------------+--------------+
|ap_clk           |  in |    1| ap_ctrl_hs | dense_latency<ap_fixed,ap_fixed,config6_mult>.0.0.0.0.0.0.0.0.0 | return value |
|ap_rst           |  in |    1| ap_ctrl_hs | dense_latency<ap_fixed,ap_fixed,config6_mult>.0.0.0.0.0.0.0.0.0 | return value |
|ap_start         |  in |    1| ap_ctrl_hs | dense_latency<ap_fixed,ap_fixed,config6_mult>.0.0.0.0.0.0.0.0.0 | return value |
|ap_done          | out |    1| ap_ctrl_hs | dense_latency<ap_fixed,ap_fixed,config6_mult>.0.0.0.0.0.0.0.0.0 | return value |
|ap_idle          | out |    1| ap_ctrl_hs | dense_latency<ap_fixed,ap_fixed,config6_mult>.0.0.0.0.0.0.0.0.0 | return value |
|ap_ready         | out |    1| ap_ctrl_hs | dense_latency<ap_fixed,ap_fixed,config6_mult>.0.0.0.0.0.0.0.0.0 | return value |
|ap_return_0      | out |   16| ap_ctrl_hs | dense_latency<ap_fixed,ap_fixed,config6_mult>.0.0.0.0.0.0.0.0.0 | return value |
|ap_return_1      | out |   16| ap_ctrl_hs | dense_latency<ap_fixed,ap_fixed,config6_mult>.0.0.0.0.0.0.0.0.0 | return value |
|ap_return_2      | out |   16| ap_ctrl_hs | dense_latency<ap_fixed,ap_fixed,config6_mult>.0.0.0.0.0.0.0.0.0 | return value |
|ap_return_3      | out |   16| ap_ctrl_hs | dense_latency<ap_fixed,ap_fixed,config6_mult>.0.0.0.0.0.0.0.0.0 | return value |
|ap_return_4      | out |   16| ap_ctrl_hs | dense_latency<ap_fixed,ap_fixed,config6_mult>.0.0.0.0.0.0.0.0.0 | return value |
|ap_return_5      | out |   16| ap_ctrl_hs | dense_latency<ap_fixed,ap_fixed,config6_mult>.0.0.0.0.0.0.0.0.0 | return value |
|ap_return_6      | out |   16| ap_ctrl_hs | dense_latency<ap_fixed,ap_fixed,config6_mult>.0.0.0.0.0.0.0.0.0 | return value |
|ap_return_7      | out |   16| ap_ctrl_hs | dense_latency<ap_fixed,ap_fixed,config6_mult>.0.0.0.0.0.0.0.0.0 | return value |
|ap_ce            |  in |    1| ap_ctrl_hs | dense_latency<ap_fixed,ap_fixed,config6_mult>.0.0.0.0.0.0.0.0.0 | return value |
|data_1_V_read    |  in |   16|   ap_none  |                          data_1_V_read                          |    scalar    |
|data_2_V_read    |  in |   16|   ap_none  |                          data_2_V_read                          |    scalar    |
|data_3_V_read    |  in |   16|   ap_none  |                          data_3_V_read                          |    scalar    |
|data_4_V_read    |  in |   16|   ap_none  |                          data_4_V_read                          |    scalar    |
|data_5_V_read    |  in |   16|   ap_none  |                          data_5_V_read                          |    scalar    |
|data_6_V_read    |  in |   16|   ap_none  |                          data_6_V_read                          |    scalar    |
|data_7_V_read    |  in |   16|   ap_none  |                          data_7_V_read                          |    scalar    |
|data_8_V_read    |  in |   16|   ap_none  |                          data_8_V_read                          |    scalar    |
|data_10_V_read   |  in |   16|   ap_none  |                          data_10_V_read                         |    scalar    |
|data_11_V_read   |  in |   16|   ap_none  |                          data_11_V_read                         |    scalar    |
|data_12_V_read   |  in |   16|   ap_none  |                          data_12_V_read                         |    scalar    |
|data_13_V_read   |  in |   16|   ap_none  |                          data_13_V_read                         |    scalar    |
|data_14_V_read   |  in |   16|   ap_none  |                          data_14_V_read                         |    scalar    |
|data_15_V_read   |  in |   16|   ap_none  |                          data_15_V_read                         |    scalar    |
|data_16_V_read   |  in |   16|   ap_none  |                          data_16_V_read                         |    scalar    |
|data_17_V_read   |  in |   16|   ap_none  |                          data_17_V_read                         |    scalar    |
|data_19_V_read   |  in |   16|   ap_none  |                          data_19_V_read                         |    scalar    |
|data_20_V_read   |  in |   16|   ap_none  |                          data_20_V_read                         |    scalar    |
|data_21_V_read   |  in |   16|   ap_none  |                          data_21_V_read                         |    scalar    |
|data_22_V_read   |  in |   16|   ap_none  |                          data_22_V_read                         |    scalar    |
|data_23_V_read   |  in |   16|   ap_none  |                          data_23_V_read                         |    scalar    |
|data_24_V_read   |  in |   16|   ap_none  |                          data_24_V_read                         |    scalar    |
|data_25_V_read   |  in |   16|   ap_none  |                          data_25_V_read                         |    scalar    |
|data_26_V_read   |  in |   16|   ap_none  |                          data_26_V_read                         |    scalar    |
|data_27_V_read   |  in |   16|   ap_none  |                          data_27_V_read                         |    scalar    |
|data_28_V_read   |  in |   16|   ap_none  |                          data_28_V_read                         |    scalar    |
|data_29_V_read   |  in |   16|   ap_none  |                          data_29_V_read                         |    scalar    |
|data_31_V_read   |  in |   16|   ap_none  |                          data_31_V_read                         |    scalar    |
|data_32_V_read   |  in |   16|   ap_none  |                          data_32_V_read                         |    scalar    |
|data_33_V_read   |  in |   16|   ap_none  |                          data_33_V_read                         |    scalar    |
|data_34_V_read   |  in |   16|   ap_none  |                          data_34_V_read                         |    scalar    |
|data_35_V_read   |  in |   16|   ap_none  |                          data_35_V_read                         |    scalar    |
|data_36_V_read   |  in |   16|   ap_none  |                          data_36_V_read                         |    scalar    |
|data_37_V_read   |  in |   16|   ap_none  |                          data_37_V_read                         |    scalar    |
|data_38_V_read   |  in |   16|   ap_none  |                          data_38_V_read                         |    scalar    |
|data_39_V_read   |  in |   16|   ap_none  |                          data_39_V_read                         |    scalar    |
|data_41_V_read   |  in |   16|   ap_none  |                          data_41_V_read                         |    scalar    |
|data_43_V_read   |  in |   16|   ap_none  |                          data_43_V_read                         |    scalar    |
|data_44_V_read   |  in |   16|   ap_none  |                          data_44_V_read                         |    scalar    |
|data_46_V_read   |  in |   16|   ap_none  |                          data_46_V_read                         |    scalar    |
|data_48_V_read   |  in |   16|   ap_none  |                          data_48_V_read                         |    scalar    |
|data_49_V_read   |  in |   16|   ap_none  |                          data_49_V_read                         |    scalar    |
|data_50_V_read   |  in |   16|   ap_none  |                          data_50_V_read                         |    scalar    |
|data_51_V_read   |  in |   16|   ap_none  |                          data_51_V_read                         |    scalar    |
|data_52_V_read   |  in |   16|   ap_none  |                          data_52_V_read                         |    scalar    |
|data_53_V_read   |  in |   16|   ap_none  |                          data_53_V_read                         |    scalar    |
|data_54_V_read   |  in |   16|   ap_none  |                          data_54_V_read                         |    scalar    |
|data_55_V_read   |  in |   16|   ap_none  |                          data_55_V_read                         |    scalar    |
|data_56_V_read   |  in |   16|   ap_none  |                          data_56_V_read                         |    scalar    |
|data_57_V_read   |  in |   16|   ap_none  |                          data_57_V_read                         |    scalar    |
|data_58_V_read   |  in |   16|   ap_none  |                          data_58_V_read                         |    scalar    |
|data_59_V_read   |  in |   16|   ap_none  |                          data_59_V_read                         |    scalar    |
|data_60_V_read   |  in |   16|   ap_none  |                          data_60_V_read                         |    scalar    |
|data_61_V_read   |  in |   16|   ap_none  |                          data_61_V_read                         |    scalar    |
|data_62_V_read   |  in |   16|   ap_none  |                          data_62_V_read                         |    scalar    |
|data_63_V_read   |  in |   16|   ap_none  |                          data_63_V_read                         |    scalar    |
|data_65_V_read   |  in |   16|   ap_none  |                          data_65_V_read                         |    scalar    |
|data_66_V_read   |  in |   16|   ap_none  |                          data_66_V_read                         |    scalar    |
|data_67_V_read   |  in |   16|   ap_none  |                          data_67_V_read                         |    scalar    |
|data_68_V_read   |  in |   16|   ap_none  |                          data_68_V_read                         |    scalar    |
|data_69_V_read   |  in |   16|   ap_none  |                          data_69_V_read                         |    scalar    |
|data_70_V_read   |  in |   16|   ap_none  |                          data_70_V_read                         |    scalar    |
|data_71_V_read   |  in |   16|   ap_none  |                          data_71_V_read                         |    scalar    |
|data_72_V_read   |  in |   16|   ap_none  |                          data_72_V_read                         |    scalar    |
|data_73_V_read   |  in |   16|   ap_none  |                          data_73_V_read                         |    scalar    |
|data_74_V_read   |  in |   16|   ap_none  |                          data_74_V_read                         |    scalar    |
|data_75_V_read   |  in |   16|   ap_none  |                          data_75_V_read                         |    scalar    |
|data_76_V_read   |  in |   16|   ap_none  |                          data_76_V_read                         |    scalar    |
|data_77_V_read   |  in |   16|   ap_none  |                          data_77_V_read                         |    scalar    |
|data_79_V_read   |  in |   16|   ap_none  |                          data_79_V_read                         |    scalar    |
|data_80_V_read   |  in |   16|   ap_none  |                          data_80_V_read                         |    scalar    |
|data_81_V_read   |  in |   16|   ap_none  |                          data_81_V_read                         |    scalar    |
|data_82_V_read   |  in |   16|   ap_none  |                          data_82_V_read                         |    scalar    |
|data_83_V_read   |  in |   16|   ap_none  |                          data_83_V_read                         |    scalar    |
|data_84_V_read   |  in |   16|   ap_none  |                          data_84_V_read                         |    scalar    |
|data_85_V_read   |  in |   16|   ap_none  |                          data_85_V_read                         |    scalar    |
|data_86_V_read   |  in |   16|   ap_none  |                          data_86_V_read                         |    scalar    |
|data_87_V_read   |  in |   16|   ap_none  |                          data_87_V_read                         |    scalar    |
|data_88_V_read   |  in |   16|   ap_none  |                          data_88_V_read                         |    scalar    |
|data_89_V_read   |  in |   16|   ap_none  |                          data_89_V_read                         |    scalar    |
|data_90_V_read   |  in |   16|   ap_none  |                          data_90_V_read                         |    scalar    |
|data_91_V_read   |  in |   16|   ap_none  |                          data_91_V_read                         |    scalar    |
|data_92_V_read   |  in |   16|   ap_none  |                          data_92_V_read                         |    scalar    |
|data_95_V_read   |  in |   16|   ap_none  |                          data_95_V_read                         |    scalar    |
|data_96_V_read   |  in |   16|   ap_none  |                          data_96_V_read                         |    scalar    |
|data_97_V_read   |  in |   16|   ap_none  |                          data_97_V_read                         |    scalar    |
|data_98_V_read   |  in |   16|   ap_none  |                          data_98_V_read                         |    scalar    |
|data_99_V_read   |  in |   16|   ap_none  |                          data_99_V_read                         |    scalar    |
|data_100_V_read  |  in |   16|   ap_none  |                         data_100_V_read                         |    scalar    |
|data_101_V_read  |  in |   16|   ap_none  |                         data_101_V_read                         |    scalar    |
|data_102_V_read  |  in |   16|   ap_none  |                         data_102_V_read                         |    scalar    |
|data_103_V_read  |  in |   16|   ap_none  |                         data_103_V_read                         |    scalar    |
|data_104_V_read  |  in |   16|   ap_none  |                         data_104_V_read                         |    scalar    |
|data_105_V_read  |  in |   16|   ap_none  |                         data_105_V_read                         |    scalar    |
|data_106_V_read  |  in |   16|   ap_none  |                         data_106_V_read                         |    scalar    |
|data_108_V_read  |  in |   16|   ap_none  |                         data_108_V_read                         |    scalar    |
|data_109_V_read  |  in |   16|   ap_none  |                         data_109_V_read                         |    scalar    |
|data_110_V_read  |  in |   16|   ap_none  |                         data_110_V_read                         |    scalar    |
|data_112_V_read  |  in |   16|   ap_none  |                         data_112_V_read                         |    scalar    |
|data_113_V_read  |  in |   16|   ap_none  |                         data_113_V_read                         |    scalar    |
|data_114_V_read  |  in |   16|   ap_none  |                         data_114_V_read                         |    scalar    |
|data_115_V_read  |  in |   16|   ap_none  |                         data_115_V_read                         |    scalar    |
|data_116_V_read  |  in |   16|   ap_none  |                         data_116_V_read                         |    scalar    |
|data_117_V_read  |  in |   16|   ap_none  |                         data_117_V_read                         |    scalar    |
|data_118_V_read  |  in |   16|   ap_none  |                         data_118_V_read                         |    scalar    |
|data_119_V_read  |  in |   16|   ap_none  |                         data_119_V_read                         |    scalar    |
|data_120_V_read  |  in |   16|   ap_none  |                         data_120_V_read                         |    scalar    |
|data_121_V_read  |  in |   16|   ap_none  |                         data_121_V_read                         |    scalar    |
|data_122_V_read  |  in |   16|   ap_none  |                         data_122_V_read                         |    scalar    |
|data_123_V_read  |  in |   16|   ap_none  |                         data_123_V_read                         |    scalar    |
|data_124_V_read  |  in |   16|   ap_none  |                         data_124_V_read                         |    scalar    |
|data_125_V_read  |  in |   16|   ap_none  |                         data_125_V_read                         |    scalar    |
|data_126_V_read  |  in |   16|   ap_none  |                         data_126_V_read                         |    scalar    |
|data_127_V_read  |  in |   16|   ap_none  |                         data_127_V_read                         |    scalar    |
|data_128_V_read  |  in |   16|   ap_none  |                         data_128_V_read                         |    scalar    |
|data_129_V_read  |  in |   16|   ap_none  |                         data_129_V_read                         |    scalar    |
|data_130_V_read  |  in |   16|   ap_none  |                         data_130_V_read                         |    scalar    |
|data_131_V_read  |  in |   16|   ap_none  |                         data_131_V_read                         |    scalar    |
|data_132_V_read  |  in |   16|   ap_none  |                         data_132_V_read                         |    scalar    |
|data_133_V_read  |  in |   16|   ap_none  |                         data_133_V_read                         |    scalar    |
|data_134_V_read  |  in |   16|   ap_none  |                         data_134_V_read                         |    scalar    |
|data_135_V_read  |  in |   16|   ap_none  |                         data_135_V_read                         |    scalar    |
|data_136_V_read  |  in |   16|   ap_none  |                         data_136_V_read                         |    scalar    |
|data_137_V_read  |  in |   16|   ap_none  |                         data_137_V_read                         |    scalar    |
|data_138_V_read  |  in |   16|   ap_none  |                         data_138_V_read                         |    scalar    |
|data_139_V_read  |  in |   16|   ap_none  |                         data_139_V_read                         |    scalar    |
|data_140_V_read  |  in |   16|   ap_none  |                         data_140_V_read                         |    scalar    |
|data_141_V_read  |  in |   16|   ap_none  |                         data_141_V_read                         |    scalar    |
|data_142_V_read  |  in |   16|   ap_none  |                         data_142_V_read                         |    scalar    |
|data_143_V_read  |  in |   16|   ap_none  |                         data_143_V_read                         |    scalar    |
+-----------------+-----+-----+------------+-----------------------------------------------------------------+--------------+

