

================================================================
== Vivado HLS Report for 'softmax_array_array_ap_fixed_16_6_5_3_0_10u_softmax_config13_s'
================================================================
* Date:           Tue Apr 23 17:31:07 2024

* Version:        2019.1 (Build 2552052 on Fri May 24 15:28:33 MDT 2019)
* Project:        myproject_prj
* Solution:       solution1
* Product family: zynq
* Target device:  xc7z020-clg400-1


================================================================
== Performance Estimates
================================================================
+ Timing (ns): 
    * Summary: 
    +--------+-------+----------+------------+
    |  Clock | Target| Estimated| Uncertainty|
    +--------+-------+----------+------------+
    |ap_clk  |   5.00|     4.410|        0.62|
    +--------+-------+----------+------------+

+ Latency (clock cycles): 
    * Summary: 
    +-----+-----+-----+-----+---------+
    |  Latency  |  Interval | Pipeline|
    | min | max | min | max |   Type  |
    +-----+-----+-----+-----+---------+
    |   40|   40|   40|   40|   none  |
    +-----+-----+-----+-----+---------+

    + Detail: 
        * Instance: 
        +---------------------------------------------------------------------------------+-----------------------------------------------------------------------+-----+-----+-----+-----+----------+
        |                                                                                 |                                                                       |  Latency  |  Interval | Pipeline |
        |                                     Instance                                    |                                 Module                                | min | max | min | max |   Type   |
        +---------------------------------------------------------------------------------+-----------------------------------------------------------------------+-----+-----+-----+-----+----------+
        |grp_softmax_stable_array_array_ap_fixed_16_6_5_3_0_10u_softmax_config13_s_fu_58  |softmax_stable_array_array_ap_fixed_16_6_5_3_0_10u_softmax_config13_s  |   40|   40|   10|   10| function |
        +---------------------------------------------------------------------------------+-----------------------------------------------------------------------+-----+-----+-----+-----+----------+

        * Loop: 
        N/A



================================================================
== Utilization Estimates
================================================================
* Summary: 
+-----------------+---------+-------+--------+-------+-----+
|       Name      | BRAM_18K| DSP48E|   FF   |  LUT  | URAM|
+-----------------+---------+-------+--------+-------+-----+
|DSP              |        -|      -|       -|      -|    -|
|Expression       |        -|      -|       0|      6|    -|
|FIFO             |        -|      -|       -|      -|    -|
|Instance         |        2|      1|    1884|   2454|    -|
|Memory           |        -|      -|       -|      -|    -|
|Multiplexer      |        -|      -|       -|    554|    -|
|Register         |        -|      -|      42|      -|    -|
+-----------------+---------+-------+--------+-------+-----+
|Total            |        2|      1|    1926|   3014|    0|
+-----------------+---------+-------+--------+-------+-----+
|Available        |      280|    220|  106400|  53200|    0|
+-----------------+---------+-------+--------+-------+-----+
|Utilization (%)  |    ~0   |   ~0  |       1|      5|    0|
+-----------------+---------+-------+--------+-------+-----+

+ Detail: 
    * Instance: 
    +---------------------------------------------------------------------------------+-----------------------------------------------------------------------+---------+-------+------+------+-----+
    |                                     Instance                                    |                                 Module                                | BRAM_18K| DSP48E|  FF  |  LUT | URAM|
    +---------------------------------------------------------------------------------+-----------------------------------------------------------------------+---------+-------+------+------+-----+
    |grp_softmax_stable_array_array_ap_fixed_16_6_5_3_0_10u_softmax_config13_s_fu_58  |softmax_stable_array_array_ap_fixed_16_6_5_3_0_10u_softmax_config13_s  |        2|      1|  1884|  2454|    0|
    +---------------------------------------------------------------------------------+-----------------------------------------------------------------------+---------+-------+------+------+-----+
    |Total                                                                            |                                                                       |        2|      1|  1884|  2454|    0|
    +---------------------------------------------------------------------------------+-----------------------------------------------------------------------+---------+-------+------+------+-----+

    * DSP48E: 
    N/A

    * Memory: 
    N/A

    * FIFO: 
    N/A

    * Expression: 
    +-------------------------------+----------+-------+---+----+------------+------------+
    |         Variable Name         | Operation| DSP48E| FF| LUT| Bitwidth P0| Bitwidth P1|
    +-------------------------------+----------+-------+---+----+------------+------------+
    |ap_block_state1                |    or    |      0|  0|   2|           1|           1|
    |ap_block_state1_ignore_call20  |    or    |      0|  0|   2|           1|           1|
    |ap_block_state41               |    or    |      0|  0|   2|           1|           1|
    +-------------------------------+----------+-------+---+----+------------+------------+
    |Total                          |          |      0|  0|   6|           3|           3|
    +-------------------------------+----------+-------+---+----+------------+------------+

    * Multiplexer: 
    +-----------------------+-----+-----------+-----+-----------+
    |          Name         | LUT | Input Size| Bits| Total Bits|
    +-----------------------+-----+-----------+-----+-----------+
    |ap_NS_fsm              |  185|         42|    1|         42|
    |ap_done                |    9|          2|    1|          2|
    |data_V_data_0_V_blk_n  |    9|          2|    1|          2|
    |data_V_data_0_V_read   |    9|          2|    1|          2|
    |data_V_data_1_V_blk_n  |    9|          2|    1|          2|
    |data_V_data_1_V_read   |    9|          2|    1|          2|
    |data_V_data_2_V_blk_n  |    9|          2|    1|          2|
    |data_V_data_2_V_read   |    9|          2|    1|          2|
    |data_V_data_3_V_blk_n  |    9|          2|    1|          2|
    |data_V_data_3_V_read   |    9|          2|    1|          2|
    |data_V_data_4_V_blk_n  |    9|          2|    1|          2|
    |data_V_data_4_V_read   |    9|          2|    1|          2|
    |data_V_data_5_V_blk_n  |    9|          2|    1|          2|
    |data_V_data_5_V_read   |    9|          2|    1|          2|
    |data_V_data_6_V_blk_n  |    9|          2|    1|          2|
    |data_V_data_6_V_read   |    9|          2|    1|          2|
    |data_V_data_7_V_blk_n  |    9|          2|    1|          2|
    |data_V_data_7_V_read   |    9|          2|    1|          2|
    |data_V_data_8_V_blk_n  |    9|          2|    1|          2|
    |data_V_data_8_V_read   |    9|          2|    1|          2|
    |data_V_data_9_V_blk_n  |    9|          2|    1|          2|
    |data_V_data_9_V_read   |    9|          2|    1|          2|
    |res_V_data_0_V_blk_n   |    9|          2|    1|          2|
    |res_V_data_0_V_write   |    9|          2|    1|          2|
    |res_V_data_1_V_blk_n   |    9|          2|    1|          2|
    |res_V_data_1_V_write   |    9|          2|    1|          2|
    |res_V_data_2_V_blk_n   |    9|          2|    1|          2|
    |res_V_data_2_V_write   |    9|          2|    1|          2|
    |res_V_data_3_V_blk_n   |    9|          2|    1|          2|
    |res_V_data_3_V_write   |    9|          2|    1|          2|
    |res_V_data_4_V_blk_n   |    9|          2|    1|          2|
    |res_V_data_4_V_write   |    9|          2|    1|          2|
    |res_V_data_5_V_blk_n   |    9|          2|    1|          2|
    |res_V_data_5_V_write   |    9|          2|    1|          2|
    |res_V_data_6_V_blk_n   |    9|          2|    1|          2|
    |res_V_data_6_V_write   |    9|          2|    1|          2|
    |res_V_data_7_V_blk_n   |    9|          2|    1|          2|
    |res_V_data_7_V_write   |    9|          2|    1|          2|
    |res_V_data_8_V_blk_n   |    9|          2|    1|          2|
    |res_V_data_8_V_write   |    9|          2|    1|          2|
    |res_V_data_9_V_blk_n   |    9|          2|    1|          2|
    |res_V_data_9_V_write   |    9|          2|    1|          2|
    +-----------------------+-----+-----------+-----+-----------+
    |Total                  |  554|        124|   42|        124|
    +-----------------------+-----+-----------+-----+-----------+

    * Register: 
    +-------------+----+----+-----+-----------+
    |     Name    | FF | LUT| Bits| Const Bits|
    +-------------+----+----+-----+-----------+
    |ap_CS_fsm    |  41|   0|   41|          0|
    |ap_done_reg  |   1|   0|    1|          0|
    +-------------+----+----+-----+-----------+
    |Total        |  42|   0|   42|          0|
    +-------------+----+----+-----+-----------+



================================================================
== Interface
================================================================
* Summary: 
+-------------------------+-----+-----+------------+-----------------------------------------------------------------+--------------+
|        RTL Ports        | Dir | Bits|  Protocol  |                          Source Object                          |    C Type    |
+-------------------------+-----+-----+------------+-----------------------------------------------------------------+--------------+
|ap_clk                   |  in |    1| ap_ctrl_hs | softmax<array,array<ap_fixed<16,6,5,3,0>,10u>,softmax_config13> | return value |
|ap_rst                   |  in |    1| ap_ctrl_hs | softmax<array,array<ap_fixed<16,6,5,3,0>,10u>,softmax_config13> | return value |
|ap_start                 |  in |    1| ap_ctrl_hs | softmax<array,array<ap_fixed<16,6,5,3,0>,10u>,softmax_config13> | return value |
|ap_done                  | out |    1| ap_ctrl_hs | softmax<array,array<ap_fixed<16,6,5,3,0>,10u>,softmax_config13> | return value |
|ap_continue              |  in |    1| ap_ctrl_hs | softmax<array,array<ap_fixed<16,6,5,3,0>,10u>,softmax_config13> | return value |
|ap_idle                  | out |    1| ap_ctrl_hs | softmax<array,array<ap_fixed<16,6,5,3,0>,10u>,softmax_config13> | return value |
|ap_ready                 | out |    1| ap_ctrl_hs | softmax<array,array<ap_fixed<16,6,5,3,0>,10u>,softmax_config13> | return value |
|data_V_data_0_V_dout     |  in |   16|   ap_fifo  |                         data_V_data_0_V                         |    pointer   |
|data_V_data_0_V_empty_n  |  in |    1|   ap_fifo  |                         data_V_data_0_V                         |    pointer   |
|data_V_data_0_V_read     | out |    1|   ap_fifo  |                         data_V_data_0_V                         |    pointer   |
|data_V_data_1_V_dout     |  in |   16|   ap_fifo  |                         data_V_data_1_V                         |    pointer   |
|data_V_data_1_V_empty_n  |  in |    1|   ap_fifo  |                         data_V_data_1_V                         |    pointer   |
|data_V_data_1_V_read     | out |    1|   ap_fifo  |                         data_V_data_1_V                         |    pointer   |
|data_V_data_2_V_dout     |  in |   16|   ap_fifo  |                         data_V_data_2_V                         |    pointer   |
|data_V_data_2_V_empty_n  |  in |    1|   ap_fifo  |                         data_V_data_2_V                         |    pointer   |
|data_V_data_2_V_read     | out |    1|   ap_fifo  |                         data_V_data_2_V                         |    pointer   |
|data_V_data_3_V_dout     |  in |   16|   ap_fifo  |                         data_V_data_3_V                         |    pointer   |
|data_V_data_3_V_empty_n  |  in |    1|   ap_fifo  |                         data_V_data_3_V                         |    pointer   |
|data_V_data_3_V_read     | out |    1|   ap_fifo  |                         data_V_data_3_V                         |    pointer   |
|data_V_data_4_V_dout     |  in |   16|   ap_fifo  |                         data_V_data_4_V                         |    pointer   |
|data_V_data_4_V_empty_n  |  in |    1|   ap_fifo  |                         data_V_data_4_V                         |    pointer   |
|data_V_data_4_V_read     | out |    1|   ap_fifo  |                         data_V_data_4_V                         |    pointer   |
|data_V_data_5_V_dout     |  in |   16|   ap_fifo  |                         data_V_data_5_V                         |    pointer   |
|data_V_data_5_V_empty_n  |  in |    1|   ap_fifo  |                         data_V_data_5_V                         |    pointer   |
|data_V_data_5_V_read     | out |    1|   ap_fifo  |                         data_V_data_5_V                         |    pointer   |
|data_V_data_6_V_dout     |  in |   16|   ap_fifo  |                         data_V_data_6_V                         |    pointer   |
|data_V_data_6_V_empty_n  |  in |    1|   ap_fifo  |                         data_V_data_6_V                         |    pointer   |
|data_V_data_6_V_read     | out |    1|   ap_fifo  |                         data_V_data_6_V                         |    pointer   |
|data_V_data_7_V_dout     |  in |   16|   ap_fifo  |                         data_V_data_7_V                         |    pointer   |
|data_V_data_7_V_empty_n  |  in |    1|   ap_fifo  |                         data_V_data_7_V                         |    pointer   |
|data_V_data_7_V_read     | out |    1|   ap_fifo  |                         data_V_data_7_V                         |    pointer   |
|data_V_data_8_V_dout     |  in |   16|   ap_fifo  |                         data_V_data_8_V                         |    pointer   |
|data_V_data_8_V_empty_n  |  in |    1|   ap_fifo  |                         data_V_data_8_V                         |    pointer   |
|data_V_data_8_V_read     | out |    1|   ap_fifo  |                         data_V_data_8_V                         |    pointer   |
|data_V_data_9_V_dout     |  in |   16|   ap_fifo  |                         data_V_data_9_V                         |    pointer   |
|data_V_data_9_V_empty_n  |  in |    1|   ap_fifo  |                         data_V_data_9_V                         |    pointer   |
|data_V_data_9_V_read     | out |    1|   ap_fifo  |                         data_V_data_9_V                         |    pointer   |
|res_V_data_0_V_din       | out |   16|   ap_fifo  |                          res_V_data_0_V                         |    pointer   |
|res_V_data_0_V_full_n    |  in |    1|   ap_fifo  |                          res_V_data_0_V                         |    pointer   |
|res_V_data_0_V_write     | out |    1|   ap_fifo  |                          res_V_data_0_V                         |    pointer   |
|res_V_data_1_V_din       | out |   16|   ap_fifo  |                          res_V_data_1_V                         |    pointer   |
|res_V_data_1_V_full_n    |  in |    1|   ap_fifo  |                          res_V_data_1_V                         |    pointer   |
|res_V_data_1_V_write     | out |    1|   ap_fifo  |                          res_V_data_1_V                         |    pointer   |
|res_V_data_2_V_din       | out |   16|   ap_fifo  |                          res_V_data_2_V                         |    pointer   |
|res_V_data_2_V_full_n    |  in |    1|   ap_fifo  |                          res_V_data_2_V                         |    pointer   |
|res_V_data_2_V_write     | out |    1|   ap_fifo  |                          res_V_data_2_V                         |    pointer   |
|res_V_data_3_V_din       | out |   16|   ap_fifo  |                          res_V_data_3_V                         |    pointer   |
|res_V_data_3_V_full_n    |  in |    1|   ap_fifo  |                          res_V_data_3_V                         |    pointer   |
|res_V_data_3_V_write     | out |    1|   ap_fifo  |                          res_V_data_3_V                         |    pointer   |
|res_V_data_4_V_din       | out |   16|   ap_fifo  |                          res_V_data_4_V                         |    pointer   |
|res_V_data_4_V_full_n    |  in |    1|   ap_fifo  |                          res_V_data_4_V                         |    pointer   |
|res_V_data_4_V_write     | out |    1|   ap_fifo  |                          res_V_data_4_V                         |    pointer   |
|res_V_data_5_V_din       | out |   16|   ap_fifo  |                          res_V_data_5_V                         |    pointer   |
|res_V_data_5_V_full_n    |  in |    1|   ap_fifo  |                          res_V_data_5_V                         |    pointer   |
|res_V_data_5_V_write     | out |    1|   ap_fifo  |                          res_V_data_5_V                         |    pointer   |
|res_V_data_6_V_din       | out |   16|   ap_fifo  |                          res_V_data_6_V                         |    pointer   |
|res_V_data_6_V_full_n    |  in |    1|   ap_fifo  |                          res_V_data_6_V                         |    pointer   |
|res_V_data_6_V_write     | out |    1|   ap_fifo  |                          res_V_data_6_V                         |    pointer   |
|res_V_data_7_V_din       | out |   16|   ap_fifo  |                          res_V_data_7_V                         |    pointer   |
|res_V_data_7_V_full_n    |  in |    1|   ap_fifo  |                          res_V_data_7_V                         |    pointer   |
|res_V_data_7_V_write     | out |    1|   ap_fifo  |                          res_V_data_7_V                         |    pointer   |
|res_V_data_8_V_din       | out |   16|   ap_fifo  |                          res_V_data_8_V                         |    pointer   |
|res_V_data_8_V_full_n    |  in |    1|   ap_fifo  |                          res_V_data_8_V                         |    pointer   |
|res_V_data_8_V_write     | out |    1|   ap_fifo  |                          res_V_data_8_V                         |    pointer   |
|res_V_data_9_V_din       | out |   16|   ap_fifo  |                          res_V_data_9_V                         |    pointer   |
|res_V_data_9_V_full_n    |  in |    1|   ap_fifo  |                          res_V_data_9_V                         |    pointer   |
|res_V_data_9_V_write     | out |    1|   ap_fifo  |                          res_V_data_9_V                         |    pointer   |
+-------------------------+-----+-----+------------+-----------------------------------------------------------------+--------------+

