

================================================================
== Vivado HLS Report for 'compute_output_buffer_2d_array_array_ap_fixed_16_6_5_3_0_16u_config2_s'
================================================================
* Date:           Tue Apr 23 17:30:21 2024

* Version:        2019.1 (Build 2552052 on Fri May 24 15:28:33 MDT 2019)
* Project:        myproject_prj
* Solution:       solution1
* Product family: zynq
* Target device:  xc7z020-clg400-1


================================================================
== Performance Estimates
================================================================
+ Timing (ns): 
    * Summary: 
    +--------+-------+----------+------------+
    |  Clock | Target| Estimated| Uncertainty|
    +--------+-------+----------+------------+
    |ap_clk  |   5.00|     4.429|        0.62|
    +--------+-------+----------+------------+

+ Latency (clock cycles): 
    * Summary: 
    +-----+-----+-----+-----+----------+
    |  Latency  |  Interval | Pipeline |
    | min | max | min | max |   Type   |
    +-----+-----+-----+-----+----------+
    |    3|    3|    4|    4| function |
    +-----+-----+-----+-----+----------+

    + Detail: 
        * Instance: 
        N/A

        * Loop: 
        N/A

============================================================
+ Verbose Summary: Synthesis Manager
============================================================
InlineROM: 1
ExposeGlobal: 0
============================================================
+ Verbose Summary: CDFG Model
============================================================
IsTopModel: 0
ResetActiveHigh: 1
IsCombinational: 0
IsDatapathOnly: 0
HasWiredReturn: 1
HasMFsm: 2
HasVarLatency: 0
IsPipeline: 1
IsRtlPipelined: 0
IsInstanceOverlapped: 0
IsDontTouch: 0
HasImplIP: 0
IsGatedGlobalClock: 0

+ Individual pipeline summary: 
  * Pipeline-0: initiation interval (II) = 4, depth = 4


============================================================
+ Verbose Summary: Schedule
============================================================
* Number of FSM states : 4
* Pipeline : 1
  Pipeline-0 : II = 4, D = 4, States = { 1 2 3 4 }
* Dataflow Pipeline: 0

* FSM state transitions: 
1 --> 2 
2 --> 3 
3 --> 4 
4 --> 

* FSM state operations: 

State 1 <SV = 0> <Delay = 4.42>
ST_1 : Operation 5 [1/1] (0.00ns)   --->   "call void (...)* @_ssdm_op_SpecInterface(i16* %res_stream_V_data_0_V, [8 x i8]* @ap_fifo_str, i32 0, i32 0, [1 x i8]* @p_str, i32 0, i32 0, [1 x i8]* @p_str, [1 x i8]* @p_str, [1 x i8]* @p_str, i32 2, i32 2, i32 16, i32 16, [1 x i8]* @p_str, [1 x i8]* @p_str)"   --->   Operation 5 'specinterface' <Predicate = true> <Delay = 0.00>
ST_1 : Operation 6 [1/1] (0.00ns)   --->   "call void (...)* @_ssdm_op_SpecInterface(i16* %res_stream_V_data_1_V, [8 x i8]* @ap_fifo_str, i32 0, i32 0, [1 x i8]* @p_str, i32 0, i32 0, [1 x i8]* @p_str, [1 x i8]* @p_str, [1 x i8]* @p_str, i32 2, i32 2, i32 16, i32 16, [1 x i8]* @p_str, [1 x i8]* @p_str)"   --->   Operation 6 'specinterface' <Predicate = true> <Delay = 0.00>
ST_1 : Operation 7 [1/1] (0.00ns)   --->   "call void (...)* @_ssdm_op_SpecInterface(i16* %res_stream_V_data_2_V, [8 x i8]* @ap_fifo_str, i32 0, i32 0, [1 x i8]* @p_str, i32 0, i32 0, [1 x i8]* @p_str, [1 x i8]* @p_str, [1 x i8]* @p_str, i32 2, i32 2, i32 16, i32 16, [1 x i8]* @p_str, [1 x i8]* @p_str)"   --->   Operation 7 'specinterface' <Predicate = true> <Delay = 0.00>
ST_1 : Operation 8 [1/1] (0.00ns)   --->   "call void (...)* @_ssdm_op_SpecInterface(i16* %res_stream_V_data_3_V, [8 x i8]* @ap_fifo_str, i32 0, i32 0, [1 x i8]* @p_str, i32 0, i32 0, [1 x i8]* @p_str, [1 x i8]* @p_str, [1 x i8]* @p_str, i32 2, i32 2, i32 16, i32 16, [1 x i8]* @p_str, [1 x i8]* @p_str)"   --->   Operation 8 'specinterface' <Predicate = true> <Delay = 0.00>
ST_1 : Operation 9 [1/1] (0.00ns)   --->   "call void (...)* @_ssdm_op_SpecInterface(i16* %res_stream_V_data_4_V, [8 x i8]* @ap_fifo_str, i32 0, i32 0, [1 x i8]* @p_str, i32 0, i32 0, [1 x i8]* @p_str, [1 x i8]* @p_str, [1 x i8]* @p_str, i32 2, i32 2, i32 16, i32 16, [1 x i8]* @p_str, [1 x i8]* @p_str)"   --->   Operation 9 'specinterface' <Predicate = true> <Delay = 0.00>
ST_1 : Operation 10 [1/1] (0.00ns)   --->   "call void (...)* @_ssdm_op_SpecInterface(i16* %res_stream_V_data_5_V, [8 x i8]* @ap_fifo_str, i32 0, i32 0, [1 x i8]* @p_str, i32 0, i32 0, [1 x i8]* @p_str, [1 x i8]* @p_str, [1 x i8]* @p_str, i32 2, i32 2, i32 16, i32 16, [1 x i8]* @p_str, [1 x i8]* @p_str)"   --->   Operation 10 'specinterface' <Predicate = true> <Delay = 0.00>
ST_1 : Operation 11 [1/1] (0.00ns)   --->   "call void (...)* @_ssdm_op_SpecInterface(i16* %res_stream_V_data_6_V, [8 x i8]* @ap_fifo_str, i32 0, i32 0, [1 x i8]* @p_str, i32 0, i32 0, [1 x i8]* @p_str, [1 x i8]* @p_str, [1 x i8]* @p_str, i32 2, i32 2, i32 16, i32 16, [1 x i8]* @p_str, [1 x i8]* @p_str)"   --->   Operation 11 'specinterface' <Predicate = true> <Delay = 0.00>
ST_1 : Operation 12 [1/1] (0.00ns)   --->   "call void (...)* @_ssdm_op_SpecInterface(i16* %res_stream_V_data_7_V, [8 x i8]* @ap_fifo_str, i32 0, i32 0, [1 x i8]* @p_str, i32 0, i32 0, [1 x i8]* @p_str, [1 x i8]* @p_str, [1 x i8]* @p_str, i32 2, i32 2, i32 16, i32 16, [1 x i8]* @p_str, [1 x i8]* @p_str)"   --->   Operation 12 'specinterface' <Predicate = true> <Delay = 0.00>
ST_1 : Operation 13 [1/1] (0.00ns)   --->   "call void (...)* @_ssdm_op_SpecInterface(i16* %res_stream_V_data_8_V, [8 x i8]* @ap_fifo_str, i32 0, i32 0, [1 x i8]* @p_str, i32 0, i32 0, [1 x i8]* @p_str, [1 x i8]* @p_str, [1 x i8]* @p_str, i32 2, i32 2, i32 16, i32 16, [1 x i8]* @p_str, [1 x i8]* @p_str)"   --->   Operation 13 'specinterface' <Predicate = true> <Delay = 0.00>
ST_1 : Operation 14 [1/1] (0.00ns)   --->   "call void (...)* @_ssdm_op_SpecInterface(i16* %res_stream_V_data_9_V, [8 x i8]* @ap_fifo_str, i32 0, i32 0, [1 x i8]* @p_str, i32 0, i32 0, [1 x i8]* @p_str, [1 x i8]* @p_str, [1 x i8]* @p_str, i32 2, i32 2, i32 16, i32 16, [1 x i8]* @p_str, [1 x i8]* @p_str)"   --->   Operation 14 'specinterface' <Predicate = true> <Delay = 0.00>
ST_1 : Operation 15 [1/1] (0.00ns)   --->   "call void (...)* @_ssdm_op_SpecInterface(i16* %res_stream_V_data_10_V, [8 x i8]* @ap_fifo_str, i32 0, i32 0, [1 x i8]* @p_str, i32 0, i32 0, [1 x i8]* @p_str, [1 x i8]* @p_str, [1 x i8]* @p_str, i32 2, i32 2, i32 16, i32 16, [1 x i8]* @p_str, [1 x i8]* @p_str)"   --->   Operation 15 'specinterface' <Predicate = true> <Delay = 0.00>
ST_1 : Operation 16 [1/1] (0.00ns)   --->   "call void (...)* @_ssdm_op_SpecInterface(i16* %res_stream_V_data_11_V, [8 x i8]* @ap_fifo_str, i32 0, i32 0, [1 x i8]* @p_str, i32 0, i32 0, [1 x i8]* @p_str, [1 x i8]* @p_str, [1 x i8]* @p_str, i32 2, i32 2, i32 16, i32 16, [1 x i8]* @p_str, [1 x i8]* @p_str)"   --->   Operation 16 'specinterface' <Predicate = true> <Delay = 0.00>
ST_1 : Operation 17 [1/1] (0.00ns)   --->   "call void (...)* @_ssdm_op_SpecInterface(i16* %res_stream_V_data_12_V, [8 x i8]* @ap_fifo_str, i32 0, i32 0, [1 x i8]* @p_str, i32 0, i32 0, [1 x i8]* @p_str, [1 x i8]* @p_str, [1 x i8]* @p_str, i32 2, i32 2, i32 16, i32 16, [1 x i8]* @p_str, [1 x i8]* @p_str)"   --->   Operation 17 'specinterface' <Predicate = true> <Delay = 0.00>
ST_1 : Operation 18 [1/1] (0.00ns)   --->   "call void (...)* @_ssdm_op_SpecInterface(i16* %res_stream_V_data_13_V, [8 x i8]* @ap_fifo_str, i32 0, i32 0, [1 x i8]* @p_str, i32 0, i32 0, [1 x i8]* @p_str, [1 x i8]* @p_str, [1 x i8]* @p_str, i32 2, i32 2, i32 16, i32 16, [1 x i8]* @p_str, [1 x i8]* @p_str)"   --->   Operation 18 'specinterface' <Predicate = true> <Delay = 0.00>
ST_1 : Operation 19 [1/1] (0.00ns)   --->   "call void (...)* @_ssdm_op_SpecInterface(i16* %res_stream_V_data_14_V, [8 x i8]* @ap_fifo_str, i32 0, i32 0, [1 x i8]* @p_str, i32 0, i32 0, [1 x i8]* @p_str, [1 x i8]* @p_str, [1 x i8]* @p_str, i32 2, i32 2, i32 16, i32 16, [1 x i8]* @p_str, [1 x i8]* @p_str)"   --->   Operation 19 'specinterface' <Predicate = true> <Delay = 0.00>
ST_1 : Operation 20 [1/1] (0.00ns)   --->   "call void (...)* @_ssdm_op_SpecInterface(i16* %res_stream_V_data_15_V, [8 x i8]* @ap_fifo_str, i32 0, i32 0, [1 x i8]* @p_str, i32 0, i32 0, [1 x i8]* @p_str, [1 x i8]* @p_str, [1 x i8]* @p_str, i32 2, i32 2, i32 16, i32 16, [1 x i8]* @p_str, [1 x i8]* @p_str)"   --->   Operation 20 'specinterface' <Predicate = true> <Delay = 0.00>
ST_1 : Operation 21 [1/1] (0.00ns)   --->   "%p_read_16 = call i16 @_ssdm_op_Read.ap_auto.i16(i16 %p_read)"   --->   Operation 21 'read' 'p_read_16' <Predicate = true> <Delay = 0.00>
ST_1 : Operation 22 [1/1] (0.00ns)   --->   "%kernel_data_V_1_1_load = load i16* @kernel_data_V_1_1, align 2" [firmware/nnet_utils/nnet_conv_stream.h:286]   --->   Operation 22 'load' 'kernel_data_V_1_1_load' <Predicate = true> <Delay = 0.00>
ST_1 : Operation 23 [1/1] (0.00ns)   --->   "%kernel_data_V_1_2_load = load i16* @kernel_data_V_1_2, align 2" [firmware/nnet_utils/nnet_conv_stream.h:286]   --->   Operation 23 'load' 'kernel_data_V_1_2_load' <Predicate = true> <Delay = 0.00>
ST_1 : Operation 24 [1/1] (0.00ns)   --->   "%kernel_data_V_1_4_load = load i16* @kernel_data_V_1_4, align 2" [firmware/nnet_utils/nnet_conv_stream.h:286]   --->   Operation 24 'load' 'kernel_data_V_1_4_load' <Predicate = true> <Delay = 0.00>
ST_1 : Operation 25 [1/1] (0.00ns)   --->   "%kernel_data_V_1_5_load = load i16* @kernel_data_V_1_5, align 2" [firmware/nnet_utils/nnet_conv_stream.h:286]   --->   Operation 25 'load' 'kernel_data_V_1_5_load' <Predicate = true> <Delay = 0.00>
ST_1 : Operation 26 [1/1] (0.00ns)   --->   "%kernel_data_V_1_7_load = load i16* @kernel_data_V_1_7, align 2" [firmware/nnet_utils/nnet_conv_stream.h:286]   --->   Operation 26 'load' 'kernel_data_V_1_7_load' <Predicate = true> <Delay = 0.00>
ST_1 : Operation 27 [1/1] (0.00ns)   --->   "%kernel_data_V_1_8_load = load i16* @kernel_data_V_1_8, align 2" [firmware/nnet_utils/nnet_conv_stream.h:286]   --->   Operation 27 'load' 'kernel_data_V_1_8_load' <Predicate = true> <Delay = 0.00>
ST_1 : Operation 28 [1/1] (3.25ns)   --->   "%call_ret1 = call fastcc { i16, i16, i16, i16, i16, i16, i16, i16, i16 } @"shift_line_buffer<array<ap_fixed<16, 6, 5, 3, 0>, 1u>, config2>"(i16 %p_read_16, i16 %kernel_data_V_1_1_load, i16 %kernel_data_V_1_2_load, i16 %kernel_data_V_1_4_load, i16 %kernel_data_V_1_5_load, i16 %kernel_data_V_1_7_load, i16 %kernel_data_V_1_8_load)" [firmware/nnet_utils/nnet_conv_stream.h:286]   --->   Operation 28 'call' 'call_ret1' <Predicate = true> <Delay = 3.25> <CoreType = "Generic">   --->   Core 0 '' <Latency = 0> <II = 1> <Delay = 1.00> <Generic> <Opcode : >
ST_1 : Operation 29 [1/1] (0.00ns)   --->   "%kernel_data_V_1_6_ret = extractvalue { i16, i16, i16, i16, i16, i16, i16, i16, i16 } %call_ret1, 2" [firmware/nnet_utils/nnet_conv_stream.h:286]   --->   Operation 29 'extractvalue' 'kernel_data_V_1_6_ret' <Predicate = true> <Delay = 0.00>
ST_1 : Operation 30 [1/1] (0.00ns)   --->   "%kernel_data_V_1_3_ret = extractvalue { i16, i16, i16, i16, i16, i16, i16, i16, i16 } %call_ret1, 1" [firmware/nnet_utils/nnet_conv_stream.h:286]   --->   Operation 30 'extractvalue' 'kernel_data_V_1_3_ret' <Predicate = true> <Delay = 0.00>
ST_1 : Operation 31 [1/1] (0.00ns)   --->   "%kernel_data_V_1_0_ret = extractvalue { i16, i16, i16, i16, i16, i16, i16, i16, i16 } %call_ret1, 0" [firmware/nnet_utils/nnet_conv_stream.h:286]   --->   Operation 31 'extractvalue' 'kernel_data_V_1_0_ret' <Predicate = true> <Delay = 0.00>
ST_1 : Operation 32 [1/1] (0.00ns)   --->   "%kernel_data_V_1_1_ret = extractvalue { i16, i16, i16, i16, i16, i16, i16, i16, i16 } %call_ret1, 3" [firmware/nnet_utils/nnet_conv_stream.h:286]   --->   Operation 32 'extractvalue' 'kernel_data_V_1_1_ret' <Predicate = true> <Delay = 0.00>
ST_1 : Operation 33 [1/1] (0.00ns)   --->   "store i16 %kernel_data_V_1_1_ret, i16* @kernel_data_V_1_1, align 2" [firmware/nnet_utils/nnet_conv_stream.h:286]   --->   Operation 33 'store' <Predicate = true> <Delay = 0.00>
ST_1 : Operation 34 [1/1] (0.00ns)   --->   "%kernel_data_V_1_2_ret = extractvalue { i16, i16, i16, i16, i16, i16, i16, i16, i16 } %call_ret1, 4" [firmware/nnet_utils/nnet_conv_stream.h:286]   --->   Operation 34 'extractvalue' 'kernel_data_V_1_2_ret' <Predicate = true> <Delay = 0.00>
ST_1 : Operation 35 [1/1] (0.00ns)   --->   "store i16 %kernel_data_V_1_2_ret, i16* @kernel_data_V_1_2, align 2" [firmware/nnet_utils/nnet_conv_stream.h:286]   --->   Operation 35 'store' <Predicate = true> <Delay = 0.00>
ST_1 : Operation 36 [1/1] (0.00ns)   --->   "%kernel_data_V_1_4_ret = extractvalue { i16, i16, i16, i16, i16, i16, i16, i16, i16 } %call_ret1, 5" [firmware/nnet_utils/nnet_conv_stream.h:286]   --->   Operation 36 'extractvalue' 'kernel_data_V_1_4_ret' <Predicate = true> <Delay = 0.00>
ST_1 : Operation 37 [1/1] (0.00ns)   --->   "store i16 %kernel_data_V_1_4_ret, i16* @kernel_data_V_1_4, align 2" [firmware/nnet_utils/nnet_conv_stream.h:286]   --->   Operation 37 'store' <Predicate = true> <Delay = 0.00>
ST_1 : Operation 38 [1/1] (0.00ns)   --->   "%kernel_data_V_1_5_ret = extractvalue { i16, i16, i16, i16, i16, i16, i16, i16, i16 } %call_ret1, 6" [firmware/nnet_utils/nnet_conv_stream.h:286]   --->   Operation 38 'extractvalue' 'kernel_data_V_1_5_ret' <Predicate = true> <Delay = 0.00>
ST_1 : Operation 39 [1/1] (0.00ns)   --->   "store i16 %kernel_data_V_1_5_ret, i16* @kernel_data_V_1_5, align 2" [firmware/nnet_utils/nnet_conv_stream.h:286]   --->   Operation 39 'store' <Predicate = true> <Delay = 0.00>
ST_1 : Operation 40 [1/1] (0.00ns)   --->   "%kernel_data_V_1_7_ret = extractvalue { i16, i16, i16, i16, i16, i16, i16, i16, i16 } %call_ret1, 7" [firmware/nnet_utils/nnet_conv_stream.h:286]   --->   Operation 40 'extractvalue' 'kernel_data_V_1_7_ret' <Predicate = true> <Delay = 0.00>
ST_1 : Operation 41 [1/1] (0.00ns)   --->   "store i16 %kernel_data_V_1_7_ret, i16* @kernel_data_V_1_7, align 2" [firmware/nnet_utils/nnet_conv_stream.h:286]   --->   Operation 41 'store' <Predicate = true> <Delay = 0.00>
ST_1 : Operation 42 [1/1] (0.00ns)   --->   "%kernel_data_V_1_8_ret = extractvalue { i16, i16, i16, i16, i16, i16, i16, i16, i16 } %call_ret1, 8" [firmware/nnet_utils/nnet_conv_stream.h:286]   --->   Operation 42 'extractvalue' 'kernel_data_V_1_8_ret' <Predicate = true> <Delay = 0.00>
ST_1 : Operation 43 [1/1] (0.00ns)   --->   "store i16 %kernel_data_V_1_8_ret, i16* @kernel_data_V_1_8, align 2" [firmware/nnet_utils/nnet_conv_stream.h:286]   --->   Operation 43 'store' <Predicate = true> <Delay = 0.00>
ST_1 : Operation 44 [1/1] (0.00ns)   --->   "%sX_2_load = load i32* @sX_2, align 4" [firmware/nnet_utils/nnet_conv_stream.h:289]   --->   Operation 44 'load' 'sX_2_load' <Predicate = true> <Delay = 0.00>
ST_1 : Operation 45 [1/1] (2.47ns)   --->   "%icmp_ln289 = icmp eq i32 %sX_2_load, 2" [firmware/nnet_utils/nnet_conv_stream.h:289]   --->   Operation 45 'icmp' 'icmp_ln289' <Predicate = true> <Delay = 2.47> <Core = "Cmp">   --->   Core 25 'Cmp' <Latency = 0> <II = 1> <Delay = 2.47> <FuncUnit> <Opcode : 'icmp'> <InPorts = 2> <OutPorts = 1>
ST_1 : Operation 46 [1/1] (0.00ns)   --->   "%sY_2_load = load i32* @sY_2, align 4" [firmware/nnet_utils/nnet_conv_stream.h:289]   --->   Operation 46 'load' 'sY_2_load' <Predicate = true> <Delay = 0.00>
ST_1 : Operation 47 [1/1] (2.47ns)   --->   "%icmp_ln289_1 = icmp eq i32 %sY_2_load, 2" [firmware/nnet_utils/nnet_conv_stream.h:289]   --->   Operation 47 'icmp' 'icmp_ln289_1' <Predicate = true> <Delay = 2.47> <Core = "Cmp">   --->   Core 25 'Cmp' <Latency = 0> <II = 1> <Delay = 2.47> <FuncUnit> <Opcode : 'icmp'> <InPorts = 2> <OutPorts = 1>
ST_1 : Operation 48 [1/1] (0.00ns)   --->   "%pY_2_load = load i32* @pY_2, align 4" [firmware/nnet_utils/nnet_conv_stream.h:289]   --->   Operation 48 'load' 'pY_2_load' <Predicate = true> <Delay = 0.00>
ST_1 : Operation 49 [1/1] (0.00ns)   --->   "%tmp = call i31 @_ssdm_op_PartSelect.i31.i32.i32.i32(i32 %pY_2_load, i32 1, i32 31)" [firmware/nnet_utils/nnet_conv_stream.h:289]   --->   Operation 49 'partselect' 'tmp' <Predicate = true> <Delay = 0.00>
ST_1 : Operation 50 [1/1] (2.47ns)   --->   "%icmp_ln289_4 = icmp sgt i31 %tmp, 0" [firmware/nnet_utils/nnet_conv_stream.h:289]   --->   Operation 50 'icmp' 'icmp_ln289_4' <Predicate = true> <Delay = 2.47> <Core = "Cmp">   --->   Core 25 'Cmp' <Latency = 0> <II = 1> <Delay = 2.47> <FuncUnit> <Opcode : 'icmp'> <InPorts = 2> <OutPorts = 1>
ST_1 : Operation 51 [1/1] (0.00ns)   --->   "%pX_2_load = load i32* @pX_2, align 4" [firmware/nnet_utils/nnet_conv_stream.h:289]   --->   Operation 51 'load' 'pX_2_load' <Predicate = true> <Delay = 0.00>
ST_1 : Operation 52 [1/1] (0.00ns)   --->   "%tmp_143 = call i31 @_ssdm_op_PartSelect.i31.i32.i32.i32(i32 %pX_2_load, i32 1, i32 31)" [firmware/nnet_utils/nnet_conv_stream.h:289]   --->   Operation 52 'partselect' 'tmp_143' <Predicate = true> <Delay = 0.00>
ST_1 : Operation 53 [1/1] (2.47ns)   --->   "%icmp_ln289_5 = icmp sgt i31 %tmp_143, 0" [firmware/nnet_utils/nnet_conv_stream.h:289]   --->   Operation 53 'icmp' 'icmp_ln289_5' <Predicate = true> <Delay = 2.47> <Core = "Cmp">   --->   Core 25 'Cmp' <Latency = 0> <II = 1> <Delay = 2.47> <FuncUnit> <Opcode : 'icmp'> <InPorts = 2> <OutPorts = 1>
ST_1 : Operation 54 [1/1] (0.00ns) (grouped into LUT with out node and_ln289_2)   --->   "%and_ln289 = and i1 %icmp_ln289, %icmp_ln289_1" [firmware/nnet_utils/nnet_conv_stream.h:289]   --->   Operation 54 'and' 'and_ln289' <Predicate = true> <Delay = 0.00> <Core = "LogicGate">   --->   Core 27 'LogicGate' <Latency = 0> <II = 1> <Delay = 0.97> <FuncUnit> <Opcode : 'and' 'or' 'xor'> <InPorts = 2> <OutPorts = 1>
ST_1 : Operation 55 [1/1] (0.00ns) (grouped into LUT with out node and_ln289_2)   --->   "%and_ln289_1 = and i1 %icmp_ln289_4, %icmp_ln289_5" [firmware/nnet_utils/nnet_conv_stream.h:289]   --->   Operation 55 'and' 'and_ln289_1' <Predicate = true> <Delay = 0.00> <Core = "LogicGate">   --->   Core 27 'LogicGate' <Latency = 0> <II = 1> <Delay = 0.97> <FuncUnit> <Opcode : 'and' 'or' 'xor'> <InPorts = 2> <OutPorts = 1>
ST_1 : Operation 56 [1/1] (0.97ns) (out node of the LUT)   --->   "%and_ln289_2 = and i1 %and_ln289_1, %and_ln289" [firmware/nnet_utils/nnet_conv_stream.h:289]   --->   Operation 56 'and' 'and_ln289_2' <Predicate = true> <Delay = 0.97> <Core = "LogicGate">   --->   Core 27 'LogicGate' <Latency = 0> <II = 1> <Delay = 0.97> <FuncUnit> <Opcode : 'and' 'or' 'xor'> <InPorts = 2> <OutPorts = 1>
ST_1 : Operation 57 [1/1] (0.00ns)   --->   "br i1 %and_ln289_2, label %0, label %._crit_edge22" [firmware/nnet_utils/nnet_conv_stream.h:289]   --->   Operation 57 'br' <Predicate = true> <Delay = 0.00>
ST_1 : Operation 58 [1/1] (2.47ns)   --->   "%icmp_ln313 = icmp eq i32 %pX_2_load, 27" [firmware/nnet_utils/nnet_conv_stream.h:313]   --->   Operation 58 'icmp' 'icmp_ln313' <Predicate = true> <Delay = 2.47> <Core = "Cmp">   --->   Core 25 'Cmp' <Latency = 0> <II = 1> <Delay = 2.47> <FuncUnit> <Opcode : 'icmp'> <InPorts = 2> <OutPorts = 1>
ST_1 : Operation 59 [1/1] (0.00ns)   --->   "br i1 %icmp_ln313, label %1, label %5" [firmware/nnet_utils/nnet_conv_stream.h:313]   --->   Operation 59 'br' <Predicate = true> <Delay = 0.00>
ST_1 : Operation 60 [1/1] (2.55ns)   --->   "%add_ln326 = add nsw i32 %pX_2_load, 1" [firmware/nnet_utils/nnet_conv_stream.h:326]   --->   Operation 60 'add' 'add_ln326' <Predicate = (!icmp_ln313)> <Delay = 2.55> <Core = "AddSub">   --->   Core 14 'AddSub' <Latency = 0> <II = 1> <Delay = 2.55> <FuncUnit> <Opcode : 'add' 'sub'> <InPorts = 2> <OutPorts = 1>
ST_1 : Operation 61 [1/1] (1.76ns)   --->   "store i32 %add_ln326, i32* @pX_2, align 4" [firmware/nnet_utils/nnet_conv_stream.h:326]   --->   Operation 61 'store' <Predicate = (!icmp_ln313)> <Delay = 1.76>
ST_1 : Operation 62 [1/1] (2.55ns)   --->   "%add_ln328 = add i32 %sX_2_load, 1" [firmware/nnet_utils/nnet_conv_stream.h:328]   --->   Operation 62 'add' 'add_ln328' <Predicate = (!icmp_ln313)> <Delay = 2.55> <Core = "AddSub">   --->   Core 14 'AddSub' <Latency = 0> <II = 1> <Delay = 2.55> <FuncUnit> <Opcode : 'add' 'sub'> <InPorts = 2> <OutPorts = 1>
ST_1 : Operation 63 [1/1] (0.69ns)   --->   "%select_ln328 = select i1 %icmp_ln289, i32 2, i32 %add_ln328" [firmware/nnet_utils/nnet_conv_stream.h:328]   --->   Operation 63 'select' 'select_ln328' <Predicate = (!icmp_ln313)> <Delay = 0.69> <Core = "Sel">   --->   Core 26 'Sel' <Latency = 0> <II = 1> <Delay = 0.69> <FuncUnit> <Opcode : 'select'> <InPorts = 3> <OutPorts = 1>
ST_1 : Operation 64 [1/1] (1.76ns)   --->   "store i32 0, i32* @pX_2, align 4" [firmware/nnet_utils/nnet_conv_stream.h:315]   --->   Operation 64 'store' <Predicate = (icmp_ln313)> <Delay = 1.76>
ST_1 : Operation 65 [1/1] (1.76ns)   --->   "store i32 0, i32* @sX_2, align 4" [firmware/nnet_utils/nnet_conv_stream.h:316]   --->   Operation 65 'store' <Predicate = (icmp_ln313)> <Delay = 1.76>
ST_1 : Operation 66 [1/1] (2.47ns)   --->   "%icmp_ln317 = icmp eq i32 %pY_2_load, 27" [firmware/nnet_utils/nnet_conv_stream.h:317]   --->   Operation 66 'icmp' 'icmp_ln317' <Predicate = (icmp_ln313)> <Delay = 2.47> <Core = "Cmp">   --->   Core 25 'Cmp' <Latency = 0> <II = 1> <Delay = 2.47> <FuncUnit> <Opcode : 'icmp'> <InPorts = 2> <OutPorts = 1>
ST_1 : Operation 67 [1/1] (0.00ns)   --->   "br i1 %icmp_ln317, label %2, label %3" [firmware/nnet_utils/nnet_conv_stream.h:317]   --->   Operation 67 'br' <Predicate = (icmp_ln313)> <Delay = 0.00>
ST_1 : Operation 68 [1/1] (2.55ns)   --->   "%add_ln321 = add nsw i32 %pY_2_load, 1" [firmware/nnet_utils/nnet_conv_stream.h:321]   --->   Operation 68 'add' 'add_ln321' <Predicate = (icmp_ln313 & !icmp_ln317)> <Delay = 2.55> <Core = "AddSub">   --->   Core 14 'AddSub' <Latency = 0> <II = 1> <Delay = 2.55> <FuncUnit> <Opcode : 'add' 'sub'> <InPorts = 2> <OutPorts = 1>
ST_1 : Operation 69 [1/1] (1.76ns)   --->   "store i32 %add_ln321, i32* @pY_2, align 4" [firmware/nnet_utils/nnet_conv_stream.h:321]   --->   Operation 69 'store' <Predicate = (icmp_ln313 & !icmp_ln317)> <Delay = 1.76>
ST_1 : Operation 70 [1/1] (2.55ns)   --->   "%add_ln323 = add i32 %sY_2_load, 1" [firmware/nnet_utils/nnet_conv_stream.h:323]   --->   Operation 70 'add' 'add_ln323' <Predicate = (icmp_ln313 & !icmp_ln317)> <Delay = 2.55> <Core = "AddSub">   --->   Core 14 'AddSub' <Latency = 0> <II = 1> <Delay = 2.55> <FuncUnit> <Opcode : 'add' 'sub'> <InPorts = 2> <OutPorts = 1>
ST_1 : Operation 71 [1/1] (0.69ns)   --->   "%select_ln323 = select i1 %icmp_ln289_1, i32 2, i32 %add_ln323" [firmware/nnet_utils/nnet_conv_stream.h:323]   --->   Operation 71 'select' 'select_ln323' <Predicate = (icmp_ln313 & !icmp_ln317)> <Delay = 0.69> <Core = "Sel">   --->   Core 26 'Sel' <Latency = 0> <II = 1> <Delay = 0.69> <FuncUnit> <Opcode : 'select'> <InPorts = 3> <OutPorts = 1>

State 2 <SV = 1> <Delay = 3.96>
ST_2 : Operation 72 [2/2] (3.96ns)   --->   "%call_ret = call fastcc { i16, i16, i16, i16, i16, i16, i16, i16, i16, i16, i16, i16, i16, i16, i16 } @dense_latency.0.0.0.0.0.0.0.0.0.0.0.0.0.0.0.0.0(i16 %kernel_data_V_1_0_ret, i16 %kernel_data_V_1_1_ret, i16 %kernel_data_V_1_2_ret, i16 %kernel_data_V_1_3_ret, i16 %kernel_data_V_1_4_ret, i16 %kernel_data_V_1_5_ret, i16 %kernel_data_V_1_6_ret, i16 %kernel_data_V_1_7_ret, i16 %kernel_data_V_1_8_ret)" [firmware/nnet_utils/nnet_conv_stream.h:294]   --->   Operation 72 'call' 'call_ret' <Predicate = (and_ln289_2)> <Delay = 3.96> <CoreType = "Generic">   --->   Core 0 '' <Latency = 0> <II = 1> <Delay = 1.00> <Generic> <Opcode : >
ST_2 : Operation 73 [1/1] (1.76ns)   --->   "store i32 %select_ln328, i32* @sX_2, align 4" [firmware/nnet_utils/nnet_conv_stream.h:328]   --->   Operation 73 'store' <Predicate = (!icmp_ln313)> <Delay = 1.76>
ST_2 : Operation 74 [1/1] (1.76ns)   --->   "br label %4"   --->   Operation 74 'br' <Predicate = (icmp_ln313 & !icmp_ln317)> <Delay = 1.76>
ST_2 : Operation 75 [1/1] (1.76ns)   --->   "store i32 0, i32* @pY_2, align 4" [firmware/nnet_utils/nnet_conv_stream.h:318]   --->   Operation 75 'store' <Predicate = (icmp_ln313 & icmp_ln317)> <Delay = 1.76>
ST_2 : Operation 76 [1/1] (1.76ns)   --->   "br label %4" [firmware/nnet_utils/nnet_conv_stream.h:320]   --->   Operation 76 'br' <Predicate = (icmp_ln313 & icmp_ln317)> <Delay = 1.76>

State 3 <SV = 2> <Delay = 3.72>
ST_3 : Operation 77 [1/2] (3.72ns)   --->   "%call_ret = call fastcc { i16, i16, i16, i16, i16, i16, i16, i16, i16, i16, i16, i16, i16, i16, i16 } @dense_latency.0.0.0.0.0.0.0.0.0.0.0.0.0.0.0.0.0(i16 %kernel_data_V_1_0_ret, i16 %kernel_data_V_1_1_ret, i16 %kernel_data_V_1_2_ret, i16 %kernel_data_V_1_3_ret, i16 %kernel_data_V_1_4_ret, i16 %kernel_data_V_1_5_ret, i16 %kernel_data_V_1_6_ret, i16 %kernel_data_V_1_7_ret, i16 %kernel_data_V_1_8_ret)" [firmware/nnet_utils/nnet_conv_stream.h:294]   --->   Operation 77 'call' 'call_ret' <Predicate = (and_ln289_2)> <Delay = 3.72> <CoreType = "Generic">   --->   Core 0 '' <Latency = 0> <II = 1> <Delay = 1.00> <Generic> <Opcode : >
ST_3 : Operation 78 [1/1] (0.00ns)   --->   "%tmp_data_0_V = extractvalue { i16, i16, i16, i16, i16, i16, i16, i16, i16, i16, i16, i16, i16, i16, i16 } %call_ret, 0" [firmware/nnet_utils/nnet_conv_stream.h:294]   --->   Operation 78 'extractvalue' 'tmp_data_0_V' <Predicate = (and_ln289_2)> <Delay = 0.00>
ST_3 : Operation 79 [1/1] (0.00ns)   --->   "%tmp_data_1_V = extractvalue { i16, i16, i16, i16, i16, i16, i16, i16, i16, i16, i16, i16, i16, i16, i16 } %call_ret, 1" [firmware/nnet_utils/nnet_conv_stream.h:294]   --->   Operation 79 'extractvalue' 'tmp_data_1_V' <Predicate = (and_ln289_2)> <Delay = 0.00>
ST_3 : Operation 80 [1/1] (0.00ns)   --->   "%tmp_data_3_V = extractvalue { i16, i16, i16, i16, i16, i16, i16, i16, i16, i16, i16, i16, i16, i16, i16 } %call_ret, 2" [firmware/nnet_utils/nnet_conv_stream.h:294]   --->   Operation 80 'extractvalue' 'tmp_data_3_V' <Predicate = (and_ln289_2)> <Delay = 0.00>
ST_3 : Operation 81 [1/1] (0.00ns)   --->   "%tmp_data_4_V = extractvalue { i16, i16, i16, i16, i16, i16, i16, i16, i16, i16, i16, i16, i16, i16, i16 } %call_ret, 3" [firmware/nnet_utils/nnet_conv_stream.h:294]   --->   Operation 81 'extractvalue' 'tmp_data_4_V' <Predicate = (and_ln289_2)> <Delay = 0.00>
ST_3 : Operation 82 [1/1] (0.00ns)   --->   "%tmp_data_5_V = extractvalue { i16, i16, i16, i16, i16, i16, i16, i16, i16, i16, i16, i16, i16, i16, i16 } %call_ret, 4" [firmware/nnet_utils/nnet_conv_stream.h:294]   --->   Operation 82 'extractvalue' 'tmp_data_5_V' <Predicate = (and_ln289_2)> <Delay = 0.00>
ST_3 : Operation 83 [1/1] (0.00ns)   --->   "%tmp_data_6_V = extractvalue { i16, i16, i16, i16, i16, i16, i16, i16, i16, i16, i16, i16, i16, i16, i16 } %call_ret, 5" [firmware/nnet_utils/nnet_conv_stream.h:294]   --->   Operation 83 'extractvalue' 'tmp_data_6_V' <Predicate = (and_ln289_2)> <Delay = 0.00>
ST_3 : Operation 84 [1/1] (0.00ns)   --->   "%tmp_data_7_V = extractvalue { i16, i16, i16, i16, i16, i16, i16, i16, i16, i16, i16, i16, i16, i16, i16 } %call_ret, 6" [firmware/nnet_utils/nnet_conv_stream.h:294]   --->   Operation 84 'extractvalue' 'tmp_data_7_V' <Predicate = (and_ln289_2)> <Delay = 0.00>
ST_3 : Operation 85 [1/1] (0.00ns)   --->   "%tmp_data_8_V = extractvalue { i16, i16, i16, i16, i16, i16, i16, i16, i16, i16, i16, i16, i16, i16, i16 } %call_ret, 7" [firmware/nnet_utils/nnet_conv_stream.h:294]   --->   Operation 85 'extractvalue' 'tmp_data_8_V' <Predicate = (and_ln289_2)> <Delay = 0.00>
ST_3 : Operation 86 [1/1] (0.00ns)   --->   "%tmp_data_9_V = extractvalue { i16, i16, i16, i16, i16, i16, i16, i16, i16, i16, i16, i16, i16, i16, i16 } %call_ret, 8" [firmware/nnet_utils/nnet_conv_stream.h:294]   --->   Operation 86 'extractvalue' 'tmp_data_9_V' <Predicate = (and_ln289_2)> <Delay = 0.00>
ST_3 : Operation 87 [1/1] (0.00ns)   --->   "%tmp_data_10_V = extractvalue { i16, i16, i16, i16, i16, i16, i16, i16, i16, i16, i16, i16, i16, i16, i16 } %call_ret, 9" [firmware/nnet_utils/nnet_conv_stream.h:294]   --->   Operation 87 'extractvalue' 'tmp_data_10_V' <Predicate = (and_ln289_2)> <Delay = 0.00>
ST_3 : Operation 88 [1/1] (0.00ns)   --->   "%tmp_data_11_V = extractvalue { i16, i16, i16, i16, i16, i16, i16, i16, i16, i16, i16, i16, i16, i16, i16 } %call_ret, 10" [firmware/nnet_utils/nnet_conv_stream.h:294]   --->   Operation 88 'extractvalue' 'tmp_data_11_V' <Predicate = (and_ln289_2)> <Delay = 0.00>
ST_3 : Operation 89 [1/1] (0.00ns)   --->   "%tmp_data_12_V = extractvalue { i16, i16, i16, i16, i16, i16, i16, i16, i16, i16, i16, i16, i16, i16, i16 } %call_ret, 11" [firmware/nnet_utils/nnet_conv_stream.h:294]   --->   Operation 89 'extractvalue' 'tmp_data_12_V' <Predicate = (and_ln289_2)> <Delay = 0.00>
ST_3 : Operation 90 [1/1] (0.00ns)   --->   "%tmp_data_13_V = extractvalue { i16, i16, i16, i16, i16, i16, i16, i16, i16, i16, i16, i16, i16, i16, i16 } %call_ret, 12" [firmware/nnet_utils/nnet_conv_stream.h:294]   --->   Operation 90 'extractvalue' 'tmp_data_13_V' <Predicate = (and_ln289_2)> <Delay = 0.00>
ST_3 : Operation 91 [1/1] (0.00ns)   --->   "%tmp_data_14_V = extractvalue { i16, i16, i16, i16, i16, i16, i16, i16, i16, i16, i16, i16, i16, i16, i16 } %call_ret, 13" [firmware/nnet_utils/nnet_conv_stream.h:294]   --->   Operation 91 'extractvalue' 'tmp_data_14_V' <Predicate = (and_ln289_2)> <Delay = 0.00>
ST_3 : Operation 92 [1/1] (0.00ns)   --->   "%tmp_data_15_V = extractvalue { i16, i16, i16, i16, i16, i16, i16, i16, i16, i16, i16, i16, i16, i16, i16 } %call_ret, 14" [firmware/nnet_utils/nnet_conv_stream.h:294]   --->   Operation 92 'extractvalue' 'tmp_data_15_V' <Predicate = (and_ln289_2)> <Delay = 0.00>
ST_3 : Operation 93 [1/1] (0.00ns)   --->   "%storemerge = phi i32 [ %select_ln323, %3 ], [ 0, %2 ]" [firmware/nnet_utils/nnet_conv_stream.h:323]   --->   Operation 93 'phi' 'storemerge' <Predicate = (icmp_ln313)> <Delay = 0.00>
ST_3 : Operation 94 [1/1] (0.00ns)   --->   "store i32 %storemerge, i32* @sY_2, align 4" [firmware/nnet_utils/nnet_conv_stream.h:319]   --->   Operation 94 'store' <Predicate = (icmp_ln313)> <Delay = 0.00>

State 4 <SV = 3> <Delay = 2.18>
ST_4 : Operation 95 [1/1] (2.18ns)   --->   "call void @_ssdm_op_Write.ap_fifo.volatile.i16P.i16P.i16P.i16P.i16P.i16P.i16P.i16P.i16P.i16P.i16P.i16P.i16P.i16P.i16P.i16P(i16* %res_stream_V_data_0_V, i16* %res_stream_V_data_1_V, i16* %res_stream_V_data_2_V, i16* %res_stream_V_data_3_V, i16* %res_stream_V_data_4_V, i16* %res_stream_V_data_5_V, i16* %res_stream_V_data_6_V, i16* %res_stream_V_data_7_V, i16* %res_stream_V_data_8_V, i16* %res_stream_V_data_9_V, i16* %res_stream_V_data_10_V, i16* %res_stream_V_data_11_V, i16* %res_stream_V_data_12_V, i16* %res_stream_V_data_13_V, i16* %res_stream_V_data_14_V, i16* %res_stream_V_data_15_V, i16 %tmp_data_0_V, i16 %tmp_data_1_V, i16 0, i16 %tmp_data_3_V, i16 %tmp_data_4_V, i16 %tmp_data_5_V, i16 %tmp_data_6_V, i16 %tmp_data_7_V, i16 %tmp_data_8_V, i16 %tmp_data_9_V, i16 %tmp_data_10_V, i16 %tmp_data_11_V, i16 %tmp_data_12_V, i16 %tmp_data_13_V, i16 %tmp_data_14_V, i16 %tmp_data_15_V)" [firmware/nnet_utils/nnet_conv_stream.h:309]   --->   Operation 95 'write' <Predicate = (and_ln289_2)> <Delay = 2.18> <Core = "FIFO_SRL">   --->   Core 36 'FIFO_SRL' <Latency = 0> <II = 1> <Delay = 3.63> <Storage> <Opcode : 'read' 'write' 'nbread' 'nbwrite'> <Ports = 0> <Width = 16> <Depth = 0> <FIFO>
ST_4 : Operation 96 [1/1] (0.00ns)   --->   "br label %._crit_edge22" [firmware/nnet_utils/nnet_conv_stream.h:310]   --->   Operation 96 'br' <Predicate = (and_ln289_2)> <Delay = 0.00>
ST_4 : Operation 97 [1/1] (0.00ns)   --->   "br label %6"   --->   Operation 97 'br' <Predicate = (!icmp_ln313)> <Delay = 0.00>
ST_4 : Operation 98 [1/1] (0.00ns)   --->   "br label %6" [firmware/nnet_utils/nnet_conv_stream.h:325]   --->   Operation 98 'br' <Predicate = (icmp_ln313)> <Delay = 0.00>
ST_4 : Operation 99 [1/1] (0.00ns)   --->   "ret void" [firmware/nnet_utils/nnet_conv_stream.h:330]   --->   Operation 99 'ret' <Predicate = true> <Delay = 0.00>


============================================================
+ Verbose Summary: Timing violations
============================================================
Target clock period: 5ns, clock uncertainty: 0.625ns.

 <State 1>: 4.43ns
The critical path consists of the following:
	'icmp' operation ('icmp_ln313', firmware/nnet_utils/nnet_conv_stream.h:313) [103]  (2.47 ns)
	blocking operation 1.96 ns on control path)

 <State 2>: 3.96ns
The critical path consists of the following:
	'call' operation ('call_ret', firmware/nnet_utils/nnet_conv_stream.h:294) to 'dense_latency.0.0.0.0.0.0.0.0.0.0.0.0.0.0.0.0.0' [84]  (3.96 ns)

 <State 3>: 3.73ns
The critical path consists of the following:
	'call' operation ('call_ret', firmware/nnet_utils/nnet_conv_stream.h:294) to 'dense_latency.0.0.0.0.0.0.0.0.0.0.0.0.0.0.0.0.0' [84]  (3.73 ns)

 <State 4>: 2.19ns
The critical path consists of the following:
	fifo write on port 'res_stream_V_data_0_V' (firmware/nnet_utils/nnet_conv_stream.h:309) [100]  (2.19 ns)


============================================================
+ Verbose Summary: Binding
============================================================
N/A
* FSMD analyzer results:
  - Output states:
 - Input state : 
  - Chain level:
	State 1
	State 2
	State 3
	State 4


============================================================
+ Verbose Summary: Datapath Resource usage 
============================================================
N/A
